0.016100
0.016000
0.015900
0.015800
0.015800
0.015800
0.015700
0.015700
0.015700
0.015600
0.015600
0.015600
0.015600
0.015600
0.015500
0.015500
0.015600
0.015500
0.015600
0.015600
0.015700
0.015800
0.015900
0.015900
0.015900
0.015900
0.015800
0.015800
0.015800
0.015800
0.015800
0.015700
0.015700
0.015700
0.015700
0.015800
0.015900
0.015900
0.015900
0.015900
0.015800
0.015800
0.015800
0.015800
0.015800
0.015700
0.015700
0.015600
0.015700
0.015600
0.015600
0.015600
0.015700
0.015900
0.015900
0.015800
0.015800
0.015800
0.015800
0.016000
0.015900
0.015900
0.015900
0.015800
0.015800
0.015700
0.015600
0.015500
0.015500
0.015600
0.015500
0.015400
0.015400
0.015400
0.015400
0.015300
0.015400
0.015500
0.015500
0.015500
0.015500
0.015500
0.015600
0.015700
0.016000
0.015900
0.015900
0.015800
0.015700
0.015700
0.015600
0.015500
0.015500
0.015400
0.015400
0.015300
0.015300
0.015300
0.015400
0.015500
0.015400
0.015300
0.015600
0.015400
0.015600
0.015700
0.015600
0.015700
0.015700
0.015600
0.015600
0.015600
0.015600
0.015500
0.015500
0.015600
0.015600
0.015500
0.015700
0.015600
0.015500
0.015400
0.015500
0.015500
0.015400
0.015300
0.015300
0.015200
0.015200
0.015200
0.015600
0.015600
0.015600
0.015600
0.015600
0.015600
0.015600
0.015700
0.015700
0.015900
0.015800
0.015700
0.015700
0.015600
0.015600
0.015700
0.015700
0.015700
0.015700
0.015700
0.015700
0.015700
0.015700
0.015700
0.015700
0.015700
0.015700
0.015700
0.016000
0.015900
0.015800
0.015800
0.015800
0.015700
0.015900
0.015800
0.015800
0.015800
0.015700
0.016000
0.015900
0.015900
0.015900
0.015900
0.015800
0.015900
0.015900
0.015900
0.016000
0.016100
0.016000
0.016000
0.016100
0.016100
0.016100
0.016000
0.016000
0.015900
0.015900
0.015800
0.015800
0.015800
0.015800
0.015600
0.015500
0.015500
0.015600
0.015700
0.015600
0.015600
0.015500
0.015500
0.015500
0.015500
0.015500
0.015500
0.015500
0.015400
0.015500
0.015700
0.015600
0.015700
0.015800
0.015800
0.015800
0.015700
0.015700
0.015600
0.015600
0.015500
0.015500
0.015400
0.015400
0.015400
0.015400
0.015400
0.015400
0.015300
0.015200
0.015500
0.015400
0.015400
0.015400
0.015500
0.015400
0.015400
0.015500
0.015500
0.015500
0.015400
0.015500
0.015400
0.015400
0.015200
0.015200
0.015100
0.015000
0.014900
0.014900
0.014800
0.014900
0.015100
0.015000
0.014900
0.015000
0.015400
0.015600
0.015600
0.015800
0.015800
0.016000
0.015900
0.015900
0.015900
0.016000
0.016100
0.016100
0.016100
0.016100
0.016100
0.016100
0.016100
0.016100
0.016000
0.016000
0.015900
0.015900
0.015900
0.015900
0.016000
0.015900
0.016000
0.015900
0.015900
0.015900
0.016000
0.016000
0.016000
0.016000
0.016000
0.016000
0.015900
0.015800
0.015800
0.015700
0.015600
0.015600
0.015600
0.015600
0.015700
0.015600
0.015600
0.015700
0.015700
0.015700
0.015900
0.015800
0.015800
0.015800
0.015800
0.015800
0.015800
0.015700
0.015700
0.015600
0.015600
0.015500
0.015400
0.015400
0.015300
0.015200
0.015100
0.015000
0.015000
0.014900
0.014900
0.014800
0.015000
0.014900
0.014800
0.014800
0.015100
0.015300
0.015200
0.015100
0.015500
0.015600
0.015800
0.015800
0.015700
0.015700
0.015700
0.015600
0.015600
0.015500
0.015500
0.015400
0.015300
0.015400
0.015400
0.015300
0.015400
0.015500
0.015500
0.015400
0.015400
0.015300
0.015300
0.015300
0.015200
0.015200
0.015100
0.015400
0.015300
0.015400
0.015400
0.015500
0.015600
0.015600
0.015600
0.015600
0.015700
0.015800
0.015800
0.015800
0.015800
0.015900
0.015800
0.015700
0.015700
0.015700
0.015800
0.015900
0.015900
0.015900
0.015800
0.015800
0.015800
0.015700
0.015800
0.015800
0.015800
0.015800
0.015700
0.015600
0.015600
0.015600
0.015700
0.015800
0.015800
0.015600
0.015700
0.015800
0.015800
0.015800
0.015800
0.015800
0.015700
0.015700
0.015700
0.015700
0.015600
0.015700
0.015900
0.015900
0.015800
0.015700
0.015700
0.015700
0.015600
0.015500
0.015500
0.015600
0.015500
0.015500
0.015700
0.015700
0.015600
0.015600
0.015600
0.015600
0.015600
0.015500
0.015500
0.015500
0.015400
0.015300
0.015200
0.015100
0.015000
0.015200
0.015200
0.015200
0.015100
0.015000
0.015200
0.015100
0.015000
0.015000
0.014900
0.014900
0.014800
0.014900
0.015100
0.015200
0.015300
0.015300
0.015500
0.015500
0.015500
0.015500
0.015400
0.015300
0.015300
0.015100
0.015000
0.015000
0.015000
0.015000
0.015000
0.014900
0.014700
0.014600
0.014500
0.014500
0.014400
0.014300
0.014200
0.014100
0.014000
0.014100
0.014100
0.014100
0.014200
0.014400
0.014800
0.014900
0.014900
0.014800
0.014800
0.015200
0.015300
0.015400
0.015400
0.015400
0.015300
0.015200
0.015300
0.015200
0.015100
0.015100
0.015100
0.015000
0.015000
0.014900
0.014800
0.014700
0.014600
0.014400
0.014400
0.014300
0.014300
0.014200
0.014300
0.014300
0.014500
0.014500
0.014500
0.014500
0.014600
0.014600
0.014900
0.014900
0.015100
0.015100
0.015000
0.015000
0.014900
0.014900
0.014800
0.014800
0.014900
0.014800
0.014900
0.015100
0.015300
0.015200
0.015500
0.015400
0.015500
0.015500
0.015700
0.015800
0.015800
0.015800
0.015800
0.015900
0.016000
0.016000
0.016000
0.015900
0.015900
0.015800
0.015700
0.015700
0.015600
0.015700
0.015700
0.015600
0.015500
0.015500
0.015500
0.015700
0.015700
0.015700
0.015700
0.015800
0.015700
0.015700
0.015700
0.015600
0.015500
0.015400
0.015300
0.015200
0.015200
0.015100
0.015400
0.015400
0.015400
0.015300
0.015200
0.015200
0.015100
0.015000
0.015100
0.015100
0.015100
0.015200
0.015400
0.016000
0.016000
0.016000
0.016000
0.015900
0.015900
0.015900
0.015800
0.015800
0.015800
0.015800
0.015800
0.016000
0.015900
0.015900
0.015900
0.015900
0.015800
0.015800
0.015600
0.015500
0.015400
0.015300
0.015200
0.015100
0.014900
0.014800
0.014700
0.014900
0.014900
0.015000
0.014900
0.014800
0.014700
0.014600
0.014600
0.014500
0.014500
0.014700
0.014700
0.014600
0.014600
0.014500
0.014500
0.014400
0.014300
0.014200
0.014100
0.013900
0.014000
0.013800
0.014600
0.015100
0.015000
0.015000
0.014800
0.014700
0.014700
0.014600
0.014600
0.014500
0.014600
0.014600
0.014600
0.014700
0.014700
0.014800
0.014800
0.015000
0.014900
0.014900
0.014900
0.014800
0.015000
0.015100
0.015200
0.015200
0.015300
0.015200
0.015100
0.015200
0.015100
0.015200
0.015100
0.015000
0.015000
0.015100
0.015300
0.015300
0.015400
0.015400
0.015300
0.015200
0.015400
0.015400
0.015300
0.015600
0.015500
0.015900
0.015900
0.015900
0.015900
0.015900
0.015800
0.015700
0.015800
0.015900
0.015800
0.015800
0.015700
0.015600
0.015500
0.015500
0.015400
0.015400
0.015400
0.015400
0.015300
0.015400
0.015300
0.015300
0.015300
0.015400
0.015400
0.015500
0.015500
0.015500
0.015600
0.015600
0.015900
0.015900
0.015800
0.015800
0.015800
0.015800
0.015700
0.015700
0.015700
0.015600
0.015500
0.015500
0.015500
0.015500
0.015400
0.015300
0.015300
0.015300
0.015200
0.015100
0.015000
0.015000
0.015100
0.015300
0.015500
0.015500
0.015400
0.015400
0.015400
0.015300
0.015300
0.015200
0.015200
0.015200
0.015100
0.015000
0.015100
0.015000
0.015000
0.015000
0.015200
0.015500
0.015500
0.015500
0.015600
0.015700
0.015800
0.015800
0.015800
0.015700
0.015700
0.015700
0.015700
0.015800
0.015700
0.015600
0.015600
0.015600
0.015500
0.015400
0.015500
0.015600
0.015600
0.015500
0.015600
0.015500
0.015500
0.015600
0.015600
0.015500
0.015500
0.015500
0.015600
0.015700
0.015600
0.015800
0.015700
0.015700
0.015700
0.015700
0.015700
0.015600
0.015500
0.015500
0.015500
0.015500
0.015500
0.015500
0.015500
0.015500
0.015400
0.015400
0.015400
0.015400
0.015400
0.015400
0.015400
0.015400
0.015300
0.015300
0.015200
0.015200
0.015200
0.015200
0.015100
0.015000
0.015000
0.015000
0.014900
0.015100
0.015200
0.015100
0.015100
0.015200
0.015200
0.015300
0.015300
0.015400
0.015300
0.015500
0.015600
0.015700
0.015800
0.015800
0.015700
0.015600
0.015500
0.015500
0.015500
0.015500
0.015500
0.015400
0.015300
0.015400
0.015500
0.015600
0.015600
0.015600
0.015700
0.015700
0.015700
0.015600
0.015700
0.015600
0.015600
0.015600
0.015600
0.015500
0.015500
0.015600
0.015500
0.015400
0.015400
0.015300
0.015200
0.015300
0.015200
0.015400
0.015300
0.015300
0.015200
0.015200
0.015100
0.015100
0.015100
0.015100
0.015100
0.015000
0.014900
0.015000
0.015100
0.015300
0.015300
0.015300
0.015200
0.015100
0.015100
0.015200
0.015100
0.015000
0.015200
0.015200
0.015200
0.015300
0.015300
0.015400
0.015300
0.015300
0.015300
0.015200
0.015100
0.015100
0.015000
0.014900
0.014900
0.014900
0.015000
0.015100
0.015400
0.015300
0.015300
0.015300
0.015200
0.015200
0.015100
0.015400
