0.029500
0.029100
0.028800
0.029200
0.029600
0.029300
0.029200
0.028900
0.028900
0.029100
0.029300
0.029800
0.029500
0.029700
0.030000
0.030300
0.030500
0.030400
0.030900
0.030900
0.031400
0.032000
0.031700
0.031700
0.032900
0.032800
0.032900
0.032600
0.032500
0.032700
0.033300
0.033300
0.032900
0.032500
0.032200
0.032300
0.032400
0.032100
0.032200
0.032300
0.031900
0.031900
0.031800
0.031800
0.031900
0.032500
0.032200
0.032200
0.033300
0.033500
0.033700
0.034300
0.034000
0.034300
0.034100
0.033700
0.033800
0.033300
0.033400
0.034100
0.034200
0.034100
0.033700
0.033800
0.033500
0.033500
0.033600
0.033200
0.032900
0.032900
0.033500
0.033400
0.033100
0.033000
0.033100
0.033000
0.033300
0.032900
0.033000
0.033000
0.033000
0.033200
0.032800
0.032900
0.033100
0.033700
0.033700
0.033400
0.033700
0.033500
0.033800
0.033400
0.033100
0.033200
0.033800
0.033700
0.033400
0.033400
0.033300
0.033400
0.033100
0.033000
0.032700
0.032800
0.032700
0.032800
0.033500
0.033000
0.033000
0.032800
0.032300
0.032200
0.032300
0.032600
0.032500
0.032400
0.032400
0.032300
0.032000
0.031900
0.032000
0.032200
0.031800
0.032200
0.032400
0.032600
0.032800
0.032500
0.033000
0.034000
0.033800
0.033500
0.033000
0.033500
0.033800
0.033800
0.033700
0.033300
0.032800
0.033000
0.033100
0.033100
0.032700
0.032900
0.032900
0.032700
0.032900
0.032500
0.032600
0.033000
0.032700
0.032900
0.032900
0.032900
0.032700
0.033200
0.033200
0.032900
0.033000
0.032600
0.032800
0.033600
0.033200
0.032900
0.033100
0.033100
0.033600
0.033400
0.033200
0.033400
0.033800
0.033800
0.033400
0.033000
0.033000
0.033100
0.033200
0.032800
0.033100
0.032900
0.032600
0.032200
0.032000
0.032100
0.032400
0.032400
0.032500
0.032100
0.032500
0.032500
0.032500
0.032700
0.032400
0.032700
0.032600
0.032500
0.032500
0.032400
0.032900
0.032400
0.032500
0.032300
0.031800
0.032000
0.031900
0.031800
0.032300
0.031900
0.031800
0.032100
0.032200
0.032700
0.032600
0.032700
0.033400
0.033000
0.032800
0.032200
0.032100
0.032000
0.031800
0.032100
0.031900
0.032200
0.032100
0.031900
0.031600
0.030900
0.031100
0.030800
0.030500
0.030700
0.030600
0.030800
0.031200
0.031300
0.031300
0.031100
0.031700
0.032400
0.032700
0.033100
0.033000
0.032500
0.032100
0.032100
0.032000
0.031500
0.031500
0.031700
0.031300
0.030900
0.030200
0.029800
0.030100
0.029700
0.030200
0.029700
0.029300
0.029500
0.030000
0.030600
0.030400
0.030500
0.030300
0.030900
0.031100
0.031000
0.031500
0.032100
0.033000
0.033400
0.033100
0.033200
0.033300
0.033300
0.033300
0.033400
0.032900
0.032900
0.033100
0.033700
0.033200
0.033300
0.033400
0.033100
0.032900
0.032400
0.032600
0.032300
0.032000
0.032200
0.032200
0.032200
0.032300
0.032600
0.032600
0.032400
0.032300
0.031800
0.032100
0.033100
0.032600
0.032500
0.033000
0.033100
0.032600
0.032200
0.032100
0.032200
0.032100
0.032300
0.032100
0.031600
0.031800
0.032500
0.032900
0.032700
0.032700
0.032900
0.032500
0.032400
0.032000
0.031700
0.031500
0.031300
0.031300
0.030900
0.030800
0.030900
0.030900
0.031300
0.030800
0.031200
0.030900
0.031100
0.031300
0.031200
0.031300
0.031700
0.031900
0.031800
0.032200
0.031900
0.031900
0.032300
0.033300
0.033100
0.032800
0.033000
0.033200
0.034100
0.033900
0.034100
0.034400
0.034000
0.033900
0.033600
0.033800
0.033700
0.033800
0.033500
0.033100
0.033100
0.033400
0.033600
0.033800
0.033600
0.033700
0.033400
0.033000
0.033100
0.033000
0.033600
0.033900
0.034100
0.033700
0.033200
0.033600
0.033100
0.033200
0.033800
0.033300
0.032800
0.032700
0.032600
0.032600
0.032200
0.031600
0.031600
0.031300
0.031100
0.030600
0.030700
0.030900
0.030900
0.031300
0.031000
0.031300
0.031800
0.032000
0.031800
0.031500
0.032400
0.032000
0.032000
0.032100
0.031600
0.031900
0.032100
0.032400
0.031800
0.031400
0.031300
0.032100
0.033400
0.033500
0.033200
0.032900
0.032800
0.033500
0.033500
0.033200
0.033500
0.033100
0.032800
0.033300
0.032900
0.033000
0.033200
0.033200
0.033300
0.033200
0.032800
0.032900
0.034000
0.033900
0.033500
0.033700
0.033200
0.033200
0.033200
0.032700
0.032700
0.033000
0.033100
0.032800
0.032400
0.032500
0.032600
0.032700
0.032300
0.032300
0.031900
0.032100
0.032500
0.032600
0.032200
0.032400
0.032400
0.032200
0.032200
0.031700
0.031600
0.032100
0.032000
0.032200
0.031900
0.032400
0.032400
0.033100
0.033100
0.032600
0.032800
0.032500
0.032800
0.033200
0.032800
0.032600
0.033300
0.033500
0.033100
0.033100
0.033300
0.033300
0.033700
0.033700
0.033200
0.032700
0.032800
0.032800
0.032700
0.032900
0.033200
0.032900
0.032300
0.031700
0.031200
0.031000
0.030700
0.030800
0.030700
0.030100
0.030200
0.030600
0.030600
0.030800
0.030700
0.031100
0.031000
0.031400
0.032400
0.033000
0.033700
0.033800
0.034300
0.034200
0.033800
0.033900
0.034100
0.034100
0.034200
0.033800
0.033400
0.033500
0.033800
0.033700
0.033300
0.033400
0.033500
0.033200
0.033400
0.032900
0.033000
0.033300
0.033300
0.033500
0.033400
0.033600
0.034200
0.034500
0.034200
0.034000
0.034300
0.034000
0.034200
0.034400
0.034200
0.034400
0.034400
0.034200
0.033800
0.033300
0.033300
0.033400
0.033300
0.033400
0.033200
0.032800
0.032300
0.032100
0.032100
0.031700
0.032500
0.032400
0.031900
0.031900
0.031500
0.032000
0.031900
0.032000
0.032100
0.031800
0.031600
0.031700
0.031900
0.031900
0.032000
0.032300
0.031900
0.032300
0.032800
0.032700
0.033100
0.033300
0.033300
0.032800
0.032800
0.033400
0.033300
0.033300
0.033900
0.033500
0.033100
0.033200
0.032700
0.032600
0.032200
0.032200
0.032400
0.032800
0.033400
0.033500
0.033400
0.033000
0.033400
0.033400
0.033000
0.033100
0.033100
0.033400
0.033800
0.033400
0.033000
0.032900
0.033400
0.033600
0.033200
0.033200
0.033400
0.033800
0.033400
0.033100
0.033400
0.033300
0.033400
0.033600
0.033500
0.033400
0.033600
0.033700
0.033000
0.032500
0.032300
0.032500
0.031900
0.031900
0.031300
0.031300
0.031400
0.031300
0.031700
0.031500
0.032600
0.032700
0.033100
0.033700
0.033400
0.033800
0.034000
0.034200
0.034300
0.034100
0.034800
0.035500
0.035600
0.035200
0.034800
0.034400
0.034400
0.034400
0.034800
0.034200
0.033900
0.033800
0.033800
0.033900
0.033400
0.033300
0.033300
0.032900
0.032800
0.032200
0.032300
0.032600
0.032600
0.032100
0.032000
0.032300
0.032500
0.033100
0.033300
0.032900
0.033200
0.033100
0.032800
0.032800
0.032500
0.032700
0.032800
0.033000
0.032700
0.032800
0.032900
0.032700
0.033100
0.033100
0.032800
0.032700
0.032800
0.032900
0.033000
0.032900
0.032800
0.032900
0.032400
0.032500
0.032800
0.033100
0.033200
0.033400
0.033400
0.033100
0.033500
0.033600
0.033700
0.033900
0.033500
0.033600
0.033600
0.033800
0.033700
0.033300
0.033600
0.034400
0.034600
0.034300
0.034100
0.034000
0.034100
0.034000
0.034000
0.033700
0.033200
0.033200
0.033400
0.033600
0.033100
0.032900
0.032400
0.031900
0.031900
0.031300
0.031500
0.031600
0.031600
0.031500
0.031400
0.031200
0.031800
0.032100
0.032100
0.031600
0.031600
0.031900
0.031800
0.031900
0.031500
0.031300
0.031700
0.031900
0.031500
0.031100
0.031400
0.031300
0.031400
0.031100
0.031000
0.031000
0.032100
0.032500
0.033300
0.032800
0.032900
0.033100
0.033100
0.033700
0.033500
0.033500
0.033900
0.034200
0.034100
0.033600
0.033700
0.033200
0.032900
0.032700
0.032400
0.032300
0.032100
0.032300
0.032800
0.032300
0.031800
0.032100
0.032300
0.031900
0.031600
0.032000
0.032600
0.032700
0.032800
0.032500
0.032100
0.032400
0.032500
0.033100
0.032800
0.032700
0.032800
0.032300
0.031900
0.031300
0.031300
0.031500
0.031300
0.031400
0.031300
0.031100
0.031200
0.031100
0.031400
0.031400
0.031900
0.031900
0.032200
0.032600
0.032700
0.033300
0.033400
0.033500
0.033000
0.032500
0.032300
0.032300
0.032200
0.032100
0.031800
0.031300
0.031000
0.031500
0.031200
0.030800
0.031900
0.031800
0.031400
0.031500
0.031100
0.031100
0.031800
0.032900
0.032900
0.032600
0.032800
0.032900
0.033000
0.032900
0.032600
0.032700
0.033200
0.033000
0.033300
0.033200
0.033400
0.033700
0.033500
0.033300
0.033100
0.033400
0.033300
0.033400
0.033800
0.033400
0.033200
0.033300
0.033700
0.033900
0.033600
0.033500
0.034100
0.033700
0.033700
0.033300
0.033000
0.032900
0.033100
0.033100
0.032700
0.033200
0.033300
0.033500
0.034100
0.033900
0.034000
0.033600
0.033700
0.033800
0.033600
0.033600
0.033800
0.033900
0.033500
0.033300
0.033900
0.033900
0.034300
0.034600
0.034300
0.034000
0.034500
0.034200
0.034400
0.034000
0.034100
0.034100
0.033600
0.033400
0.032900
0.032900
0.032300
0.032400
0.032200
0.031900
0.031600
0.031700
0.031500
0.031300
0.031100
0.030700
0.030200
0.030700
0.030400
0.029900
0.031100
0.032200
0.032400
0.032000
0.031700
0.031800
0.032000
0.032300
0.032600
0.032600
0.032300
0.032600
0.032600
0.032300
0.031900
0.032200
0.032300
0.031700
0.031600
0.031500
0.032000
0.032000
0.031600
0.031900
0.031600
0.032200
0.032300
0.032400
0.032500
0.032100
0.032000
0.031600
0.032300
0.033000
0.032700
0.032700
0.033200
0.033800
0.033300
0.033300
0.032800
0.032700
0.033100
0.033100
0.032800
0.032200
0.032200
0.032400
0.033600
0.033100
0.033100
0.033200
0.032600
0.032600
0.032600
0.032500
0.032500
0.032600
0.032300
0.032000
0.032600
0.032500
0.032300
0.033000
0.032700
0.032800
0.032500
0.032200
0.032400
0.032300
0.032600
0.033200
0.033900
0.033800
0.034100
0.034100
0.033900
0.034200
0.034600
0.034200
0.033900
0.034400
0.034300
0.034400
0.034000
0.033600
0.033800
0.033400
0.033300
0.033100
0.033100
0.033100
0.033500
0.033600
0.033100
0.033200
0.033100
0.033900
0.033900
0.033400
0.033300
0.033300
0.033200
0.032800
0.032600
0.032500
0.032500
0.033500
0.032900
0.032600
0.032800
0.033100
0.032700
0.032600
0.032400
0.032200
0.032500
0.032900
0.033000
0.033600
0.033800
0.033400
0.033400
0.033400
0.033100
0.033300
0.033200
0.033500
0.034100
0.033700
0.033200
0.033400
0.033600
0.033500
0.033100
0.033000
0.032600
0.033400
0.033400
0.033100
0.033400
0.034200
0.034300
0.033900
0.033500
0.033600
0.033500
0.033600
0.033200
0.033200
0.032600
0.032600
0.032700
0.032700
0.032300
0.032200
0.032200
0.031800
0.031800
0.031900
0.031900
0.031900
0.031900
0.031800
0.031700
0.031600
0.031200
0.031500
0.031400
0.031400
0.031600
0.031600
0.032100
0.032600
0.032500
0.032700
0.033500
0.034200
0.033800
0.033400
0.033400
0.033300
0.033800
0.034000
0.033700
0.033400
0.033900
0.033900
0.034100
0.034100
0.034100
0.034300
0.034000
0.033500
0.033100
0.033200
0.033200
0.033900
0.034000
0.033600
0.034300
0.034300
0.034100
0.035000
0.034700
0.034700
0.034400
0.034900
0.035100
0.035000
0.035000
0.034600
0.034600
0.034200
0.033800
0.033600
0.033500
0.033500
0.033300
0.032700
0.032200
0.031900
0.031700
0.032200
0.032100
0.032200
0.032100
0.031800
0.031900
0.031600
0.031700
0.031800
0.032200
0.032100
0.031900
0.032300
0.032400
0.032700
0.032900
0.032600
0.033000
0.032500
0.032600
0.033100
0.033200
0.033300
0.033800
0.033500
0.033200
0.032900
0.034000
0.033900
0.033900
0.034100
0.033700
0.033400
0.033000
0.033300
0.033600
0.033000
0.033000
0.033400
0.033000
0.033100
0.033000
0.032700
0.032700
0.032800
0.032700
0.032500
0.032700
0.032600
0.032600
0.033100
0.032800
0.032800
0.033000
0.033400
0.033500
0.033000
0.032900
0.033400
0.033400
0.033300
0.032900
0.033200
0.033800
0.034600
0.034500
0.034300
0.033900
0.034400
0.034100
0.034000
0.033600
0.033900
0.033900
0.033500
0.033600
0.033100
0.033200
0.032600
0.032700
0.032700
0.032600
0.032400
0.032400
0.032700
0.032600
0.032200
0.031700
0.031400
0.031900
0.031700
0.032000
0.032900
0.033600
0.033600
0.033300
0.032800
0.032700
0.033600
0.034000
0.033800
0.033500
0.033200
0.033700
0.034000
0.033600
0.033100
0.033100
0.033200
0.032600
0.032600
0.032400
0.032300
0.032900
0.032400
0.032200
0.031900
0.031900
0.032000
0.032400
0.032900
0.032600
0.032800
0.032900
0.032900
0.033600
0.033600
0.033400
0.033700
0.034900
0.034800
0.034500
0.034100
0.033900
0.033700
0.033700
0.033100
0.032500
0.032600
0.032600
0.032600
0.032500
0.032500
0.032700
0.032700
0.033300
0.033000
0.033100
0.033400
0.033700
0.033500
0.033300
0.033500
0.033700
0.034100
0.034600
0.034800
0.035100
0.034800
0.034500
0.034800
0.034400
0.034600
0.034600
0.034600
0.034300
0.034000
0.034000
0.033600
0.033500
0.033700
0.033300
0.032800
0.032600
0.032800
0.032600
0.032100
0.031700
0.032100
0.032500
0.032600
0.032100
0.032300
0.032700
0.032700
0.033000
0.032700
0.032900
0.033700
0.034100
0.034100
0.034100
0.034600
0.034300
0.034700
0.034500
0.034200
0.034300
0.034600
0.034600
0.034300
0.033800
0.033700
0.033600
0.033200
0.033000
0.032500
0.031800
0.031600
0.031900
0.032000
0.031400
0.031500
0.031000
0.030700
0.030800
0.030900
0.031000
0.031600
0.032200
0.032700
0.032600
0.032500
0.033500
0.033800
0.033800
0.033300
0.033500
0.032900
0.032800
0.033000
0.032500
0.032500
0.032700
0.032600
0.032300
0.032100
0.032000
0.032500
0.033100
0.032700
0.032200
0.031900
0.031900
0.032800
0.033400
0.033100
0.033100
0.033000
0.032500
0.032600
0.032600
0.032900
0.032800
0.032900
0.033100
0.032600
0.032500
0.032800
0.032700
0.032600
0.032900
0.032600
0.032700
0.033200
0.033400
0.033100
0.032800
0.032900
0.033000
0.032800
0.032300
0.032400
0.032500
0.032700
0.032600
0.032300
0.032100
0.032400
0.033300
0.033500
0.033300
0.033600
0.033900
0.033400
0.032900
0.032600
0.032700
0.032700
0.033200
0.034400
0.034000
0.033900
0.033900
0.034100
0.034000
0.033900
0.034800
0.034300
0.034300
0.034800
0.035000
0.035400
0.035100
0.035000
0.034700
0.034200
0.034300
0.034400
0.034300
0.034800
0.034300
0.033800
0.033900
0.034000
0.033900
0.033300
0.033100
0.032900
0.032400
0.032300
0.031900
0.032200
0.032500
0.032500
0.032600
0.032400
0.032600
0.033200
0.033800
0.033400
0.033000
0.033700
0.033300
0.033600
0.034500
0.034200
0.034200
0.034500
0.034200
0.033800
0.033400
0.033500
0.034000
0.034400
0.034400
0.034000
0.033500
0.033100
0.033000
0.032900
0.032800
0.033400
0.034300
0.033600
0.033500
0.033000
0.032500
0.032500
0.032600
0.032700
0.032300
0.032400
0.032500
0.032700
0.032700
0.032400
0.032500
0.032300
0.032300
0.032900
0.032200
0.032600
0.033600
0.033800
0.033300
0.033000
0.033000
0.032800
0.032900
0.033100
0.032900
0.032400
0.032900
0.032400
0.032700
0.032200
0.031900
0.032300
0.031700
0.031400
0.031000
0.031200
0.031000
0.031200
0.031400
0.031900
0.031700
0.031900
0.031900
0.031700
0.031200
0.031000
0.030900
0.031200
0.031800
0.032200
0.032600
0.032600
0.032400
0.032400
0.032400
0.032800
0.033300
0.033000
0.033300
0.032900
0.032500
0.032700
0.032800
0.032700
0.032200
0.032500
0.032800
0.032400
0.032100
0.032100
0.032100
0.032600
0.032400
0.032800
0.032800
0.033500
0.034600
0.034600
0.034600
0.034400
0.034900
0.034900
0.035100
0.035300
0.035100
0.035600
0.035900
0.036200
0.036000
0.035500
0.035300
0.035400
0.035300
0.035400
0.034900
0.034500
0.034600
0.034600
0.034600
0.034100
0.034100
0.034100
0.033500
0.033400
0.033200
0.033900
0.033800
0.033900
0.034000
0.033400
0.033600
0.034000
0.033900
0.034100
0.033700
0.033700
0.033600
0.033500
0.033600
0.033500
0.033600
0.033700
0.033900
0.033400
0.033100
0.033300
0.032700
0.032600
0.032900
0.032100
0.031600
0.031800
0.031400
0.030900
0.030500
0.029800
0.029800
0.029100
0.028700
0.028600
0.029100
0.029500
0.029800
0.030500
0.030600
0.031100
0.031600
0.032100
0.032600
0.032700
0.033200
0.033800
0.035000
0.034600
0.034000
0.033900
0.034100
0.034500
0.034200
0.033600
0.033500
0.033700
0.033200
0.033400
0.033300
0.032900
0.032900
0.032900
0.032800
0.032400
0.033400
0.032900
0.032500
0.033700
0.033100
0.033000
0.033100
0.033000
0.033100
0.032600
0.032100
0.032000
0.032000
0.031800
0.031400
0.031800
0.031700
0.031600
0.032300
0.032000
0.031900
0.032300
0.032500
0.032800
0.032600
0.033100
0.033000
0.033300
0.033300
0.033400
0.033200
0.033200
0.033200
0.033500
0.032900
0.032900
0.033200
0.032800
0.032800
0.032400
0.032300
0.032300
0.032500
0.033500
0.033700
0.034100
0.033700
0.033800
0.034900
0.034600
0.034700
0.034300
0.034300
0.034400
0.034100
0.033700
0.033700
0.034100
0.033800
0.033500
0.033800
0.033700
0.033800
0.034300
0.033800
0.033500
0.033900
0.033900
0.034200
0.033800
0.033800
0.033800
0.033500
0.032900
0.032600
0.032900
0.032800
0.032800
0.033300
0.032800
0.032900
0.033600
0.033400
0.033900
0.033400
0.033200
0.033100
0.033600
0.033500
0.033100
0.033500
0.033000
0.032900
0.033400
0.032900
0.033000
0.033100
0.032900
0.032900
0.032400
0.032000
0.032000
0.031900
0.032100
0.032100
0.032000
0.032200
0.032100
0.032400
0.032100
0.032600
0.033400
0.033300
0.033100
0.033100
0.033300
0.033500
0.034200
0.034000
0.033900
0.034100
0.033700
0.033900
0.034700
0.034400
0.034500
0.034800
0.034600
0.034400
0.034100
0.034100
0.034800
0.034900
0.035100
0.034700
0.034100
0.033500
0.033800
0.033600
0.033200
0.033300
0.033500
0.033000
0.033100
0.032500
0.031800
0.032000
0.031700
0.031800
0.031400
0.031400
0.031500
0.032600
0.033000
0.033400
0.033600
0.033300
0.033300
0.033400
0.033100
0.033300
0.033600
0.034000
0.033700
0.033300
0.033500
0.033500
0.033500
0.033500
0.033000
0.032600
0.033200
0.032700
0.032800
0.032300
0.032400
0.032400
0.031900
0.032000
0.031700
0.031500
0.031700
0.032400
0.033100
0.032800
0.033000
0.033700
0.034300
0.034700
0.034900
0.035200
0.034800
0.034800
0.035300
0.034700
0.034700
0.034700
0.034600
0.034100
0.033500
0.033400
0.033400
0.033500
0.033700
0.033500
0.033200
0.033000
0.032900
0.032300
0.031800
0.032000
0.032000
0.031500
0.031400
0.030900
0.031000
0.031500
0.031700
0.032100
0.031900
0.032400
0.032700
0.033200
0.033800
0.033400
0.033400
0.032900
0.033500
0.033600
0.033600
0.033500
0.033600
0.033800
0.033400
0.033100
0.032600
0.032500
0.033300
0.033600
0.032900
0.032700
0.033000
0.033000
0.033000
0.033000
0.033000
0.033200
0.032900
0.033000
0.032700
0.032900
0.033000
0.033200
0.033000
0.032600
0.032600
0.033100
0.032900
0.033000
0.033100
0.033100
0.033000
0.032700
0.032600
0.032300
0.033100
0.033100
0.033300
0.033300
0.033000
0.033100
0.033100
0.033100
0.033200
0.032700
0.032400
0.032800
0.033000
0.033000
0.033200
0.032800
0.033000
0.032800
0.033000
0.032600
0.032800
0.032600
0.032700
