0.021600
0.021600
0.021600
0.021600
0.021600
0.021500
0.021400
0.021400
0.021300
0.021300
0.021300
0.021200
0.021300
0.021200
0.021200
0.021300
0.021300
0.021200
0.021300
0.021500
0.021400
0.021400
0.021400
0.021300
0.021300
0.021300
0.021200
0.021300
0.021200
0.021100
0.021000
0.020900
0.020800
0.021200
0.021200
0.021100
0.021200
0.021200
0.021200
0.021100
0.021100
0.021300
0.021100
0.021000
0.020900
0.020900
0.021200
0.021100
0.021000
0.020900
0.020800
0.020600
0.020500
0.020400
0.020400
0.020800
0.020800
0.021000
0.021100
0.021200
0.021200
0.021200
0.021200
0.021200
0.021200
0.021500
0.021400
0.021400
0.021500
0.021600
0.021600
0.021600
0.021500
0.021600
0.021600
0.021600
0.021600
0.021600
0.021600
0.021700
0.021700
0.021700
0.021700
0.021700
0.021600
0.021600
0.021500
0.021400
0.021400
0.021400
0.021300
0.021300
0.021300
0.021400
0.021400
0.021400
0.021400
0.021500
0.021600
0.021600
0.021700
0.021700
0.021700
0.021700
0.021700
0.021600
0.021600
0.021500
0.021500
0.021500
0.021500
0.021500
0.021400
0.021400
0.021400
0.021300
0.021200
0.021200
0.021100
0.021000
0.021000
0.021000
0.021100
0.021000
0.020900
0.020900
0.020800
0.020800
0.020800
0.020800
0.020800
0.020800
0.020800
0.020900
0.021100
0.021000
0.020900
0.020800
0.020800
0.021100
0.021000
0.020900
0.020900
0.020900
0.020800
0.020800
0.020800
0.020700
0.021000
0.020900
0.020800
0.020800
0.020800
0.020700
0.020700
0.020700
0.020600
0.020900
0.021300
0.021300
0.021300
0.021300
0.021400
0.021500
0.021600
0.021500
0.021700
0.021700
0.021700
0.021600
0.021600
0.021500
0.021500
0.021500
0.021400
0.021300
0.021200
0.021300
0.021300
0.021300
0.021200
0.021100
0.021100
0.021000
0.021000
0.021000
0.021000
0.021100
0.021000
0.020900
0.020900
0.020900
0.020900
0.020900
0.021000
0.020900
0.020900
0.020800
0.020700
0.020600
0.020500
0.020500
0.020500
0.020400
0.020900
0.020800
0.020800
0.020900
0.021300
0.021300
0.021300
0.021200
0.021300
0.021300
0.021400
0.021300
0.021200
0.021200
0.021100
0.021100
0.021000
0.021000
0.021000
0.020900
0.020900
0.021300
0.021200
0.021400
0.021300
0.021200
0.021200
0.021000
0.021100
0.021000
0.020900
0.020900
0.020900
0.020900
0.020900
0.020900
0.020900
0.020900
0.020900
0.021000
0.020900
0.021000
0.021000
0.021000
0.021200
0.021200
0.021300
0.021300
0.021300
0.021400
0.021800
0.021900
0.022000
0.022000
0.021900
0.021900
0.021900
0.022000
0.022000
0.021900
0.021800
0.021800
0.021700
0.021600
0.021600
0.021600
0.021500
0.021300
0.021200
0.021100
0.021100
0.021000
0.021200
0.021100
0.021000
0.021000
0.021100
0.021100
0.021200
0.021200
0.021500
0.021500
0.021500
0.021500
0.021400
0.021400
0.021400
0.021500
0.021500
0.021500
0.021500
0.021400
0.021300
0.021300
0.021300
0.021300
0.021200
0.021300
0.021200
0.021100
0.021000
0.021000
0.020900
0.021000
0.020900
0.020900
0.020900
0.020800
0.020900
0.021000
0.021100
0.021000
0.020900
0.020900
0.020800
0.021100
0.021100
0.021000
0.020900
0.020700
0.020600
0.020500
0.020300
0.020200
0.020100
0.020200
0.020000
0.019900
0.019800
0.020000
0.019900
0.019700
0.019900
0.019900
0.019900
0.020000
0.020100
0.020200
0.020200
0.020300
0.020400
0.020800
0.020700
0.020600
0.020500
0.020800
0.020700
0.020800
0.020800
0.020900
0.021000
0.021000
0.021000
0.021000
0.020900
0.021500
0.021500
0.021500
0.021400
0.021300
0.021300
0.021300
0.021300
0.021300
0.021400
0.021400
0.021400
0.021400
0.021400
0.021400
0.021500
0.021600
0.021900
0.022000
0.022000
0.022000
0.021900
0.022000
0.021900
0.021900
0.021800
0.021800
0.021800
0.021700
0.021500
0.021400
0.021300
0.021200
0.021200
0.021500
0.021400
0.021300
0.021300
0.021300
0.021300
0.021200
0.021600
0.021600
0.021500
0.021500
0.021500
0.021500
0.021500
0.021500
0.021400
0.021400
0.021400
0.021400
0.021400
0.021300
0.021400
0.021600
0.021700
0.021700
0.021800
0.022000
0.022000
0.021900
0.021900
0.021900
0.022000
0.022000
0.022000
0.022100
0.022000
0.021900
0.022000
0.022000
0.022000
0.021900
0.021800
0.021700
0.021600
0.021500
0.021400
0.021400
0.021300
0.021200
0.021200
0.021200
0.021100
0.021200
0.021100
0.021000
0.021000
0.021100
0.021100
0.021000
0.020900
0.020700
0.020600
0.020500
0.020400
0.020400
0.020400
0.020400
0.020500
0.020500
0.020600
0.020600
0.020500
0.020400
0.020400
0.020400
0.020300
0.020300
0.020500
0.020600
0.020500
0.020600
0.020800
0.020700
0.020700
0.020800
0.020800
0.020800
0.021000
0.021200
0.021500
0.021500
0.021400
0.021300
0.021200
0.021100
0.021100
0.021100
0.021000
0.021000
0.021000
0.021000
0.021000
0.020900
0.021000
0.020900
0.020900
0.020900
0.020900
0.020900
0.020900
0.020800
0.021400
0.021400
0.021400
0.021400
0.021400
0.021400
0.021300
0.021300
0.021300
0.021200
0.021100
0.021100
0.021000
0.021000
0.021000
0.021200
0.021200
0.021200
0.021200
0.021200
0.021200
0.021200
0.021200
0.021200
0.021700
0.021700
0.021700
0.021800
0.021800
0.021900
0.021900
0.021900
0.021900
0.021700
0.021600
0.021600
0.021500
0.021600
0.021600
0.021500
0.022000
0.022000
0.021900
0.021900
0.021800
0.021800
0.021800
0.021700
0.021600
0.021400
0.021300
0.021000
0.020800
0.020600
0.020500
0.020300
0.020300
0.020300
0.020100
0.020100
0.020000
0.019900
0.019800
0.019700
0.019700
0.020400
0.021100
0.021400
0.021400
0.021400
0.021400
0.021400
0.021400
0.021400
0.021300
0.021200
0.021200
0.021200
0.021200
0.021600
0.021600
0.021600
0.021600
0.021600
0.021600
0.021600
0.021500
0.021600
0.021600
0.021600
0.021600
0.021600
0.021700
0.021600
0.021700
0.021800
0.021700
0.021800
0.021800
0.021800
0.022000
0.022100
0.022100
0.022000
0.022000
0.021900
0.021900
0.021800
0.021700
0.021700
0.021600
0.021500
0.021400
0.021200
0.021100
0.021000
0.020900
0.020800
0.021000
0.021000
0.020900
0.020800
0.020700
0.020700
0.020700
0.020900
0.021100
0.021100
0.021200
0.021200
0.021300
0.021300
0.021300
0.021300
0.021400
0.021300
0.021200
0.021100
0.021100
0.021200
0.021100
0.021000
0.021000
0.021000
0.021000
0.020800
0.020800
0.020800
0.020700
0.020700
0.020600
0.020400
0.020500
0.020800
0.020600
0.020500
0.020400
0.020300
0.020200
0.020100
0.020000
0.020300
0.020300
0.020600
0.020800
0.020900
0.021000
0.021300
0.021300
0.021300
0.021300
0.021400
0.021600
0.021700
0.022000
0.021900
0.021800
0.021800
0.021700
0.021700
0.021700
0.021700
0.021600
0.021600
0.021500
0.021500
0.021500
0.021500
0.021500
0.021500
0.021500
0.021500
0.021900
0.021800
0.021700
0.021700
0.021600
0.021600
0.021500
0.021500
0.021400
0.021500
0.021400
0.021300
0.021300
0.021300
0.021300
0.021200
0.021200
0.021200
0.021100
0.021200
0.021300
0.021300
0.021300
0.021300
0.021300
0.021300
0.021300
0.021200
0.021100
0.021100
0.021000
0.021200
0.021200
0.021100
0.021000
0.020900
0.020900
0.020900
0.020800
0.020700
0.020700
0.020600
0.020700
0.020600
0.020700
0.020900
0.021000
0.020900
0.020900
0.020900
0.020900
0.021000
0.020900
0.020900
0.020900
0.020800
0.020700
0.020700
0.020700
0.020700
0.020700
0.020800
0.020900
0.020800
0.020800
0.020800
0.021000
0.021000
0.021000
0.021100
0.021100
0.021100
0.021400
0.021400
0.021400
0.021600
0.021500
0.021500
0.021500
0.021500
0.021400
0.021400
0.021400
0.021400
0.021300
0.021300
0.021300
0.021600
0.021700
0.021600
0.021500
0.021500
0.021500
0.021500
0.021500
0.021600
0.021600
0.021600
0.021600
0.021600
0.021600
0.021500
0.021500
0.021500
0.021400
0.021400
0.021400
0.021400
0.021400
0.021400
0.021300
0.021200
0.021200
0.021200
0.021200
0.021200
0.021100
0.021100
0.021100
0.021200
0.021500
0.021500
0.021500
0.021400
0.021400
0.021400
0.021400
0.021300
0.021200
0.021200
0.021100
0.021000
0.020900
0.020700
0.020600
0.020500
0.020500
0.020400
0.020300
0.020700
0.020800
0.020900
0.021000
0.021200
0.021500
0.021600
0.021500
0.021500
0.021500
0.021400
0.021400
0.021400
0.021300
0.021600
0.021600
0.021500
0.021500
0.021400
0.021400
0.021300
0.021300
0.021300
0.021300
0.021300
0.021400
0.021400
0.021300
0.021300
0.021300
0.021300
0.021400
0.021300
0.021200
0.021300
0.021500
0.021400
0.021300
0.021300
0.021200
0.021200
0.021100
0.021000
0.020900
0.020900
0.020800
0.020800
0.020800
0.020800
0.020700
0.020800
0.021000
0.021400
0.021300
0.021200
0.021200
0.021200
0.021300
0.021300
0.021300
0.021200
0.021000
0.021100
0.021200
0.021200
0.021100
0.021100
0.021100
0.021100
0.021100
0.021100
0.021200
0.021200
0.021200
0.021100
0.021100
0.021100
0.021000
0.020900
0.020900
0.020900
0.021000
0.021000
0.021000
0.021000
0.020900
0.021000
0.021000
0.021000
0.020900
0.020900
0.020900
0.020800
0.020800
0.020700
0.020700
0.020600
0.020600
0.020500
0.020500
0.020600
0.020600
0.020500
0.020700
0.021100
0.021000
0.020900
0.020900
0.020900
0.021000
0.020900
0.020800
0.020900
0.020800
0.020800
0.020800
0.020700
0.020600
0.020500
0.020400
0.020400
0.020300
0.020200
0.020200
0.020100
0.020000
0.019900
0.020100
0.020400
0.020700
0.021000
0.020900
0.020800
0.020900
0.020800
0.021000
0.021200
0.021200
0.021400
0.021700
0.021900
0.021800
0.021900
0.021900
0.021800
0.021800
0.021700
0.021500
0.021400
0.021400
0.021400
0.021300
0.021300
0.021600
0.021500
0.021400
0.021200
0.021200
0.021200
0.021300
0.021300
0.021300
0.021200
0.021200
0.021100
0.021000
0.020900
0.020900
0.020800
0.020800
0.020800
0.020800
0.020900
0.020900
0.021000
0.021000
0.021100
0.021100
0.021200
0.021300
0.021400
0.021400
0.021600
0.021600
0.021800
0.021700
0.021700
0.021700
0.021600
0.021700
0.021700
0.021700
0.021700
0.021800
0.021800
0.021800
0.021800
0.021800
0.021800
0.022000
0.021900
0.022000
0.022000
0.021900
0.021900
0.022000
0.022000
0.022000
0.021900
0.021900
0.021800
0.021800
0.021800
0.021800
0.021800
0.021800
0.021900
0.021800
0.021800
0.021800
0.021900
0.021800
0.021800
0.021800
0.021800
0.021700
0.021800
0.021800
0.021800
0.021800
0.021800
0.021700
0.021700
0.021600
0.021700
0.021600
0.021500
0.021500
0.021500
0.021400
0.021500
0.021500
0.021400
0.021300
0.021300
0.021200
0.021300
0.021400
0.021300
0.021100
0.021100
0.021000
0.021400
0.021500
0.021500
0.021400
0.021400
0.021300
0.021700
0.021600
0.021600
0.021900
0.021800
0.021700
0.021700
0.021600
0.021700
0.021700
0.021700
0.021600
0.021500
0.021500
0.021500
0.021400
0.021300
0.021200
0.021400
0.021500
0.021400
0.021700
0.021700
0.021700
0.021800
0.021700
0.021700
0.021500
0.021400
0.021400
0.021400
0.021300
0.021300
0.021300
0.021200
0.021400
0.021300
0.021200
0.021100
0.021300
0.021100
0.021300
0.021400
0.021400
0.021300
0.021200
0.021300
0.021400
0.021400
0.021400
0.021300
0.021300
0.021800
0.021700
0.021700
0.021700
0.021700
0.021700
0.021600
0.021500
0.021300
0.021200
0.021100
0.020900
0.020800
0.021200
0.021400
0.021600
0.021500
0.021500
0.021400
0.021400
0.021300
0.021200
0.021100
0.021000
0.021000
0.021000
0.021000
0.021000
0.021000
0.020900
0.020900
0.020900
0.020900
0.020900
0.020900
0.021000
0.021200
0.021300
0.021400
0.021400
0.021300
0.021700
0.021600
0.021600
0.021600
0.021500
0.021500
0.021500
0.021600
0.021500
0.021400
0.021300
0.021200
0.021200
0.021100
0.021000
0.020900
0.021100
0.021200
0.021400
0.021300
0.021400
0.021500
0.021400
0.021700
0.021700
0.021800
0.021800
0.021800
0.021900
0.022200
0.022300
0.022400
0.022400
0.022400
0.022300
0.022200
0.022100
0.022200
0.022200
0.022300
0.022200
0.022200
0.022300
0.022200
0.022200
0.022100
0.022100
0.022200
0.022200
0.022200
0.022200
0.022200
0.022200
0.022100
0.022000
0.022000
0.021900
0.021900
0.022000
0.021900
0.022000
0.022000
0.022000
0.022000
0.021900
0.021800
0.021700
0.021600
0.021600
0.021500
0.021300
0.021200
0.021100
0.021000
0.020900
0.020800
0.020800
0.020900
0.020900
0.021000
0.021000
0.021000
0.020900
0.020900
0.020900
0.020900
0.020800
0.020800
