0.077100
0.078000
0.075200
0.075500
0.073100
0.073600
0.071100
0.073500
0.073800
0.071500
0.071400
0.068900
0.068400
0.066000
0.066100
0.067400
0.068400
0.066600
0.067900
0.068900
0.071700
0.073400
0.075400
0.076800
0.074900
0.077400
0.075200
0.078500
0.080200
0.078100
0.079800
0.077600
0.078300
0.076600
0.078000
0.076100
0.078200
0.080400
0.077800
0.078800
0.075900
0.077400
0.074900
0.074900
0.072900
0.073500
0.074700
0.072800
0.073600
0.071100
0.072000
0.069600
0.071600
0.069200
0.070400
0.071500
0.069300
0.070900
0.068700
0.070900
0.071100
0.069500
0.069900
0.068600
0.068800
0.070800
0.069000
0.071100
0.073000
0.076400
0.078600
0.076700
0.079800
0.081100
0.079700
0.080700
0.079100
0.080100
0.077900
0.079200
0.077100
0.077800
0.075800
0.077000
0.075000
0.075600
0.073900
0.075100
0.073200
0.074200
0.071500
0.073300
0.070900
0.071600
0.069800
0.072500
0.075600
0.073800
0.075200
0.075900
0.077100
0.074700
0.076100
0.073700
0.074900
0.072900
0.074300
0.072000
0.073100
0.070900
0.072000
0.069700
0.070300
0.068300
0.068900
0.066800
0.066700
0.074900
0.079300
0.081500
0.082900
0.080700
0.081700
0.079700
0.080800
0.078300
0.079800
0.077700
0.080000
0.077700
0.078700
0.076700
0.078100
0.075900
0.079200
0.080700
0.079600
0.080800
0.079000
0.079600
0.078000
0.079300
0.077600
0.081200
0.083900
0.081600
0.082900
0.080900
0.082200
0.079900
0.081300
0.079100
0.080900
0.078500
0.080000
0.077700
0.078300
0.077100
0.077500
0.075500
0.076600
0.074500
0.075300
0.073300
0.074500
0.075900
0.073700
0.074600
0.072600
0.073500
0.071600
0.072800
0.073700
0.072000
0.072900
0.070700
0.073100
0.074900
0.076300
0.074600
0.075700
0.079600
0.077600
0.079300
0.080000
0.077300
0.077700
0.074900
0.075900
0.073000
0.075200
0.075500
0.073100
0.073300
0.071500
0.071600
0.069700
0.069800
0.068100
0.068000
0.066500
0.066200
0.069600
0.072400
0.075700
0.077700
0.075100
0.075600
0.072800
0.073100
0.070600
0.071200
0.068700
0.070700
0.071700
0.069400
0.069900
0.071500
0.069400
0.072300
0.073400
0.071300
0.072000
0.074900
0.078700
0.083100
0.081500
0.082100
0.080900
0.082100
0.080400
0.081200
0.079600
0.080700
0.079200
0.080300
0.078500
0.079800
0.078100
0.080800
0.082200
0.079800
0.081000
0.078600
0.079200
0.076900
0.077900
0.075500
0.076000
0.073600
0.074300
0.071900
0.072700
0.070400
0.071200
0.072100
0.070000
0.071400
0.072300
0.074800
0.078700
0.080500
0.078400
0.079200
0.077500
0.079300
0.081000
0.079000
0.080600
0.078200
0.079700
0.077600
0.079300
0.077400
0.079600
0.077200
0.078500
0.076300
0.077500
0.075700
0.077900
0.075700
0.076500
0.074400
0.075600
0.073700
0.075100
0.077400
0.081600
0.079700
0.081500
0.079800
0.081800
0.080200
0.082100
0.079900
0.081300
0.078900
0.079800
0.077000
0.079200
0.079300
0.077500
0.077600
0.075300
0.075600
0.073500
0.073900
0.071700
0.072300
0.070100
0.070000
0.068000
0.068300
0.066300
0.067100
0.069900
0.071400
0.074800
0.076500
0.079300
0.080000
0.078200
0.079000
0.077100
0.077200
0.075400
0.075500
0.073600
0.074700
0.075200
0.072700
0.072700
0.070100
0.070100
0.067700
0.067900
0.065700
0.066500
0.069500
0.070200
0.071900
0.072500
0.070600
0.071700
0.070000
0.071200
0.077300
0.078800
0.080900
0.078900
0.080500
0.078200
0.079000
0.076700
0.078500
0.076100
0.078200
0.079000
0.077200
0.077300
0.075800
0.076300
0.074500
0.075600
0.073400
0.076700
0.078600
0.076500
0.077900
0.075700
0.076800
0.074200
0.075400
0.072800
0.073800
0.071300
0.073700
0.074700
0.075600
0.073300
0.074200
0.071700
0.071600
0.068600
0.068500
0.066200
0.066200
0.066500
0.068600
0.068100
0.069500
0.067500
0.067400
0.065000
0.066200
0.067200
0.065100
0.065700
0.067100
0.065200
0.066300
0.068900
0.069300
0.067100
0.067700
0.070800
0.072900
0.076700
0.080300
0.078500
0.079800
0.078300
0.080100
0.078600
0.080100
0.083100
0.081000
0.083200
0.081300
0.083800
0.082100
0.084900
0.082500
0.084100
0.082100
0.083400
0.081100
0.082200
0.079800
0.080800
0.078300
0.079000
0.076900
0.077500
0.075200
0.075400
0.073900
0.074300
0.072700
0.073900
0.075400
0.073000
0.074000
0.071400
0.071900
0.075300
0.075900
0.073800
0.075500
0.077100
0.074600
0.075900
0.077100
0.075000
0.075900
0.073900
0.074800
0.073300
0.074400
0.072400
0.075100
0.078500
0.082100
0.081200
0.082200
0.081200
0.082700
0.081300
0.082000
0.080500
0.082300
0.080500
0.081600
0.079800
0.080400
0.078500
0.079400
0.077300
0.079000
0.076700
0.077900
0.075700
0.076900
0.074600
0.075500
0.073300
0.075200
0.076300
0.074500
0.077300
0.078800
0.076500
0.077600
0.075100
0.076100
0.073800
0.074900
0.072900
0.075800
0.073700
0.075500
0.073600
0.075400
0.073700
0.074800
0.073200
0.074800
0.073100
0.074700
0.072600
0.073400
0.071200
0.073600
0.074900
0.075900
0.074000
0.074900
0.073400
0.074300
0.072600
0.073900
0.072100
0.072900
0.071100
0.072900
0.073800
0.071800
0.073500
0.075300
0.073800
0.075200
0.073800
0.075500
0.077200
0.075400
0.076900
0.075300
0.077000
0.075300
0.077000
0.075400
0.077900
0.080700
0.079100
0.081100
0.079500
0.081600
0.080000
0.081700
0.078900
0.079500
0.077800
0.079100
0.077400
0.078200
0.076600
0.078800
0.080700
0.078500
0.079700
0.077300
0.078500
0.076300
0.077400
0.075100
0.077400
0.077500
0.075600
0.075500
0.073000
0.073000
0.071200
0.070800
0.069000
0.070200
0.070800
0.068300
0.068600
0.069200
0.071700
0.069400
0.069200
0.067200
0.066900
0.065300
0.066000
0.066300
0.070100
0.070500
0.071700
0.069700
0.070300
0.073100
0.075900
0.080000
0.078100
0.079400
0.077700
0.078800
0.077000
0.076800
0.075000
0.075100
0.073100
0.074600
0.075400
0.073000
0.074600
0.071900
0.075100
0.075900
0.073600
0.075000
0.073100
0.073300
0.071900
0.072700
0.071100
0.072600
0.074800
0.077500
0.078600
0.081100
0.078800
0.080100
0.078000
0.079700
0.081400
0.079500
0.080800
0.078600
0.079500
0.077100
0.080300
0.077700
0.079200
0.076800
0.078000
0.076000
0.077200
0.075200
0.077500
0.078500
0.076900
0.077600
0.075900
0.076300
0.074200
0.075400
0.073300
0.076100
0.078000
0.075700
0.076800
0.074500
0.075100
0.073300
0.073400
0.071800
0.071800
0.075500
0.076800
0.074600
0.076700
0.075100
0.076300
0.079300
0.077300
0.078800
0.076500
0.079100
0.076800
0.077800
0.075600
0.076800
0.074900
0.077500
0.075300
0.078200
0.080800
0.082600
0.080300
0.082000
0.079700
0.081200
0.078800
0.080200
0.077900
0.080000
0.077400
0.078700
0.076100
0.077700
0.075500
0.076500
0.073900
0.074300
0.071900
0.072800
0.070400
0.072400
0.073500
0.071200
0.072000
0.074000
0.076200
0.073700
0.074600
0.075200
0.072800
0.075300
0.076700
0.074400
0.074100
0.071100
0.070700
0.067700
0.067200
0.068200
0.065500
0.065900
0.066200
0.063100
0.062700
0.062700
0.062200
0.059300
0.058400
0.055500
0.054600
0.051900
0.053900
0.055100
0.055800
0.055600
0.055200
0.055700
0.056000
0.056900
0.056900
0.056900
0.057100
0.057100
0.059600
0.059700
0.060300
0.060800
0.062600
0.064600
0.065300
0.066700
0.067800
0.070200
0.071700
0.075300
0.076100
0.073900
0.076400
0.077200
0.075500
0.079700
0.081100
0.078900
0.080600
0.078300
0.079800
0.077600
0.078900
0.076800
0.077700
0.075600
0.076600
0.077800
0.075400
0.077100
0.075100
0.075400
0.073200
0.074200
0.072100
0.073800
0.074400
0.072500
0.073800
0.071800
0.072600
0.070600
0.071500
0.069600
0.069900
0.071900
0.074000
0.075200
0.073200
0.076600
0.080300
0.081400
0.079700
0.080000
0.078400
0.079500
0.077400
0.077000
0.073600
0.075100
0.072100
0.072500
0.069500
0.069800
0.066800
0.067400
0.064400
0.064000
0.061300
0.060400
0.060700
0.062900
0.062800
0.060600
0.060000
0.062300
0.063500
0.063500
0.061300
0.061600
0.063800
0.064800
0.062500
0.062700
0.063900
0.065000
0.065600
0.066400
0.067100
0.064900
0.065800
0.066300
0.064200
0.065800
0.067100
0.068200
0.069500
0.072100
0.073900
0.072200
0.074600
0.077500
0.079400
0.077200
0.078100
0.076300
0.078100
0.076600
0.078300
0.076100
0.076600
0.074200
0.074900
0.072600
0.075100
0.073000
0.074300
0.072100
0.072800
0.071100
0.072600
0.076700
0.078400
0.076100
0.076700
0.074500
0.074800
0.073300
0.074100
0.077000
0.079600
0.077700
0.079800
0.078100
0.081100
0.082000
0.080700
0.082300
0.080000
0.081800
0.079800
0.081700
0.079700
0.081800
0.079600
0.081600
0.079900
0.081600
0.079900
0.081300
0.079300
0.080600
0.078600
0.079600
0.078100
0.078500
0.077500
0.078300
0.076800
0.078100
0.076300
0.076600
0.079700
0.081000
0.079100
0.080200
0.078200
0.078500
0.076100
0.076000
0.073200
0.073200
0.069800
0.069500
0.066300
0.065400
0.062700
0.062200
0.062800
0.063800
0.063700
0.061700
0.061100
0.061600
0.059700
0.059800
0.061100
0.061700
0.062900
0.064400
0.066800
0.069200
0.071700
0.074400
0.077500
0.075600
0.076500
0.074200
0.076000
0.073800
0.074600
0.072400
0.073600
0.071600
0.075600
0.076300
0.074000
0.075700
0.076800
0.074900
0.076400
0.074300
0.075900
0.074000
0.074600
0.072300
0.073400
0.070900
0.073300
0.076600
0.074500
0.075500
0.073500
0.074300
0.077900
0.079700
0.077500
0.078000
0.076100
0.076900
0.075200
0.075800
0.074400
0.075400
0.077000
0.075300
0.076700
0.074300
0.074900
0.072000
0.071800
0.069300
0.069800
0.069600
0.072300
0.072400
0.069700
0.070800
0.068300
0.068400
0.066100
0.066600
0.064600
0.064900
0.063100
0.064600
0.065800
0.066200
0.068500
0.071700
0.074900
0.079000
0.077000
0.078800
0.076600
0.077800
0.075600
0.077400
0.075000
0.079400
0.080800
0.078700
0.080300
0.078200
0.080500
0.078500
0.080100
0.077600
0.078300
0.076100
0.076900
0.074600
0.075400
0.073300
0.074300
0.071900
0.073900
0.074600
0.072700
0.075200
0.077000
0.075100
0.076200
0.074200
0.076200
0.074100
0.077300
0.079100
0.076900
0.077800
0.075800
0.076100
0.074200
0.075800
0.076700
0.074000
0.074600
0.072000
0.072500
0.069700
0.069600
0.067800
0.067500
0.065800
0.066000
0.067100
0.068200
0.069100
0.071400
0.071600
0.069700
0.070100
0.068300
0.069100
0.072300
0.075400
0.077400
0.074800
0.075500
0.072900
0.074300
0.072200
0.073600
0.074700
0.072800
0.075000
0.073300
0.075100
0.073100
0.074600
0.072700
0.074300
0.077100
0.079000
0.077600
0.079900
0.082300
0.080500
0.081900
0.080000
0.080100
0.077800
0.077900
0.076100
0.077100
0.075400
0.076100
0.074100
0.074700
0.073000
0.073000
0.070600
0.070600
0.068400
0.070500
0.071700
0.071900
0.074900
0.072500
0.073000
0.070900
0.071100
0.069300
0.071000
0.071800
0.069900
0.071800
0.075200
0.079700
0.082000
0.080200
0.081700
0.079300
0.080300
0.077400
0.077800
0.075100
0.076100
0.073500
0.074200
0.071500
0.072000
0.069800
0.070700
0.068600
0.068800
0.066600
0.066800
0.064200
0.065400
0.066400
0.067100
0.072000
0.075000
0.076800
0.075100
0.076400
0.074600
0.075300
0.073300
0.074800
0.073200
0.075100
0.073300
0.076300
0.077900
0.075600
0.077500
0.075300
0.076400
0.074300
0.075200
0.073000
0.074100
0.076200
0.076900
0.074600
0.075800
0.073500
0.073600
0.072300
0.072700
0.074000
0.071600
0.072100
0.074200
0.076100
0.073700
0.074600
0.072300
0.073400
0.071100
0.072200
0.073800
0.075000
0.072600
0.073400
0.071100
0.071100
0.068500
0.071000
0.072100
0.073400
0.071600
0.073200
0.071300
0.072500
0.070700
0.072200
0.070100
0.072800
0.074700
0.075800
0.077700
0.075600
0.076900
0.078500
0.076100
0.076900
0.074400
0.075800
0.073400
0.074800
0.072600
0.073600
0.071200
0.072900
0.070700
0.071900
0.074300
0.072700
0.073000
0.071400
0.073400
0.075700
0.073500
0.074700
0.072700
0.074900
0.076000
0.078500
0.076900
0.078200
0.080500
0.078500
0.079600
0.076900
0.080200
0.081900
0.080000
0.081800
0.079400
0.080200
0.078000
0.079200
0.076600
0.077300
0.074800
0.075800
0.073100
0.073000
0.071000
0.071800
0.072800
0.070400
0.072500
0.072500
0.070000
0.070500
0.070900
0.068500
0.068900
0.066900
0.069800
0.070300
0.068400
0.068800
0.069700
0.067400
0.067900
0.065800
0.066500
0.068800
0.069900
0.071200
0.068900
0.071300
0.071800
0.070200
0.073700
0.075100
0.073400
0.074800
0.073200
0.073800
0.072300
0.073100
0.076100
0.080200
0.078400
0.078900
0.077600
0.079000
0.077600
0.080300
0.082900
0.080300
0.081600
0.079400
0.080900
0.078900
0.081300
0.079100
0.080200
0.077900
0.079500
0.077300
0.078000
0.076200
0.076900
0.075200
0.075700
0.073600
0.074000
0.071600
0.073700
0.076600
0.077100
0.075000
0.076200
0.073700
0.076000
0.076700
0.074500
0.074600
0.073000
0.073800
0.075000
0.072500
0.073100
0.070800
0.074500
0.076000
0.074200
0.075300
0.073500
0.074200
0.072100
0.073000
0.076900
0.078900
0.076500
0.077700
0.075400
0.076800
0.074800
0.077000
0.077900
0.075900
0.076400
0.074200
0.074900
0.072400
0.073200
0.070800
0.072100
0.069700
0.070800
0.072800
0.070600
0.070400
0.071300
0.068900
0.069400
0.067100
0.070700
0.071900
0.072700
0.070500
0.070000
0.067900
0.067600
0.065500
0.065500
0.066700
0.069000
0.071600
0.074300
0.077300
0.075000
0.074900
0.073000
0.073100
0.071200
0.071900
0.072500
0.070200
0.070900
0.068800
0.070500
0.073200
0.070900
0.071900
0.073000
0.071100
0.071700
0.074400
0.077300
0.081000
0.078800
0.081000
0.078500
0.080100
0.077700
0.079400
0.077100
0.078300
0.076000
0.076900
0.074600
0.075500
0.073300
0.074500
0.072200
0.073500
0.074000
0.071600
0.071500
0.068500
0.068500
0.069100
0.066100
0.065300
0.062700
0.061500
0.059000
0.059000
0.058800
0.056400
0.055900
0.057100
0.057500
0.058100
0.059800
0.060900
0.062200
0.063400
0.066300
0.067900
0.069700
0.072200
0.074600
0.076300
0.073900
0.074900
0.072100
0.072500
0.070200
0.071100
0.069200
0.069700
0.067700
0.067500
0.065200
0.065700
0.067700
0.069900
0.073100
0.076500
0.074500
0.074900
0.073600
0.074700
0.076600
0.074700
0.077000
0.075000
0.077100
0.075100
0.076900
0.075100
0.077000
0.075200
0.076700
0.074700
0.076300
0.077300
0.079500
0.077800
0.079800
0.078300
0.080800
0.078500
0.079700
0.077400
0.078100
0.075400
0.077300
0.077900
0.075600
0.076500
0.074100
0.076100
0.077400
0.075400
0.076300
0.074000
0.073500
0.071600
0.071200
0.068900
0.070200
0.070400
0.072000
0.069700
0.070200
0.071700
0.069300
0.069800
0.067500
0.069000
0.070000
0.070700
0.068800
0.070800
0.072000
0.073700
0.075600
0.073800
0.075800
0.077300
0.079300
0.077000
0.078500
0.076300
0.077300
0.075500
0.076000
0.073400
0.073800
0.071100
0.071600
0.069400
0.069600
0.067300
0.068900
0.069800
0.067900
0.068400
0.066500
0.070000
0.074500
0.077000
0.077600
0.079900
0.077600
0.079300
0.076800
0.078600
0.075700
0.076400
0.073800
0.074500
0.072100
0.073600
0.071100
0.071700
0.069300
0.070000
0.068000
0.069400
0.070700
0.071400
0.069500
0.072000
0.073000
0.071300
0.073600
0.075200
0.077700
0.075800
0.078000
0.079400
0.077800
0.078900
0.077400
0.078100
0.076300
0.077200
0.075300
0.076000
0.074100
0.076400
0.077400
0.075300
0.076700
0.077300
0.075400
0.076600
0.073800
0.074300
0.071100
0.071500
0.067900
0.067400
0.064300
0.064300
0.063000
0.059800
0.058200
0.057000
0.053800
0.053300
0.052300
0.049800
0.049100
0.048200
0.046100
0.049400
0.050800
0.052100
0.053900
0.057400
0.057800
0.055700
0.061400
0.063800
0.065100
0.069600
0.078400
0.081800
0.084600
0.082200
0.083600
0.081000
0.083500
0.081300
0.081200
0.079400
0.080200
0.078500
0.078900
0.076900
0.077500
0.075400
0.075500
0.072900
0.073200
0.070600
0.072400
0.073600
0.071400
0.073500
0.073900
0.071800
0.073400
0.074300
0.072600
0.073500
0.071900
0.071800
0.070200
0.070500
0.072800
0.074200
0.075500
0.077900
0.075400
0.077300
0.077300
0.074700
0.075200
0.072800
0.073500
0.071000
0.072200
0.073100
0.070500
0.071600
0.072000
0.069700
0.070100
0.072900
0.073100
0.070900
0.071300
0.069200
0.069900
0.073500
0.074000
0.072200
0.075000
0.076500
0.074600
0.076000
0.074200
0.075700
0.073900
0.074400
0.072400
0.075000
0.076600
0.078400
0.076700
0.078200
0.076400
0.078500
0.076900
0.079100
0.077400
0.078800
0.076900
0.080800
0.083300
0.081700
0.084600
0.083000
0.085700
0.083300
0.083900
0.082000
0.083200
0.081400
0.082000
0.080200
0.080700
0.078300
0.079000
0.076700
0.077700
0.075400
0.076700
0.074400
0.075500
0.073100
0.073600
0.076700
0.075200
0.075800
0.073900
0.074200
0.072900
0.073200
0.076000
0.079400
0.082100
0.080400
0.080900
0.079200
0.080600
0.078700
0.080200
0.077700
0.079700
0.077700
0.080300
0.078200
0.080200
0.078400
0.079900
0.077700
0.078700
0.076400
0.076600
0.074000
0.074700
0.077000
0.077700
0.075100
0.075700
0.073600
0.074000
0.072200
0.072300
0.071000
0.071400
0.070100
0.070800
0.069000
0.070000
0.071800
0.075600
0.080800
0.083600
0.081400
0.082100
0.080200
0.081300
0.079600
0.080600
0.078900
0.079500
0.077600
0.077800
0.075700
0.076500
0.074500
0.075200
0.072900
0.076000
0.077000
0.075000
0.076100
0.074200
0.075400
0.073500
0.075000
0.076200
0.074300
0.075600
0.073200
0.074400
0.072300
0.073500
0.071000
0.071600
0.069100
0.070300
0.071300
0.073100
0.071200
0.072700
0.071000
0.072400
0.074700
0.076600
0.075200
0.077200
0.075700
0.078800
0.081500
0.083300
0.081300
0.081800
0.079500
0.083200
0.084700
0.082900
0.083800
0.082500
0.083200
0.082000
0.082200
0.080500
0.080900
0.079100
0.080100
0.078200
0.079100
0.076900
0.079100
0.077500
0.080100
0.077500
0.079100
0.076500
0.077500
0.075400
0.079000
0.080500
0.078200
0.079900
0.077600
0.078200
0.076800
0.077400
0.076000
0.076500
0.075400
0.076100
0.078100
0.076400
0.078400
0.076200
0.078300
0.076400
0.078600
0.080200
0.078400
0.079800
0.077800
0.078900
0.078000
0.078800
0.081600
0.079700
0.081800
0.079600
0.082100
0.080100
0.081600
0.079600
0.082400
0.080400
0.082500
0.080600
0.082300
0.081000
0.083300
0.081300
0.083100
0.081100
0.083200
0.080500
0.080700
0.078200
0.080400
0.078300
0.078100
0.076000
0.075800
0.073600
0.073300
0.071200
0.070900
0.068400
0.068400
0.065800
0.067000
0.068500
0.068900
0.071600
0.073000
0.070900
0.072500
0.073100
0.071400
0.072200
0.073700
0.072100
0.073500
0.071800
0.073200
0.071400
0.072500
0.070700
0.073300
0.074900
0.073100
0.074200
0.077200
0.080300
0.079300
0.081200
0.078700
0.079800
0.077700
0.079300
0.077400
0.078600
0.076700
0.077900
0.076000
0.079100
0.080700
0.079600
0.080700
0.079200
0.080400
0.084000
0.082100
0.083800
0.081800
0.083600
0.081500
0.082900
0.080300
0.081200
0.079300
0.080000
0.078900
0.079600
0.078400
0.079200
0.078000
0.079000
0.077700
0.078400
0.077200
0.079000
0.082800
0.080900
0.082500
0.080700
0.083900
0.081700
0.083700
0.081800
0.084100
0.082400
0.084600
0.082800
0.084200
0.081700
0.083300
0.081200
0.082800
0.080300
0.081600
0.079300
0.080600
0.078300
0.079500
0.077300
0.078600
0.076500
0.076900
0.075400
0.075900
0.074100
0.074400
0.072700
0.073100
0.071200
0.072600
0.076400
0.077000
0.075000
0.075300
0.073100
0.074000
0.072000
0.072900
0.074900
0.073000
0.074400
0.072800
0.073900
0.071900
0.073500
0.074600
0.073000
0.074600
0.076600
0.077700
0.076100
0.076700
0.075100
0.075700
0.074000
0.075000
0.073300
0.074200
0.072500
0.073400
0.071100
0.072300
0.070100
0.070900
0.069000
0.072000
0.075100
0.076400
0.074300
0.077100
0.078400
0.077000
0.078100
0.076900
0.077600
0.076400
0.077600
0.076500
0.078900
0.081200
0.079300
0.081500
0.079800
0.081700
0.079800
0.081800
0.079600
0.082700
0.080500
0.081900
0.080000
0.081500
0.079500
0.080900
0.078300
0.079000
0.076400
0.077200
0.074700
0.075800
0.073500
0.074200
0.072200
0.073300
0.070900
0.073100
0.075000
0.073100
0.073800
0.071600
0.072500
0.070500
0.073800
0.074800
0.076300
0.078400
0.076100
0.076800
0.074100
0.076400
0.076600
0.075100
0.075600
0.073500
0.073600
0.071800
0.071700
0.069400
0.071400
0.072800
0.070800
0.072000
0.075100
0.078500
0.076600
0.076700
0.075100
0.077400
0.075700
0.075800
0.073800
0.074000
0.076900
0.074600
0.075100
0.073300
0.075500
0.076600
0.074700
0.077200
0.078600
0.076700
0.078200
0.076100
0.078400
0.079400
0.077300
0.080000
0.080800
0.078600
0.078900
0.077100
0.077100
0.075000
0.075100
0.073000
0.074900
0.075900
0.073500
0.074700
0.072300
0.073300
0.071100
0.072100
0.070000
0.072000
0.072600
0.070800
0.071600
0.073500
0.071200
0.075200
0.076800
0.078000
0.076200
0.077200
0.075600
0.075900
0.073800
0.076600
0.077800
0.075400
0.075900
0.074100
0.075200
0.076700
0.074400
0.076200
0.074300
0.077600
0.079400
0.077600
0.079100
0.081100
0.079300
0.080800
0.078200
0.079600
0.077500
0.080400
0.078000
0.080100
0.077900
0.079600
0.077500
0.080400
0.078200
0.080300
0.078700
0.080300
0.078200
0.081700
0.079500
0.081600
0.079500
0.080800
0.079200
0.080900
0.078800
0.080300
0.078000
0.079500
0.077300
0.079700
0.081200
0.079600
0.080400
0.079400
0.080000
0.078600
0.079400
0.077700
0.079600
0.081300
0.079700
0.082300
0.080600
0.083300
0.081700
0.084200
0.082200
0.083400
0.081300
0.082100
0.080500
0.081300
0.079700
0.080900
0.078900
0.082400
0.085000
0.082700
0.084000
0.081700
0.083300
0.080800
0.082100
0.079300
0.079600
0.078000
0.078800
0.077500
0.078300
0.076500
0.077200
0.075600
0.076200
0.074200
0.074700
0.072700
0.073500
0.071200
0.072100
0.069400
0.071500
0.073000
0.074200
0.072300
0.072500
0.070000
0.070700
0.068600
0.069300
0.067000
0.067800
0.070500
0.071100
0.072000
0.074000
0.075700
0.079200
0.077500
0.078300
0.076800
0.077600
0.075900
0.077800
0.078800
0.076500
0.078000
0.075900
0.077200
0.075300
0.078000
0.080000
0.077900
0.078500
0.076900
0.076700
0.074000
0.073400
0.071600
0.071200
0.069200
0.071600
0.074100
0.074100
0.072100
0.072500
0.070200
0.070300
0.068100
0.067800
0.065400
0.067100
0.069300
0.069900
0.072100
0.073700
0.075100
0.073000
0.074400
0.072400
0.074400
0.072300
0.075700
0.076900
0.075300
0.077100
0.078500
0.076600
0.078000
0.075800
0.077500
0.075700
0.076500
0.074800
0.075900
0.073700
0.076800
0.077600
0.075500
0.076300
0.074300
0.075100
0.072900
0.074300
0.072100
0.074600
0.075700
0.073700
0.075200
0.073200
0.076000
0.076600
0.074200
0.078200
0.079300
0.077400
0.077800
0.075900
0.076200
0.074700
0.075300
0.073900
0.076000
0.077200
0.075300
0.076500
0.074200
0.075200
0.073200
0.074600
0.072700
0.073700
0.071300
0.072000
0.075000
0.077800
0.078300
0.075700
0.075900
0.073000
0.072600
0.070200
0.070800
0.071100
0.068200
0.068600
0.065800
0.065400
0.062900
0.062700
0.064700
0.065300
0.063400
0.064700
0.067700
0.069000
0.070000
0.071400
0.069600
0.071400
0.074700
0.075700
0.077900
0.080900
0.079700
0.080700
0.079800
0.080900
0.079700
0.080700
0.079000
0.080100
0.078000
0.082500
0.085000
0.083200
0.085200
0.083300
0.085900
0.084000
0.086100
0.084300
0.085200
0.083200
0.084100
0.082400
0.083300
0.081400
0.082100
0.079700
0.080100
0.077500
0.078200
0.075600
0.076400
0.074200
0.074900
0.072600
0.072800
0.070200
0.072200
0.073600
0.074800
0.072800
0.072900
0.070700
0.071500
0.069100
0.071500
0.072700
0.070600
0.071400
0.072700
0.074600
0.072300
0.075000
0.075900
0.074000
0.074500
0.072000
0.072300
0.070100
0.071900
0.071700
0.069600
0.070300
0.072900
0.070800
0.070900
0.069100
0.071100
0.074600
0.076700
0.077200
0.075400
0.075700
0.073900
0.075100
0.073600
0.074000
0.072000
0.073500
0.074400
0.072200
0.073400
0.073700
0.072200
0.073000
0.076800
0.078900
0.076700
0.077700
0.075800
0.077200
0.075000
0.075600
0.074300
0.075200
0.073700
0.075000
0.076800
0.074800
0.079700
0.081600
0.079300
0.080400
0.078400
0.079200
0.077300
0.077700
0.075900
0.076400
0.074900
0.076500
0.078200
0.076000
0.077100
0.074800
0.077100
0.077600
0.075000
0.074900
0.072100
0.071500
0.069300
0.069100
0.069700
0.067200
0.067300
0.065100
0.064800
0.062400
0.062500
0.060500
0.061100
0.063800
0.065000
0.067600
0.068900
0.070100
0.071700
0.075500
0.076700
0.075300
0.075900
0.078600
0.077000
0.079200
0.077100
0.079400
0.077100
0.078100
0.075900
0.077100
0.075200
0.076300
0.074200
0.076100
0.079000
0.080800
0.078800
0.080300
0.078400
0.080400
0.078400
0.080400
0.078400
0.080100
0.078300
0.079900
0.078100
0.080100
0.078200
0.080200
0.078300
0.080400
0.078400
0.080600
0.078600
0.080500
0.078700
0.080900
0.078600
0.080300
0.077900
0.079500
0.077600
0.079000
0.077100
0.078300
0.076300
0.078100
0.076200
0.077400
0.075700
0.076100
0.074700
0.077000
0.079500
0.077300
0.081000
0.084000
0.081800
0.082900
0.081400
0.082300
0.081200
0.082200
0.080800
0.081800
0.080300
0.080900
0.079100
0.079200
0.076900
0.077100
0.077500
0.074200
0.073800
0.070600
0.069800
0.066400
0.065400
0.062300
0.062000
0.059200
0.058500
0.056000
0.055100
0.055700
0.056400
0.057700
0.058700
0.059800
0.061900
0.064100
0.066900
0.069500
0.072300
0.074700
0.078000
0.081300
0.079300
0.080100
0.079000
0.080000
0.078500
0.078900
0.077000
0.077100
0.074500
0.074600
0.071900
0.071800
0.069200
0.069700
0.067300
0.069100
0.071000
0.068000
0.067600
0.064900
0.064100
0.062200
0.062700
0.062700
0.065000
0.066400
0.068000
0.070100
0.072400
0.073000
0.070900
0.071900
0.069800
0.070700
0.068500
0.070900
0.071600
0.073300
0.077700
0.078800
0.077200
0.077900
0.080500
0.078200
0.080000
0.077900
0.079100
0.076900
0.078200
0.076000
0.077000
0.074900
0.077300
0.078600
0.077400
0.078200
0.076800
0.078600
0.082400
0.079800
0.081000
0.078800
0.080200
0.078100
0.078900
0.076900
0.077100
0.075300
0.075300
0.073300
0.073100
0.071200
0.071300
0.069300
0.069700
0.067700
0.068300
0.071100
0.073200
0.074300
0.072000
0.072400
0.075300
0.073200
0.073200
0.070700
0.073400
0.075100
0.073400
0.074100
0.071600
0.072100
0.069700
0.070300
0.067900
0.069800
0.071000
0.071300
0.069200
0.071800
0.072600
0.070600
0.071000
0.068500
0.069100
0.066800
0.067100
0.064900
0.064800
0.072100
0.076900
0.074400
0.075500
0.073100
0.074000
0.071300
0.072100
0.069800
0.069700
0.067600
0.069900
0.072300
0.075400
0.076500
0.075100
0.076400
0.075400
0.075900
0.079000
0.079300
0.076600
0.076400
0.074600
0.074400
0.077100
0.074100
0.074900
0.072400
0.072700
0.070500
0.070900
0.068700
0.069000
0.066700
0.067000
0.065400
0.069900
0.072700
0.074600
0.079500
0.080600
0.078300
0.079200
0.076500
0.078200
0.075700
0.078000
0.079000
0.076000
0.076000
0.073500
0.073300
0.070900
0.070800
0.068300
0.067800
0.065300
0.064700
0.062300
0.061500
0.059000
0.058600
0.060000
0.060700
0.061300
0.061700
0.061700
0.063000
0.060700
0.060200
0.061400
0.062700
0.065100
0.067300
0.069700
0.072500
0.075600
0.079600
0.081200
0.079300
0.081000
0.079000
0.080300
0.079000
0.080800
0.078700
0.080400
0.078000
0.078700
0.076700
0.077800
0.075500
0.076700
0.074500
0.075200
0.073100
0.074300
0.072300
0.074400
0.075100
0.073100
0.074200
0.072200
0.075400
0.077400
0.075500
0.078400
0.079800
0.078200
0.080000
0.078100
0.079100
0.077400
0.078400
0.077000
0.079200
0.081000
0.078900
0.080400
0.078000
0.079000
0.076600
0.077300
0.075300
0.076300
0.080700
0.078400
0.079300
0.077300
0.076800
0.074800
0.074500
0.072300
0.073100
0.073800
0.071200
0.071600
0.069300
0.069900
0.067700
0.069200
0.069800
0.068000
0.068300
0.070700
0.074000
0.077200
0.075200
0.076200
0.074300
0.077500
0.078800
0.077700
0.079500
0.077000
0.077300
0.075200
0.075500
0.074100
0.075900
0.077500
0.075100
0.077500
0.080600
0.078100
0.078400
0.076500
0.077000
0.075400
0.076200
0.074600
0.075500
0.077600
0.075800
0.077300
0.075400
0.078400
0.076100
0.077100
0.075000
0.076800
0.075200
0.076700
0.079300
0.078000
0.080200
0.082500
0.079800
0.081500
0.079300
0.080100
0.078100
0.079700
0.077100
0.079100
0.076800
0.077200
0.074500
0.074900
0.072700
0.073500
0.071000
0.071600
0.069800
0.074400
0.076700
0.074600
0.074600
0.072700
0.073500
0.072400
0.073300
0.076300
0.074600
0.078000
0.080300
0.082800
0.081400
0.083000
0.081800
0.083500
0.081700
0.085200
0.082800
0.085000
0.082600
0.084200
0.081800
0.082800
0.080600
0.082300
0.080100
0.081900
0.080200
0.082100
0.080400
0.081900
0.079900
0.080900
0.079500
0.081100
0.079800
0.081200
0.080200
0.081700
0.080400
0.082200
0.080700
0.082600
0.080900
0.083000
0.081900
0.083400
0.081500
0.083300
0.081000
0.083000
0.081100
0.083100
0.081100
0.082200
0.080400
0.081200
0.079400
0.080000
0.078200
0.078300
0.076200
0.076400
0.074000
0.074000
0.071500
0.071900
0.069700
0.071700
0.072200
0.070000
0.070100
0.068200
0.068400
0.069800
0.071400
0.071500
0.069500
0.070200
0.073000
0.073800
0.072200
0.072900
0.074400
0.072500
0.073700
0.071700
0.073100
0.071000
0.071900
0.069900
0.071100
0.069200
0.070800
0.074000
0.076000
0.074000
0.076800
0.078100
0.076000
0.077700
0.075500
0.076700
0.074600
0.076300
0.077000
0.074500
0.075100
0.072400
0.072700
0.069700
0.069400
0.067000
0.069100
0.069500
0.067200
0.067600
0.065500
0.067000
0.064900
0.064400
0.067400
0.069400
0.071700
0.074200
0.078800
0.080400
0.077900
0.078500
0.076800
0.077300
0.075600
0.076700
0.075000
0.076800
0.077700
0.075600
0.076900
0.074800
0.076500
0.074300
0.076200
0.076600
0.074300
0.074700
0.072400
0.074100
0.074900
0.072200
0.072400
0.069600
0.069800
0.067100
0.067400
0.068600
0.065800
0.064900
0.062300
0.061900
0.062800
0.065400
0.067200
0.069100
0.066900
0.066700
0.064300
0.065400
0.067800
0.069000
0.069400
0.067400
0.067900
0.065600
0.067400
0.069100
0.071200
0.073900
0.077300
0.078700
0.077300
0.078700
0.077200
0.078000
0.076400
0.077500
0.075500
0.077800
0.075900
0.079100
0.080600
0.078800
0.082500
0.080100
0.080700
0.078800
0.079200
0.077800
0.078100
0.076300
0.076800
0.074700
0.075300
0.072900
0.075400
0.073200
0.075200
0.072800
0.075900
0.076600
0.074200
0.075000
0.076300
0.074400
0.075700
0.078000
0.075800
0.077400
0.075000
0.076900
0.077500
0.074800
0.075900
0.073500
0.074500
0.072400
0.073400
0.071100
0.073000
0.073900
0.075300
0.072900
0.074300
0.072300
0.073600
0.071500
0.072900
0.076900
0.078300
0.076400
0.079000
0.076700
0.078400
0.076600
0.078200
0.076500
0.078000
0.076700
0.078700
0.076900
0.078400
0.075900
0.076700
0.074500
0.076500
0.074100
0.074500
0.071900
0.072200
0.069600
0.072500
0.073200
0.070800
0.071200
0.068900
0.069100
0.066900
0.068200
0.068900
0.071500
0.069500
0.069900
0.067800
0.068300
0.071000
0.071800
0.074600
0.077900
0.076000
0.077800
0.076400
0.078100
0.076300
0.078500
0.077000
0.079600
0.077400
0.079000
0.083200
0.081100
0.082300
0.080500
0.081200
0.079300
0.080900
0.078800
0.080200
0.078400
0.079100
0.076500
0.078000
0.075100
0.075400
0.072900
0.073300
0.070900
0.073100
0.074000
0.075100
0.073400
0.073500
0.071800
0.072100
0.070200
0.069800
0.068400
0.068300
0.066600
0.069200
0.073200
0.076800
0.077000
0.074900
0.074500
0.071900
0.070700
0.068000
0.067300
0.068200
0.065500
0.066800
0.064400
0.063900
0.061900
0.061400
0.059600
0.060000
0.060100
0.063200
0.065600
0.067300
0.069500
0.072700
0.075800
0.079600
0.077600
0.078700
0.076400
0.077900
0.076000
0.077200
0.075200
0.076100
0.074300
0.075100
0.072900
0.075100
0.076800
0.078200
0.076200
0.077700
0.075500
0.076800
0.074500
0.075500
0.074100
0.077200
0.078300
0.076400
0.077100
0.075300
0.076200
0.075200
0.076800
0.074500
0.075400
0.077800
0.075200
0.075900
0.073100
0.073200
0.070600
0.071600
0.071900
0.072600
0.069700
0.069900
0.067100
0.067600
0.065200
0.064700
0.062100
0.062300
0.064000
0.064600
0.062500
0.064600
0.065800
0.067600
0.068700
0.067000
0.068000
0.071100
0.072500
0.075600
0.080300
0.081900
0.080100
0.081400
0.079600
0.080600
0.078600
0.078600
0.076200
0.076000
0.073700
0.073400
0.070800
0.070500
0.068100
0.069200
0.069400
0.067100
0.067400
0.065000
0.064900
0.062600
0.063100
0.065000
0.066500
0.069000
0.071900
0.074200
0.072500
0.073700
0.077400
0.075600
0.077600
0.075400
0.076900
0.078300
0.076200
0.078800
0.076600
0.078300
0.076400
0.078100
0.076300
0.078000
0.076100
0.077600
0.075700
0.077000
0.074700
0.076100
0.073300
0.074900
0.072800
0.074100
0.071800
0.072700
0.070500
0.071500
0.069000
0.069900
0.071000
0.068800
0.068500
0.066600
0.066300
0.069000
0.070000
0.071100
0.072600
0.076200
0.074200
0.073900
0.072200
0.072600
0.071100
0.073000
0.075200
0.077200
0.077900
0.076000
0.077800
0.079700
0.077900
0.079700
0.077800
0.078700
0.076000
0.076900
0.074700
0.078100
0.079800
0.077700
0.078300
0.076500
0.076600
0.078700
0.076400
0.077100
0.075300
0.076400
0.073700
0.074600
0.072300
0.073900
0.072200
0.074700
0.072800
0.074000
0.072100
0.073400
0.071200
0.071700
0.075600
0.079000
0.077300
0.077500
0.075500
0.076100
0.074600
0.075300
0.076900
0.074800
0.076100
0.073900
0.075400
0.073400
0.075200
0.073200
0.075300
0.073400
0.074900
0.073100
0.074100
0.072100
0.075000
0.076800
0.077700
0.075300
0.075700
0.073700
0.074700
0.072600
0.073800
0.071700
0.072100
0.070200
0.070400
0.071700
0.069800
0.070800
0.068800
0.069700
0.067600
0.069700
0.070300
0.067900
0.070400
0.072200
0.073300
0.071400
0.072000
0.073900
0.075700
0.073500
0.074500
0.072700
0.074000
0.072100
0.074100
0.075100
0.073500
0.075500
0.079500
0.081100
0.078600
0.079400
0.076500
0.077500
0.075000
0.075300
0.072800
0.072900
0.070100
0.070800
0.068300
0.068400
0.066000
0.065600
0.063300
0.063000
0.060600
0.061800
0.063500
0.065800
0.068900
0.072800
0.073600
0.072100
0.072400
0.070300
0.071200
0.074200
0.072100
0.072900
0.070900
0.073000
0.071300
0.073300
0.076300
0.079800
0.077700
0.079600
0.081100
0.079000
0.080500
0.078500
0.079900
0.077500
0.079400
0.076700
0.078600
0.076300
0.077400
0.074800
0.075900
0.077800
0.076200
0.076400
0.075000
0.075300
0.073400
0.073400
0.071400
0.071700
0.069800
0.072700
0.074500
0.076600
0.079600
0.077500
0.078900
0.077200
0.078700
0.076400
0.077500
0.075100
0.076900
0.074100
0.075100
0.072300
0.073000
0.070700
0.071000
0.071800
0.069500
0.070300
0.067900
0.068400
0.066300
0.066700
0.064800
0.065700
0.066500
0.068800
0.070500
0.072400
0.074400
0.075600
0.073100
0.075900
0.073100
0.073100
0.070500
0.069900
0.070500
0.067400
0.066500
0.063600
0.063600
0.061500
0.061700
0.059800
0.060200
0.061600
0.063800
0.065100
0.065600
0.066600
0.065000
0.066500
0.068200
0.072000
0.076600
0.079100
0.081600
0.079000
0.079300
0.076800
0.077900
0.075400
0.076600
0.074400
0.075000
0.072600
0.072900
0.070800
0.070900
0.068800
0.069000
0.071400
0.072400
0.073900
0.077500
0.075200
0.076700
0.077700
0.075800
0.076600
0.074200
0.074400
0.072200
0.072600
0.075600
0.079400
0.081800
0.079500
0.081300
0.079000
0.080200
0.078000
0.078800
0.077200
0.078000
0.076400
0.076800
0.075600
0.075900
0.079600
0.080700
0.078800
0.080000
0.078100
0.078600
0.077000
0.077400
0.076100
0.076700
0.074900
0.075500
0.073800
0.074700
0.072900
0.075300
0.076400
0.074100
0.076200
0.074300
0.077200
0.080200
0.078200
0.080400
0.081200
0.079400
0.080800
0.078800
0.080400
0.078400
0.079800
0.077900
0.079100
0.076900
0.077800
0.075700
0.079100
0.077100
0.078300
0.079200
0.077100
0.079500
0.080500
0.078400
0.078800
0.077100
0.077800
0.075900
0.076400
0.074600
0.075900
0.077600
0.075700
0.076900
0.074800
0.075300
0.073100
0.074000
0.075600
0.077900
0.075700
0.076700
0.074400
0.075400
0.077200
0.075200
0.076300
0.074500
0.077200
0.078300
0.076100
0.076300
0.074300
0.075900
0.074400
0.075700
0.077800
0.075400
0.076100
0.073800
0.074500
0.072100
0.072200
0.069800
0.070300
0.068100
0.069100
0.070300
0.070400
0.073100
0.070700
0.072000
0.072600
0.070800
0.072600
0.073600
0.071700
0.072600
0.070600
0.072600
0.073800
0.076000
0.077100
0.074200
0.075300
0.074700
0.071600
0.071600
0.068000
0.067900
0.064400
0.063500
0.060400
0.060800
0.059900
0.057400
0.056800
0.054400
0.053800
0.051700
0.053400
0.056100
0.058000
0.061100
0.063300
0.065900
0.069200
0.072300
0.076400
0.079900
0.082100
0.079800
0.080600
0.078400
0.078800
0.076900
0.077600
0.075900
0.078500
0.081400
0.079100
0.080400
0.077900
0.078700
0.076000
0.076600
0.073900
0.074500
0.071900
0.072300
0.069800
0.071400
0.071700
0.070000
0.070000
0.068000
0.069700
0.071600
0.069400
0.071500
0.071700
0.074600
0.072700
0.076300
0.078700
0.076900
0.080200
0.082100
0.080700
0.082300
0.080000
0.082300
0.080500
0.082900
0.081400
0.083200
0.081400
0.082800
0.080600
0.081800
0.079700
0.080700
0.078700
0.079500
0.077700
0.078500
0.077300
0.079000
0.081200
0.078900
0.080800
0.078500
0.080000
0.077600
0.079200
0.077300
0.079300
0.076900
0.078200
0.076100
0.077000
0.074800
0.077100
0.078000
0.076200
0.077000
0.075500
0.078000
0.076700
0.077600
0.076000
0.077800
0.078700
0.076400
0.077400
0.081300
0.079500
0.080500
0.078300
0.079500
0.077500
0.080000
0.078000
0.080900
0.078900
0.081400
0.083900
0.081700
0.083100
0.081200
0.082300
0.080800
0.081800
0.080300
0.081400
0.079900
0.080700
0.079200
0.080000
0.078400
0.079700
0.077900
0.079500
0.077800
0.078300
0.076200
0.077100
0.074800
0.076400
0.074200
0.077000
0.078000
0.076300
0.076600
0.074800
0.075100
0.073700
0.074100
0.072900
0.073200
0.071900
0.072400
0.074200
0.075100
0.077400
0.075000
0.076200
0.073500
0.074400
0.071800
0.073300
0.076000
0.073700
0.074200
0.071800
0.071300
0.069400
0.069700
0.067700
0.068300
0.069100
0.071700
0.072600
0.070600
0.071500
0.074500
0.073000
0.074700
0.075900
0.073800
0.076600
0.074200
0.075100
0.073000
0.075000
0.076000
0.073500
0.074400
0.075200
0.073000
0.074500
0.072600
0.073900
0.071700
0.073000
0.071200
0.072300
0.070300
0.071200
0.069000
0.071800
0.073000
0.075400
0.080500
0.078800
0.080700
0.083100
0.081700
0.083600
0.081800
0.083500
0.081100
0.082100
0.079100
0.079500
0.076700
0.075900
0.072700
0.071700
0.068900
0.068300
0.066100
0.065200
0.062800
0.062200
0.059800
0.059800
0.060100
0.058300
0.060600
0.062400
0.063800
0.065500
0.066900
0.068700
0.072600
0.076900
0.081200
0.079100
0.080000
0.077600
0.078600
0.081800
0.080800
0.082000
0.080600
0.081400
0.080000
0.081100
0.079200
0.080100
0.078200
0.078900
0.076700
0.077400
0.076100
0.077100
0.075000
0.077100
0.079100
0.076900
0.078900
0.076700
0.077200
0.075200
0.075400
0.073800
0.075200
0.076300
0.073800
0.074800
0.072400
0.075300
0.076100
0.073600
0.074500
0.072100
0.072100
0.069900
0.070000
0.068400
0.067900
0.070500
0.074500
0.075700
0.074300
0.075400
0.077300
0.075100
0.075900
0.073900
0.074400
0.077800
0.078400
0.075900
0.076200
0.073800
0.073700
0.071200
0.072000
0.069500
0.069500
0.067300
0.067200
0.064500
0.064900
0.066100
0.067600
0.068600
0.066300
0.066500
0.066900
0.068500
0.069500
0.070100
0.068100
0.068400
0.066300
0.067300
0.065400
0.067100
0.068900
0.073000
0.075900
0.079800
0.081500
0.079700
0.081100
0.079000
0.080100
0.077800
0.079800
0.080500
0.078000
0.081200
0.079100
0.079900
0.077900
0.078500
0.076300
0.077200
0.075000
0.075800
0.073600
0.074500
0.072200
0.073300
0.071200
0.074300
0.075000
0.073300
0.073600
0.077600
0.078500
0.076500
0.076800
0.074300
0.075300
0.073100
0.074300
0.071700
0.072300
0.070000
0.072900
0.073900
0.071700
0.072600
0.070500
0.072500
0.074300
0.076200
0.074100
0.076000
0.077400
0.075400
0.076600
0.080500
0.078300
0.078900
0.076900
0.078000
0.076400
0.076800
0.075200
0.075600
0.074100
0.074500
0.072700
0.075200
0.077800
0.075700
0.077000
0.074900
0.075700
0.073500
0.074600
0.072400
0.074100
0.075200
0.073100
0.076000
0.076700
0.074300
0.075600
0.072900
0.075000
0.075400
0.073600
0.073500
0.071700
0.072000
0.070300
0.070600
0.068600
0.069900
0.070400
0.068400
0.070200
0.072500
0.075100
0.077600
0.075600
0.078000
0.080200
0.078800
0.079800
0.078900
0.080000
0.082500
0.080400
0.082000
0.080000
0.081300
0.079300
0.081100
0.079200
0.080800
0.078900
0.080800
0.078700
0.081000
0.079100
0.079600
0.082100
0.079700
0.081300
0.078800
0.079400
0.076700
0.078200
0.075500
0.077000
0.074500
0.075300
0.072500
0.073100
0.070400
0.070200
0.067400
0.067300
0.064900
0.066600
0.064500
0.064600
0.067600
0.069600
0.070400
0.070900
0.073400
0.071200
0.071600
0.069700
0.070000
0.072600
0.074400
0.076300
0.078900
0.080800
0.079400
0.081700
0.080300
0.083000
0.080400
0.081400
0.079500
0.081000
0.078900
0.081900
0.079900
0.081300
0.079200
0.080400
0.078600
0.081100
0.079000
0.080300
0.078300
0.080500
0.078300
0.080200
0.078200
0.079500
0.077200
0.078500
0.076900
0.079000
0.076900
0.078100
0.080500
0.078700
0.079300
0.078000
0.078400
0.076300
0.078600
0.079400
0.077100
0.078000
0.075800
0.076800
0.074500
0.075200
0.072900
0.073700
0.071900
0.074400
0.072600
0.074500
0.076700
0.074500
0.076800
0.078400
0.079900
0.078800
0.079000
0.076500
0.077700
0.075100
0.076800
0.074500
0.075000
0.072700
0.073400
0.071100
0.072700
0.074800
0.075900
0.078500
0.076200
0.077400
0.075300
0.075800
0.074000
0.074500
0.072400
0.075500
0.076900
0.074700
0.078500
0.079800
0.077800
0.078800
0.076600
0.077800
0.075700
0.077100
0.074900
0.077100
0.078100
0.076300
0.076900
0.075100
0.077600
0.079000
0.076600
0.078800
0.080000
0.078300
0.079700
0.077800
0.079200
0.077600
0.079500
0.077500
0.079600
0.077100
0.078500
0.076200
0.078000
0.075800
0.078100
0.079700
0.078100
0.079000
0.076700
0.077400
0.075600
0.076900
0.074500
0.076300
0.074200
0.075300
0.073400
0.075100
0.075900
0.074400
0.074400
0.072600
0.073800
0.074700
0.072200
0.072700
0.074700
0.072600
0.072900
0.070700
0.071200
0.072100
0.070500
0.071500
0.069600
0.071000
0.069100
0.069800
0.067900
0.068900
0.067500
0.068700
0.070900
0.072400
0.075900
0.079400
0.077800
0.079200
0.078100
0.080000
0.081800
