0.040700
0.040800
0.040600
0.040300
0.040000
0.039600
0.039500
0.039200
0.039500
0.039300
0.039500
0.039300
0.039100
0.038700
0.038400
0.038300
0.038200
0.038200
0.039000
0.039300
0.040200
0.040000
0.040100
0.040600
0.041000
0.040700
0.040900
0.040700
0.041100
0.040800
0.040900
0.040600
0.040700
0.040600
0.041100
0.041100
0.041600
0.041500
0.042000
0.041600
0.041700
0.041300
0.041300
0.040900
0.040800
0.040800
0.041200
0.040900
0.040700
0.040400
0.040300
0.039900
0.039800
0.039300
0.039500
0.039600
0.039600
0.039900
0.040000
0.039900
0.039900
0.039800
0.039700
0.039200
0.039100
0.038800
0.039200
0.039300
0.039500
0.039600
0.039500
0.039400
0.039800
0.039800
0.039900
0.039900
0.040500
0.040800
0.040800
0.040600
0.040800
0.040800
0.040900
0.040900
0.041300
0.041000
0.040800
0.040600
0.040600
0.040300
0.040300
0.040200
0.040100
0.039900
0.039800
0.040200
0.040500
0.040800
0.040900
0.040700
0.041100
0.041000
0.040900
0.040700
0.040800
0.040700
0.040900
0.040700
0.040600
0.040600
0.040700
0.040500
0.040500
0.040400
0.040600
0.040500
0.040700
0.040400
0.040600
0.040500
0.040400
0.040400
0.040500
0.040400
0.040200
0.040000
0.040100
0.040000
0.040000
0.039800
0.039800
0.039700
0.039800
0.039700
0.039800
0.040200
0.040500
0.040200
0.040700
0.040600
0.041000
0.041100
0.041200
0.041400
0.041300
0.041300
0.041500
0.041100
0.041200
0.040900
0.040900
0.040700
0.041000
0.040700
0.041200
0.040800
0.040700
0.040300
0.040300
0.040000
0.040000
0.039900
0.041000
0.041200
0.041000
0.040900
0.040700
0.040500
0.040500
0.040400
0.040500
0.040400
0.040600
0.040400
0.040600
0.040500
0.040700
0.040500
0.040300
0.040100
0.039800
0.039700
0.039700
0.039300
0.039400
0.039500
0.040000
0.039900
0.040000
0.039800
0.039800
0.039900
0.040300
0.040100
0.040300
0.040300
0.040500
0.040100
0.040200
0.040200
0.040600
0.040600
0.040500
0.040200
0.040300
0.040300
0.040200
0.039700
0.039600
0.039000
0.038700
0.038100
0.037900
0.037400
0.037200
0.036800
0.037000
0.036900
0.036600
0.037600
0.037700
0.037900
0.037600
0.037500
0.037500
0.038100
0.038300
0.038600
0.038700
0.039200
0.039100
0.039500
0.039200
0.039200
0.039100
0.039000
0.038800
0.038800
0.039100
0.039300
0.039100
0.039300
0.039000
0.039000
0.038900
0.038800
0.038600
0.038700
0.038700
0.039700
0.039300
0.039100
0.038800
0.038800
0.038500
0.038900
0.038600
0.038500
0.038300
0.038700
0.039600
0.039600
0.039900
0.039700
0.039900
0.040000
0.039900
0.039700
0.040100
0.040000
0.040000
0.040000
0.040300
0.040100
0.040500
0.040400
0.040600
0.040500
0.040700
0.040700
0.040400
0.040300
0.040400
0.040200
0.040000
0.039700
0.039600
0.039300
0.039100
0.039300
0.039600
0.039600
0.039900
0.039500
0.040400
0.040800
0.041100
0.040900
0.041600
0.041500
0.041600
0.041400
0.041600
0.041500
0.041600
0.041500
0.041600
0.041500
0.041300
0.041300
0.041400
0.041300
0.041300
0.041300
0.041100
0.040800
0.040600
0.040200
0.040200
0.039600
0.039300
0.038800
0.038500
0.038200
0.038200
0.037800
0.037700
0.037200
0.037000
0.036700
0.036500
0.036100
0.036300
0.036100
0.036000
0.038900
0.039100
0.039100
0.039600
0.039600
0.039500
0.039400
0.039200
0.039600
0.039500
0.039300
0.039400
0.039300
0.039300
0.039500
0.039500
0.039300
0.039700
0.040000
0.039800
0.039800
0.039700
0.040100
0.039900
0.040100
0.039900
0.039700
0.039700
0.039500
0.039400
0.039100
0.039000
0.039400
0.039000
0.039400
0.039400
0.039200
0.038800
0.039400
0.040400
0.040500
0.040600
0.040300
0.040600
0.040500
0.040400
0.040500
0.040300
0.040400
0.040400
0.040100
0.039900
0.039700
0.040000
0.040000
0.040000
0.040000
0.040000
0.039800
0.039700
0.039600
0.039500
0.039100
0.039000
0.038800
0.038700
0.038100
0.038200
0.038100
0.038000
0.037900
0.037700
0.037900
0.038200
0.038400
0.038700
0.038700
0.039200
0.039500
0.039700
0.039900
0.040100
0.040200
0.040800
0.040500
0.040600
0.040400
0.040400
0.040100
0.040300
0.040200
0.040400
0.040200
0.040200
0.040500
0.040500
0.040200
0.040100
0.039800
0.039800
0.039700
0.039700
0.039400
0.039400
0.039000
0.038700
0.039100
0.039700
0.039300
0.039300
0.039100
0.038900
0.038900
0.038700
0.038400
0.038200
0.038100
0.038700
0.038500
0.038500
0.039500
0.040000
0.040500
0.040700
0.040500
0.040500
0.040300
0.040700
0.040600
0.040600
0.041100
0.041100
0.040900
0.041100
0.040900
0.040900
0.040800
0.041000
0.040900
0.040900
0.040800
0.040900
0.040900
0.040800
0.040700
0.040600
0.040500
0.040500
0.040200
0.040300
0.040100
0.040100
0.040000
0.039900
0.040000
0.040200
0.040200
0.040100
0.040200
0.040400
0.040200
0.040200
0.040200
0.040200
0.040400
0.040600
0.040400
0.040500
0.040400
0.040500
0.040500
0.040600
0.040500
0.040500
0.040500
0.040600
0.040400
0.040400
0.040200
0.040400
0.040000
0.040000
0.039500
0.039300
0.039100
0.039400
0.039200
0.039300
0.039000
0.039000
0.039200
0.039800
0.039500
0.039300
0.039000
0.039500
0.039500
0.039600
0.039700
0.040000
0.040100
0.040400
0.039900
0.039800
0.039600
0.039400
0.039500
0.039400
0.039200
0.039100
0.039000
0.039700
0.040100
0.039900
0.039700
0.039700
0.039900
0.039800
0.039700
0.040000
0.040000
0.039900
0.039700
0.039500
0.039400
0.039400
0.039100
0.039300
0.039100
0.039000
0.039200
0.039400
0.039500
0.039400
0.039400
0.039800
0.039900
0.040400
0.040400
0.040700
0.040500
0.041100
0.041100
0.041300
0.041200
0.041200
0.041100
0.041600
0.041400
0.041400
0.041000
0.041000
0.040800
0.040900
0.040600
0.040600
0.040600
0.040700
0.040400
0.040700
0.040700
0.040900
0.040800
0.040900
0.040800
0.040800
0.040400
0.040400
0.040100
0.040200
0.040100
0.040200
0.039900
0.040100
0.040600
0.040700
0.040300
0.040200
0.040400
0.040500
0.040300
0.040300
0.040100
0.040100
0.040000
0.040000
0.039900
0.040100
0.040000
0.040100
0.040100
0.040300
0.040400
0.040600
0.040600
0.040600
0.040700
0.041000
0.040700
0.040900
0.040700
0.040800
0.040400
0.040300
0.040000
0.040000
0.039900
0.039800
0.039700
0.039600
0.039400
0.039400
0.039300
0.039700
0.040000
0.040100
0.040000
0.040200
0.040500
0.040500
0.040400
0.040300
0.040000
0.040300
0.040100
0.040100
0.039700
0.039800
0.039500
0.039800
0.039700
0.039500
0.039500
0.039800
0.039800
0.040300
0.040000
0.040200
0.040200
0.040100
0.039900
0.040000
0.039800
0.039700
0.039500
0.039200
0.038800
0.038700
0.038500
0.038400
0.038200
0.038500
0.038200
0.038000
0.037700
0.038100
0.037900
0.037600
0.038100
0.038200
0.037900
0.038600
0.038800
0.039100
0.039100
0.039500
0.039600
0.040400
0.040300
0.040300
0.040400
0.040600
0.040400
0.040400
0.040100
0.040400
0.040300
0.040100
0.040100
0.039900
0.039800
0.039900
0.039700
0.039700
0.039400
0.039600
0.039500
0.039900
0.039700
0.039700
0.039500
0.039800
0.039600
0.040100
0.039700
0.039800
0.039700
0.040500
0.040700
0.040700
0.040800
0.040800
0.040600
0.040600
0.040500
0.040700
0.040500
0.040500
0.040700
0.040900
0.040700
0.041000
0.040700
0.040700
0.040600
0.040900
0.041000
0.040800
0.040700
0.040800
0.041000
0.041200
0.040900
0.040800
0.040600
0.040800
0.040600
0.040900
0.040600
0.040600
0.040500
0.040500
0.040500
0.040500
0.040600
0.040700
0.040700
0.041200
0.041100
0.040900
0.040600
0.040600
0.040300
0.040400
0.040400
0.040700
0.040800
0.040800
0.040800
0.040600
0.040600
0.040700
0.040500
0.040500
0.040900
0.041000
0.040800
0.040700
0.040600
0.040500
0.040200
0.040000
0.039800
0.039800
0.039200
0.039000
0.038600
0.038300
0.038000
0.038000
0.038100
0.038100
0.037600
0.037900
0.037800
0.037800
0.037600
0.037400
0.037800
0.037600
0.038700
0.039200
0.039500
0.040000
0.040100
0.040500
0.040600
0.040500
0.040500
0.040500
0.040300
0.040400
0.040200
0.040100
0.039900
0.040000
0.039800
0.040000
0.039800
0.039600
0.040000
0.040100
0.039600
0.039900
0.039600
0.039800
0.039500
0.039600
0.039500
0.039600
0.039400
0.040000
0.039900
0.039900
0.040200
0.040500
0.040200
0.040500
0.040500
0.040900
0.040500
0.040600
0.040200
0.040100
0.039900
0.039800
0.039500
0.039500
0.039600
0.040000
0.040100
0.039900
0.040100
0.039800
0.040100
0.039800
0.039900
0.039900
0.040000
0.039800
0.040100
0.039800
0.039700
0.039500
0.039300
0.039100
0.039200
0.038800
0.039100
0.038800
0.038700
0.038700
0.038900
0.038800
0.039200
0.039100
0.039100
0.039400
0.039300
0.039000
0.039300
0.039900
0.040300
0.040500
0.040500
0.040500
0.040600
0.040500
0.040400
0.040300
0.040800
0.040800
0.041100
0.040900
0.041100
0.041200
0.041400
0.041300
0.041400
0.041700
0.041600
0.041500
0.041400
0.041600
0.041700
0.041700
0.041800
0.041300
0.041300
0.040800
0.041000
0.040800
0.041000
0.040500
0.040700
0.040400
0.040500
0.040100
0.040600
0.040700
0.040800
0.040500
0.040500
0.040400
0.040400
0.040600
0.040700
0.040300
0.040500
0.040000
0.040200
0.040000
0.040200
0.040100
0.040200
0.040000
0.039700
0.039600
0.039400
0.039600
0.039500
0.039200
0.039400
0.039200
0.039300
0.038900
0.038900
0.038400
0.038000
0.037700
0.037700
0.037700
0.038300
0.038500
0.038500
0.038700
0.038500
0.038400
0.038500
0.038900
0.038900
0.039500
0.039800
0.040100
0.040800
0.040900
0.040700
0.041100
0.041000
0.040900
0.040800
0.040500
0.040600
0.040400
0.040300
0.039900
0.039900
0.039500
0.039700
0.039700
0.039700
0.039500
0.039400
0.039800
0.040200
0.040000
0.040000
0.040000
0.040200
0.040000
0.039800
0.039700
0.039600
0.040000
0.040200
0.039900
0.040000
0.039900
0.040300
0.040000
0.040100
0.039900
0.040300
0.040200
0.040500
0.040100
0.040000
0.039900
0.039800
0.039500
0.039600
0.039800
0.039800
0.039900
0.039900
0.040000
0.040000
0.039900
0.039900
0.040200
0.040300
0.039900
0.039700
0.039300
0.039500
0.039400
0.039500
0.039800
0.039900
0.039500
0.039400
0.039200
0.039300
0.039000
0.038800
0.038600
0.038500
0.039100
0.039200
0.038900
0.039300
0.039800
0.039700
0.039700
0.039600
0.039800
0.039900
0.039700
0.039800
0.039800
0.040500
0.040400
0.040600
0.040900
0.041100
0.041200
0.041400
0.041300
0.041400
0.041300
0.041000
0.040800
0.040900
0.040800
0.040900
0.041000
0.040800
0.040500
0.040500
0.040000
0.039900
0.039500
0.039700
0.039500
0.039400
0.039200
0.039300
0.039500
0.039400
0.039100
0.039100
0.038900
0.039600
0.039700
0.039600
0.039300
0.039200
0.039800
0.040200
0.040000
0.040000
0.039700
0.039600
0.039100
0.039400
0.039700
0.039600
0.039500
0.039300
0.039700
0.039900
0.039600
0.039700
0.039500
0.039600
0.039600
0.040000
0.039700
0.039800
0.039600
0.039600
0.039400
0.039700
0.039700
0.039700
0.039900
0.040000
0.040200
0.040200
0.040100
0.040300
0.040000
0.040000
0.039700
0.039600
0.039400
0.039800
0.039500
0.039600
0.039900
0.040000
0.039800
0.040300
0.040200
0.040300
0.040100
0.040000
0.040000
0.040100
0.039900
0.039900
0.039500
0.039700
0.039700
0.039500
0.039500
0.039200
0.039500
0.039500
0.039300
0.039300
0.039100
0.039100
0.038900
0.038900
0.039200
0.039500
0.039600
0.040300
0.040600
0.040500
0.040400
0.040200
0.039900
0.039800
0.039500
0.039600
0.039400
0.039100
0.039300
0.039400
0.039000
0.039000
0.039400
0.039300
0.039100
0.039100
0.039200
0.039200
0.039400
0.039500
0.039200
0.039300
0.039200
0.039900
0.039500
0.039400
0.039000
0.039000
0.038900
0.038800
0.038500
0.038200
0.037900
0.038200
0.038100
0.038500
0.038200
0.038300
0.038200
0.038600
0.039200
0.039700
0.039400
0.039500
0.039800
0.040100
0.040000
0.040100
0.040100
0.040300
0.040000
0.040000
0.039800
0.040000
0.039900
0.039900
0.039800
0.039800
0.039500
0.039500
0.039200
0.039100
0.038900
0.038800
0.039000
0.038900
0.039100
0.039600
0.039600
0.039400
0.039200
0.039100
0.039500
0.039500
0.039400
0.039900
0.039800
0.040100
0.040500
0.040500
0.040300
0.040300
0.040100
0.040300
0.040100
0.040200
0.040000
0.039900
0.040200
0.040200
0.040200
0.040100
0.039800
0.040100
0.039900
0.040200
0.039900
0.040000
0.040000
0.039800
0.039600
0.039700
0.039200
0.039200
0.038800
0.038800
0.038600
0.038400
0.038800
0.039100
0.039000
0.039600
0.039200
0.039100
0.039000
0.039000
0.038900
0.039300
0.039900
0.040300
0.040200
0.039800
0.039700
0.039200
0.039200
0.038800
0.038700
0.038200
0.038300
0.038000
0.038500
0.038400
0.038200
0.037900
0.038200
0.038500
0.039000
0.039000
0.039200
0.039200
0.039600
0.039600
0.039900
0.039800
0.040300
0.040100
0.040300
0.040100
0.040100
0.040000
0.040300
0.040200
0.040100
0.040500
0.040700
0.040600
0.040600
0.040500
0.040500
0.040400
0.040400
0.040000
0.039900
0.039600
0.039900
0.039900
0.039700
0.039700
0.039500
0.039500
0.039300
0.039100
0.039000
0.038800
0.038800
0.038500
0.038500
0.038500
0.038500
0.038300
0.038700
0.038300
0.038700
0.038300
0.038400
0.038100
0.038700
0.039100
0.039400
0.039700
0.039900
0.039800
0.039800
0.039700
0.039800
0.039900
0.039800
0.039700
0.039700
0.039500
0.039800
0.039700
0.039600
0.039500
0.039400
0.039100
0.039000
0.038800
0.039000
0.039000
0.039400
0.039300
0.039100
0.039000
0.039100
0.039000
0.038900
0.038800
0.039300
0.039500
0.039300
0.040100
0.040100
0.040100
0.040000
0.040300
0.040300
0.040100
0.040100
0.040400
0.040100
0.040100
0.040000
0.040300
0.040100
0.040100
0.040000
0.040200
0.040200
0.040100
0.040000
0.040200
0.040200
0.040200
0.040100
0.039900
0.039900
0.040200
0.039900
0.040000
0.039800
0.039800
0.039700
0.039700
0.039600
0.039600
0.039500
0.039500
0.039300
0.039800
0.040700
0.040700
0.040800
0.040500
0.040400
0.040100
0.040000
0.040100
0.040000
0.040300
0.040100
0.040000
0.040500
0.040300
0.040600
0.040200
0.040100
0.039700
0.040400
0.040200
0.040200
0.040100
0.040200
0.039900
0.039900
0.039800
0.040000
0.039600
0.039600
0.039500
0.039700
0.040000
0.040600
0.040400
0.040400
0.040200
0.040400
0.040200
0.040200
0.039800
0.039800
0.039700
0.039400
0.039400
0.039700
0.039700
0.039700
0.039600
0.039700
0.039400
0.039300
0.039300
0.039700
0.040500
0.040700
0.041000
0.040900
0.040800
0.040600
0.040300
0.040000
0.040100
0.039900
0.040000
0.039900
0.040200
0.039900
0.040200
0.039900
0.039700
0.039700
0.040200
0.039800
0.040000
0.040400
0.040700
0.040800
0.040600
0.040600
0.041300
0.041100
0.041100
0.040900
0.040700
0.040500
0.040500
0.040200
0.040400
0.040200
0.040300
0.040100
0.040500
0.040400
0.040500
0.040400
0.040300
0.040000
0.040000
0.039600
0.040000
0.039600
0.039600
0.039200
0.039600
0.039200
0.039500
0.039100
0.039100
0.038900
0.039200
0.039100
0.039100
0.038800
0.039300
0.038900
0.038900
0.038800
0.039400
0.039500
0.040100
0.040300
0.040400
0.040500
0.040700
0.040300
0.040300
0.040100
0.040500
0.040200
0.040400
0.040300
0.040500
0.040800
0.040800
0.040600
0.040400
0.040400
0.040700
0.040400
0.040900
0.040600
0.040500
0.040200
0.039900
0.039600
0.039500
0.039200
0.039700
0.039400
0.039500
0.039800
0.039700
0.039500
0.039900
0.039900
0.039900
0.039800
0.040000
0.039900
0.040300
0.039900
0.039800
0.039500
0.039600
0.039300
0.039500
0.039300
0.039100
0.038900
0.038800
0.038600
0.039000
0.039600
0.039800
0.040700
0.040600
0.041000
0.040900
0.040900
0.041500
0.041700
0.041500
0.041600
0.041100
0.041000
0.040700
0.040600
0.040400
0.041000
0.040700
0.040700
0.040500
0.040300
0.040200
0.040000
0.039600
0.039500
0.039000
0.038900
0.038700
0.038600
0.038700
0.038800
0.038800
0.038900
0.038700
0.038700
0.038700
0.038800
0.038600
0.038900
0.038500
0.039400
0.039300
0.039300
0.039800
0.040700
0.040700
0.040500
0.040100
0.040200
0.039800
0.040000
0.039600
0.039700
0.039400
0.039500
0.039900
0.040300
0.040600
0.040500
0.040500
0.040400
0.039900
0.039800
0.040000
0.040500
0.040100
0.040100
0.039900
0.040100
0.039900
0.040100
0.040300
0.040400
0.040100
0.040100
0.039900
0.040400
0.040100
0.040200
0.040200
0.040500
0.040300
0.040500
0.040200
0.040300
0.040000
0.040100
0.040000
0.040400
0.040100
0.040100
0.039900
0.039800
0.039700
0.039600
0.039300
0.039300
0.038900
0.038800
0.038400
0.038600
0.038700
0.039200
0.039000
0.038900
0.039700
0.039400
0.039300
0.039300
0.039100
0.038900
0.038900
0.038700
0.038900
0.038800
0.038900
0.038800
0.038600
0.038500
0.038700
0.039500
0.039800
0.040500
0.040900
0.040700
0.040600
0.040800
0.040400
0.040400
0.040100
0.040200
0.039800
0.039900
0.039800
0.040100
0.039900
0.040000
0.039800
0.040000
0.039800
0.039700
0.039500
0.039400
0.039200
0.039300
0.039100
0.039600
0.039200
0.039100
0.038800
0.038800
0.038600
0.038600
0.039000
0.039000
0.038800
0.039000
0.038900
0.039000
0.039100
0.039100
0.039200
0.039700
0.039300
0.039200
0.039300
0.039700
0.039400
0.039400
0.039500
0.039100
0.039000
0.038900
0.038600
0.038700
0.038900
0.039100
0.039200
0.039300
0.039600
0.040000
0.040000
0.040500
0.040300
0.040500
0.040500
0.040700
0.041200
0.041400
0.041300
0.041200
0.041200
0.040900
0.041000
0.040900
0.040900
0.041000
0.040900
0.040900
0.040800
0.040800
0.040500
0.040400
0.040300
0.040100
0.040000
0.040100
0.039700
0.040200
0.039800
0.039700
0.039200
0.039300
0.039000
0.039300
0.038900
0.038800
0.038500
0.038700
0.038400
0.038300
0.038300
0.038500
0.038600
0.038800
0.038500
0.038700
0.039000
0.038900
0.039100
0.039400
0.039500
0.039400
0.039800
0.039800
0.039500
0.039400
0.039100
0.039500
0.039700
0.039500
0.039600
0.039400
0.039800
0.039500
0.039500
0.039300
0.039900
0.040100
0.040700
0.040400
0.040600
0.040400
0.040500
0.040500
0.040400
0.040600
0.040700
0.040700
0.040700
0.040600
0.040700
0.040500
0.040600
0.040400
0.040800
0.040500
0.040400
0.040200
0.040500
0.040800
0.041000
0.040700
0.041100
0.040800
0.040700
0.040300
0.040500
0.040100
0.040200
0.039900
0.039900
0.039900
0.040200
0.040000
0.039800
0.039600
0.039600
0.039600
0.040100
0.039900
0.040200
0.040100
0.040300
0.040500
0.040700
0.040800
0.041300
0.041300
0.041400
0.041600
0.041600
0.041500
0.041500
0.041100
0.041300
0.040900
0.040900
0.040500
0.040500
0.040200
0.040500
0.040200
0.040200
0.040200
0.040300
0.040000
0.040000
0.039700
0.039800
0.040000
0.039900
0.039800
0.039900
0.039700
0.040400
0.040400
0.040100
0.040300
0.040200
0.039900
0.040200
0.039900
0.039900
0.039600
0.039900
0.039600
0.039400
0.039400
0.039200
0.039400
0.040000
0.040100
0.040000
0.040300
0.040300
0.040200
0.039800
0.039900
0.040100
0.040300
0.040100
0.040200
0.039800
0.039900
0.039700
0.039800
0.039600
0.039400
0.039200
0.038800
0.038300
0.038300
0.038400
0.038700
0.038600
0.038800
0.038800
0.038900
0.038800
0.038900
0.039000
0.038900
0.039000
0.038800
0.038800
0.038800
0.039000
0.039000
0.039100
0.039100
0.039600
0.039400
0.039200
0.038800
0.039300
0.039000
0.039100
0.039400
0.040000
0.040000
0.040200
0.039900
0.039900
0.040300
0.040500
0.040300
0.040600
0.040600
0.040600
0.040400
0.040800
0.040700
0.040800
0.040800
0.040800
0.040800
0.040900
0.041000
0.041700
0.041400
0.041500
0.041400
0.041800
0.041700
0.041600
0.041600
0.041600
0.041500
0.041500
0.041200
0.041200
0.041100
0.041300
0.041300
0.041700
0.041600
0.041500
0.041500
0.041500
0.041600
0.041600
0.041300
0.041400
0.041000
0.041000
0.040700
0.040600
0.040300
0.040300
0.040300
0.040400
0.040000
0.040200
0.040200
0.040500
0.040100
0.039900
0.039600
0.039800
0.039700
0.040000
0.040000
0.040400
0.040400
0.040700
0.040400
0.040300
0.040300
0.040200
0.040000
0.040100
0.039900
0.039900
0.039900
0.039600
0.039400
0.039200
0.039300
0.039400
0.039400
0.039500
0.039200
0.039700
0.039800
0.039900
0.039800
0.039500
0.039400
0.039200
0.039400
0.039500
0.039500
0.040600
0.041000
0.041100
0.041100
0.041100
0.041100
0.041000
0.040800
0.041100
0.040600
0.040500
0.040300
0.040200
0.039900
0.039700
0.039700
0.039600
0.039400
0.039300
0.039400
0.039600
0.039300
0.039400
0.039400
0.039800
0.039800
0.040600
0.040600
0.040700
0.040400
0.040400
0.040000
0.039800
0.039300
0.039200
0.038900
0.039500
0.039600
0.039900
0.039600
0.039600
0.039400
0.039800
0.039900
0.040000
0.039700
0.039500
0.039500
0.039500
0.039800
0.039800
0.039600
0.039600
0.039800
0.040500
0.040600
0.040600
0.040500
0.040400
0.040300
0.040400
0.040200
0.040300
0.040000
0.039700
0.039400
0.039500
0.039300
0.039000
0.039300
0.039500
0.039200
0.039400
0.039400
0.039900
0.039900
0.040300
0.040200
0.040300
0.040400
0.041100
0.041100
0.041200
0.041300
0.041300
0.041100
0.041200
0.040900
0.040900
0.040800
0.040900
0.040900
0.041300
0.041400
0.041200
0.041100
0.040900
0.040600
0.040700
0.040500
0.040600
0.040100
0.039900
0.039500
0.039400
0.039200
0.039200
0.038800
0.038700
0.038600
0.039100
0.039100
0.039100
0.039000
0.039400
0.039100
0.039500
0.039500
0.039600
0.039600
0.039800
0.040100
0.041100
0.041000
0.041100
0.041100
0.041300
0.041300
0.041700
0.041900
0.042300
0.042100
0.042000
0.042100
0.041900
0.041800
0.041800
0.041600
0.041600
0.041300
0.041600
0.041500
0.041500
0.041300
0.041000
0.040800
0.040900
0.040500
0.041100
0.040600
0.040600
0.040200
0.040300
0.039900
0.040000
0.039500
0.039400
0.039000
0.039300
0.039000
0.039500
0.039300
0.039200
0.038900
0.038900
0.038800
0.039100
0.039200
0.039800
0.039700
0.039600
0.039700
0.039500
0.039400
0.039500
0.040200
0.040600
0.040800
0.040700
0.040800
0.041200
0.041100
0.041100
0.040800
0.040900
0.040800
0.040900
0.040700
0.040800
0.040600
0.040500
0.040400
0.040600
0.040600
0.040500
0.040300
0.040300
0.040600
0.040600
0.040300
0.040700
0.040600
0.040600
0.040800
0.040700
0.040400
0.040300
0.040100
0.040100
0.039900
0.040000
0.039800
0.039700
0.039400
0.039200
0.039600
0.040400
0.040200
0.040900
0.040800
0.041000
0.040900
0.040800
0.040700
0.040900
0.041200
0.041200
0.040900
0.041200
0.041200
0.041400
0.041400
0.041500
0.041400
0.041400
0.041200
0.041300
0.041100
0.041800
0.041600
0.041900
0.041700
0.041700
0.041700
0.041500
0.041400
0.041500
0.041400
0.041700
0.041600
0.041600
0.041400
0.042000
0.041900
0.041800
0.041700
0.041700
0.041600
0.041800
0.041500
0.041300
0.040900
0.040900
0.040300
0.040100
0.039900
0.040200
0.040000
0.039600
0.039400
0.039300
0.039200
0.039200
0.038800
0.038800
0.038600
0.038500
0.038200
0.038100
0.039400
0.040400
0.040500
0.040200
0.040700
0.040500
0.040200
0.040100
0.040200
0.040000
0.040100
0.039900
0.040000
0.039700
0.039900
0.040100
0.040200
0.039900
0.040300
0.039900
0.039800
0.039500
0.039400
0.039000
