0.029700
0.029800
0.029900
0.029900
0.029900
0.030000
0.030200
0.030600
0.030800
0.030600
0.030600
0.030700
0.030400
0.030200
0.030600
0.030400
0.030000
0.029800
0.029700
0.029900
0.030000
0.030200
0.030400
0.030700
0.030900
0.030700
0.030600
0.030600
0.030500
0.030400
0.030400
0.030800
0.030700
0.030600
0.030500
0.030400
0.030300
0.030200
0.030100
0.030000
0.029900
0.029800
0.029600
0.029500
0.029300
0.029100
0.029100
0.028900
0.029200
0.029200
0.029200
0.029200
0.029300
0.029300
0.029300
0.029300
0.029200
0.029100
0.029100
0.028900
0.028900
0.028900
0.029000
0.028900
0.029000
0.028900
0.029000
0.029100
0.029100
0.029100
0.029100
0.029100
0.029200
0.029300
0.029600
0.029700
0.030400
0.030200
0.030100
0.030200
0.030400
0.030500
0.030500
0.030400
0.030500
0.030400
0.030400
0.030400
0.030900
0.030800
0.031000
0.030800
0.030900
0.030900
0.030900
0.030800
0.031000
0.031100
0.031100
0.031500
0.031600
0.031700
0.031600
0.031800
0.031900
0.031700
0.031800
0.031700
0.031700
0.031800
0.031900
0.031900
0.032200
0.032100
0.032200
0.032200
0.032100
0.032000
0.032200
0.032100
0.032100
0.032200
0.032100
0.032000
0.031900
0.031800
0.031700
0.031600
0.031600
0.031600
0.031400
0.031400
0.031200
0.031500
0.031500
0.031400
0.031600
0.031700
0.031500
0.031400
0.031300
0.031400
0.031600
0.031900
0.031800
0.031700
0.031500
0.031300
0.031200
0.031000
0.031000
0.030800
0.030700
0.030600
0.030400
0.030100
0.030100
0.029800
0.029600
0.029400
0.029800
0.029700
0.029900
0.029700
0.029600
0.029900
0.029800
0.029800
0.029700
0.029700
0.029700
0.029700
0.029600
0.029600
0.029500
0.029600
0.029700
0.030100
0.030100
0.030200
0.030500
0.030700
0.030700
0.030700
0.031000
0.031000
0.031000
0.031300
0.031400
0.031400
0.031500
0.031100
0.030900
0.030700
0.030500
0.030200
0.030100
0.029800
0.029800
0.029800
0.029900
0.030000
0.030100
0.030200
0.030300
0.030600
0.030700
0.030800
0.030900
0.030700
0.030700
0.030600
0.030600
0.030600
0.030500
0.030700
0.030800
0.031200
0.031200
0.031400
0.031500
0.031300
0.031300
0.031200
0.031300
0.031300
0.031400
0.031400
0.031500
0.031600
0.031700
0.031700
0.031800
0.031800
0.031800
0.031800
0.031900
0.032000
0.031900
0.031900
0.031800
0.031700
0.031900
0.031900
0.031900
0.032100
0.031900
0.031900
0.031900
0.032100
0.032100
0.032200
0.032100
0.031900
0.031900
0.031900
0.031800
0.031500
0.031300
0.031200
0.031200
0.030900
0.030700
0.030400
0.030300
0.030000
0.029800
0.029600
0.029300
0.029000
0.028900
0.028900
0.029000
0.029000
0.029000
0.029200
0.029300
0.029400
0.029400
0.029500
0.029600
0.030100
0.030400
0.030700
0.030600
0.030500
0.030400
0.030500
0.030500
0.030600
0.030700
0.030600
0.030700
0.030600
0.030700
0.030700
0.030400
0.030400
0.030200
0.030200
0.030300
0.030300
0.030300
0.030200
0.030200
0.030100
0.030100
0.030200
0.030200
0.030200
0.030100
0.030400
0.030200
0.030500
0.030600
0.030600
0.030600
0.030700
0.030600
0.030700
0.030700
0.030900
0.031000
0.031000
0.031100
0.031000
0.031000
0.031100
0.031300
0.031400
0.031300
0.031300
0.031300
0.031300
0.031300
0.031300
0.030900
0.030500
0.030300
0.029900
0.029500
0.029200
0.028900
0.029000
0.028900
0.028800
0.028700
0.028600
0.028500
0.028500
0.028300
0.028300
0.028200
0.028100
0.028400
0.028800
0.028900
0.028900
0.029200
0.029200
0.029100
0.029100
0.029200
0.029300
0.029300
0.029300
0.029300
0.029300
0.029300
0.029300
0.029300
0.029600
0.029900
0.029900
0.029900
0.029900
0.029700
0.029800
0.029700
0.029800
0.030100
0.030000
0.030000
0.030000
0.030100
0.030100
0.030200
0.030400
0.030400
0.030600
0.030900
0.030900
0.031100
0.031300
0.031200
0.031100
0.031200
0.031300
0.031300
0.031200
0.031000
0.031000
0.030900
0.030800
0.030800
0.030700
0.030600
0.030500
0.030400
0.030300
0.030200
0.030000
0.030000
0.029800
0.029700
0.029600
0.029700
0.029700
0.029900
0.030000
0.029900
0.030000
0.029900
0.029900
0.030000
0.030400
0.030400
0.030600
0.030700
0.030600
0.030600
0.030600
0.030900
0.030700
0.030500
0.030500
0.030400
0.030500
0.030700
0.030600
0.030700
0.030800
0.030900
0.031100
0.031100
0.031400
0.031400
0.031400
0.031500
0.031500
0.031700
0.031700
0.031800
0.032000
0.032000
0.032100
0.032200
0.032100
0.031900
0.031600
0.031500
0.031400
0.031400
0.031200
0.031100
0.031100
0.030900
0.030900
0.030700
0.030600
0.030500
0.030400
0.031100
0.031000
0.030800
0.030900
0.030600
0.030300
0.030200
0.030100
0.030200
0.030100
0.030100
0.030100
0.030100
0.030000
0.030100
0.030100
0.030200
0.030400
0.030400
0.030400
0.030500
0.030600
0.030300
0.030400
0.030300
0.030300
0.030200
0.030400
0.030400
0.030300
0.030200
0.030200
0.030000
0.029800
0.029900
0.030800
0.031000
0.030900
0.030800
0.030800
0.030800
0.030800
0.030800
0.030800
0.030900
0.030900
0.031000
0.031300
0.031300
0.031300
0.031400
0.031100
0.031100
0.031200
0.031500
0.031800
0.031600
0.031600
0.031400
0.031300
0.031100
0.030900
0.030900
0.031000
0.031000
0.031000
0.031000
0.031300
0.031400
0.031600
0.031700
0.031700
0.031800
0.031800
0.032000
0.031900
0.031700
0.031700
0.031800
0.031900
0.031700
0.031600
0.031500
0.031400
0.031300
0.031500
0.031200
0.030800
0.030800
0.030400
0.030200
0.029900
0.029800
0.030000
0.030000
0.030100
0.030100
0.030300
0.030300
0.030400
0.030600
0.030900
0.031000
0.031200
0.031100
0.031100
0.030900
0.030900
0.030900
0.031000
0.031000
0.031000
0.030900
0.030900
0.031000
0.031100
0.031100
0.031100
0.031000
0.031000
0.031000
0.031000
0.031000
0.030900
0.030900
0.030800
0.030800
0.030700
0.030600
0.030500
0.030500
0.030600
0.030600
0.030600
0.030500
0.030400
0.030300
0.030300
0.030600
0.030900
0.030900
0.030800
0.030900
0.030900
0.030800
0.030900
0.030800
0.031000
0.030900
0.030900
0.030800
0.030900
0.031100
0.031200
0.031100
0.031100
0.031000
0.031100
0.031100
0.031100
0.031000
0.031100
0.031200
0.031000
0.031100
0.031100
0.030900
0.030800
0.030700
0.030500
0.030400
0.030800
0.030700
0.030700
0.030500
0.030400
0.030300
0.029900
0.029700
0.029700
0.029600
0.029600
0.029500
0.029500
0.029300
0.029300
0.029300
0.029200
0.029400
0.029400
0.029300
0.029400
0.029500
0.029600
0.029500
0.029600
0.029700
0.029900
0.030200
0.030200
0.030300
0.030500
0.030500
0.030600
0.030700
0.031000
0.031600
0.031900
0.032000
0.032200
0.032400
0.032500
0.032700
0.033000
0.033100
0.032900
0.032800
0.032600
0.032400
0.032300
0.032100
0.032000
0.031800
0.031900
0.031800
0.031600
0.031400
0.031200
0.031100
0.031200
0.030900
0.031000
0.030800
0.030700
0.030600
0.030500
0.030500
0.030500
0.030200
0.030100
0.030200
0.030200
0.030500
0.030400
0.030500
0.030700
0.030700
0.030800
0.030900
0.031100
0.031200
0.031400
0.031300
0.031100
0.031200
0.031200
0.031200
0.031100
0.031200
0.031100
0.031200
0.031200
0.031400
0.031700
0.031800
0.031700
0.031400
0.031000
0.030900
0.030800
0.030700
0.030600
0.030500
0.030400
0.030700
0.030600
0.030500
0.030600
0.030600
0.030700
0.030500
0.030500
0.030400
0.030500
0.030400
0.030800
0.030900
0.030800
0.030900
0.030900
0.030900
0.030900
0.031500
0.031500
0.031800
0.031900
0.031900
0.032100
0.032200
0.032100
0.032300
0.032100
0.032100
0.031900
0.031600
0.031600
0.031400
0.031300
0.031300
0.031300
0.031200
0.031300
0.031300
0.031100
0.031200
0.031200
0.031300
0.031300
0.031400
0.031400
0.031500
0.031400
0.031500
0.031600
0.031600
0.031600
0.031700
0.031900
0.031800
0.031900
0.031900
0.032200
0.032100
0.031900
0.031700
0.031500
0.031200
0.031300
0.031100
0.031100
0.031100
0.031100
0.031000
0.031000
0.030900
0.030900
0.030700
0.030700
0.030900
0.030700
0.030600
0.030600
0.030600
0.030500
0.030400
0.030600
0.030500
0.030400
0.030300
0.030100
0.030000
0.029900
0.029800
0.029600
0.029400
0.029600
0.029800
0.029700
0.030000
0.030200
0.030400
0.030500
0.030700
0.030900
0.031100
0.031400
0.031500
0.031700
0.031700
0.031700
0.031500
0.031600
0.031800
0.031700
0.031700
0.031500
0.031400
0.031500
0.031400
0.031300
0.031400
0.031400
0.031700
0.031500
0.031500
0.031600
0.031500
0.031500
0.031400
0.031400
0.031100
0.030900
0.030700
0.030500
0.030300
0.030300
0.030300
0.030400
0.030100
0.030200
0.030400
0.030200
0.030200
0.030000
0.029900
0.029800
0.029900
0.030200
0.030400
0.030400
0.030700
0.030700
0.031200
0.031600
0.031600
0.031800
0.032200
0.032200
0.032200
0.032200
0.032200
0.032200
0.031900
0.031700
0.031400
0.031300
0.031000
0.030800
0.030900
0.030600
0.030500
0.030300
0.030200
0.030200
0.030300
0.030200
0.030300
0.030200
0.030200
0.030500
0.030400
0.030600
0.030600
0.030500
0.030600
0.030600
0.030700
0.030700
0.030700
0.031000
0.031100
0.031200
0.030900
0.031000
0.030900
0.030900
0.030900
0.030800
0.030700
0.030600
0.030600
0.030700
0.030600
0.030500
0.030400
0.030200
0.030200
0.030200
0.030000
0.029900
0.029900
0.030000
0.030100
0.030200
0.030400
0.030900
0.030700
0.030800
0.030700
0.030700
0.030700
0.030700
0.030700
0.030700
0.030700
0.030600
0.030500
0.030400
0.030500
0.030400
0.030200
0.030300
0.030500
0.030200
0.029900
0.029700
0.029600
0.029500
0.029400
0.029400
0.029500
0.029500
0.029400
0.029600
0.029600
0.029600
0.029600
0.029800
0.029800
0.029800
0.029700
0.029700
0.029700
0.029700
0.029800
0.029800
0.029900
0.029800
0.029900
0.029900
0.029800
0.030000
0.030000
0.030000
0.030100
0.030100
0.030100
0.030100
0.030100
0.030200
0.030100
0.030200
0.030300
0.030300
0.030300
0.030600
0.030800
0.030900
0.030900
0.030900
0.031100
0.030900
0.030800
0.030700
0.030800
0.030600
0.030600
0.030400
0.030400
0.030200
0.030300
0.030300
0.030300
0.030400
0.030300
0.030700
0.030700
0.030700
0.030900
0.031000
0.031000
0.031300
0.031300
0.031500
0.031400
0.031500
0.031900
0.031800
0.031600
0.031400
0.031300
0.031300
0.031400
0.031300
0.031200
0.030900
0.030700
0.030400
0.030500
0.030200
0.030400
0.030300
0.030700
0.031100
0.030900
0.030900
0.030600
0.030500
0.030700
0.030800
0.030700
0.030900
0.030900
0.030900
0.030900
0.030900
0.030900
0.031000
0.031000
0.030900
0.030800
0.030800
0.030800
0.030800
0.030600
0.030600
0.030600
0.030600
0.030500
0.030600
0.030500
0.030500
0.030500
0.030700
0.030800
0.030700
0.030800
0.030800
0.030800
0.030700
0.030800
0.030900
0.030900
0.031000
0.031000
0.031300
0.031200
0.031100
0.031400
0.031300
0.031300
0.031200
0.031200
0.031100
0.031100
0.031100
0.031000
0.031000
0.031000
0.030800
0.030600
0.030700
0.030600
0.030700
0.030800
0.030700
0.030600
0.030500
0.030500
0.030500
0.030500
0.030400
0.030700
0.030800
0.030700
0.030800
0.030800
0.030800
0.030800
0.031800
0.031800
0.032100
0.032100
0.032100
0.032200
0.032200
0.032400
0.032600
0.032700
0.032500
0.032300
0.032000
0.031900
0.031700
0.031500
0.031300
0.031400
0.031300
0.031100
0.030900
0.030700
0.030500
0.030800
0.030900
0.030800
0.030700
0.030800
0.030900
0.031000
0.030900
0.031100
0.031000
0.031100
0.031200
0.031300
0.031300
0.031400
0.031600
0.031600
0.031700
0.031700
0.031700
0.031500
0.031300
0.031300
0.031200
0.031400
0.031300
0.031000
0.030800
0.030500
0.030300
0.030300
0.030200
0.030300
0.030200
0.030300
0.030300
0.030800
0.030500
0.030400
0.030400
0.030300
0.030300
0.030500
0.030400
0.030800
0.030900
0.031000
0.030900
0.030900
0.030900
0.030900
0.031000
0.030900
0.030800
0.030700
0.030800
0.030900
0.030800
0.031000
0.030800
0.030800
0.030700
0.030700
0.030900
0.030800
0.031000
0.031100
0.031100
0.031300
0.031400
0.031600
0.031800
0.032000
0.031900
0.032100
0.032100
0.032300
0.032400
0.032100
0.032000
0.031800
0.031700
0.031600
0.031400
0.031200
0.031100
0.030900
0.030800
0.030700
0.030700
0.030800
0.030900
0.030900
0.031100
0.031100
0.031600
0.032100
0.032200
0.032200
0.032200
0.032100
0.031800
0.032000
0.031600
0.031600
0.031500
0.031500
0.031500
0.031500
0.031400
0.031300
0.031100
0.031100
0.030900
0.031000
0.030900
0.030900
0.030800
0.030900
0.030700
0.030700
0.030700
0.030600
0.030300
0.030300
0.030300
0.030200
0.030400
0.030300
0.030300
0.030300
0.030600
0.030600
0.031100
0.031100
0.031200
0.031100
0.031100
0.031200
0.031000
0.031000
0.031200
0.031000
0.031300
0.031300
0.031200
0.031100
0.031100
0.031200
0.031200
0.031400
0.031400
0.031200
0.031300
0.031300
0.031400
0.031400
0.031600
0.031700
0.032000
0.032100
0.032200
0.032300
0.032500
0.032500
0.032700
0.032800
0.032900
0.032800
0.032600
0.032400
0.032200
0.032100
0.031800
0.031700
0.031400
0.031200
0.030900
0.031200
0.031000
0.030900
0.031000
0.030900
0.030900
0.030800
0.030800
0.031000
0.030900
0.030900
0.030800
0.030900
0.031000
0.031000
0.031000
0.031100
0.031100
0.031100
0.031100
0.031300
0.031500
0.031500
0.031600
0.031600
0.031800
0.031600
0.031200
0.031300
0.031300
0.031400
0.031300
0.031200
0.031200
0.031300
0.031400
0.031500
0.031900
0.031900
0.031900
0.031700
0.031600
0.031300
0.031300
0.031000
0.031200
0.031000
0.030800
0.030700
0.030800
0.030800
0.031000
0.030800
0.030700
0.030600
0.030500
0.030500
0.030800
0.031100
0.031000
0.031200
0.031100
0.031100
0.030800
0.030900
0.030900
0.030900
0.030700
0.030800
0.030700
0.030600
0.030600
0.030400
0.030400
0.030300
0.030200
0.030200
0.030100
0.030000
0.029900
0.029900
0.029700
0.029700
0.029400
0.029400
0.029700
0.029600
0.029400
0.029600
0.029500
0.029600
0.029900
0.029900
0.029700
0.029600
0.029700
0.029600
0.029600
0.029500
0.029500
0.029400
0.029400
0.029200
0.029200
0.029700
0.029600
0.029600
0.029600
0.029600
0.029800
0.029800
0.029800
0.029800
0.029700
0.029800
0.029800
0.029900
0.029900
0.029900
0.030300
0.030300
0.030500
0.030600
0.030800
0.031000
0.031100
0.031400
0.031500
0.031700
0.031800
0.032000
0.032000
0.032100
0.032100
0.032200
0.032300
0.032200
0.032100
0.032100
0.032000
0.032200
0.032300
0.032500
0.032400
0.032600
0.032500
0.032400
0.032300
0.032300
0.032200
0.032100
0.031900
0.031800
0.031600
0.031600
0.031300
0.031300
0.031200
0.031000
0.030800
0.030800
0.030700
0.030500
0.030200
0.030400
0.030300
0.030500
0.030600
0.030700
0.031000
0.030900
0.030800
0.030700
0.030700
0.031000
0.030900
0.031000
0.031400
0.031500
0.031500
0.031500
0.031800
0.031800
0.031800
0.031800
0.031700
0.031700
0.031600
0.031800
0.031700
0.031500
0.031200
0.031000
0.030700
0.030600
0.030600
0.030400
0.030500
0.030500
0.030500
0.030500
0.030700
0.030700
0.030700
0.030800
0.030700
0.030700
0.030700
0.030600
0.030600
0.030600
0.030700
0.030600
0.030500
0.030200
0.030700
0.030500
0.030700
0.030800
0.031000
0.031000
0.031000
0.031100
0.031100
0.031100
0.031200
0.031300
0.031600
0.031600
0.031600
0.031600
0.031700
0.031800
0.031800
0.031900
0.032200
0.032200
0.032200
0.031900
0.031700
0.031300
0.031100
0.030800
0.030600
0.030400
0.030100
0.030100
0.030300
0.030100
0.030000
0.030200
0.030500
0.030600
0.030600
0.030800
0.030900
0.031000
0.031200
0.031300
0.031200
0.031200
0.031100
0.031100
0.031100
0.031200
0.031300
0.031400
0.031400
0.031600
0.031600
0.031800
0.031900
0.031800
0.031600
0.031500
0.031300
0.031300
0.031400
0.031400
0.031200
0.031100
0.031100
0.031200
0.030800
0.030400
0.030300
0.030200
0.030100
0.030300
0.030400
0.030400
0.030500
0.030400
0.030400
0.030500
0.030400
0.030700
0.030600
0.030700
0.030600
0.030900
0.031300
0.031100
0.031300
0.031200
0.031200
0.031100
0.031100
0.031100
0.031100
0.031200
0.031100
0.031300
0.031200
0.031300
0.031300
0.031100
0.031000
0.031000
0.030900
0.030700
0.030700
0.030600
0.030700
0.030500
0.030600
0.030600
0.030700
0.030600
0.030900
0.030800
0.030800
0.030800
0.030900
0.030900
0.030900
0.030900
0.031000
0.031000
0.031000
0.031000
0.031000
0.031100
0.031200
0.031100
0.031200
0.031200
0.031200
0.031000
0.030900
0.030700
0.031100
0.031000
0.031000
0.030900
0.030700
0.030500
0.030800
0.030900
0.031000
0.031000
0.031000
0.031000
0.031500
0.031400
0.031500
0.032000
0.032400
0.032500
0.032400
0.032600
0.032600
0.032600
0.032600
0.032600
0.032600
0.032500
0.032500
0.032300
0.032400
0.032100
0.031900
0.032000
0.031700
0.031600
0.031400
0.031100
0.031100
0.030800
0.030600
0.030500
0.030200
0.030000
0.029700
0.030100
0.030600
0.030500
0.030500
0.030700
0.030700
0.030800
0.031800
0.031900
0.031900
0.032100
0.032500
0.032300
0.032100
0.031900
0.031900
0.032100
0.031800
0.031600
0.031400
0.031200
0.031200
0.031100
0.031200
0.031300
0.031200
0.031800
0.031500
0.031300
0.031000
0.030800
0.030500
0.030400
0.030200
0.030300
0.030300
0.030300
0.030300
0.030300
0.030300
0.030300
0.030600
0.030500
0.030700
0.030800
0.030900
0.031200
0.031400
0.031300
0.031500
0.031300
0.031000
0.030900
0.031500
0.031500
0.031600
0.031700
0.031900
0.032000
0.031800
0.031700
0.031400
0.031300
0.031000
0.030800
0.030700
0.030700
0.030600
0.030800
0.030600
0.030600
0.030400
0.030300
0.030500
0.030500
0.030500
0.030300
0.030100
0.030000
0.029900
0.029800
0.029900
0.030300
0.030400
0.030700
0.030800
0.030700
0.030800
0.031100
0.031100
0.031100
0.031100
0.031100
0.031600
0.031400
0.031300
0.031200
0.031200
0.031200
0.031200
0.031200
0.031400
0.031300
0.031400
0.031300
0.031800
0.031700
0.031800
0.031700
0.031800
0.031600
0.031700
0.031400
