0.012700
0.012700
0.012700
0.012700
0.012600
0.012600
0.012600
0.012600
0.012500
0.012500
0.012500
0.012400
0.012300
0.012300
0.012200
0.012200
0.012100
0.012100
0.012100
0.012100
0.012100
0.012000
0.012100
0.012000
0.012000
0.012100
0.012100
0.012000
0.011900
0.012000
0.012000
0.012000
0.012000
0.011900
0.011900
0.011800
0.011800
0.011900
0.011800
0.011900
0.011900
0.011900
0.011900
0.011900
0.011900
0.011900
0.012000
0.012000
0.012100
0.012100
0.012000
0.012000
0.011900
0.011900
0.011900
0.011900
0.011800
0.011800
0.011800
0.011800
0.011800
0.011800
0.011700
0.011700
0.011700
0.011600
0.011600
0.011600
0.011600
0.011600
0.011500
0.011500
0.011500
0.011500
0.011700
0.011700
0.011900
0.011900
0.011800
0.011800
0.012000
0.012000
0.012000
0.011900
0.011900
0.011900
0.012000
0.012000
0.012000
0.012000
0.011900
0.011900
0.011900
0.011900
0.011900
0.011900
0.011900
0.011800
0.011800
0.011800
0.011800
0.011800
0.011800
0.011800
0.011700
0.011700
0.011700
0.011700
0.011700
0.011700
0.011600
0.011600
0.011600
0.011800
0.011800
0.011800
0.011800
0.011800
0.011800
0.012000
0.012000
0.012000
0.012000
0.011900
0.012000
0.012000
0.012000
0.012000
0.012000
0.012000
0.012000
0.012000
0.012000
0.012000
0.011900
0.011900
0.011900
0.011900
0.011900
0.011800
0.011800
0.011800
0.011800
0.011800
0.011700
0.011800
0.011800
0.011800
0.011800
0.011800
0.011800
0.011700
0.011800
0.011800
0.011700
0.011700
0.011800
0.011800
0.011700
0.011700
0.011700
0.011700
0.011700
0.011700
0.011800
0.011700
0.011800
0.011800
0.011800
0.011800
0.011800
0.011800
0.011800
0.011900
0.012000
0.012000
0.012100
0.012300
0.012400
0.012400
0.012500
0.012500
0.012500
0.012500
0.012500
0.012400
0.012400
0.012400
0.012400
0.012400
0.012400
0.012300
0.012300
0.012300
0.012300
0.012300
0.012200
0.012200
0.012100
0.012100
0.012100
0.012000
0.012000
0.012000
0.012000
0.011900
0.011900
0.011900
0.012000
0.012000
0.011900
0.011900
0.011900
0.011800
0.011800
0.011800
0.011800
0.011700
0.011700
0.011700
0.011700
0.011700
0.011700
0.011700
0.011800
0.011800
0.011800
0.011700
0.011700
0.011700
0.011600
0.011600
0.011500
0.011500
0.011500
0.011500
0.011500
0.011500
0.011500
0.011500
0.011500
0.011500
0.011500
0.011500
0.011500
0.011500
0.011600
0.011500
0.011500
0.011500
0.011600
0.011600
0.011600
0.011600
0.011600
0.011600
0.011600
0.011700
0.011700
0.011600
0.011600
0.011600
0.011600
0.011600
0.011600
0.011600
0.011600
0.011600
0.011600
0.011500
0.011500
0.011600
0.011600
0.011600
0.011600
0.011700
0.011700
0.011800
0.011700
0.011800
0.011800
0.011800
0.011800
0.011700
0.011700
0.011700
0.011600
0.011600
0.011600
0.011600
0.011600
0.011500
0.011500
0.011700
0.011600
0.011600
0.011600
0.011600
0.011500
0.011500
0.011400
0.011300
0.011300
0.011200
0.011400
0.011300
0.011300
0.011300
0.011300
0.011500
0.011400
0.011300
0.011400
0.011400
0.011300
0.011300
0.011300
0.011300
0.011300
0.011600
0.011600
0.011600
0.011600
0.011500
0.011500
0.011500
0.011400
0.011400
0.011400
0.011500
0.011400
0.011400
0.011300
0.011300
0.011300
0.011200
0.011400
0.011400
0.011300
0.011300
0.011200
0.011200
0.011200
0.011200
0.011300
0.011200
0.011300
0.011300
0.011400
0.011300
0.011300
0.011400
0.011300
0.011300
0.011400
0.011400
0.011400
0.011400
0.011300
0.011300
0.011300
0.011300
0.011400
0.011400
0.011400
0.011300
0.011400
0.011400
0.011500
0.011500
0.011500
0.011500
0.011500
0.011400
0.011400
0.011500
0.011500
0.011500
0.011400
0.011400
0.011300
0.011300
0.011200
0.011200
0.011200
0.011200
0.011200
0.011300
0.011300
0.011300
0.011300
0.011300
0.011300
0.011300
0.011300
0.011200
0.011200
0.011300
0.011300
0.011300
0.011300
0.011300
0.011300
0.011300
0.011300
0.011300
0.011400
0.011400
0.011400
0.011500
0.011500
0.011500
0.011500
0.011400
0.011500
0.011500
0.011600
0.011600
0.011600
0.011600
0.011600
0.011600
0.011600
0.011600
0.011600
0.011500
0.011500
0.011500
0.011500
0.011400
0.011400
0.011400
0.011300
0.011300
0.011300
0.011200
0.011200
0.011200
0.011300
0.011400
0.011500
0.011500
0.011500
0.011400
0.011500
0.011500
0.011500
0.011500
0.011400
0.011400
0.011400
0.011300
0.011300
0.011300
0.011400
0.011300
0.011400
0.011400
0.011400
0.011400
0.011300
0.011500
0.011500
0.011500
0.011400
0.011500
0.011400
0.011400
0.011400
0.011400
0.011400
0.011400
0.011300
0.011300
0.011300
0.011300
0.011300
0.011300
0.011300
0.011300
0.011300
0.011400
0.011400
0.011500
0.011500
0.011500
0.011500
0.011500
0.011500
0.011500
0.011600
0.011600
0.011700
0.011700
0.011700
0.011900
0.011900
0.011900
0.011900
0.011900
0.012100
0.012000
0.012000
0.012000
0.011900
0.011800
0.011700
0.011700
0.011700
0.011700
0.011600
0.011600
0.011500
0.011500
0.011400
0.011300
0.011300
0.011400
0.011400
0.011500
0.011500
0.011400
0.011400
0.011400
0.011400
0.011500
0.011500
0.011500
0.011500
0.011600
0.011600
0.011600
0.011700
0.011800
0.011800
0.011800
0.011800
0.011700
0.011700
0.011800
0.011800
0.011800
0.011800
0.011700
0.011800
0.011800
0.011800
0.011800
0.011800
0.011800
0.011800
0.011700
0.011700
0.011600
0.011600
0.011600
0.011500
0.011500
0.011400
0.011400
0.011400
0.011300
0.011300
0.011200
0.011300
0.011500
0.011500
0.011500
0.011600
0.011600
0.011600
0.011700
0.011800
0.011800
0.011800
0.011800
0.011800
0.011800
0.011800
0.011800
0.011800
0.011700
0.011700
0.011800
0.011800
0.011800
0.011700
0.011700
0.011700
0.011900
0.012000
0.012000
0.012000
0.012000
0.011900
0.012000
0.012000
0.011900
0.011900
0.011800
0.011700
0.011700
0.011600
0.011600
0.011600
0.011600
0.011700
0.011700
0.011700
0.011600
0.011500
0.011500
0.011500
0.011500
0.011400
0.011400
0.011300
0.011200
0.011400
0.011500
0.011500
0.011600
0.011600
0.011600
0.011800
0.011800
0.011800
0.011800
0.011800
0.011700
0.011700
0.011700
0.011700
0.011600
0.011600
0.011600
0.011600
0.011600
0.011600
0.011600
0.011500
0.011500
0.011600
0.011700
0.011700
0.011600
0.011600
0.011600
0.011600
0.011600
0.011600
0.011600
0.011600
0.011500
0.011500
0.011500
0.011500
0.011400
0.011500
0.011500
0.011500
0.011500
0.011600
0.011600
0.011800
0.011800
0.011700
0.011700
0.011700
0.011700
0.011700
0.011800
0.011700
0.011700
0.011700
0.011600
0.011600
0.011600
0.011500
0.011500
0.011400
0.011400
0.011300
0.011300
0.011300
0.011300
0.011300
0.011300
0.011500
0.011500
0.011500
0.011500
0.011500
0.011400
0.011400
0.011400
0.011400
0.011400
