0.016900
0.016800
0.016800
0.016800
0.016800
0.016800
0.016800
0.016700
0.017000
0.017000
0.017100
0.017100
0.017200
0.017200
0.017200
0.017300
0.017300
0.017300
0.017300
0.017500
0.017300
0.017300
0.017500
0.017400
0.017400
0.018000
0.018000
0.017900
0.017800
0.017900
0.017700
0.018500
0.018400
0.018500
0.018400
0.018400
0.018300
0.018300
0.018200
0.018300
0.018500
0.018400
0.018300
0.018200
0.018100
0.018100
0.017900
0.017700
0.017600
0.017400
0.017300
0.017200
0.017000
0.016800
0.016700
0.016500
0.016400
0.016300
0.016300
0.016200
0.016100
0.016300
0.016400
0.016400
0.016400
0.016600
0.016900
0.016900
0.016900
0.017000
0.016900
0.016900
0.016900
0.016900
0.016800
0.016800
0.016800
0.016800
0.016800
0.016800
0.016700
0.016600
0.016600
0.016500
0.016400
0.016700
0.016600
0.016700
0.016500
0.016500
0.016300
0.016600
0.016400
0.016400
0.016300
0.016300
0.016300
0.016300
0.016500
0.016500
0.016500
0.016700
0.016600
0.016600
0.016600
0.016600
0.016700
0.017300
0.018000
0.018000
0.017900
0.018200
0.018200
0.018200
0.018200
0.018100
0.018200
0.018100
0.018100
0.018400
0.018400
0.018400
0.018300
0.018200
0.018100
0.018200
0.018100
0.018200
0.018000
0.017900
0.018000
0.017900
0.017800
0.017800
0.017600
0.017500
0.017700
0.017600
0.017600
0.017600
0.017500
0.017400
0.017300
0.017300
0.017100
0.017000
0.016900
0.016700
0.016700
0.016600
0.016600
0.016500
0.016600
0.016600
0.016600
0.016600
0.016500
0.016600
0.016600
0.016700
0.016800
0.016800
0.016900
0.017200
0.017100
0.017300
0.017300
0.017400
0.017300
0.017300
0.017300
0.017300
0.017300
0.017400
0.017500
0.017600
0.017700
0.017900
0.017700
0.017600
0.017600
0.017500
0.017500
0.017500
0.017400
0.017400
0.017500
0.017600
0.017500
0.017700
0.017800
0.017600
0.017500
0.017400
0.017400
0.017300
0.017300
0.017200
0.017100
0.017100
0.017000
0.016900
0.017000
0.016900
0.017000
0.017000
0.017600
0.017700
0.017700
0.017800
0.017900
0.017900
0.017900
0.017800
0.017700
0.017800
0.017700
0.017600
0.017800
0.017700
0.017800
0.017700
0.017700
0.017700
0.017600
0.017500
0.017500
0.017600
0.017900
0.018000
0.018000
0.017900
0.017900
0.017800
0.017600
0.017500
0.017400
0.017300
0.017400
0.017400
0.017200
0.017200
0.017000
0.017000
0.016900
0.016900
0.016900
0.016800
0.016700
0.016700
0.016700
0.016700
0.016600
0.017100
0.017700
0.017600
0.017500
0.017500
0.017400
0.017600
0.017600
0.017400
0.017400
0.017400
0.017500
0.017500
0.017400
0.017500
0.017500
0.017500
0.017600
0.017700
0.017700
0.017700
0.017700
0.017800
0.017900
0.018000
0.017900
0.018000
0.017800
0.017900
0.018000
0.018100
0.018000
0.018000
0.017900
0.017900
0.017800
0.017700
0.017700
0.017600
0.017500
0.017500
0.017500
0.017500
0.017600
0.017800
0.018000
0.018100
0.018300
0.018200
0.018200
0.018200
0.018100
0.018200
0.018200
0.018100
0.018000
0.017900
0.017800
0.017900
0.017900
0.017800
0.018000
0.017900
0.017800
0.017800
0.017700
0.017600
0.017600
0.017500
0.017600
0.017500
0.017400
0.017400
0.017500
0.017400
0.017400
0.017400
0.017500
0.017500
0.017400
0.017500
0.017500
0.017600
0.017600
0.017700
0.017700
0.017700
0.017800
0.017800
0.017900
0.017900
0.017900
0.017900
0.017900
0.017800
0.017800
0.017800
0.017700
0.017600
0.017500
0.017500
0.017500
0.017400
0.017300
0.017300
0.017400
0.017400
0.017300
0.017300
0.017200
0.017300
0.017400
0.017300
0.017300
0.017300
0.017500
0.017700
0.017800
0.017800
0.017900
0.018100
0.018100
0.018000
0.018100
0.018000
0.018000
0.018000
0.018000
0.017900
0.017800
0.017700
0.017700
0.017600
0.017400
0.017300
0.017400
0.017200
0.017200
0.017100
0.017100
0.017200
0.017100
0.017000
0.017000
0.017100
0.017300
0.017300
0.017300
0.017300
0.017400
0.017400
0.017800
0.017800
0.017700
0.017800
0.017700
0.017800
0.017700
0.017600
0.017800
0.017700
0.017700
0.017600
0.017400
0.017400
0.017300
0.017200
0.017500
0.017500
0.017600
0.017700
0.017800
0.017700
0.017700
0.017600
0.017500
0.017400
0.017400
0.017300
0.017200
0.017300
0.017400
0.017300
0.017200
0.017100
0.017200
0.017200
0.017200
0.017400
0.017400
0.017400
0.017500
0.017500
0.017500
0.017500
0.017600
0.017700
0.017800
0.017900
0.018000
0.017900
0.017800
0.017900
0.017900
0.017900
0.017900
0.017900
0.017900
0.017900
0.017900
0.017800
0.017600
0.017500
0.017500
0.017500
0.017500
0.017500
0.017500
0.017500
0.017500
0.017300
0.017400
0.017500
0.017500
0.017600
0.017600
0.017700
0.017800
0.017700
0.017800
0.017800
0.017900
0.017900
0.017900
0.018000
0.018100
0.017900
0.017900
0.017900
0.017900
0.018000
0.018000
0.018100
0.017900
0.017800
0.017700
0.017500
0.017400
0.017300
0.017200
0.017200
0.017100
0.017000
0.017200
0.017100
0.017000
0.017000
0.016900
0.016900
0.016900
0.017100
0.017500
0.017700
0.018100
0.018000
0.018100
0.018000
0.018000
0.018100
0.018100
0.018000
0.018100
0.018000
0.017800
0.017700
0.017800
0.017700
0.017700
0.017600
0.017500
0.017500
0.017300
0.017200
0.017400
0.017300
0.017300
0.017300
0.017400
0.017300
0.017300
0.017300
0.017300
0.017300
0.017200
0.017200
0.017300
0.017400
0.017700
0.017900
0.017900
0.017900
0.017900
0.017900
0.017900
0.018000
0.018000
0.017900
0.017900
0.017800
0.017900
0.017800
0.017800
0.017800
0.017900
0.017800
0.017700
0.017700
0.017700
0.017900
0.017900
0.018000
0.018000
0.018000
0.018000
0.018000
0.018000
0.017900
0.018000
0.018000
0.017900
0.018000
0.017900
0.017900
0.018000
0.017900
0.018100
0.018000
0.018000
0.018100
0.018000
0.018000
0.018000
0.017900
0.017900
0.018000
0.018000
0.018100
0.018200
0.018100
0.018100
0.018400
0.018400
0.018300
0.018300
0.018300
0.018300
0.018200
0.018100
0.018100
0.018000
0.017900
0.017800
0.017700
0.017700
0.017600
0.017500
0.017500
0.017400
0.017300
0.017300
0.017300
0.017300
0.017200
0.017500
0.017500
0.017700
0.017800
0.017800
0.017800
0.017800
0.017800
0.017700
0.017800
0.017700
0.017800
0.017700
0.017700
0.017700
0.017600
0.017600
0.017600
0.017500
0.017500
0.017500
0.017400
0.017300
0.017400
0.017400
0.017500
0.017300
0.017300
0.017600
0.017900
0.017800
0.017700
0.017700
0.017600
0.017600
0.017500
0.017500
0.017300
0.017600
0.017600
0.017600
0.017500
0.017700
0.017700
0.017800
0.017800
0.017800
0.017800
0.017900
0.018000
0.018000
0.017900
0.018000
0.017900
0.017800
0.017800
0.017700
0.017600
0.017600
0.017500
0.017600
0.017600
0.017500
0.017500
0.017400
0.017700
0.017500
0.017400
0.017400
0.017300
0.017300
0.017400
0.017300
0.017300
0.017400
0.017400
0.017400
0.017400
0.017600
0.017600
0.017700
0.017700
0.017900
0.018000
0.017900
0.017900
0.017900
0.017900
0.017900
0.018000
0.018000
0.018100
0.018100
0.018000
0.017900
0.018000
0.018000
0.017900
0.017900
0.017800
0.017800
0.017700
0.017600
0.017600
0.017400
0.017300
0.017200
0.017100
0.017100
0.017100
0.017100
0.017100
0.017100
0.017100
0.017000
0.017300
0.017500
0.017500
0.017500
0.017500
0.017400
0.017900
0.018000
0.018000
0.017800
0.017900
0.018000
0.017800
0.017800
0.017700
0.017700
0.017600
0.017800
0.017800
0.017900
0.017800
0.017800
0.017800
0.017800
0.017800
0.018100
0.018100
0.018100
0.018100
0.018000
0.018100
0.018000
0.018000
0.018000
0.018000
0.018200
0.018100
0.018000
0.018000
0.017900
0.017900
0.018000
0.018000
0.017900
0.018000
0.017900
0.018000
0.017900
0.018100
0.018000
0.018000
0.018000
0.018000
0.018000
0.018100
0.018100
0.018000
0.018000
0.017900
0.017900
0.017700
0.017700
0.017700
0.017800
0.017700
0.017700
0.017600
0.017500
0.017500
0.017400
0.017300
0.017700
0.017900
0.017800
0.017700
0.017800
0.017800
0.017800
0.017900
0.018000
0.017900
0.017900
0.017900
0.017900
0.017900
0.017900
0.017900
0.017900
0.017900
0.017900
0.017900
0.018000
0.017900
0.017900
0.017900
0.017800
0.018000
0.017800
0.017700
0.017700
0.017600
0.017600
0.017500
0.017400
0.017700
0.017600
0.017500
0.017700
0.017600
0.017600
0.017600
0.017500
0.017500
0.017800
0.017900
0.017800
0.017800
0.017700
0.017700
0.017700
0.017600
0.017600
0.017600
0.017700
0.017800
0.017700
0.017700
0.017700
0.017600
0.017500
0.017500
0.017400
0.017300
0.017300
0.017300
0.017500
0.017400
0.017400
0.017300
0.017300
0.017400
0.017400
0.017500
0.017600
0.017600
0.017700
0.017600
0.017600
0.017700
0.017700
0.017600
0.017700
0.017700
0.017700
0.018000
0.018000
0.018100
0.018100
0.018100
0.018100
0.018200
0.018100
0.018100
0.018200
0.018300
0.018300
0.018300
0.018200
0.018200
0.018200
0.018200
0.018300
0.018200
0.018200
0.018100
0.018100
0.018000
0.018200
0.018100
0.018000
0.018100
0.018000
0.017900
0.018000
0.017900
0.017800
0.017800
0.017700
0.017700
0.017800
0.017700
0.017600
0.017700
0.017600
0.017600
0.017600
0.017500
0.017500
0.017700
0.017700
0.017600
0.017700
0.017600
0.017700
0.017700
0.017700
0.017600
0.017500
0.017500
0.017300
0.017200
0.017200
0.017300
0.017300
0.017100
0.017100
0.017200
0.017000
0.017000
0.017000
0.016900
0.016800
0.016900
0.017100
0.017100
0.017200
0.017200
0.017300
0.017400
0.017500
0.017700
0.017900
0.017900
0.017800
0.017800
0.017700
0.017700
0.017700
0.017600
0.017600
0.017600
0.017600
0.017600
0.017600
0.017500
0.017500
0.017400
0.017300
0.017500
0.017400
0.017300
0.017300
0.017400
0.017500
0.017500
0.017500
0.017600
0.018000
0.017800
0.018000
0.018000
0.018000
0.017900
0.017900
0.017900
0.017900
0.017900
0.017900
0.017900
0.018000
0.018000
0.017900
0.017900
0.017800
0.017800
0.017800
0.017700
0.017900
0.017800
0.017800
0.017800
0.017800
0.017700
0.017700
0.017700
0.017800
0.018000
0.017900
0.018100
0.018000
0.018000
0.018100
0.018000
0.018000
0.017900
0.017800
0.017700
0.017800
0.017700
0.017600
0.017700
0.017600
0.017600
0.017700
0.018000
0.018100
0.018000
0.018300
0.018200
0.018200
0.018100
0.018000
0.018100
0.018100
0.018100
