0.110300
0.113400
0.109300
0.114300
0.110700
0.113000
0.109800
0.112400
0.109200
0.111900
0.108700
0.110800
0.107500
0.109700
0.106800
0.108300
0.106500
0.111100
0.108200
0.113600
0.110600
0.113900
0.110200
0.112500
0.109500
0.111200
0.107600
0.109400
0.106000
0.108000
0.104600
0.106500
0.104100
0.108200
0.106000
0.107400
0.104000
0.109600
0.106000
0.108200
0.104500
0.108000
0.105000
0.105700
0.102200
0.109000
0.110800
0.107200
0.108800
0.105800
0.107100
0.103400
0.105200
0.101400
0.103600
0.099800
0.101300
0.098100
0.101000
0.098800
0.100300
0.098400
0.105900
0.109700
0.105500
0.107900
0.104500
0.105100
0.101400
0.106100
0.102500
0.108100
0.104600
0.108300
0.105400
0.106800
0.103100
0.104900
0.102500
0.103900
0.102000
0.106100
0.103400
0.104400
0.102100
0.106700
0.104700
0.106300
0.103600
0.107700
0.105000
0.106600
0.104900
0.111200
0.115600
0.112400
0.115700
0.112100
0.114800
0.112200
0.114500
0.111100
0.114300
0.111300
0.113900
0.110700
0.114500
0.111500
0.114500
0.111200
0.116600
0.113000
0.115700
0.112600
0.116800
0.113200
0.116400
0.113000
0.115200
0.112100
0.115600
0.112500
0.115500
0.111900
0.114500
0.112100
0.114400
0.112000
0.115600
0.112300
0.116100
0.112800
0.116500
0.112900
0.116000
0.113200
0.115400
0.111800
0.115300
0.112400
0.116300
0.113400
0.117000
0.114800
0.117200
0.114700
0.120400
0.118300
0.122100
0.118800
0.122700
0.119700
0.122400
0.119200
0.122500
0.118700
0.121200
0.116800
0.112000
0.114500
0.110400
0.113200
0.110300
0.111000
0.107400
0.111400
0.108100
0.109700
0.106200
0.108600
0.106600
0.108300
0.106700
0.110700
0.108400
0.111500
0.109500
0.113100
0.109900
0.112500
0.109900
0.116100
0.113400
0.117200
0.113500
0.117300
0.113800
0.116400
0.112300
0.114100
0.110600
0.112600
0.108700
0.110900
0.107100
0.109400
0.105500
0.106900
0.104400
0.106700
0.103900
0.105700
0.103400
0.106800
0.103400
0.107100
0.103600
0.111200
0.114500
0.110600
0.113700
0.110000
0.113700
0.109700
0.112100
0.108800
0.110700
0.108000
0.109300
0.105900
0.109300
0.105200
0.105900
0.102600
0.106100
0.102800
0.103400
0.099400
0.104700
0.100900
0.104400
0.101200
0.104800
0.102500
0.105000
0.101500
0.106500
0.103200
0.105900
0.103800
0.107500
0.104900
0.107700
0.104900
0.110700
0.108700
0.113300
0.109800
0.113900
0.110000
0.111600
0.108800
0.112000
0.108400
0.110700
0.107400
0.110200
0.106300
0.109000
0.106000
0.109500
0.106600
0.109700
0.106100
0.108800
0.105400
0.108000
0.104800
0.107400
0.104600
0.106900
0.103500
0.105800
0.102200
0.103800
0.100000
0.100900
0.098100
0.100000
0.098200
0.099600
0.097900
0.105200
0.108300
0.104800
0.108800
0.105900
0.107700
0.104300
0.110500
0.106800
0.108600
0.105200
0.110900
0.107100
0.109900
0.105700
0.107100
0.102900
0.103400
0.098900
0.100700
0.097400
0.098500
0.094200
0.093700
0.091300
0.091500
0.088200
0.090600
0.087100
0.087500
0.084300
0.084000
0.080600
0.084700
0.088400
0.094800
0.103600
0.100800
0.105600
0.102600
0.105200
0.101500
0.103500
0.100100
0.101000
0.098200
0.102000
0.099500
0.101800
0.098600
0.109800
0.114400
0.110700
0.116000
0.113000
0.115100
0.112200
0.114500
0.111200
0.115800
0.112100
0.116200
0.112700
0.116300
0.113800
0.116100
0.112800
0.116400
0.112900
0.117000
0.113400
0.116000
0.113200
0.115100
0.111900
0.117400
0.114100
0.116900
0.113500
0.119300
0.115800
0.116700
0.113100
0.115400
0.111600
0.115000
0.111300
0.114100
0.110700
0.112800
0.109000
0.111300
0.107600
0.110700
0.106500
0.107500
0.103900
0.108000
0.104300
0.104700
0.100800
0.102700
0.099100
0.100900
0.098000
0.102800
0.099100
0.100000
0.096900
0.098700
0.095700
0.096000
0.092600
0.098500
0.104300
0.101900
0.104500
0.102300
0.104100
0.101800
0.102700
0.099500
0.102300
0.099400
0.102700
0.099000
0.100200
0.096600
0.102900
0.099400
0.102400
0.099100
0.104200
0.100700
0.106800
0.103700
0.109100
0.105800
0.109100
0.106300
0.110000
0.107000
0.109300
0.107400
0.111100
0.108000
0.112700
0.109200
0.112400
0.109100
0.111600
0.109100
0.111600
0.109300
0.113400
0.109900
0.114800
0.111100
0.113900
0.110100
0.112300
0.109400
0.111600
0.108100
0.109600
0.106100
0.110200
0.106700
0.109300
0.106800
0.109200
0.106600
0.110300
0.106800
0.108900
0.105800
0.109500
0.105600
0.109500
0.106500
0.108800
0.105700
0.111400
0.108200
0.111900
0.108600
0.111900
0.108200
0.111000
0.107700
0.109200
0.106100
0.108600
0.105000
0.107100
0.103600
0.106700
0.103100
0.105200
0.102100
0.106600
0.104500
0.105600
0.103400
0.106500
0.104100
0.106000
0.103500
0.106400
0.103400
0.106800
0.105200
0.107700
0.105200
0.106600
0.104400
0.107200
0.105200
0.108000
0.106600
0.110200
0.108000
0.110800
0.109200
0.112700
0.110500
0.113300
0.111500
0.115100
0.111800
0.116300
0.113100
0.116000
0.113600
0.116200
0.112900
0.115200
0.113300
0.117700
0.113600
0.116000
0.113400
0.115700
0.112100
0.116300
0.112700
0.115900
0.112800
0.116300
0.113100
0.114100
0.109000
0.108800
0.103900
0.107200
0.101800
0.101500
0.097800
0.099800
0.095700
0.094700
0.090200
0.089300
0.085100
0.084700
0.080600
0.079800
0.076500
0.078700
0.082900
0.090300
0.092300
0.089600
0.094600
0.091300
0.093700
0.090100
0.093800
0.091800
0.095300
0.093400
0.096100
0.094200
0.099800
0.098000
0.102900
0.100400
0.105000
0.101600
0.104300
0.101700
0.103500
0.100400
0.101100
0.097600
0.103300
0.099500
0.103300
0.099500
0.103400
0.099700
0.101400
0.098100
0.101200
0.099100
0.101200
0.097900
0.101200
0.097900
0.099100
0.095400
0.099200
0.096300
0.099800
0.098800
0.101300
0.099300
0.104700
0.102200
0.105600
0.102600
0.106100
0.103100
0.105700
0.103200
0.109000
0.107000
0.111200
0.107800
0.110800
0.108200
0.111700
0.109000
0.111700
0.108300
0.110700
0.106700
0.108700
0.105800
0.107900
0.106400
0.108600
0.104900
0.106700
0.102000
0.103200
0.098500
0.099700
0.094900
0.094500
0.090500
0.091300
0.087200
0.086600
0.082800
0.083300
0.079600
0.079800
0.076600
0.076500
0.074500
0.079300
0.085300
0.092800
0.101900
0.099400
0.103400
0.101800
0.104600
0.101500
0.103800
0.102400
0.105900
0.102800
0.106300
0.102800
0.105500
0.102100
0.104300
0.100300
0.103900
0.100400
0.102000
0.099000
0.100200
0.098100
0.100200
0.097400
0.099700
0.096200
0.099200
0.095800
0.100600
0.098300
0.100600
0.097800
0.103600
0.100400
0.106600
0.103800
0.107800
0.104800
0.108900
0.105500
0.108000
0.105500
0.107800
0.105400
0.108300
0.105500
0.107900
0.105300
0.108800
0.105300
0.107400
0.103700
0.106400
0.103000
0.104900
0.102600
0.104300
0.101400
0.103800
0.100700
0.105100
0.101400
0.105100
0.101600
0.105600
0.102000
0.104800
0.102600
0.105300
0.102000
0.103900
0.101500
0.103900
0.102300
0.105500
0.103400
0.107200
0.103700
0.105000
0.101700
0.102700
0.099200
0.101000
0.098000
0.100600
0.097000
0.099100
0.096300
0.098900
0.096400
0.097900
0.095600
0.097500
0.095000
0.096000
0.094500
0.098900
0.108600
0.106300
0.110500
0.108100
0.112200
0.109900
0.112600
0.108900
0.111000
0.107300
0.110700
0.106700
0.108600
0.105500
0.107700
0.104300
0.106500
0.102700
0.106700
0.102900
0.105300
0.101000
0.102800
0.098400
0.098900
0.095700
0.094300
0.088500
0.086800
0.081800
0.082200
0.077600
0.076800
0.072800
0.071600
0.067600
0.065700
0.062800
0.061300
0.058400
0.058900
0.062400
0.062300
0.060100
0.061800
0.069000
0.083300
0.089600
0.091900
0.089600
0.092500
0.090000
0.097800
0.095900
0.108700
0.105200
0.108000
0.106700
0.109200
0.106800
0.109900
0.106400
0.109900
0.106300
0.108700
0.104900
0.107300
0.103600
0.104800
0.100900
0.107300
0.104400
0.107400
0.104000
0.106000
0.101800
0.102000
0.098400
0.098900
0.095400
0.097300
0.094700
0.098200
0.095100
0.096700
0.093300
0.099300
0.104300
0.101400
0.106500
0.104000
0.107500
0.103800
0.110100
0.107800
0.110800
0.107800
0.112800
0.109600
0.112000
0.108300
0.113200
0.109200
0.111900
0.108400
0.110100
0.107500
0.109800
0.107400
0.109700
0.106500
0.110600
0.107100
0.109800
0.106400
0.111100
0.107800
0.112200
0.108900
0.113100
0.111000
0.116200
0.112500
0.117300
0.113800
0.115500
0.112100
0.115200
0.111500
0.114300
0.109900
0.111900
0.108100
0.110300
0.106800
0.107800
0.103700
0.105600
0.101400
0.102700
0.098600
0.099500
0.096900
0.097300
0.095500
0.097500
0.095000
0.096300
0.094100
0.102000
0.104900
0.101900
0.106900
0.103500
0.107700
0.104400
0.109700
0.106200
0.108300
0.105200
0.106900
0.103200
0.104100
0.101000
0.102100
0.099700
0.101300
0.098300
0.103500
0.100200
0.101400
0.098000
0.103000
0.100200
0.101000
0.098100
0.105200
0.108000
0.104800
0.107100
0.104900
0.108500
0.105100
0.108200
0.105400
0.110400
0.107200
0.109400
0.106800
0.109100
0.105600
0.108200
0.104900
0.107100
0.103500
0.106400
0.102600
0.104800
0.102000
0.103700
0.100600
0.104000
0.100500
0.104800
0.102800
0.106800
0.104500
0.108100
0.105200
0.108700
0.105200
0.107800
0.105400
0.107600
0.104400
0.108800
0.105000
0.108200
0.104400
0.107400
0.104700
0.108700
0.107300
0.109800
0.108000
0.113600
0.110100
0.112600
0.109600
0.112800
0.110100
0.112600
0.109000
0.113100
0.109700
0.112400
0.108900
0.112400
0.109800
0.112100
0.109500
0.113200
0.109900
0.114000
0.110500
0.114700
0.110100
0.111700
0.107600
0.108800
0.104400
0.105000
0.101000
0.101900
0.097600
0.098300
0.094700
0.094300
0.090700
0.091600
0.087700
0.088200
0.084500
0.085400
0.085100
0.093300
0.100000
0.097300
0.100200
0.097700
0.101300
0.099200
0.103000
0.101900
0.105800
0.102300
0.109300
0.108000
0.111900
0.110400
0.113200
0.109500
0.113200
0.109300
0.112100
0.109100
0.111100
0.107500
0.111300
0.107800
0.112100
0.108300
0.110800
0.107500
0.110100
0.106600
0.108900
0.105400
0.111600
0.107500
0.109000
0.105000
0.109500
0.105400
0.108300
0.104700
0.105800
0.101600
0.103100
0.099200
0.102100
0.098800
0.102400
0.098400
0.102100
0.098900
0.100500
0.098000
0.100200
0.097300
0.099800
0.096900
0.100000
0.096500
0.101800
0.099200
0.102800
0.100700
0.103500
0.101400
0.102900
0.099600
0.102500
0.099200
0.102400
0.099300
0.101200
0.098700
0.100500
0.098400
0.101400
0.098800
0.104300
0.100900
0.104400
0.103000
0.105200
0.101800
0.103800
0.099700
0.101600
0.098200
0.100000
0.096300
0.100600
0.097400
0.100100
0.097400
0.101400
0.098700
0.101000
0.097300
0.098600
0.095500
0.096800
0.093300
0.099800
0.104900
0.101700
0.104000
0.101400
0.104400
0.101300
0.103400
0.100100
0.103200
0.100300
0.103400
0.099900
0.104900
0.101700
0.103500
0.102000
0.107500
0.104200
0.108900
0.106100
0.109000
0.105200
0.108000
0.105000
0.108100
0.105200
0.107300
0.104600
0.107600
0.105100
0.108900
0.104800
0.108900
0.105200
0.107800
0.105000
0.107300
0.103600
0.107000
0.103800
0.107100
0.104000
0.106800
0.104100
0.106100
0.103600
0.109500
0.106100
0.109400
0.106400
0.110200
0.106700
0.109700
0.107300
0.110700
0.107400
0.110700
0.107800
0.111000
0.108000
0.111000
0.107700
0.110200
0.107100
0.107600
0.104100
0.106100
0.102200
0.103900
0.100000
0.103500
0.099300
0.099900
0.097100
0.101200
0.097500
0.098200
0.095000
0.096700
0.092800
0.093700
0.090900
0.096800
0.106000
0.102800
0.104100
0.100800
0.101600
0.099100
0.100100
0.096400
0.097700
0.094400
0.100100
0.103500
0.100900
0.107100
0.104000
0.108700
0.105600
0.109200
0.106400
0.110200
0.106500
0.109300
0.106500
0.110000
0.106300
0.110400
0.107100
0.110100
0.107100
0.110800
0.107700
0.110100
0.107000
0.108900
0.105500
0.110300
0.106900
0.111000
0.107600
0.111700
0.108400
0.110800
0.107900
0.111600
0.108400
0.111500
0.107800
0.110400
0.107000
0.109900
0.106200
0.108800
0.106200
0.109100
0.105800
0.108600
0.106000
0.108700
0.105500
0.108700
0.105600
0.108100
0.104800
0.108300
0.104900
0.110000
0.106600
0.110400
0.106800
0.110000
0.107500
0.110000
0.107400
0.111400
0.108100
0.111600
0.108200
0.112400
0.109400
0.112800
0.110300
0.112300
0.109100
0.111600
0.108800
0.112100
0.108400
0.112000
0.108800
0.114200
0.111400
0.116700
0.112700
0.115600
0.111800
0.114900
0.111200
0.114700
0.112000
0.114200
0.110900
0.112700
0.109100
0.111600
0.108300
0.111900
0.107700
0.109800
0.106300
0.107400
0.103800
0.105500
0.101500
0.102400
0.098400
0.100200
0.097400
0.098500
0.097300
0.100100
0.097300
0.098700
0.095300
0.097700
0.095500
0.099800
0.106300
0.103400
0.106400
0.103100
0.107600
0.104700
0.107400
0.105200
0.111600
0.109200
0.112000
0.108800
0.113600
0.110000
0.112000
0.107900
0.114200
0.110300
0.112600
0.109100
0.110900
0.107300
0.110200
0.107100
0.108500
0.104600
0.106200
0.103200
0.104500
0.101600
0.103400
0.100400
0.105900
0.103600
0.105400
0.101300
0.102700
0.098700
0.102300
0.098800
0.099900
0.097400
0.103900
0.106600
0.103800
0.107300
0.103600
0.105800
0.102900
0.106100
0.103400
0.104400
0.101700
0.109100
0.114100
0.110700
0.113300
0.110400
0.112600
0.109600
0.112000
0.108900
0.112000
0.108600
0.111100
0.107700
0.110800
0.107100
0.109700
0.106900
0.108700
0.105100
0.107800
0.104200
0.111500
0.108100
0.110300
0.108000
0.113900
0.111000
0.113600
0.109700
0.112100
0.107900
0.111000
0.107400
0.110600
0.108300
0.110600
0.107200
0.110200
0.108200
0.112100
0.108500
0.111100
0.107900
0.110500
0.107500
0.112400
0.108700
0.113300
0.109600
0.112000
0.107900
0.109700
0.106700
0.107800
0.105500
0.111000
0.107300
0.109500
0.105800
0.108900
0.105600
0.109100
0.106400
0.109400
0.106300
0.110400
0.107100
0.113100
0.109600
0.114600
0.110900
0.113200
0.110400
0.113000
0.109900
0.112100
0.109800
0.114600
0.111400
0.114000
0.110600
0.113100
0.110600
0.112300
0.110000
0.112700
0.109300
0.112400
0.108900
0.112900
0.109200
0.111500
0.108000
0.110600
0.107600
0.109100
0.105700
0.108100
0.105200
0.107600
0.104400
0.106100
0.102700
0.103600
0.100100
0.106500
0.102900
0.105300
0.102000
0.108100
0.104900
0.107400
0.103700
0.106900
0.103300
0.104400
0.101500
0.104100
0.100500
0.105800
0.102700
0.109500
0.106100
0.109600
0.106400
0.109400
0.105900
0.107500
0.104200
0.109600
0.107200
0.109500
0.106400
0.112100
0.108700
0.111800
0.108600
0.114300
0.110400
0.112400
0.109500
0.112900
0.109400
0.112100
0.109000
0.111000
0.107600
0.110000
0.107200
0.108200
0.106100
0.108400
0.105700
0.110200
0.107300
0.110800
0.107800
0.111700
0.108500
0.111700
0.108700
0.110100
0.107100
0.113100
0.109700
0.114500
0.110800
0.113900
0.110200
0.112300
0.109400
0.111900
0.108700
0.116100
0.113100
0.115300
0.111800
0.114100
0.110300
0.114100
0.111000
0.113300
0.110200
0.112800
0.111000
0.115600
0.111900
0.115900
0.112100
0.115800
0.113400
0.116400
0.113100
0.116400
0.112600
0.114800
0.110500
0.113000
0.109700
0.110600
0.106700
0.109500
0.106300
0.109300
0.105700
0.110000
0.106800
0.108800
0.106200
0.108200
0.105600
0.108700
0.107400
0.115400
0.112100
0.115500
0.111900
0.116800
0.113000
0.115300
0.112100
0.113500
0.109400
0.112800
0.109600
0.112200
0.108500
0.110500
0.107800
0.108200
0.104800
0.111000
0.107200
0.109300
0.105600
0.108600
0.105000
0.107300
0.104000
0.110300
0.107100
0.111800
0.108300
0.114300
0.110700
0.113000
0.109500
0.114400
0.110800
0.112000
0.108400
0.110000
0.105900
0.108000
0.104000
0.105000
0.101900
0.104900
0.102800
0.105100
0.101500
0.103400
0.099600
0.101100
0.101600
0.107200
0.105000
0.112400
0.108900
0.113200
0.109500
0.112700
0.108900
0.112500
0.109400
0.111600
0.108400
0.111500
0.108200
0.110500
0.107600
0.110600
0.106800
0.108900
0.106200
0.107600
0.104500
0.106500
0.104100
0.109800
0.107100
0.108700
0.105600
0.112200
0.108000
0.110900
0.108400
0.113300
0.109600
0.111800
0.108200
0.112900
0.109400
0.112500
0.108700
0.110800
0.108700
0.111700
0.109700
0.115000
0.113000
0.116800
0.113100
0.115400
0.111400
0.114500
0.111000
0.112800
0.109300
0.112000
0.108500
0.110600
0.106700
0.109200
0.105900
0.107800
0.105100
0.111700
0.108800
0.113100
0.109300
0.111900
0.108300
0.112700
0.108900
0.114900
0.110900
0.113200
0.110500
0.113200
0.110100
0.113500
0.111600
0.116000
0.112500
0.116500
0.113100
0.114900
0.112000
0.114600
0.111100
0.113500
0.109500
0.112500
0.110000
0.111600
0.108800
0.110700
0.107000
0.109300
0.106000
0.112700
0.108700
0.111500
0.107000
0.108300
0.105200
0.106200
0.102200
0.103900
0.100000
0.102200
0.098100
0.101800
0.098800
0.100300
0.097500
0.099300
0.096100
0.098000
0.094500
0.098300
0.095100
0.102500
0.105300
0.103000
0.108000
0.106600
0.109200
0.106300
0.110200
0.106700
0.109700
0.106800
0.111600
0.108500
0.110100
0.106600
0.109200
0.105600
0.107400
0.103900
0.106800
0.103400
0.105200
0.102700
0.104800
0.101400
0.107600
0.104500
0.109200
0.106000
0.108200
0.104600
0.109000
0.105400
0.107900
0.104800
0.110700
0.108200
0.110100
0.107800
0.112200
0.108600
0.111100
0.109100
0.114000
0.110300
0.113300
0.109500
0.111000
0.107400
0.115600
0.112600
0.114500
0.111200
0.113800
0.109800
0.112200
0.109000
0.111200
0.107800
0.110400
0.107300
0.110500
0.107300
0.110600
0.109000
0.112200
0.110300
0.112100
0.110100
0.113300
0.110300
0.113400
0.109600
0.113700
0.111000
0.113100
0.109900
0.115600
0.112600
0.116700
0.112800
0.114900
0.111300
0.113400
0.109800
0.110600
0.106800
0.109300
0.105900
0.108500
0.105200
0.108100
0.104100
0.104500
0.100800
0.105000
0.101200
0.103200
0.100300
0.104500
0.101800
0.103800
0.102200
0.104200
0.101000
0.104400
0.101200
0.105800
0.102600
0.104500
0.101100
0.108100
0.111400
0.108000
0.112800
0.110000
0.114000
0.110200
0.113100
0.109600
0.112100
0.108400
0.109400
0.106200
0.111400
0.107900
0.110400
0.107000
0.110300
0.106500
0.108200
0.105300
0.109900
0.107900
0.111600
0.108800
0.113400
0.111300
0.114000
0.111100
0.114800
0.112000
0.113900
0.111200
0.115200
0.111800
0.114400
0.111600
0.114300
0.110800
0.114100
0.111100
0.113500
0.110600
0.113700
0.111200
0.114200
0.110700
0.113900
0.109900
0.111500
0.108500
0.111800
0.108300
0.110800
0.107700
0.113400
0.109800
0.113400
0.109500
0.113700
0.110600
0.112700
0.109600
0.112300
0.109000
0.113100
0.110500
0.113800
0.111000
0.114300
0.111400
0.116200
0.112800
0.116000
0.112100
0.116200
0.112400
0.115900
0.112600
0.114900
0.112000
0.115800
0.112100
0.115700
0.111900
0.114100
0.111300
0.114600
0.111500
0.113300
0.109600
0.112200
0.108500
0.110300
0.106500
0.108000
0.105200
0.107400
0.105600
0.109200
0.107000
0.111200
0.107500
0.115600
0.112400
0.115100
0.112300
0.115500
0.112400
0.114200
0.110600
0.118000
0.114200
0.116000
0.111800
0.107400
0.109300
0.105800
0.108100
0.105100
0.109900
0.106800
0.108600
0.105500
0.112100
0.108400
0.110700
0.107300
0.112900
0.109800
0.112200
0.108800
0.111800
0.108300
0.110900
0.107900
0.110400
0.106800
0.109400
0.105600
0.108400
0.106800
0.111200
0.108700
0.114500
0.112700
0.116900
0.113200
0.116100
0.112500
0.115100
0.112600
0.114900
0.111900
0.115100
0.111400
0.115400
0.111500
0.116300
0.112700
0.115100
0.111700
0.114600
0.111300
0.115400
0.112000
0.114700
0.110500
0.112700
0.109400
0.111000
0.108100
0.110400
0.106900
0.108900
0.105200
0.109100
0.105200
0.106400
0.103400
0.108700
0.105300
0.106200
0.102700
0.108400
0.105300
0.110500
0.106600
0.109400
0.105600
0.108200
0.104000
0.110000
0.105800
0.107200
0.105200
0.107700
0.105200
0.106800
0.104200
0.106000
0.102800
0.104600
0.101100
0.101900
0.098700
0.100700
0.099500
0.100800
0.097900
0.101900
0.099300
0.102300
0.098800
0.103600
0.100400
0.106200
0.103900
0.108000
0.105300
0.109100
0.107000
0.110100
0.108000
0.112600
0.110100
0.117400
0.114900
0.120300
0.116800
0.119200
0.115100
0.110600
0.113400
0.109700
0.111000
0.108100
0.110000
0.106500
0.111600
0.109000
0.114600
0.111400
0.114700
0.111100
0.115200
0.112000
0.114800
0.112600
0.115400
0.111900
0.116300
0.112900
0.116200
0.113000
0.117900
0.115400
0.116700
0.113200
0.117300
0.113300
0.116000
0.111800
0.114100
0.111500
0.113800
0.110400
0.113700
0.109800
0.112100
0.108400
0.110400
0.107600
0.110000
0.106600
0.111900
0.108400
0.112000
0.109200
0.112400
0.108800
0.111300
0.108000
0.110300
0.107200
0.113600
0.109900
0.113300
0.110100
0.113600
0.109800
0.112600
0.110700
0.114600
0.112000
0.114900
0.111500
0.114400
0.110200
0.112800
0.109500
0.111000
0.107300
0.110200
0.106400
0.109800
0.105900
0.109100
0.106000
0.108300
0.105800
0.109200
0.107800
0.112200
0.109100
0.112000
0.109900
0.114500
0.112000
0.114500
0.110900
0.113300
0.110300
0.114500
0.111400
0.114100
0.111600
0.116100
0.113200
0.116000
0.112600
0.115500
0.112400
0.115300
0.111800
0.114500
0.111300
0.113900
0.111000
0.115600
0.112300
0.115300
0.112300
0.116400
0.113000
0.116100
0.113300
0.115200
0.111400
0.115100
0.111100
0.114800
0.110500
0.112400
0.109300
0.111600
0.108700
0.110600
0.106900
0.109700
0.107600
0.112400
0.109000
0.110700
0.107800
0.115500
0.112800
0.117600
0.114500
0.117600
0.114000
0.117800
0.113700
0.116300
0.113100
0.115800
0.112300
0.114600
0.110700
0.115600
0.111900
0.115000
0.111400
0.113700
0.110500
0.113500
0.110200
0.112700
0.108800
0.112100
0.108400
0.111300
0.107700
0.109500
0.106100
0.108100
0.104500
0.108300
0.104800
0.106200
0.103500
0.108700
0.105900
0.112400
0.109500
0.113300
0.110000
0.113600
0.109700
0.114900
0.112000
0.114800
0.112000
0.116800
0.113300
0.117400
0.114000
0.117200
0.113200
0.115800
0.112800
0.114900
0.111800
0.114900
0.111200
0.114600
0.110800
0.113600
0.110900
0.116200
0.113000
0.115800
0.112800
0.115100
0.111200
0.113600
0.110700
0.112600
0.110100
0.114100
0.110800
0.114100
0.110700
0.114100
0.110600
0.113900
0.110900
0.112600
0.109600
0.113100
0.110700
0.113300
0.110300
0.112900
0.110100
0.112000
0.109200
0.111700
0.108400
0.110800
0.107400
0.111500
0.107700
0.109900
0.107100
0.110800
0.108200
0.111000
0.108200
0.114900
0.111900
0.115500
0.112400
0.116200
0.113400
0.116400
0.114100
0.117800
0.113900
0.117600
0.113900
0.117400
0.113500
0.116300
0.113600
0.115900
0.112200
0.115100
0.111500
0.113600
0.109700
0.112100
0.109100
0.110000
0.106800
0.111600
0.107600
0.109100
0.105100
0.106300
0.102700
0.105600
0.103000
0.105000
0.103200
0.105300
0.103700
0.106000
0.104100
0.107200
0.104900
0.107400
0.104600
0.107300
0.105000
0.107300
0.106000
0.108800
0.107000
0.111100
0.108500
0.112200
0.109100
0.112100
0.108100
0.110800
0.107600
0.109500
0.107200
0.109700
0.106500
0.108400
0.105000
0.109600
0.106100
0.108000
0.104900
0.110500
0.106800
0.110800
0.106900
0.112100
0.108500
0.111000
0.107700
0.110300
0.108000
0.109800
0.106300
0.108400
0.105000
0.108400
0.105200
0.108300
0.106300
0.110800
0.107400
0.114300
0.111200
0.117900
0.114900
0.117600
0.113900
0.116900
0.114100
0.116300
0.113500
0.116500
0.112800
0.116100
0.112000
0.117000
0.113200
0.115300
0.112100
0.113500
0.109500
0.112000
0.108300
0.109500
0.106600
0.108400
0.105500
0.108900
0.105200
0.109200
0.105600
0.107000
0.103100
0.106800
0.102900
0.103900
0.100800
0.107200
0.110100
0.106200
0.108300
0.105000
0.106800
0.104100
0.109200
0.105800
0.110700
0.108000
0.110500
0.107900
0.112000
0.108200
0.111300
0.108200
0.110200
0.107400
0.111600
0.108400
0.112800
0.109300
0.112600
0.108400
0.109900
0.106600
0.107000
0.103600
0.110200
0.106900
0.110400
0.106800
0.109500
0.105900
0.108000
0.105200
0.108800
0.105700
0.106900
0.103600
0.109700
0.107500
0.110800
0.107500
0.110300
0.107000
0.109100
0.105900
0.108200
0.105600
0.107100
0.103700
0.105300
0.102000
0.109900
0.113700
0.110600
0.112400
0.109000
0.111600
0.108000
0.110800
0.107100
0.109700
0.106800
0.112400
0.109800
0.111400
0.108300
0.117000
0.113200
0.115800
0.112200
0.116400
0.112900
0.117400
0.114500
0.117200
0.113900
0.117700
0.114100
0.116800
0.113400
0.116500
0.112900
0.116800
0.113000
0.116000
0.113100
0.116400
0.113000
0.116300
0.113500
0.115000
0.111600
0.117300
0.113700
0.116300
0.113400
0.116300
0.113000
0.116900
0.113600
0.117400
0.113900
0.117300
0.114100
0.115900
0.112600
0.115700
0.112200
0.115900
0.112500
0.115200
0.112400
0.114500
0.111500
0.114600
0.111100
0.114200
0.110800
0.114800
0.111000
0.114100
0.110900
0.112600
0.109300
0.115500
0.111900
0.114800
0.111300
0.113800
0.109700
0.111700
0.108900
0.110600
0.106600
0.108800
0.105000
0.108500
0.104900
0.107000
0.103900
0.109100
0.106100
0.108500
0.105500
0.109300
0.105300
0.109500
0.106000
0.111400
0.107700
0.110100
0.106100
0.110900
0.107100
0.110200
0.107400
0.110100
0.106800
0.109500
0.107600
0.110500
0.107000
0.112900
0.109700
0.113800
0.110600
0.113700
0.111400
0.114500
0.110800
0.113700
0.109900
0.112200
0.108500
0.111100
0.108100
0.109700
0.106800
0.110700
0.107200
0.109700
0.106300
0.111600
0.108000
0.109700
0.107100
0.110200
0.107000
0.113700
0.110700
0.115600
0.112000
0.114500
0.110800
0.113300
0.109800
0.112600
0.109100
0.111500
0.107800
0.110600
0.107500
0.109500
0.106700
0.113500
0.111600
0.115900
0.112300
0.115500
0.112100
0.114800
0.111500
0.114500
0.111900
0.114900
0.112000
0.114900
0.111600
0.114000
0.110500
0.114600
0.111500
0.113800
0.111100
0.112800
0.110700
0.115000
0.111400
0.114200
0.110500
0.113000
0.110100
0.112300
0.110200
0.113700
0.110300
0.113100
0.109800
0.112800
0.109900
0.111700
0.109300
0.114800
0.111800
0.115300
0.112500
0.118700
0.115000
0.118100
0.114500
0.118700
0.115300
0.118200
0.115600
0.119200
0.115800
0.118800
0.114800
0.109900
0.111800
0.107700
0.109900
0.106900
0.108300
0.104700
0.112700
0.109300
0.112400
0.108700
0.111100
0.107300
0.109300
0.106800
0.110700
0.108400
0.113200
0.109800
0.112700
0.109000
0.111600
0.108700
0.112700
0.110900
0.113800
0.110400
0.115700
0.112400
0.115100
0.111200
0.115300
0.112100
0.114200
0.111100
0.113600
0.109900
0.114100
0.110700
0.113700
0.110000
0.112500
0.109600
0.111700
0.108800
0.113400
0.111400
0.115100
0.112000
0.117000
0.114100
0.115900
0.112800
0.116300
0.113500
0.117200
0.113800
0.117100
0.113800
0.117000
0.113400
0.116200
0.112700
0.115600
0.111700
0.115300
0.112200
0.114500
0.111300
0.113700
0.110400
0.116000
0.112700
0.116100
0.112100
0.113400
0.110800
0.112600
0.109000
0.111100
0.107600
0.110900
0.107100
0.109300
0.105500
0.107600
0.104200
0.106900
0.103300
0.108400
0.104900
0.105800
0.103000
0.109700
0.113500
0.109900
0.112300
0.108400
0.111000
0.107800
0.109200
0.107300
0.109600
0.107400
0.111200
0.109400
0.111800
0.109800
0.112600
0.109400
0.111800
0.108800
0.110400
0.107000
0.112900
0.109300
0.112000
0.108500
0.112100
0.108400
0.110700
0.107600
0.113500
0.111000
0.112500
0.109600
0.113200
0.110600
0.115200
0.111500
0.115600
0.112700
0.115900
0.112400
0.115200
0.112000
0.115500
0.112400
0.115800
0.112700
0.115100
0.111300
0.113700
0.110500
0.113500
0.109800
0.111600
0.108600
0.114600
0.112000
0.113700
0.110000
0.115500
0.111500
0.113900
0.110300
0.114700
0.110600
0.113400
0.110700
0.113400
0.109400
0.112600
0.109500
0.112400
0.109100
0.111600
0.109100
0.111200
0.108700
0.113000
0.109300
0.113200
0.109900
0.114100
0.110200
0.112700
0.110000
0.112900
0.110100
0.112500
0.109000
0.112400
0.108900
0.111800
0.108100
0.110400
0.107400
0.110300
0.107000
0.111800
0.107900
0.111400
0.107500
0.110100
0.106200
0.109200
0.106300
0.107700
0.105000
0.110000
0.106000
0.107900
0.105500
0.110300
0.106300
0.108800
0.105600
0.108700
0.105300
0.106900
0.103400
0.108400
0.104800
0.106800
0.102900
0.109500
0.105900
0.108800
0.105400
0.110700
0.107900
0.109200
0.106200
0.110600
0.107300
0.109900
0.106500
0.110100
0.107500
0.111800
0.108300
0.113200
0.109200
0.110200
0.106700
0.108700
0.104900
0.110100
0.106000
0.107200
0.102900
0.104300
0.100700
0.101000
0.097700
0.100900
0.099100
0.103400
0.100800
0.103900
0.100800
0.103600
0.101000
0.102700
0.099500
0.105000
0.108300
0.104700
0.106900
0.103900
0.109300
0.106700
0.108700
0.105700
0.110300
0.107200
0.109900
0.106700
0.113000
0.109300
0.111500
0.107500
0.113600
0.110400
0.112100
0.109100
0.110800
0.108600
0.111900
0.108200
0.111500
0.108300
0.112000
0.108600
0.111200
0.108500
0.112300
0.109100
0.111600
0.108300
0.111900
0.108600
0.110900
0.108000
0.110900
0.107700
0.110200
0.106800
0.112900
0.109600
0.113800
0.111300
0.116600
0.114500
0.117700
0.115000
0.117500
0.114300
0.117100
0.115900
0.119700
0.117200
0.120200
0.118500
0.121000
0.117900
0.120600
0.117000
0.119200
0.115200
0.110500
0.112600
0.108700
0.110600
0.108200
0.110600
0.107000
0.109900
0.106600
0.112800
0.108700
0.110200
0.107200
0.113500
0.110400
0.112700
0.109700
0.114100
0.110200
0.112400
0.108600
0.110200
0.107200
0.109600
0.106100
0.108800
0.105900
0.114200
0.110400
0.113100
0.109400
0.111900
0.108700
0.109900
0.106300
0.109300
0.106000
0.107800
0.104300
0.108000
0.104600
0.106700
0.103800
0.108000
0.104800
0.112600
0.109300
0.112900
0.109100
0.111100
0.107300
0.111300
0.108800
0.110900
0.108300
0.110000
0.107000
0.109900
0.107900
0.111900
0.108300
0.110900
0.107900
0.110100
0.107500
0.114200
0.111400
0.112800
0.109100
0.114900
0.112200
0.115300
0.112600
0.115100
0.111800
0.114600
0.110900
0.113300
0.109400
0.111600
0.109000
0.112800
0.109800
0.111900
0.108100
0.114300
0.111100
0.113400
0.109900
0.112200
0.109600
0.112900
0.110400
0.113100
0.111400
0.114800
0.111500
0.113800
0.109900
0.112100
0.108700
0.110500
0.107400
0.109300
0.107300
0.109900
0.106100
0.108300
0.105600
0.106500
0.103000
0.104900
0.101700
0.104500
0.101000
0.108100
0.111600
0.108300
0.112900
0.109000
0.111700
0.108400
0.112300
0.108600
0.112600
0.109700
0.112500
0.110500
0.113500
0.110100
0.113100
0.109300
0.113300
0.110500
0.112400
0.109200
0.117200
0.113600
0.116300
0.113300
0.118000
0.114700
0.117400
0.114600
0.116500
0.112700
0.115500
0.112000
0.114500
0.110900
0.113600
0.110700
0.113900
0.111100
0.114400
0.111000
0.114900
0.111700
0.114800
0.111600
0.114700
0.111300
0.114500
0.111900
0.114000
0.111200
0.113900
0.111000
0.113300
0.110000
0.113300
0.109500
0.112300
0.108700
0.111700
0.109600
0.114000
0.110100
0.115200
0.111600
0.114600
0.110900
0.112900
0.110400
0.113100
0.109000
0.110700
0.106900
0.110400
0.106300
0.108800
0.105300
0.109300
0.106000
0.107700
0.103800
0.107300
0.103500
0.105300
0.101700
0.107100
0.103300
0.105900
0.102700
0.107400
0.103600
0.104300
0.100600
0.107200
0.103600
0.105500
0.103400
0.109600
0.105700
0.108100
0.104500
0.110000
0.107000
0.108400
0.105600
0.109900
0.106600
0.112400
0.109200
0.115700
0.112300
0.115100
0.111000
0.116400
0.112800
0.115300
0.112300
0.115000
0.111600
0.115600
0.111800
0.113400
0.109300
0.110400
0.107300
0.107800
0.103900
0.105500
0.101700
0.103300
0.099300
0.105300
0.101500
0.102700
0.099600
0.101000
0.098100
0.099400
0.096200
0.105500
0.111000
0.108800
0.112900
0.111100
0.114700
0.111600
0.114000
0.112100
0.114800
0.110900
0.113900
0.111400
0.113600
0.109900
0.113200
0.109600
0.113600
0.109700
0.111700
0.108400
0.110300
0.106900
0.109100
0.105900
0.112200
0.109200
0.112500
0.109000
0.113600
0.110300
0.111900
0.109000
0.110800
0.108100
0.112900
0.109400
0.112600
0.109100
0.115100
0.111600
0.113900
0.111300
0.113900
0.110400
0.112400
0.108800
0.111500
0.108300
0.110100
0.107200
0.109900
0.106500
0.107800
0.104400
0.111700
0.108300
0.111600
0.108100
0.110600
0.107800
0.109600
0.106500
0.113200
0.109800
0.116200
0.113100
0.115500
0.111800
0.115100
0.111800
0.115600
0.113000
0.116000
0.113400
0.115300
0.112000
0.115500
0.112700
0.118200
0.114800
0.118900
0.116700
0.119000
0.116600
0.119300
0.115500
0.118000
0.114100
0.109300
0.111800
0.108200
0.112400
0.109500
0.111200
0.107700
0.109900
0.108100
0.112300
0.108700
0.110700
0.108200
0.113000
0.110900
0.113000
0.109500
0.112200
0.108700
0.112300
0.108600
0.112900
0.110000
0.112000
0.109600
0.111300
0.107500
0.109200
0.105600
0.107100
0.103300
0.104900
0.101900
0.102300
0.099100
0.106800
0.109700
0.105700
0.108400
0.105500
0.106000
0.104600
0.109500
0.107300
0.112000
0.109400
0.112600
0.109100
0.111800
0.108200
0.111100
0.108800
0.112600
0.110600
0.116000
0.113800
0.117900
0.114500
0.118700
0.115000
0.118000
0.115200
0.117100
0.113300
0.115700
0.111700
0.114100
0.109700
0.111900
0.108500
0.109200
0.105600
0.108000
0.104000
0.104800
0.101000
0.101600
0.099300
0.100700
0.098400
0.105900
0.109100
0.105500
0.108800
0.104800
0.110900
0.107200
0.110200
0.107200
0.114200
0.111300
0.113100
0.109800
0.114500
0.110900
0.113800
0.110300
0.113100
0.110300
0.113400
0.109900
0.112200
0.108800
0.113500
0.109600
0.114200
0.111000
0.113200
0.109500
0.111100
0.107300
0.109800
0.106300
0.108200
0.105300
0.106500
0.103000
0.105400
0.101800
0.105900
0.102300
0.104100
0.099900
0.107800
0.109900
0.107000
0.113700
0.110100
0.112100
0.108400
0.109900
0.105700
0.107400
0.104200
0.105300
0.101700
0.106400
0.103000
0.105200
0.101900
0.110700
0.114100
0.110600
0.114200
0.110600
0.113800
0.112100
0.115800
0.112700
0.115700
0.112700
0.115600
0.112300
0.115900
0.112500
0.115100
0.111800
0.115900
0.112200
0.115000
0.112400
0.115600
0.112400
0.115300
0.111700
0.115500
0.112400
0.115000
0.111600
0.113300
0.110500
0.112600
0.108600
0.110500
0.106500
0.108800
0.106000
0.108300
0.106300
0.109600
0.106000
0.108200
0.104600
0.110300
0.106900
0.110500
0.108800
0.114500
0.112500
0.116000
0.112600
0.118100
0.114400
0.117800
0.113800
0.119500
0.116800
0.118400
0.115600
0.117500
0.113800
0.116700
0.113000
0.115000
0.112100
0.113700
0.109800
0.112100
0.108400
0.111500
0.108400
0.110900
0.107700
0.113500
0.110000
0.113600
0.109900
0.114300
0.110600
0.113200
0.109800
0.112000
0.110200
0.113400
0.110000
0.112600
0.109000
0.111800
0.107900
0.109600
0.106300
0.108400
0.105300
0.107900
0.105300
0.112200
0.108100
0.110100
0.106800
0.109500
0.105200
0.106500
0.102900
0.104000
0.100400
0.102800
0.098800
0.103300
0.099800
0.103800
0.100700
0.105700
0.102200
0.105100
0.101900
0.108000
0.104000
0.106000
0.102900
0.107900
0.104900
0.105700
0.102100
0.109400
0.105800
0.108300
0.104900
0.110000
0.106800
0.108700
0.105200
0.109800
0.106200
0.108200
0.105500
0.107200
0.104300
0.111100
0.109500
0.113600
0.111900
0.114800
0.111900
0.114000
0.112000
0.114800
0.113100
0.116200
0.112500
0.115000
0.111400
0.114800
0.111200
0.113600
0.110300
0.112600
0.109800
0.111100
0.107900
0.111600
0.109400
0.112900
0.110900
0.113900
0.110600
0.113600
0.111400
0.116400
0.112500
0.114200
0.111300
0.113700
0.109900
0.112500
0.108400
0.112600
0.108000
0.109500
0.106600
0.110400
0.106700
0.111200
0.106900
0.108800
0.104400
0.105500
0.102200
0.104300
0.100800
0.101500
0.098100
0.103100
0.099200
0.099900
0.096500
0.099700
0.097500
0.100200
0.096800
0.100600
0.097600
0.101500
0.109200
0.106100
0.108800
0.105800
0.112800
0.109700
0.112800
0.109000
0.114200
0.110700
0.114100
0.111700
0.113600
0.112100
0.115600
0.112300
0.115600
0.112100
0.114600
0.111300
0.113700
0.110400
0.114600
0.110900
0.113700
0.110000
0.113900
0.109900
0.111200
0.108200
0.110300
0.107200
0.109100
0.105300
0.111600
0.108200
0.110700
0.106800
0.114000
0.109900
0.111900
0.109300
0.113300
0.110400
0.113000
0.109200
0.111500
0.108200
0.112900
0.109900
0.111200
0.108400
0.113200
0.109700
0.112500
0.108700
0.112600
0.108700
0.112300
0.108800
0.111100
0.107400
0.109300
0.105600
0.112800
0.109300
0.112400
0.109000
0.112700
0.110100
0.113400
0.110700
0.112700
0.109600
0.113400
0.110500
0.113000
0.109400
0.112900
0.109800
0.111900
0.109100
0.111800
0.108200
0.110500
0.107100
0.109900
0.106100
0.108700
0.105000
0.106900
0.103600
0.103600
0.100600
0.104200
0.101500
0.101700
0.098800
0.099800
0.096200
0.096600
0.094200
0.095900
0.093100
0.093100
0.090800
0.093000
0.090600
0.092400
0.089800
0.100800
0.106900
0.104700
0.109800
0.106600
0.111200
0.108200
0.112600
0.109900
0.112200
0.108300
0.110800
0.107900
0.111100
0.109400
0.111600
0.108300
0.111100
0.108000
0.111100
0.107500
0.109800
0.106600
0.110900
0.107700
0.109700
0.106100
0.110200
0.107000
0.109900
0.106200
0.112400
0.108600
0.110100
0.107300
0.109100
0.105700
0.108400
0.105000
0.107400
0.104100
0.106700
0.103500
0.105800
0.104300
0.106400
0.103200
0.109700
0.106100
0.108900
0.104900
0.106400
0.102600
0.103600
0.100800
0.101700
0.098900
0.105300
0.108000
0.104500
0.110100
0.106200
0.108700
0.105700
0.109200
0.105500
0.108800
0.106900
0.113500
0.109800
0.113200
0.109700
0.113400
0.110400
0.113000
0.109800
0.114600
0.111000
0.114500
0.110900
0.113600
0.110700
0.114100
0.110900
0.116200
0.113000
0.116600
0.113500
0.116900
0.114300
0.117100
0.113400
0.116100
0.112400
0.116000
0.112300
0.115100
0.111200
0.113700
0.110500
0.112400
0.108500
0.110700
0.107100
0.109800
0.106000
0.110600
0.107400
0.112300
0.109300
0.117800
0.114600
0.117400
0.113900
0.116600
0.112600
0.116100
0.113000
0.115200
0.111700
0.113900
0.109900
0.112700
0.108900
0.110400
0.107200
0.109500
0.106500
0.107400
0.103800
0.110600
0.106900
0.108800
0.104900
0.110900
0.106900
0.109900
0.107000
0.109000
0.105600
0.111900
0.108800
0.114400
0.110600
0.114600
0.110600
0.114400
0.111200
0.113500
0.110700
0.113900
0.110100
0.113300
0.109700
0.112700
0.109400
0.112800
0.109600
0.111900
0.108200
0.110300
0.106700
0.109100
0.105200
0.109800
0.106300
0.108400
0.105700
0.109300
0.107000
0.110800
0.107500
0.113600
0.109900
0.112000
0.108200
0.115500
0.111400
0.114500
0.111800
0.114800
0.110900
0.113700
0.110100
0.112200
0.109100
0.111300
0.108700
0.110800
0.108000
0.111500
0.107800
0.111000
0.107400
0.110700
0.106700
0.108900
0.105600
0.108100
0.105200
0.107300
0.104300
0.110700
0.107200
0.109700
0.106500
0.109200
0.104900
0.105900
0.102600
0.106900
0.104400
0.105800
0.103600
0.108300
0.106700
0.109800
0.107200
0.110200
0.107100
0.109600
0.107000
0.113900
0.111200
0.113900
0.110500
0.115500
0.112000
0.115100
0.111600
0.114500
0.111300
0.113700
0.110700
0.113500
0.110000
0.113200
0.109900
0.112800
0.109000
0.111800
0.109200
0.111900
0.109000
0.114800
0.111300
0.114200
0.111100
0.115300
0.112100
0.115400
0.112400
0.115300
0.112200
0.114000
0.110200
0.112800
0.109100
0.112300
0.110400
0.112800
0.109700
0.113700
0.110300
0.113600
0.110200
0.113000
0.110600
0.112100
0.108300
0.113900
0.111600
0.114900
0.111000
0.114400
0.111400
0.113800
0.110900
0.115700
0.112000
0.115100
0.111700
0.114900
0.111500
0.114000
0.110800
0.112600
0.109600
0.112200
0.108500
0.110500
0.106800
0.110200
0.106300
0.107200
0.104400
0.107800
0.104700
0.105800
0.102200
0.104200
0.101700
0.104900
0.101600
0.106800
0.103500
0.103900
0.100100
0.105700
0.107700
0.103500
0.105000
0.101800
0.102800
0.099900
0.100800
0.097400
0.103400
0.100000
0.101700
0.098900
0.100700
0.097300
0.098100
0.095300
0.102100
0.108600
0.105900
0.111600
0.108200
0.111400
0.109000
0.111900
0.108200
0.111000
0.107300
0.111000
0.107200
0.110500
0.106600
0.109000
0.106000
0.109500
0.107600
0.109800
0.106900
0.109000
0.105200
0.108200
0.105000
0.107400
0.104300
0.111100
0.107800
0.109800
0.106700
0.111100
0.108100
0.111700
0.108000
0.111300
0.108300
0.110900
0.108200
0.110600
0.107700
0.111500
0.108800
0.112200
0.109000
0.111900
0.108600
0.111000
0.108400
0.111900
0.108300
0.110600
0.107000
0.111400
0.107700
0.110100
0.106200
0.109700
0.106000
0.108000
0.105100
0.110300
0.107100
0.109900
0.106300
0.112700
0.108600
0.110300
0.107400
0.113500
0.110500
0.113100
0.109700
0.116300
0.112900
0.116100
0.112900
0.116200
0.112900
0.115500
0.112100
0.114700
0.111200
0.114000
0.110200
0.112700
0.109700
0.111800
0.108600
0.113100
0.109700
0.113100
0.109800
0.112800
0.109100
0.115200
0.111700
0.113800
0.111000
0.114000
0.112200
0.115600
0.112200
0.115900
0.112200
0.115000
0.112000
0.113800
0.110200
0.114300
0.111100
0.113400
0.109400
0.112000
0.108900
0.110100
0.107500
0.109700
0.105800
0.108000
0.104100
0.110500
0.106200
0.107700
0.104500
0.109500
0.106900
0.109100
0.106300
0.112600
0.109600
0.112200
0.109600
0.116400
0.113200
0.117200
0.113700
0.117000
0.115300
0.117600
0.116100
0.122000
0.119700
0.122600
0.119100
0.114300
0.118200
0.114200
0.117700
0.113600
0.116100
0.113100
0.116600
0.113700
0.115900
0.112800
0.116100
0.112300
0.114500
0.111800
0.114600
0.111400
0.114400
0.110700
0.113600
0.109500
0.114200
0.110300
0.112200
0.108700
0.110100
0.106500
0.108300
0.104400
0.106300
0.102400
0.104300
0.102600
0.104500
0.102600
0.104100
0.102700
0.108000
0.105000
0.106900
0.103600
0.112700
0.117400
0.113700
0.117100
0.113300
0.117600
0.114200
0.116400
0.112600
0.115200
0.112300
0.114200
0.111200
0.114800
0.110800
0.112400
0.108100
0.110200
0.106700
0.107600
0.103800
0.108400
0.104400
0.106000
0.102100
0.107400
0.103400
0.106400
0.102300
0.103400
0.099400
0.098900
0.095100
0.097600
0.095300
0.101100
0.097800
0.100200
0.096700
0.097900
0.094000
0.095300
0.092500
0.095000
0.092500
0.096200
0.093800
0.098900
0.106900
0.112100
0.110700
0.113600
0.112600
0.115600
0.113800
0.117700
0.115500
0.118900
0.115500
0.118100
0.114500
0.116500
0.113300
0.114600
0.111300
0.116600
0.113600
0.115500
0.111600
0.106800
0.109000
0.104700
0.106600
0.103300
0.105700
0.102500
0.105100
0.101900
0.108000
0.104800
0.108000
0.104300
0.110600
0.106500
0.109100
0.106000
0.111600
0.108300
0.109500
0.106000
0.113300
0.109700
0.111800
0.109000
0.114200
0.109900
0.112400
0.109100
0.112200
0.109100
0.112100
0.108500
0.111200
0.107700
0.113000
0.109600
0.112000
0.110400
0.112700
0.111000
0.113700
0.111300
0.114700
0.111200
0.114200
0.110400
0.114100
0.110800
0.114600
0.111600
0.115400
0.112300
0.115500
0.111700
0.116100
0.111900
0.114200
0.111400
0.113100
0.109400
0.113500
0.109700
0.111600
0.108000
0.110800
0.107300
0.107900
0.105100
0.106900
0.103500
0.106100
0.102400
0.110800
0.114400
0.110800
0.113500
0.110500
0.114100
0.110200
0.112300
0.109400
0.111200
0.107800
0.110600
0.108200
0.112800
0.108700
0.110600
0.107300
0.109200
0.105500
0.107400
0.103800
0.106000
0.102500
0.106000
0.102600
0.108400
0.104100
0.105400
0.102500
0.107900
0.104900
0.106500
0.103000
0.107900
0.104200
0.105600
0.101900
0.107300
0.103400
0.105400
0.102700
0.108500
0.105200
0.106300
0.103500
0.108600
0.105400
0.112500
0.109100
0.114700
0.110900
0.113200
0.109300
0.113600
0.110100
0.111900
0.109700
0.114000
0.110500
0.113100
0.109700
0.112200
0.108600
0.112000
0.108800
0.111000
0.108000
0.110400
0.107100
0.115300
0.112200
0.115600
0.112400
0.115300
0.111400
0.113500
0.110000
0.110500
0.107200
0.108800
0.105100
0.107600
0.103700
0.108400
0.104400
0.105800
0.102800
0.105000
0.102200
0.109900
0.113300
0.109900
0.113100
0.110600
0.112900
0.110300
0.113200
0.109600
0.112100
0.108500
0.110800
0.107100
0.109600
0.106500
0.108900
0.106100
0.107900
0.104600
0.111100
0.109400
0.111000
0.106900
0.108900
0.105700
0.106400
0.103100
0.109400
0.105700
0.107300
0.103900
0.106700
0.102900
0.105100
0.101300
0.102400
0.099400
0.100700
0.097600
0.103900
0.107600
0.104000
0.105800
0.103100
0.110100
0.115000
0.111500
0.114100
0.110500
0.112800
0.109600
0.112700
0.110200
0.112900
0.109400
0.113800
0.110200
0.112900
0.108800
0.111100
0.107500
0.110200
0.107400
0.108900
0.105200
0.107600
0.103800
0.105800
0.101900
0.107500
0.103600
0.105100
0.102400
0.106800
0.104500
0.105500
0.103400
0.109300
0.106000
0.108800
0.105800
0.111500
0.107500
0.110600
0.106600
0.113500
0.109900
0.112100
0.109300
0.113400
0.110900
0.113800
0.110500
0.113000
0.109600
0.112600
0.109900
0.112400
0.109100
0.111400
0.107800
0.110500
0.107000
0.110900
0.107100
0.109000
0.106300
0.109600
0.106900
0.108900
0.106400
0.109400
0.106100
0.108600
0.104900
0.112100
0.108000
0.110400
0.107300
0.110600
0.108100
0.109700
0.105900
0.112500
0.108800
0.111200
0.107600
0.110200
0.106400
0.109100
0.106200
0.110400
0.107100
0.109800
0.106500
0.109600
0.106600
0.109500
0.106100
0.108400
0.104600
0.107200
0.104500
0.106700
0.103200
0.106100
0.104000
0.107300
0.105000
0.108400
0.106800
0.108600
0.105400
0.108000
0.104600
0.106700
0.103300
0.111500
0.114800
0.111600
0.114000
0.111100
0.114300
0.110700
0.114000
0.110400
0.113800
0.110300
0.112600
0.110100
0.114100
0.112600
0.116000
0.112600
0.116300
0.113100
0.116100
0.112200
0.115200
0.111900
0.114300
0.111400
0.114800
0.111200
0.114300
0.110900
0.114200
0.110500
0.113300
0.110800
0.112600
0.109500
0.112000
0.109000
0.112000
0.108700
0.114800
0.110900
0.113600
0.110800
0.113000
0.110000
0.114300
0.112100
0.115800
0.113000
0.115500
0.112600
0.115300
0.113400
0.116000
0.112600
0.115900
0.112500
0.116000
0.112700
0.116100
0.112700
0.116300
0.113900
0.115600
0.111900
0.120600
0.117000
0.119000
0.115200
0.111000
0.114900
0.111600
0.116300
0.112500
0.117800
0.114000
0.115500
0.111800
0.114100
0.110300
0.113600
0.109200
0.113800
0.111300
0.113400
0.109400
0.112500
0.108600
0.110900
0.106400
0.107800
0.104300
0.106000
0.103100
0.104400
0.101000
0.106100
0.102400
0.105000
0.101700
0.107500
0.103900
0.106700
0.103300
0.107700
0.105200
0.107200
0.104200
0.108300
0.105100
0.107100
0.104000
0.108900
0.105800
0.109500
0.106200
0.113300
0.109500
0.112500
0.109600
0.113200
0.110600
0.112300
0.108600
0.111400
0.108700
0.111800
0.108000
0.110400
0.107200
0.109200
0.106100
0.110700
0.107200
0.110000
0.106500
0.108700
0.105400
0.107700
0.105100
0.106800
0.104100
0.109900
0.106400
0.108400
0.105000
0.112100
0.108800
0.111400
0.108300
0.111400
0.108300
0.110200
0.107100
0.109800
0.106800
0.108700
0.105500
0.108900
0.107000
0.111200
0.107900
0.112200
0.109000
0.112500
0.110100
0.113200
0.109800
0.113600
0.110200
0.115100
0.111400
0.113600
0.109200
0.113000
0.109700
0.111500
0.108700
0.110400
0.106800
0.110900
0.107600
0.110300
0.106400
0.110500
0.106800
0.108200
0.105500
0.109500
0.105900
0.111500
0.108600
0.112700
0.109500
0.112000
0.108200
0.111700
0.108500
0.110300
0.107200
0.112700
0.109000
0.111700
0.108300
0.112900
0.109100
0.111700
0.108500
0.112400
0.109900
0.113700
0.110500
0.115300
0.112200
0.117200
0.113700
0.116200
0.113000
0.115700
0.112100
0.115100
0.111400
0.116000
0.112300
0.115100
0.112400
0.115700
0.112500
0.115700
0.112100
0.115400
0.111600
0.114500
0.111000
0.113000
0.109400
0.113700
0.109900
0.112200
0.108200
0.110900
0.108100
0.109400
0.106300
0.111600
0.108600
0.110800
0.107500
0.110600
0.106600
0.108400
0.105500
0.110200
0.107200
0.108600
0.105400
0.112300
0.109300
0.112100
0.108700
0.114700
0.111000
0.113400
0.109700
0.114800
0.111200
0.114000
0.110900
0.112200
0.107900
0.110900
0.107000
0.108800
0.104700
0.106500
0.103300
0.103800
0.100600
0.102600
0.099500
0.101400
0.098000
0.101000
0.097200
0.098700
0.095700
0.102600
0.110800
0.115300
0.111900
0.115000
0.112300
0.113100
0.109400
0.111200
0.107800
0.109600
0.105900
0.107800
0.104300
0.106600
0.105700
0.109500
0.105600
0.107500
0.103500
0.109500
0.105500
0.107600
0.104300
0.107300
0.103900
0.105700
0.102400
0.104400
0.102300
0.105300
0.101700
0.108900
0.104800
0.106000
0.103200
0.108900
0.106000
0.107100
0.103600
0.107700
0.104100
0.106700
0.103200
0.108100
0.104400
0.106200
0.103500
0.107600
0.104500
0.106700
0.103300
0.109000
0.105400
0.107700
0.104400
0.107700
0.104200
0.105800
0.102600
0.105900
0.104500
0.106800
0.103600
0.109300
0.106000
0.111300
0.108500
0.112500
0.109500
0.113400
0.109900
0.113800
0.110600
0.112800
0.110300
0.113000
0.109700
0.113100
0.110000
0.113100
0.109800
0.112500
0.110200
0.112600
0.110600
0.113000
0.110200
0.112900
0.109400
0.112800
0.108900
0.110700
0.107300
0.108900
0.105100
0.106500
0.102900
0.104600
0.101200
0.102600
0.099000
0.101200
0.097500
0.098800
0.096000
0.100200
0.097100
0.097500
0.094400
0.098200
0.095200
0.101000
0.106900
0.102600
0.104900
0.100900
0.104300
0.101500
0.103300
0.101700
0.106900
0.104300
0.105100
0.103200
0.108100
0.105400
0.106700
0.104400
0.107000
0.104600
0.106500
0.103600
0.108900
0.105600
0.107200
0.103900
0.107200
0.103900
0.105100
0.101700
0.108900
0.105500
0.107700
0.104900
0.108900
0.106600
0.111000
0.107200
0.113400
0.109600
0.112200
0.109600
0.113600
0.110100
0.112600
0.110000
0.113000
0.110600
0.113800
0.110300
0.112000
0.109300
0.113400
0.110300
0.114000
0.110400
0.115700
0.112200
0.116300
0.112900
0.115700
0.113500
0.115300
0.111900
0.116900
0.113600
0.116500
0.112600
0.117500
0.113900
0.116000
0.112900
0.114700
0.112400
0.116800
0.113300
0.116600
0.112700
0.115300
0.112400
0.113600
0.110500
0.112700
0.109500
0.111800
0.108300
0.112000
0.109000
0.112000
0.110600
0.113800
0.110600
0.113700
0.110500
0.113600
0.110000
0.113100
0.110400
0.113700
0.111100
0.114500
0.111200
0.114200
0.111000
0.115200
0.111500
0.114300
0.111500
0.115200
0.112000
0.114700
0.111000
0.114600
0.110900
0.113600
0.109700
0.111900
0.109100
0.111700
0.108600
0.113000
0.109900
0.112300
0.109900
0.110800
0.109100
0.111200
0.108600
0.111500
0.109000
0.111500
0.108300
0.109800
0.107900
0.109200
0.106400
0.109600
0.107700
0.110500
0.107900
0.109700
0.106400
0.108300
0.105700
0.106500
0.104600
0.108700
0.106300
0.111400
0.109700
0.111300
0.109200
0.112300
0.109200
0.113300
0.110000
0.111600
0.109600
0.112500
0.110600
0.112700
0.110300
0.112300
0.109200
0.112200
0.108900
0.111000
0.108100
0.110900
0.107300
0.110100
0.108100
0.113700
0.109800
0.112400
0.109500
0.112200
0.108600
0.111500
0.108000
0.110200
0.106700
0.109100
0.106000
0.108800
0.105500
0.108000
0.104500
0.109900
0.106300
0.108600
0.105000
0.111500
0.107700
0.109600
0.107300
0.113700
0.110600
0.113200
0.109600
0.113200
0.109700
0.112400
0.109000
0.112700
0.109400
0.112300
0.109300
0.111900
0.108500
0.111400
0.108600
0.112000
0.108800
0.113200
0.110600
0.113100
0.109800
0.113400
0.109900
0.112400
0.109000
0.112500
0.109200
0.111700
0.109600
0.111600
0.108400
0.110600
0.106900
0.111200
0.108700
0.114200
0.111700
0.116000
0.113400
0.117500
0.114800
0.118200
0.115100
0.118700
0.116700
0.118600
0.115500
0.118400
0.115200
0.118300
0.114800
0.117900
0.115300
0.117500
0.114500
0.119300
0.115800
0.118800
0.115100
0.110400
0.113800
0.110500
0.113100
0.109400
0.112200
0.108900
0.111100
0.108000
0.110700
0.107300
0.109900
0.106400
0.109000
0.105500
0.108700
0.106000
0.108000
0.105300
0.112400
0.109300
0.113200
0.109800
0.115000
0.111700
0.114800
0.111200
0.115300
0.112300
0.115000
0.112000
0.114400
0.111300
0.114700
0.111600
0.115000
0.111800
0.114800
0.111400
0.114000
0.110900
0.113400
0.109300
0.112300
0.108500
0.111400
0.107200
0.108700
0.105600
0.108400
0.105200
0.106200
0.102200
0.104300
0.101100
0.103800
0.100700
0.107000
0.103400
0.106000
0.102400
0.108200
0.105100
0.105800
0.102500
0.109400
0.105400
0.106800
0.103200
0.109400
0.105800
0.108400
0.106700
0.108700
0.105000
0.106200
0.102700
0.106700
0.103300
0.104900
0.101200
0.107300
0.103300
0.105500
0.104300
0.111400
0.108100
0.110700
0.107000
0.109200
0.106300
0.109000
0.105800
0.112500
0.109700
0.115800
0.113200
0.117200
0.113400
0.116300
0.112800
0.116500
0.113200
0.115100
0.112200
0.114400
0.110600
0.113500
0.110000
0.112200
0.108400
0.110400
0.107500
0.109100
0.105800
0.108700
0.105100
0.106700
0.103100
0.106400
0.103200
0.105100
0.102900
0.108600
0.112700
0.109300
0.112400
0.109900
0.113600
0.110500
0.113500
0.110400
0.113900
0.110100
0.112900
0.109200
0.112400
0.108700
0.112000
0.109100
0.111400
0.107900
0.109900
0.106200
0.109700
0.105500
0.106600
0.103700
0.109300
0.106300
0.108600
0.105100
0.113000
0.116800
0.112500
0.114500
0.111200
0.113400
0.110500
0.112800
0.109500
0.112200
0.109000
0.111700
0.107900
0.110100
0.107700
0.109200
0.106400
0.111700
0.108600
0.111000
0.107300
0.113300
0.109300
0.110800
0.107400
0.111900
0.108200
0.109200
0.105300
0.107900
0.103900
0.106400
0.101600
0.101500
0.098600
0.099500
0.096900
0.097300
0.094400
0.095500
0.093000
0.097600
0.101500
0.098400
0.099100
0.096100
0.099700
0.096300
0.098100
0.094800
0.101800
0.109400
0.106800
0.110800
0.108200
0.111600
0.108600
0.112900
0.109700
0.113500
0.109300
0.111200
0.108300
0.115900
0.112700
0.117100
0.113500
0.115900
0.111900
0.114200
0.110900
0.113300
0.110000
0.112000
0.108300
0.110800
0.106600
0.108200
0.105100
0.107800
0.104900
0.106200
0.102800
0.107200
0.103500
0.105700
0.102300
0.106900
0.102900
0.105200
0.102100
0.107100
0.104200
0.105200
0.101200
0.108000
0.104100
0.106300
0.103300
0.107600
0.104900
0.108700
0.107100
0.109900
0.107200
0.109600
0.106000
0.110000
0.106500
0.109800
0.108500
0.113800
0.110600
0.112500
0.108800
0.114900
0.111500
0.113600
0.109900
0.113600
0.109900
0.111900
0.109000
0.110700
0.107400
0.110800
0.107100
0.111100
0.107400
0.110400
0.107700
0.109100
0.106200
0.112100
0.109900
0.113000
0.109400
0.111900
0.107800
0.110100
0.106900
0.110400
0.107600
0.109600
0.106300
0.111000
0.107300
0.109700
0.106900
0.111500
0.108600
0.110500
0.108800
0.113200
0.111200
0.113200
0.111300
0.116200
0.112500
0.115800
0.112300
0.114500
0.111700
0.114800
0.112200
0.114500
0.111300
0.114200
0.110500
0.112700
0.109700
0.112200
0.109000
0.111700
0.108300
0.112000
0.108400
0.111400
0.107400
0.111200
0.108300
0.111200
0.108500
0.110900
0.107900
0.110700
0.108800
0.111500
0.109000
0.112600
0.111400
0.114500
0.112400
0.117300
0.115500
0.118400
0.115600
0.119100
0.116400
0.119900
0.116300
0.119000
0.116000
0.119900
0.116800
0.119800
0.116000
0.117900
0.113800
0.108900
0.112500
0.109200
0.112100
0.108500
0.110600
0.108100
0.109800
0.107500
0.108900
0.105300
0.112300
0.108800
0.111100
0.107100
0.110900
0.107600
0.109200
0.106500
0.113200
0.111100
0.114700
0.112600
0.116100
0.112200
0.114100
0.111200
0.113500
0.109800
0.113300
0.109700
0.112600
0.108500
0.111100
0.108000
0.112300
0.109300
0.111400
0.107900
0.110300
0.106900
0.110100
0.106100
0.107800
0.105500
0.108200
0.104900
0.109500
0.106200
0.110200
0.107300
0.112700
0.109700
0.113300
0.109800
0.113500
0.110400
0.113000
0.108900
0.110300
0.106500
0.109500
0.105800
0.107600
0.103500
0.107200
0.103900
0.104900
0.102800
0.107100
0.104600
0.105700
0.103400
0.106600
0.104300
0.106000
0.103200
0.109400
0.106500
0.108700
0.105700
0.110800
0.107900
0.109300
0.106100
0.112200
0.108500
0.111700
0.108500
0.113100
0.109800
0.113100
0.109900
0.113700
0.110500
0.112400
0.109200
0.111000
0.108800
0.113000
0.109800
0.112600
0.108900
0.114200
0.110600
0.112500
0.110000
0.112300
0.109000
0.111800
0.108800
0.111600
0.108200
0.110600
0.107800
0.111400
0.108500
0.110800
0.107300
0.111800
0.108800
0.111600
0.108700
0.114800
0.111600
0.114700
0.111500
0.115200
0.112600
0.115600
0.112100
0.115200
0.111600
0.114900
0.111100
0.113700
0.110700
0.114000
0.111000
0.114000
0.110600
0.113500
0.109600
0.111700
0.108800
0.111600
0.108700
0.111100
0.107400
0.112600
0.109000
0.111100
0.107200
0.111600
0.107500
0.109800
0.106700
0.108800
0.105300
0.108200
0.106500
0.111700
0.108200
0.111900
0.108300
0.111000
0.108400
0.111800
0.108500
0.111900
0.108700
0.111900
0.109000
0.113900
0.110900
0.112800
0.109400
0.112500
0.109100
0.112100
0.108400
0.112600
0.108900
0.111800
0.109000
0.110700
0.108100
0.111400
0.108300
0.111300
0.108300
0.114300
0.110300
0.113000
0.109200
0.111500
0.108400
0.110800
0.107400
0.116100
0.113000
0.114900
0.111600
0.113500
0.110700
0.113600
0.110600
0.113100
0.111400
0.115000
0.112900
0.115800
0.112300
0.115000
0.112200
0.114800
0.111800
0.117500
0.113700
0.117300
0.113800
0.116600
0.113700
0.115000
0.111400
0.113800
0.110400
0.114700
0.112100
0.116200
0.113200
0.115800
0.112600
0.115900
0.112400
0.116000
0.112200
0.114600
0.111800
0.115100
0.111600
0.114500
0.110600
0.116900
0.113500
0.116300
0.112200
0.114000
0.111400
0.113300
0.110200
0.112900
0.109500
0.112100
0.108400
0.110200
0.107200
0.109100
0.105200
0.111600
0.108300
0.114100
0.110700
0.112800
0.109400
0.112000
0.108200
0.110100
0.106700
0.108400
0.104900
0.106000
0.103600
0.109200
0.105800
0.107900
0.104000
0.110900
0.107000
0.108500
0.105600
0.111700
0.108700
0.111000
0.107500
0.112400
0.110200
0.113300
0.110000
0.114200
0.111000
0.113500
0.111300
0.114300
0.112300
0.115800
0.112400
0.114800
0.111100
0.114500
0.111300
0.112900
0.109900
0.113900
0.110400
0.115700
0.112300
0.115200
0.111700
0.114300
0.111600
0.114000
0.111200
0.113200
0.109900
0.115700
0.112400
0.115900
0.112000
0.116200
0.113900
0.117000
0.113900
0.116200
0.112500
0.116100
0.112600
0.115100
0.112700
0.115300
0.112000
0.115000
0.111900
0.115700
0.112200
0.115000
0.112000
0.115500
0.112300
0.114800
0.111300
0.114300
0.110700
0.114000
0.110400
0.112900
0.110100
0.113100
0.110300
0.112700
0.109600
0.114200
0.111300
0.113600
0.110600
0.113900
0.110700
0.113400
0.110900
0.114000
0.111000
0.113900
0.110200
0.114000
0.109800
0.112100
0.108900
0.112700
0.109500
0.111800
0.108500
0.111100
0.107300
0.110500
0.107000
0.108700
0.106100
0.108600
0.106500
0.109600
0.107800
0.112900
0.109400
0.114300
0.112200
0.115300
0.111600
0.114300
0.110700
0.114100
0.110200
0.113200
0.110000
0.115200
0.112100
0.113700
0.110300
0.114700
0.111400
0.114000
0.110600
0.112900
0.110500
0.113000
0.109900
0.113000
0.110100
0.115100
0.111500
0.114100
0.111000
0.113700
0.110000
0.112900
0.109800
0.113300
0.110000
0.111800
0.109200
0.111900
0.109600
0.112000
0.108900
0.115800
0.111900
0.114500
0.110800
0.115100
0.111800
0.115100
0.112600
0.114600
0.111000
0.113500
0.109800
0.112000
0.108200
0.110300
0.107200
0.110200
0.107600
0.110100
0.107500
0.110800
0.107300
0.109900
0.106300
0.109300
0.105800
0.109300
0.106600
0.108800
0.107400
0.114100
0.111500
0.114000
0.110400
0.114600
0.110800
0.114400
0.110800
0.113900
0.111600
0.114700
0.112500
0.116600
0.113000
0.116300
0.113000
0.115800
0.113700
0.117200
0.114000
0.116500
0.113300
0.116800
0.113100
0.116000
0.111800
0.113400
0.110100
0.113200
0.109100
0.112000
0.108300
0.111700
0.107900
0.110000
0.107100
0.109100
0.105400
0.110500
0.107000
0.109400
0.105800
0.109500
0.106500
0.110500
0.108100
0.110800
0.108600
0.112300
0.108800
0.111500
0.107800
0.110100
0.107200
0.110100
0.107700
0.110700
0.107200
0.110200
0.107000
0.114100
0.110800
0.114600
0.111300
0.117700
0.114300
0.116500
0.113800
0.115800
0.112300
0.114600
0.111200
0.114500
0.110500
0.112700
0.109700
0.112000
0.108500
0.111200
0.107400
0.109800
0.105900
0.108400
0.105000
0.107300
0.104100
0.109900
0.106300
0.108300
0.105800
0.110300
0.106400
0.107800
0.104600
0.107200
0.103900
0.105800
0.101800
0.108600
0.105000
0.107100
0.104300
0.106900
0.103500
0.106100
0.103000
0.106200
0.103200
0.105800
0.102600
0.105700
0.102300
0.108700
0.105300
0.109400
0.105800
0.108500
0.105200
0.108000
0.105900
0.108400
0.106000
0.108200
0.106200
0.110400
0.107600
0.112800
0.109600
0.114000
0.110100
0.112800
0.109000
0.110500
0.106500
0.107700
0.104400
0.105200
0.101700
0.102100
0.098400
0.102000
0.098000
0.099500
0.095900
0.099700
0.096000
0.097300
0.094000
0.099100
0.095300
0.099500
0.106400
0.102800
0.106900
0.103500
0.106400
0.104300
0.106800
0.103700
0.106500
0.104000
0.106400
0.104000
0.109200
0.106600
0.109400
0.106300
0.113800
0.110400
0.113300
0.110500
0.115600
0.112100
0.115800
0.111700
0.113500
0.110700
0.112600
0.109400
0.112300
0.109100
0.112200
0.108900
0.111400
0.108400
0.110400
0.107000
0.109700
0.106200
0.110700
0.109400
0.115900
0.113200
0.116000
0.112800
0.116000
0.112400
0.116400
0.112900
0.115600
0.113300
0.116100
0.112700
0.115400
0.111800
0.115800
0.112200
0.114600
0.111000
0.112700
0.109600
0.113600
0.110000
0.112800
0.109100
0.113200
0.109400
0.112200
0.109000
0.111500
0.107900
0.112200
0.109200
0.115900
0.112400
0.115400
0.111900
0.114100
0.110700
0.112900
0.109700
0.112300
0.108800
0.112100
0.108300
0.111500
0.107800
0.111200
0.108100
0.109700
0.106200
0.110600
0.108300
0.111200
0.107600
0.112300
0.108300
0.110100
0.107200
0.109900
0.106400
0.112200
0.108900
0.112600
0.109400
0.112300
0.108400
0.112800
0.109800
0.113500
0.112500
0.115800
0.113000
0.116900
0.113700
0.116900
0.113600
0.117700
0.115100
0.117400
0.115100
0.117600
0.114600
0.121200
0.117600
0.120600
0.116800
0.112000
0.114400
0.110500
0.113900
0.110900
0.113800
0.111100
0.114600
0.111700
0.113900
0.110300
0.112900
0.110400
0.113600
0.112100
0.115500
0.112600
0.116600
0.113200
0.115800
0.113200
0.116400
0.113100
0.116600
0.113700
0.117500
0.114100
0.117300
0.114900
0.117900
0.114900
0.118100
