0.014200
0.014200
0.014200
0.014100
0.014100
0.014000
0.014000
0.013900
0.013800
0.013700
0.013600
0.013600
0.013500
0.013400
0.013500
0.013500
0.013400
0.013500
0.013500
0.013600
0.013700
0.013700
0.013600
0.013600
0.013600
0.013600
0.013600
0.013600
0.013700
0.013700
0.013700
0.013600
0.013600
0.013600
0.013700
0.013700
0.013700
0.013700
0.013800
0.013800
0.013700
0.013800
0.013800
0.013900
0.013900
0.014000
0.014000
0.014100
0.014100
0.014100
0.014100
0.014200
0.014200
0.014400
0.014400
0.014300
0.014400
0.014300
0.014300
0.014300
0.014300
0.014300
0.014300
0.014200
0.014300
0.014300
0.014300
0.014200
0.014200
0.014200
0.014200
0.014100
0.014100
0.014000
0.014000
0.014000
0.013900
0.014100
0.014000
0.014000
0.014100
0.014000
0.014000
0.014000
0.014100
0.014200
0.014200
0.014200
0.014200
0.014200
0.014200
0.014200
0.014300
0.014300
0.014300
0.014300
0.014300
0.014300
0.014300
0.014200
0.014200
0.014300
0.014200
0.014300
0.014200
0.014300
0.014200
0.014200
0.014200
0.014100
0.014100
0.014100
0.014300
0.014300
0.014300
0.014300
0.014400
0.014400
0.014400
0.014500
0.014500
0.014500
0.014600
0.014600
0.014900
0.014900
0.015000
0.015100
0.015100
0.015000
0.015000
0.015000
0.015000
0.014900
0.014800
0.014800
0.014800
0.014700
0.014700
0.014600
0.014800
0.014700
0.014700
0.014600
0.014600
0.014500
0.014400
0.014300
0.014200
0.014100
0.014100
0.014200
0.014200
0.014200
0.014200
0.014200
0.014200
0.014200
0.014200
0.014200
0.014100
0.014100
0.014100
0.014100
0.014000
0.014000
0.014000
0.013900
0.013900
0.014000
0.014000
0.013900
0.013900
0.013800
0.013700
0.013700
0.013600
0.013600
0.013500
0.013500
0.013500
0.013600
0.013700
0.013700
0.013700
0.013800
0.013800
0.013700
0.013800
0.013800
0.013900
0.013900
0.013900
0.014000
0.014000
0.014300
0.014300
0.014300
0.014300
0.014300
0.014300
0.014300
0.014200
0.014200
0.014200
0.014200
0.014400
0.014400
0.014400
0.014300
0.014300
0.014300
0.014300
0.014300
0.014300
0.014200
0.014200
0.014200
0.014200
0.014200
0.014100
0.014000
0.013900
0.013900
0.013900
0.013900
0.014000
0.014000
0.014000
0.014000
0.014000
0.014100
0.014000
0.014000
0.014000
0.014100
0.014200
0.014100
0.014100
0.014100
0.014100
0.014200
0.014200
0.014300
0.014500
0.014700
0.014800
0.014900
0.014900
0.015000
0.015100
0.015200
0.015200
0.015100
0.015100
0.015100
0.015100
0.015100
0.015100
0.015000
0.015000
0.015000
0.015000
0.014900
0.014900
0.014900
0.014900
0.014900
0.014800
0.014800
0.014800
0.014800
0.014700
0.014600
0.014500
0.014500
0.014500
0.014400
0.014300
0.014100
0.014000
0.013900
0.013800
0.013700
0.013700
0.014000
0.014000
0.014000
0.014000
0.014000
0.014000
0.014000
0.014000
0.014100
0.014100
0.014100
0.014100
0.014200
0.014100
0.014200
0.014200
0.014300
0.014300
0.014200
0.014200
0.014200
0.014400
0.014400
0.014400
0.014400
0.014400
0.014400
0.014400
0.014400
0.014400
0.014400
0.014400
0.014300
0.014500
0.014600
0.014700
0.014800
0.014900
0.014900
0.014900
0.014900
0.014900
0.015000
0.014900
0.014900
0.014800
0.014700
0.014700
0.014600
0.014500
0.014400
0.014300
0.014300
0.014300
0.014300
0.014300
0.014300
0.014400
0.014500
0.014500
0.014600
0.014600
0.014500
0.014500
0.014500
0.014500
0.014500
0.014500
0.014500
0.014400
0.014400
0.014400
0.014400
0.014300
0.014300
0.014300
0.014300
0.014200
0.014200
0.014200
0.014200
0.014200
0.014200
0.014100
0.014200
0.014200
0.014200
0.014200
0.014200
0.014200
0.014300
0.014300
0.014400
0.014300
0.014300
0.014300
0.014300
0.014300
0.014300
0.014200
0.014200
0.014200
0.014200
0.014200
0.014300
0.014400
0.014500
0.014600
0.014600
0.014700
0.014700
0.014700
0.014700
0.014800
0.014800
0.014800
0.014900
0.015000
0.015100
0.015000
0.014900
0.014900
0.014800
0.014800
0.014700
0.014700
0.014800
0.014800
0.014800
0.014700
0.014600
0.014700
0.014700
0.014600
0.014500
0.014400
0.014300
0.014200
0.014200
0.014200
0.014100
0.014100
0.014200
0.014100
0.014100
0.014200
0.014200
0.014200
0.014200
0.014200
0.014500
0.014500
0.014400
0.014400
0.014400
0.014400
0.014500
0.014500
0.014500
0.014600
0.014600
0.014500
0.014400
0.014400
0.014400
0.014300
0.014300
0.014200
0.014200
0.014100
0.014100
0.014100
0.014200
0.014200
0.014200
0.014100
0.014200
0.014200
0.014200
0.014200
0.014200
0.014300
0.014300
0.014200
0.014200
0.014200
0.014200
0.014200
0.014300
0.014300
0.014300
0.014200
0.014200
0.014200
0.014200
0.014200
0.014100
0.014100
0.014200
0.014200
0.014100
0.014200
0.014200
0.014200
0.014200
0.014200
0.014200
0.014200
0.014100
0.014300
0.014300
0.014200
0.014100
0.014000
0.014100
0.014000
0.013900
0.013800
0.014000
0.014100
0.014100
0.014100
0.014200
0.014200
0.014200
0.014300
0.014300
0.014400
0.014400
0.014500
0.014500
0.014500
0.014600
0.014700
0.014700
0.014700
0.014800
0.014900
0.014900
0.014800
0.014800
0.014700
0.014700
0.014600
0.014600
0.014500
0.014400
0.014300
0.014200
0.014400
0.014300
0.014200
0.014100
0.014000
0.014000
0.014000
0.014100
0.014200
0.014200
0.014300
0.014400
0.014400
0.014500
0.014400
0.014300
0.014300
0.014200
0.014200
0.014100
0.014100
0.014100
0.014100
0.014100
0.014000
0.014000
0.014000
0.014000
0.014000
0.014000
0.014100
0.014100
0.014300
0.014400
0.014500
0.014600
0.014700
0.014700
0.014700
0.014800
0.014900
0.014900
0.014900
0.014900
0.014900
0.014900
0.014800
0.014700
0.014600
0.014600
0.014500
0.014400
0.014400
0.014400
0.014400
0.014500
0.014400
0.014400
0.014400
0.014400
0.014400
0.014400
0.014400
0.014400
0.014400
0.014300
0.014300
0.014400
0.014400
0.014400
0.014500
0.014500
0.014600
0.014700
0.014800
0.014800
0.014800
0.014800
0.014800
0.014800
0.014700
0.014600
0.014600
0.014600
0.014600
0.014500
0.014400
0.014300
0.014200
0.014100
0.013900
0.013900
0.014000
0.014200
0.014100
0.014100
0.014200
0.014200
0.014300
0.014300
0.014300
0.014300
0.014500
0.014600
0.014600
0.014600
0.014500
0.014500
0.014400
0.014400
0.014400
0.014300
0.014300
0.014300
0.014200
0.014100
0.014000
0.013900
0.013900
0.013900
0.013900
0.013900
0.013900
0.013900
0.014000
0.013900
0.014000
0.014000
0.014200
0.014100
0.014200
0.014300
0.014500
0.014600
0.014700
0.014800
0.014800
0.014900
0.014800
0.014700
0.014600
0.014600
0.014500
0.014400
0.014200
0.014200
0.014000
0.013900
0.013700
0.013800
0.013800
0.013800
0.013800
0.013800
0.013800
0.013800
0.013900
0.013900
0.013700
0.013700
0.013600
0.013800
0.013700
0.013900
0.013800
0.013800
0.013900
0.013900
0.013900
0.013900
0.013900
0.014000
0.014000
0.014000
0.013900
0.013900
0.013800
0.013800
0.013700
0.013700
0.013800
0.013800
0.013800
0.013700
0.013700
0.013600
0.013600
0.013700
0.013600
0.013600
0.013600
0.013600
0.013800
0.013800
0.013800
0.014000
0.014000
0.014000
0.014000
0.014100
0.014300
0.014300
0.014300
0.014400
0.014300
0.014300
0.014300
0.014200
0.014200
0.014200
0.014100
0.014200
0.014200
0.014100
0.014200
0.014300
0.014300
0.014300
0.014200
0.014300
0.014200
0.014200
0.014200
0.014200
0.014200
0.014200
0.014200
0.014200
0.014100
0.014200
0.014200
0.014200
0.014200
0.014200
0.014200
0.014300
0.014400
0.014300
0.014300
0.014300
0.014300
0.014300
0.014200
0.014200
0.014100
0.014200
0.014100
0.014100
0.013900
0.013900
0.014000
0.014100
0.014100
0.014200
0.014200
0.014200
0.014200
0.014200
0.014200
0.014300
0.014300
0.014300
0.014200
0.014200
0.014300
0.014300
0.014200
0.014200
0.014200
0.014200
0.014200
0.014200
0.014300
0.014300
0.014300
0.014300
0.014300
0.014300
0.014300
0.014400
0.014500
0.014500
0.014500
0.014500
0.014500
0.014600
0.014700
0.014700
0.014800
0.014800
0.014800
0.014900
0.014900
0.015000
0.015000
0.014900
0.015000
0.015000
0.015100
0.015000
0.014900
0.014900
0.014900
0.014800
0.014800
0.014800
0.014800
0.014800
0.014700
0.014700
0.014600
0.014600
0.014400
0.014300
0.014400
0.014300
0.014300
0.014100
0.014000
0.014000
0.014000
0.014100
