0.124700
0.127500
0.125600
0.123100
0.124700
0.122800
0.121400
0.122200
0.120200
0.121400
0.120100
0.121600
0.120300
0.118000
0.119100
0.116900
0.120800
0.119700
0.121500
0.121500
0.123200
0.123400
0.124500
0.123300
0.126900
0.125300
0.127900
0.126700
0.125000
0.127300
0.126200
0.124300
0.127400
0.127100
0.130000
0.129800
0.132200
0.130600
0.128200
0.129500
0.127600
0.125200
0.126100
0.124200
0.121700
0.123500
0.121400
0.119200
0.120100
0.118800
0.121600
0.119900
0.119800
0.119600
0.119800
0.119200
0.120700
0.118800
0.121000
0.119500
0.117700
0.120500
0.120500
0.121100
0.119700
0.121400
0.119900
0.121700
0.120100
0.117100
0.118200
0.116200
0.114000
0.114800
0.113200
0.114600
0.112800
0.112300
0.112400
0.113000
0.112700
0.112700
0.111300
0.113400
0.111900
0.114000
0.116500
0.119300
0.118100
0.120200
0.118400
0.120300
0.119000
0.119400
0.119200
0.119200
0.118100
0.119400
0.117500
0.118800
0.117000
0.114400
0.115300
0.113000
0.115300
0.114700
0.116800
0.116000
0.117800
0.118000
0.119000
0.118200
0.120400
0.119300
0.121900
0.121600
0.123800
0.125100
0.127500
0.128900
0.131200
0.130500
0.133000
0.131200
0.129600
0.130900
0.128600
0.126400
0.127600
0.125500
0.124200
0.125200
0.123200
0.126700
0.125600
0.127400
0.126000
0.124500
0.126700
0.125000
0.124000
0.126100
0.124400
0.128600
0.127200
0.130800
0.130900
0.128700
0.130000
0.129400
0.128800
0.131400
0.130200
0.128400
0.131100
0.129800
0.128500
0.131500
0.130900
0.134000
0.132500
0.131700
0.131900
0.130700
0.130100
0.130400
0.128800
0.127900
0.128100
0.126500
0.126100
0.128300
0.127900
0.128400
0.127200
0.129200
0.127800
0.125300
0.127100
0.125700
0.123600
0.126000
0.124200
0.122400
0.123500
0.122300
0.124200
0.123200
0.125100
0.124100
0.126200
0.125500
0.126400
0.127500
0.128600
0.127000
0.129000
0.127300
0.125800
0.127600
0.126400
0.128900
0.127500
0.125200
0.126900
0.125600
0.123300
0.125500
0.124200
0.121900
0.123500
0.124200
0.127100
0.126900
0.129500
0.128500
0.127300
0.129800
0.128500
0.127700
0.130400
0.129700
0.132600
0.131700
0.130100
0.133400
0.132200
0.130300
0.133500
0.133100
0.131300
0.132200
0.130700
0.128900
0.128100
0.126100
0.124000
0.123400
0.121100
0.118800
0.118800
0.117600
0.118400
0.117100
0.114600
0.114800
0.113300
0.111100
0.111000
0.109600
0.111000
0.111200
0.121300
0.125200
0.125700
0.126100
0.125800
0.124800
0.127600
0.125600
0.124100
0.125600
0.124100
0.125800
0.124100
0.122300
0.123700
0.121800
0.120000
0.121800
0.120000
0.122000
0.120800
0.121600
0.122400
0.123000
0.122200
0.123400
0.121600
0.123400
0.122000
0.120600
0.123700
0.121900
0.124600
0.123400
0.123700
0.124000
0.125200
0.125000
0.125300
0.124400
0.125200
0.124300
0.126200
0.124800
0.122900
0.124600
0.122700
0.120700
0.121500
0.119200
0.120600
0.118800
0.116600
0.117600
0.116200
0.117600
0.119200
0.123200
0.122900
0.124000
0.123300
0.125400
0.125100
0.128000
0.126800
0.128400
0.131800
0.132300
0.132100
0.134800
0.133200
0.132300
0.132800
0.130700
0.130500
0.131500
0.129800
0.128800
0.129600
0.127700
0.127000
0.127400
0.127400
0.131300
0.130000
0.129400
0.131100
0.130800
0.129200
0.130000
0.129600
0.130400
0.129900
0.128900
0.129200
0.130300
0.131800
0.130000
0.129800
0.131100
0.129600
0.129200
0.129400
0.128700
0.131500
0.130100
0.128200
0.131100
0.131000
0.134100
0.132600
0.129800
0.132000
0.130600
0.133700
0.131700
0.130700
0.132100
0.130800
0.129300
0.130400
0.128600
0.127700
0.129000
0.127300
0.130100
0.128900
0.127500
0.129600
0.128300
0.126600
0.129900
0.127500
0.126000
0.126200
0.123800
0.126300
0.124600
0.122900
0.125000
0.123500
0.125700
0.124000
0.122100
0.123100
0.121400
0.123300
0.121600
0.119500
0.121100
0.120000
0.122800
0.122700
0.128700
0.129000
0.129700
0.129800
0.131900
0.131200
0.134000
0.133000
0.131200
0.133700
0.132800
0.131400
0.134500
0.133100
0.130400
0.130800
0.128800
0.127800
0.130000
0.127100
0.123900
0.124600
0.122000
0.119300
0.120700
0.119100
0.120600
0.118800
0.115900
0.116800
0.114900
0.112700
0.114400
0.112600
0.113800
0.113000
0.114100
0.115200
0.117700
0.116300
0.116100
0.116800
0.119600
0.119800
0.120500
0.119300
0.122200
0.120600
0.123800
0.124100
0.125900
0.125600
0.125400
0.124100
0.122100
0.121800
0.123100
0.124400
0.122900
0.125000
0.123400
0.121600
0.124700
0.125700
0.126200
0.125300
0.127300
0.125800
0.124000
0.126300
0.124500
0.123200
0.124400
0.123300
0.125000
0.123700
0.121400
0.123500
0.123300
0.120700
0.122800
0.121000
0.122900
0.122300
0.122600
0.123400
0.125300
0.124800
0.126100
0.126400
0.127600
0.126900
0.125300
0.125100
0.124600
0.125100
0.123600
0.124600
0.124100
0.121600
0.122400
0.121200
0.122300
0.121900
0.121500
0.121600
0.122100
0.121300
0.122700
0.121300
0.118900
0.120700
0.121500
0.122700
0.123700
0.124000
0.123700
0.124900
0.124700
0.125400
0.124700
0.122200
0.123600
0.122200
0.119300
0.120100
0.119700
0.119900
0.119500
0.119200
0.119200
0.119300
0.118500
0.119500
0.118400
0.119900
0.119500
0.120100
0.119300
0.120000
0.118300
0.116000
0.116900
0.115700
0.117800
0.117800
0.119800
0.119700
0.120900
0.119400
0.122000
0.120700
0.122000
0.121600
0.123100
0.123600
0.124700
0.124000
0.125600
0.123700
0.122000
0.127300
0.127300
0.128000
0.126500
0.128900
0.127000
0.125300
0.128800
0.127500
0.129700
0.128100
0.125500
0.127400
0.125700
0.123800
0.126200
0.124500
0.122900
0.125700
0.124300
0.127000
0.126300
0.124800
0.126300
0.123700
0.121200
0.121700
0.120300
0.119800
0.117700
0.118300
0.116900
0.117300
0.115200
0.111600
0.112400
0.109100
0.105100
0.104600
0.101500
0.098000
0.098000
0.117000
0.117300
0.119300
0.116800
0.115100
0.116100
0.114300
0.116800
0.115500
0.116700
0.116000
0.118000
0.118200
0.123900
0.123200
0.123500
0.126000
0.127600
0.127100
0.129500
0.128300
0.126900
0.130200
0.128900
0.131300
0.130300
0.128400
0.130100
0.127900
0.124800
0.126500
0.124900
0.127600
0.127900
0.131100
0.130800
0.129300
0.133100
0.132200
0.130700
0.133200
0.131900
0.130800
0.134100
0.133300
0.137400
0.136000
0.133900
0.135600
0.133400
0.130700
0.131700
0.129900
0.126500
0.127100
0.125200
0.122700
0.123900
0.122200
0.119700
0.122000
0.119600
0.116900
0.117900
0.115300
0.113800
0.115000
0.114400
0.119500
0.118400
0.121100
0.120200
0.120600
0.119400
0.117000
0.118800
0.117300
0.121900
0.120700
0.120000
0.122700
0.123800
0.122400
0.124900
0.125100
0.126700
0.125200
0.123600
0.123800
0.123000
0.124000
0.122600
0.120800
0.122400
0.121100
0.122400
0.122400
0.124700
0.126000
0.126900
0.126500
0.126100
0.123200
0.122000
0.122700
0.120700
0.122900
0.120800
0.118100
0.119000
0.120700
0.121100
0.119100
0.120300
0.118700
0.122200
0.121300
0.123100
0.122800
0.123300
0.122200
0.123900
0.122200
0.124400
0.122800
0.121000
0.122300
0.120700
0.123100
0.123200
0.124000
0.124400
0.125200
0.123700
0.126200
0.124300
0.122700
0.124300
0.122300
0.124300
0.122600
0.120600
0.122800
0.121300
0.118800
0.124000
0.122900
0.124300
0.122200
0.120500
0.122500
0.121000
0.122600
0.120800
0.118300
0.121500
0.121200
0.124000
0.123200
0.126100
0.124700
0.123000
0.125000
0.123500
0.122200
0.123600
0.122100
0.125400
0.123700
0.124300
0.124400
0.124800
0.124500
0.126100
0.124300
0.123300
0.124300
0.122400
0.124400
0.122900
0.120800
0.124200
0.122500
0.124400
0.124200
0.130200
0.129000
0.127300
0.129800
0.128300
0.126800
0.128600
0.126700
0.126300
0.127400
0.125200
0.128100
0.126300
0.124400
0.125800
0.124000
0.121700
0.122400
0.119600
0.116900
0.119200
0.117900
0.119700
0.117800
0.115900
0.118300
0.116600
0.118500
0.116900
0.118200
0.117700
0.118100
0.117900
0.119800
0.118000
0.119500
0.120200
0.122900
0.122300
0.123300
0.123100
0.124800
0.122700
0.121400
0.121400
0.120500
0.122700
0.121200
0.123400
0.122700
0.124600
0.123000
0.125900
0.124600
0.122600
0.125300
0.124000
0.122100
0.124900
0.123800
0.127200
0.125300
0.122200
0.128200
0.127400
0.128100
0.128200
0.129100
0.129700
0.130700
0.129300
0.131200
0.130100
0.127900
0.130000
0.128600
0.127200
0.128800
0.126500
0.123400
0.124400
0.123300
0.125500
0.123700
0.121500
0.123600
0.122400
0.120700
0.123700
0.123000
0.124600
0.124100
0.127000
0.127900
0.128100
0.126700
0.128600
0.127000
0.129500
0.127400
0.125600
0.126100
0.124100
0.125500
0.122600
0.119300
0.119400
0.116700
0.113800
0.113500
0.112000
0.113900
0.113500
0.114800
0.114500
0.116300
0.116400
0.116700
0.115500
0.116000
0.114800
0.116600
0.114500
0.115800
0.114500
0.116100
0.114300
0.114200
0.113500
0.114200
0.113500
0.114700
0.114000
0.116400
0.114600
0.116700
0.115100
0.117800
0.116400
0.116500
0.116200
0.117000
0.115200
0.116800
0.116700
0.118200
0.118400
0.119200
0.119200
0.120300
0.119700
0.121600
0.120700
0.123600
0.122700
0.124500
0.125000
0.127600
0.127500
0.129900
0.129300
0.132200
0.131300
0.129700
0.132700
0.130900
0.128600
0.130200
0.128100
0.125700
0.127900
0.126200
0.124300
0.130400
0.130700
0.131000
0.129500
0.128700
0.129400
0.128400
0.130400
0.128600
0.128000
0.129000
0.127400
0.126800
0.127200
0.125900
0.129200
0.128400
0.126400
0.129000
0.127500
0.126200
0.130000
0.128300
0.131200
0.130000
0.127600
0.130200
0.128400
0.126100
0.129100
0.127300
0.125200
0.126900
0.125300
0.124400
0.126100
0.124700
0.127100
0.125100
0.122900
0.125600
0.124000
0.126100
0.126100
0.127200
0.127500
0.129300
0.128100
0.131700
0.131300
0.130100
0.134100
0.134700
0.132200
0.131800
0.131300
0.133600
0.132200
0.132100
0.133100
0.132900
0.135400
0.133600
0.131100
0.132100
0.130200
0.127600
0.128400
0.126200
0.123500
0.126400
0.126900
0.130400
0.129200
0.126200
0.129000
0.126400
0.123400
0.124300
0.123600
0.124200
0.122300
0.123200
0.121000
0.117700
0.117800
0.115900
0.112900
0.113900
0.110900
0.107600
0.109200
0.106300
0.111900
0.111600
0.113400
0.111300
0.112300
0.111100
0.110900
0.109800
0.109600
0.108300
0.111900
0.111200
0.112200
0.112000
0.112300
0.110900
0.113900
0.113900
0.115900
0.114300
0.116000
0.116700
0.119100
0.119400
0.120300
0.120000
0.121200
0.119900
0.122600
0.121100
0.122400
0.121600
0.118600
0.120200
0.118300
0.120800
0.119100
0.123500
0.121700
0.122900
0.122500
0.123200
0.122200
0.123900
0.122500
0.124600
0.123400
0.121600
0.124000
0.122700
0.121200
0.124300
0.122900
0.125700
0.124600
0.122900
0.125100
0.123700
0.122100
0.128000
0.127700
0.128900
0.127900
0.127000
0.127600
0.127000
0.128700
0.127300
0.129200
0.128500
0.126500
0.129500
0.127900
0.126100
0.129300
0.127700
0.130100
0.129000
0.126100
0.127900
0.126400
0.123600
0.124800
0.123800
0.122100
0.124500
0.123800
0.126900
0.126100
0.128300
0.128400
0.129500
0.128700
0.132200
0.131000
0.130000
0.132400
0.131200
0.137600
0.136300
0.134100
0.136400
0.134200
0.131200
0.133600
0.131300
0.129000
0.130700
0.128700
0.125800
0.128200
0.127900
0.126100
0.127900
0.128100
0.129800
0.128400
0.127100
0.127800
0.126800
0.128400
0.126900
0.125800
0.127700
0.125500
0.124900
0.126100
0.124400
0.126300
0.124600
0.122200
0.127100
0.125700
0.128100
0.126400
0.123800
0.125700
0.123900
0.125400
0.123200
0.121300
0.122600
0.120300
0.122500
0.120600
0.118700
0.120200
0.118400
0.116400
0.117700
0.115800
0.114200
0.114800
0.112800
0.121300
0.122000
0.125500
0.123900
0.129700
0.128900
0.130100
0.128900
0.125400
0.124700
0.123200
0.120100
0.119300
0.118100
0.115100
0.115200
0.114900
0.119600
0.118800
0.118200
0.117400
0.119200
0.117400
0.120300
0.118800
0.117000
0.124700
0.126600
0.129800
0.128700
0.127200
0.135600
0.136100
0.137200
0.135900
0.135300
0.136100
0.135800
0.134600
0.134100
0.133000
0.131900
0.131900
0.130300
0.128700
0.129900
0.129900
0.130100
0.128300
0.128000
0.129300
0.127300
0.130100
0.127700
0.125500
0.127000
0.125000
0.123800
0.127000
0.127400
0.127400
0.126600
0.129400
0.127400
0.125000
0.126000
0.124200
0.126500
0.124200
0.121600
0.124100
0.123700
0.125900
0.124300
0.120900
0.122300
0.120400
0.117800
0.119600
0.117900
0.116400
0.119300
0.117600
0.122100
0.121900
0.125700
0.124300
0.125600
0.125600
0.126500
0.126400
0.128400
0.127100
0.130400
0.129300
0.128000
0.130600
0.129200
0.127700
0.129800
0.128400
0.132000
0.130900
0.129200
0.132400
0.131300
0.130000
0.133100
0.131400
0.128800
0.131000
0.130900
0.132900
0.130900
0.129300
0.129500
0.127800
0.129300
0.126900
0.125100
0.127000
0.124700
0.122100
0.122300
0.119600
0.116900
0.120300
0.118100
0.120100
0.118700
0.118800
0.118300
0.119100
0.122500
0.123900
0.122500
0.124700
0.123100
0.125900
0.124500
0.122300
0.125000
0.123800
0.125900
0.126100
0.127200
0.126900
0.128400
0.126400
0.129900
0.128400
0.125900
0.128200
0.127000
0.125500
0.128200
0.126900
0.126000
0.128200
0.126300
0.125700
0.127700
0.127600
0.128100
0.128400
0.131900
0.131200
0.134500
0.133300
0.130600
0.134300
0.132100
0.130000
0.131200
0.129800
0.129000
0.130300
0.128400
0.127700
0.129400
0.128400
0.130500
0.129100
0.127500
0.130600
0.129100
0.127400
0.130700
0.129200
0.127600
0.129900
0.128600
0.132000
0.130800
0.128500
0.131800
0.130700
0.129000
0.132400
0.131400
0.130200
0.133600
0.132700
0.131500
0.134500
0.132900
0.138200
0.136600
0.134500
0.136400
0.134600
0.132200
0.134600
0.133100
0.135800
0.133800
0.131900
0.134300
0.132700
0.130800
0.133000
0.130600
0.128900
0.130000
0.127700
0.126000
0.127300
0.124500
0.122700
0.122800
0.120600
0.124200
0.121600
0.118700
0.120400
0.117700
0.114900
0.116300
0.114700
0.113100
0.119600
0.121000
0.124000
0.124900
0.127100
0.128000
0.131600
0.130700
0.134100
0.133400
0.132400
0.136600
0.135900
0.134000
0.135800
0.133500
0.132000
0.133000
0.131100
0.129800
0.131400
0.129000
0.126600
0.127800
0.126800
0.125700
0.127500
0.129700
0.132300
0.132000
0.130900
0.135500
0.134900
0.134500
0.132600
0.131200
0.131900
0.130300
0.129900
0.130400
0.129400
0.131400
0.130200
0.127900
0.129300
0.128400
0.127000
0.130800
0.129400
0.131800
0.130000
0.127300
0.129300
0.127900
0.125600
0.127200
0.125300
0.123400
0.124300
0.121800
0.119200
0.120600
0.118900
0.120900
0.119500
0.120000
0.119800
0.119900
0.119800
0.120400
0.118000
0.121100
0.119700
0.117600
0.119500
0.117600
0.119600
0.118500
0.119900
0.117900
0.119600
0.119000
0.119000
0.118500
0.119300
0.117400
0.119200
0.117100
0.118800
0.117000
0.114400
0.115700
0.113600
0.116300
0.114400
0.114300
0.113700
0.115300
0.115600
0.117100
0.115800
0.118500
0.118100
0.118600
0.117100
0.119000
0.117100
0.118600
0.117000
0.118700
0.118200
0.119200
0.118200
0.120700
0.119300
0.121100
0.120400
0.122000
0.122400
0.123600
0.123800
0.127400
0.127400
0.132200
0.132100
0.134700
0.133300
0.132400
0.133100
0.131500
0.133700
0.132000
0.130100
0.130500
0.128200
0.125100
0.125600
0.122800
0.119800
0.120200
0.117600
0.115300
0.115900
0.113900
0.115700
0.114600
0.115900
0.115300
0.115600
0.115400
0.115900
0.114700
0.117400
0.115800
0.117500
0.115900
0.117400
0.117400
0.121300
0.120700
0.121300
0.120600
0.122500
0.121500
0.124800
0.124100
0.126800
0.126200
0.126400
0.125900
0.124600
0.126500
0.128100
0.129300
0.128000
0.131500
0.132000
0.133300
0.132200
0.134600
0.132700
0.130500
0.131900
0.129500
0.127500
0.128900
0.126700
0.124600
0.126400
0.124700
0.126900
0.125000
0.122300
0.125600
0.123800
0.121400
0.123400
0.122400
0.124300
0.123800
0.124200
0.124000
0.126300
0.125000
0.121900
0.122200
0.121000
0.125600
0.126400
0.126700
0.125100
0.126100
0.123900
0.122400
0.124100
0.122400
0.124900
0.123800
0.122300
0.124700
0.123700
0.122600
0.125300
0.124000
0.126400
0.125400
0.124600
0.128500
0.127600
0.136700
0.135600
0.135800
0.134400
0.131200
0.131100
0.129300
0.126400
0.125900
0.125300
0.122800
0.123100
0.122100
0.119600
0.119000
0.116200
0.112000
0.109600
0.108000
0.116300
0.114100
0.112400
0.109900
0.109600
0.107700
0.108300
0.105700
0.102600
0.102600
0.099700
0.096800
0.096300
0.093900
0.098600
0.121000
0.123500
0.126400
0.123800
0.121300
0.122300
0.120000
0.118100
0.119000
0.117200
0.118800
0.117000
0.118000
0.116700
0.118800
0.117600
0.117900
0.117700
0.118300
0.117100
0.119400
0.118300
0.120800
0.119400
0.117600
0.120300
0.118900
0.122800
0.122400
0.125800
0.125300
0.128400
0.127900
0.128500
0.126400
0.126200
0.127300
0.128000
0.131100
0.129700
0.131800
0.130000
0.127600
0.130000
0.128200
0.125800
0.127400
0.125200
0.122600
0.124400
0.122100
0.120800
0.121700
0.119900
0.121200
0.120100
0.117700
0.119300
0.117600
0.115500
0.124900
0.126500
0.128000
0.127800
0.130100
0.129400
0.132100
0.131300
0.129700
0.132700
0.131300
0.129600
0.131900
0.130900
0.129600
0.131600
0.130000
0.129500
0.130900
0.129000
0.128300
0.128800
0.127600
0.126100
0.126200
0.125600
0.128400
0.129200
0.130600
0.130700
0.133400
0.132800
0.130900
0.133600
0.132500
0.130900
0.133800
0.131800
0.130100
0.132100
0.129900
0.128800
0.129500
0.127400
0.126200
0.127100
0.125000
0.125000
0.129200
0.128000
0.131100
0.129300
0.128300
0.130100
0.131200
0.132100
0.130700
0.130900
0.131100
0.130100
0.129600
0.132100
0.132500
0.133900
0.132300
0.132000
0.133000
0.131200
0.130600
0.132100
0.130500
0.129600
0.130200
0.128400
0.131600
0.129900
0.127400
0.131400
0.129300
0.127400
0.128600
0.128100
0.125900
0.126700
0.126100
0.127100
0.126100
0.124600
0.124800
0.123600
0.125300
0.123700
0.126300
0.124700
0.122300
0.125300
0.124100
0.130500
0.132300
0.133100
0.133100
0.130600
0.134600
0.134500
0.134300
0.132900
0.132300
0.132600
0.130900
0.130500
0.131400
0.131200
0.132300
0.130500
0.129800
0.131000
0.129600
0.131500
0.129600
0.127400
0.128700
0.127500
0.124800
0.127500
0.125600
0.123200
0.126000
0.123900
0.122500
0.123400
0.121400
0.121000
0.122700
0.122600
0.124500
0.124800
0.127700
0.127200
0.127700
0.125400
0.123500
0.127400
0.124700
0.125200
0.123200
0.120400
0.121200
0.119300
0.116800
0.118100
0.116300
0.117700
0.117400
0.123100
0.122400
0.122200
0.120500
0.128500
0.127900
0.128800
0.127000
0.130000
0.128700
0.126400
0.128600
0.127200
0.124900
0.127200
0.125300
0.123500
0.125700
0.123900
0.122600
0.124200
0.122300
0.126000
0.124300
0.122200
0.124900
0.123000
0.121300
0.122800
0.120900
0.123500
0.122300
0.125400
0.123600
0.125200
0.123700
0.123900
0.124200
0.125100
0.124200
0.127200
0.126000
0.124900
0.127200
0.126100
0.125100
0.127600
0.126300
0.129000
0.128500
0.127400
0.130900
0.130200
0.128700
0.137000
0.136000
0.136500
0.134000
0.131900
0.131300
0.128700
0.127400
0.127000
0.124500
0.123000
0.122400
0.120600
0.119300
0.118900
0.118700
0.120900
0.119300
0.121900
0.120200
0.121300
0.120800
0.124600
0.124400
0.125100
0.123400
0.126100
0.125700
0.127300
0.126000
0.128100
0.126400
0.125200
0.126900
0.124900
0.123500
0.125100
0.122200
0.120500
0.120700
0.118700
0.120300
0.118500
0.115800
0.117700
0.115600
0.117500
0.115700
0.115700
0.115000
0.115000
0.113700
0.120100
0.119100
0.119700
0.120000
0.121300
0.120700
0.123000
0.122300
0.125700
0.125300
0.126800
0.127100
0.128900
0.128100
0.131200
0.130300
0.134500
0.133100
0.130200
0.132200
0.130300
0.127200
0.129000
0.127800
0.125600
0.129400
0.128200
0.129500
0.127900
0.126600
0.129300
0.128700
0.130600
0.128400
0.125600
0.127200
0.125200
0.123300
0.125400
0.123800
0.121700
0.126000
0.124700
0.124000
0.125700
0.124300
0.129000
0.127600
0.132200
0.132800
0.135100
0.135000
0.132200
0.134800
0.134100
0.134100
0.131900
0.130200
0.131200
0.129000
0.128500
0.128800
0.127500
0.126800
0.126900
0.126200
0.127600
0.125000
0.123700
0.127000
0.125600
0.127300
0.125800
0.124400
0.127500
0.125800
0.127900
0.126600
0.124300
0.126300
0.124400
0.122000
0.123900
0.122100
0.119800
0.120500
0.117800
0.119900
0.118400
0.118800
0.118700
0.119900
0.119000
0.119500
0.117300
0.118900
0.116600
0.114300
0.115200
0.114300
0.115900
0.114300
0.115000
0.115900
0.118900
0.117900
0.118800
0.119100
0.120500
0.123200
0.125400
0.127200
0.131300
0.131000
0.135500
0.135300
0.133400
0.135600
0.134300
0.131700
0.132400
0.130500
0.127800
0.129500
0.127300
0.124600
0.126500
0.124700
0.122600
0.128300
0.128100
0.128300
0.127700
0.128800
0.126700
0.124500
0.126000
0.124000
0.126900
0.125700
0.126000
0.124700
0.122300
0.121800
0.120600
0.117500
0.116900
0.115500
0.115600
0.114700
0.115400
0.113200
0.115000
0.113000
0.110700
0.115600
0.114700
0.114700
0.116000
0.117200
0.115400
0.116900
0.114900
0.116100
0.114500
0.116200
0.115900
0.116000
0.115300
0.115600
0.113700
0.115200
0.113100
0.115800
0.114500
0.114800
0.114300
0.114000
0.113300
0.113900
0.112400
0.113600
0.111600
0.115900
0.114900
0.119800
0.118800
0.119000
0.118600
0.119300
0.119000
0.120000
0.118900
0.121000
0.120000
0.121500
0.120800
0.122300
0.122300
0.123700
0.123000
0.132400
0.131000
0.130200
0.127800
0.126800
0.126700
0.125200
0.124300
0.125100
0.124200
0.126500
0.125000
0.129300
0.127900
0.126200
0.128600
0.127400
0.126200
0.128100
0.126700
0.129300
0.128100
0.126200
0.128700
0.127400
0.125700
0.128100
0.127600
0.128800
0.127400
0.130000
0.128600
0.126800
0.128800
0.127300
0.125100
0.127000
0.126000
0.124200
0.126600
0.124700
0.123200
0.124900
0.122900
0.121900
0.124500
0.123100
0.124900
0.123200
0.125200
0.123700
0.120800
0.122500
0.120800
0.122300
0.120500
0.118400
0.120200
0.118100
0.120800
0.118600
0.118700
0.118200
0.117800
0.116400
0.117900
0.115500
0.117000
0.115000
0.116300
0.115100
0.116100
0.115000
0.114600
0.112700
0.114000
0.111900
0.113700
0.111600
0.112400
0.110300
0.112900
0.111700
0.113300
0.112300
0.114200
0.113500
0.113400
0.113500
0.116800
0.115800
0.117100
0.115500
0.117600
0.116200
0.117100
0.117200
0.118000
0.117800
0.119300
0.118300
0.121200
0.119900
0.122600
0.121800
0.122900
0.123700
0.125600
0.126000
0.128400
0.127100
0.130500
0.128000
0.125800
0.127500
0.125400
0.124000
0.125200
0.123500
0.126000
0.124200
0.122200
0.123800
0.122200
0.120100
0.121700
0.121200
0.123100
0.123400
0.126800
0.125700
0.127100
0.124500
0.121400
0.122100
0.120200
0.117500
0.118700
0.117800
0.119700
0.118500
0.119100
0.118200
0.118800
0.117300
0.118000
0.115700
0.118800
0.117700
0.118100
0.117200
0.121900
0.121600
0.122100
0.121400
0.122900
0.122200
0.123100
0.121300
0.120300
0.122600
0.122500
0.124800
0.123200
0.129900
0.128900
0.127000
0.130100
0.129000
0.127600
0.129300
0.126800
0.126700
0.128000
0.125800
0.125300
0.127100
0.126700
0.126900
0.125400
0.127300
0.125200
0.127300
0.125400
0.123400
0.124900
0.122900
0.120200
0.121800
0.119500
0.116700
0.117500
0.114800
0.113300
0.113700
0.112000
0.119300
0.117500
0.119300
0.117800
0.118900
0.119100
0.119600
0.119800
0.121300
0.120000
0.123500
0.122400
0.126600
0.125900
0.127100
0.127300
0.129000
0.128500
0.126500
0.126200
0.126000
0.126500
0.125300
0.127900
0.127100
0.125000
0.126200
0.124500
0.122600
0.124400
0.123700
0.123900
0.122200
0.123800
0.122100
0.120400
0.121900
0.120200
0.123900
0.122200
0.122900
0.122400
0.123000
0.122200
0.123700
0.123400
0.126300
0.125500
0.123800
0.126700
0.124600
0.127300
0.125700
0.123900
0.125700
0.124800
0.126900
0.125600
0.127300
0.125700
0.123700
0.125800
0.124400
0.123500
0.126000
0.125000
0.123800
0.126600
0.125200
0.130000
0.128500
0.129700
0.129900
0.131100
0.130900
0.132700
0.131800
0.135300
0.133100
0.130200
0.132300
0.130900
0.128800
0.130800
0.129000
0.126600
0.129400
0.127800
0.125600
0.127400
0.125700
0.123800
0.125500
0.124400
0.128700
0.127700
0.126600
0.129000
0.127800
0.126800
0.129400
0.128500
0.128100
0.131200
0.130000
0.132900
0.132300
0.137000
0.135800
0.135900
0.138800
0.136700
0.136100
0.136000
0.133500
0.132400
0.132400
0.129600
0.127900
0.128000
0.125400
0.124400
0.124800
0.123500
0.125500
0.123300
0.120400
0.121400
0.119500
0.117100
0.118400
0.116100
0.120600
0.119300
0.121200
0.119400
0.121200
0.120400
0.120900
0.120800
0.121500
0.119800
0.121700
0.120200
0.121800
0.120500
0.117700
0.120800
0.119800
0.120500
0.120100
0.120800
0.120700
0.122800
0.121200
0.126200
0.126200
0.129800
0.128500
0.129100
0.128600
0.128000
0.126600
0.125000
0.124600
0.123200
0.124800
0.122800
0.125300
0.122600
0.119100
0.119100
0.116800
0.113800
0.119500
0.116900
0.116300
0.115400
0.115100
0.113700
0.113900
0.112100
0.114100
0.113600
0.114700
0.113300
0.115400
0.113800
0.116700
0.115100
0.115200
0.115200
0.116800
0.116300
0.118800
0.117600
0.119500
0.118300
0.120800
0.120200
0.123100
0.122300
0.123900
0.122800
0.125000
0.123200
0.125300
0.123900
0.124500
0.123300
0.119600
0.119000
0.117900
0.116800
0.116100
0.116300
0.114200
0.116100
0.113700
0.115100
0.113300
0.112700
0.112300
0.112400
0.112200
0.114000
0.113000
0.114300
0.113200
0.115100
0.114300
0.116300
0.114900
0.116200
0.115400
0.116500
0.115900
0.121800
0.120400
0.119500
0.118000
0.118800
0.117300
0.118400
0.116500
0.118500
0.118600
0.120100
0.120100
0.121100
0.120700
0.123000
0.122000
0.120500
0.124500
0.126000
0.127900
0.127700
0.132300
0.131600
0.135500
0.134600
0.132000
0.134000
0.132200
0.129400
0.132500
0.130600
0.128000
0.129800
0.128500
0.126400
0.128300
0.126600
0.124500
0.127300
0.125900
0.125300
0.126800
0.126200
0.129200
0.127600
0.125600
0.129000
0.127800
0.134800
0.134200
0.135600
0.134600
0.132700
0.133100
0.132000
0.129900
0.130200
0.129000
0.127300
0.127900
0.127100
0.126100
0.126300
0.126600
0.128300
0.127900
0.129900
0.128500
0.131800
0.131000
0.134000
0.132900
0.135900
0.134200
0.131500
0.133900
0.132500
0.130000
0.132300
0.130900
0.129000
0.131700
0.130100
0.127800
0.130200
0.128700
0.126700
0.128700
0.127000
0.125100
0.127200
0.125300
0.127300
0.125800
0.123400
0.125300
0.123800
0.125600
0.123400
0.122000
0.123000
0.121100
0.123400
0.121300
0.118600
0.120200
0.118300
0.122400
0.121200
0.121400
0.119400
0.119100
0.116600
0.116900
0.113800
0.114400
0.111900
0.112900
0.111200
0.110800
0.109900
0.110500
0.109100
0.110400
0.108900
0.110000
0.108500
0.105600
0.108900
0.129200
0.132900
0.135700
0.136100
0.133500
0.134800
0.134400
0.131800
0.134700
0.133800
0.131400
0.133200
0.132400
0.130400
0.133600
0.133700
0.135700
0.133200
0.130900
0.131400
0.128700
0.126100
0.126700
0.124400
0.121600
0.122700
0.120900
0.119200
0.121300
0.120200
0.121300
0.121000
0.123100
0.123800
0.125300
0.125000
0.127800
0.127300
0.131000
0.129000
0.126200
0.128300
0.127500
0.129300
0.127700
0.130500
0.128700
0.127000
0.129600
0.127600
0.124700
0.126600
0.125500
0.124000
0.126000
0.124500
0.123100
0.125000
0.123300
0.125400
0.124200
0.122600
0.126000
0.124900
0.127200
0.126100
0.123400
0.127600
0.126200
0.128600
0.127000
0.124700
0.128400
0.127200
0.130000
0.129100
0.126900
0.132700
0.131700
0.130300
0.133100
0.131300
0.129000
0.130700
0.128100
0.125600
0.128600
0.126900
0.129700
0.128200
0.129700
0.128600
0.125400
0.124900
0.123100
0.119300
0.118400
0.116200
0.112300
0.111900
0.111500
0.116300
0.114700
0.114200
0.113700
0.114000
0.112400
0.113400
0.112100
0.113200
0.111500
0.111800
0.111500
0.111900
0.111900
0.112500
0.111100
0.117400
0.117700
0.118700
0.118900
0.120800
0.119600
0.121600
0.119800
0.122400
0.121000
0.121400
0.121800
0.123200
0.121400
0.119200
0.119500
0.118500
0.116100
0.115500
0.114600
0.115800
0.114100
0.117300
0.115800
0.119300
0.124900
0.131100
0.131100
0.133300
0.131300
0.129300
0.132400
0.130700
0.129100
0.131000
0.129200
0.131700
0.130300
0.127600
0.130600
0.129200
0.126900
0.129300
0.126500
0.123300
0.124600
0.122100
0.119300
0.120600
0.118800
0.116600
0.122000
0.120800
0.121400
0.120000
0.122400
0.121800
0.125200
0.124400
0.125800
0.124800
0.122600
0.125100
0.124000
0.125500
0.126300
0.128600
0.128000
0.131000
0.129000
0.128300
0.129500
0.127100
0.127000
0.128000
0.126400
0.126200
0.127700
0.127600
0.130200
0.128900
0.127800
0.129500
0.127600
0.126500
0.127500
0.125700
0.127900
0.125800
0.123400
0.125700
0.124000
0.122100
0.123500
0.121200
0.119100
0.120200
0.118500
0.120200
0.119200
0.120300
0.120500
0.123200
0.122300
0.123700
0.124300
0.125900
0.126600
0.128800
0.126900
0.126100
0.127400
0.126700
0.129200
0.127600
0.126100
0.128500
0.127300
0.129800
0.129600
0.127100
0.130600
0.128600
0.127100
0.130200
0.128600
0.127100
0.129600
0.129900
0.130400
0.128700
0.127700
0.128000
0.126400
0.125500
0.126100
0.125900
0.129300
0.128600
0.131800
0.130600
0.129500
0.132100
0.130900
0.129600
0.131300
0.128900
0.127100
0.129700
0.127900
0.127200
0.128300
0.126900
0.129400
0.128100
0.125800
0.127800
0.126100
0.124400
0.125900
0.124700
0.127800
0.126200
0.123300
0.125600
0.123500
0.120900
0.122700
0.120500
0.118800
0.121100
0.118600
0.116200
0.117000
0.115400
0.118300
0.119900
0.123200
0.122500
0.124700
0.124000
0.122300
0.127000
0.126900
0.130400
0.128600
0.125600
0.130200
0.128900
0.126700
0.129200
0.128000
0.126100
0.133300
0.131500
0.132800
0.130700
0.128000
0.129200
0.126900
0.124700
0.126700
0.125000
0.123100
0.125400
0.124000
0.122600
0.124600
0.123000
0.125200
0.123400
0.121000
0.124300
0.122500
0.123400
0.122400
0.123600
0.125300
0.126500
0.124900
0.126800
0.125000
0.123700
0.125500
0.123900
0.125900
0.124800
0.122700
0.124900
0.124400
0.126400
0.125300
0.129100
0.127600
0.126300
0.128400
0.126600
0.125100
0.127600
0.125600
0.124900
0.125900
0.124200
0.127700
0.126100
0.124100
0.126500
0.124900
0.123300
0.124800
0.123100
0.126100
0.125300
0.126500
0.127000
0.131000
0.129000
0.125800
0.127200
0.125100
0.123000
0.124400
0.122400
0.120200
0.121500
0.119600
0.117500
0.119500
0.117300
0.118600
0.116600
0.114200
0.118200
0.116400
0.117400
0.115500
0.115300
0.114800
0.115300
0.114100
0.116700
0.114600
0.115700
0.113800
0.111500
0.112500
0.110600
0.115300
0.114000
0.116500
0.116300
0.122500
0.121900
0.122800
0.122500
0.123200
0.121900
0.123900
0.121900
0.123600
0.122000
0.123000
0.122400
0.121400
0.119300
0.117100
0.116500
0.115300
0.113100
0.117100
0.116000
0.116200
0.117700
0.120100
0.118500
0.119800
0.118400
0.125000
0.123500
0.124000
0.123500
0.124100
0.123000
0.124800
0.123100
0.125300
0.124100
0.121900
0.123600
0.121400
0.119700
0.120300
0.118000
0.120000
0.118600
0.119100
0.118000
0.117600
0.117200
0.117900
0.116100
0.118500
0.117700
0.118600
0.117700
0.118100
0.119300
0.120300
0.122400
0.124300
0.122900
0.125300
0.125300
0.127300
0.125600
0.128100
0.126800
0.125200
0.127400
0.126500
0.124600
0.126600
0.124900
0.128600
0.126800
0.127700
0.126700
0.126500
0.123800
0.122200
0.121900
0.120500
0.121600
0.119500
0.116800
0.117300
0.115300
0.116500
0.114600
0.114800
0.113200
0.114600
0.113300
0.116600
0.115300
0.115000
0.114400
0.114900
0.113900
0.116500
0.115400
0.116800
0.116600
0.118700
0.118100
0.118400
0.118000
0.118600
0.117500
0.118800
0.117100
0.119300
0.117800
0.119100
0.117400
0.120400
0.118800
0.119100
0.118700
0.119000
0.117800
0.118900
0.117500
0.120500
0.118600
0.116500
0.118800
0.117800
0.120100
0.118900
0.119800
0.120300
0.120800
0.121100
0.123700
0.122500
0.126100
0.126400
0.129100
0.128700
0.133000
0.132200
0.130400
0.132200
0.130700
0.128500
0.133300
0.131100
0.132900
0.131600
0.129500
0.131500
0.129700
0.126600
0.129000
0.126600
0.123200
0.124000
0.121900
0.119500
0.122000
0.119700
0.126000
0.126500
0.131400
0.131300
0.131900
0.131400
0.130100
0.130500
0.129900
0.127900
0.128100
0.127100
0.129400
0.128300
0.130300
0.130100
0.128100
0.130300
0.129700
0.127600
0.127800
0.125400
0.123600
0.124500
0.122400
0.123900
0.122400
0.124000
0.122100
0.120500
0.121600
0.119500
0.121000
0.118600
0.116400
0.117900
0.116000
0.119800
0.117600
0.117600
0.116700
0.116700
0.115200
0.115600
0.113300
0.114900
0.113100
0.113300
0.112300
0.114900
0.114500
0.117500
0.115800
0.117500
0.117400
0.118000
0.117200
0.119500
0.118100
0.120300
0.119200
0.122000
0.122800
0.124200
0.124800
0.127900
0.127700
0.130400
0.128200
0.127500
0.128800
0.126400
0.125500
0.127100
0.126300
0.129000
0.128800
0.131000
0.130000
0.132700
0.131600
0.130200
0.133000
0.131700
0.130000
0.132700
0.131600
0.130000
0.132200
0.130800
0.130000
0.132000
0.129400
0.126900
0.128800
0.126600
0.125200
0.126500
0.124500
0.126700
0.125100
0.123600
0.125900
0.124600
0.122700
0.124500
0.122500
0.120700
0.123200
0.122000
0.126800
0.125200
0.127300
0.126900
0.127700
0.127400
0.128300
0.126600
0.128300
0.126700
0.124700
0.127000
0.125900
0.124700
0.127300
0.126400
0.128600
0.127900
0.133400
0.131900
0.130100
0.132100
0.130400
0.128700
0.129000
0.126000
0.124300
0.123500
0.120100
0.118200
0.117400
0.114500
0.112200
0.111900
0.110200
0.116500
0.114900
0.116400
0.115300
0.115800
0.114700
0.114900
0.115100
0.115000
0.113000
0.113700
0.111600
0.112300
0.110000
0.112500
0.112000
0.111900
0.111600
0.111000
0.110700
0.110500
0.108900
0.110400
0.109000
0.109800
0.107900
0.108200
0.108100
0.113300
0.113700
0.117300
0.116900
0.117300
0.115800
0.114000
0.113800
0.112200
0.119000
0.119400
0.123700
0.122400
0.127400
0.126000
0.129700
0.128300
0.126500
0.129400
0.128100
0.127300
0.129800
0.128600
0.127500
0.130600
0.129200
0.128700
0.130900
0.131700
0.132900
0.131900
0.135800
0.134700
0.133800
0.134100
0.132600
0.131500
0.132200
0.131000
0.129800
0.129900
0.129000
0.133100
0.131900
0.129400
0.131200
0.129000
0.126300
0.127500
0.124900
0.122000
0.122400
0.119700
0.117000
0.118000
0.117400
0.117500
0.117100
0.119100
0.118400
0.120500
0.119100
0.120100
0.120000
0.120500
0.119600
0.126900
0.126200
0.128300
0.126400
0.129300
0.128800
0.126800
0.129300
0.127200
0.124500
0.126600
0.125200
0.122900
0.124600
0.124000
0.125400
0.124400
0.129500
0.128300
0.127500
0.129400
0.128500
0.130900
0.129700
0.127700
0.130500
0.128900
0.127100
0.129500
0.128400
0.126800
0.130000
0.128300
0.127900
0.130000
0.128400
0.128200
0.129600
0.128500
0.131200
0.129700
0.127500
0.130800
0.129300
0.128200
0.130300
0.128700
0.131000
0.129700
0.126700
0.127800
0.125900
0.123500
0.125100
0.123900
0.121800
0.123400
0.122400
0.125200
0.125700
0.129000
0.128800
0.126000
0.126300
0.125600
0.127800
0.126400
0.124400
0.126100
0.124600
0.122600
0.124800
0.124700
0.126100
0.125700
0.131200
0.130700
0.130800
0.129100
0.128400
0.128800
0.127000
0.126200
0.128200
0.127600
0.127500
0.125000
0.123700
0.124400
0.122000
0.120700
0.122500
0.121400
0.121400
0.119800
0.121600
0.119400
0.120500
0.118600
0.116700
0.120100
0.119000
0.122000
0.120800
0.122100
0.121700
0.124300
0.124700
0.126600
0.125200
0.128200
0.127100
0.129300
0.129700
0.130400
0.131300
0.133100
0.131000
0.129800
0.130200
0.127600
0.126200
0.125300
0.123000
0.121900
0.123200
0.122000
0.124400
0.123300
0.127600
0.125600
0.123000
0.127100
0.125500
0.123200
0.124900
0.124000
0.129100
0.128600
0.132200
0.131200
0.130900
0.129200
0.128100
0.127400
0.126300
0.124700
0.124200
0.123200
0.124900
0.122700
0.125000
0.123200
0.121200
0.123000
0.121500
0.125000
0.124700
0.125200
0.125600
0.126700
0.125600
0.127500
0.125900
0.124000
0.126200
0.124700
0.124000
0.128100
0.128000
0.128900
0.128000
0.129600
0.128300
0.130600
0.129000
0.126800
0.129000
0.127700
0.126300
0.128500
0.127200
0.125700
0.128200
0.126400
0.124900
0.127400
0.125900
0.128300
0.127200
0.129300
0.129200
0.126700
0.127300
0.127000
0.127100
0.127200
0.124900
0.127700
0.127000
0.127700
0.125500
0.124400
0.125000
0.124000
0.125600
0.123600
0.127400
0.126000
0.123700
0.126200
0.124600
0.122400
0.124900
0.122500
0.120700
0.123100
0.123200
0.126900
0.126500
0.128700
0.126800
0.126100
0.127000
0.125400
0.128100
0.126100
0.123900
0.125800
0.124600
0.126200
0.124900
0.122300
0.124200
0.122300
0.120000
0.121700
0.119900
0.117900
0.119900
0.119600
0.121500
0.119800
0.119800
0.119400
0.120600
0.119500
0.119800
0.119800
0.120200
0.118700
0.120200
0.118500
0.116900
0.117800
0.115800
0.117100
0.115500
0.113300
0.115600
0.114400
0.124700
0.126800
0.130100
0.129000
0.126900
0.129500
0.128900
0.126900
0.129200
0.127800
0.126300
0.129100
0.127700
0.130600
0.129900
0.127500
0.131200
0.129600
0.127700
0.129700
0.128400
0.127000
0.127800
0.126400
0.124300
0.125100
0.123700
0.125500
0.124300
0.121400
0.122400
0.121000
0.118700
0.120100
0.119900
0.119900
0.118600
0.120500
0.119400
0.117600
0.119400
0.118200
0.119700
0.119200
0.119600
0.120500
0.121100
0.121400
0.126800
0.126800
0.128200
0.127100
0.130500
0.128100
0.124600
0.125700
0.122900
0.120200
0.121100
0.118800
0.117900
0.118700
0.118500
0.120600
0.119500
0.122300
0.121000
0.124100
0.123200
0.125100
0.124800
0.125000
0.124100
0.125700
0.124300
0.126600
0.125000
0.122700
0.125300
0.124000
0.125200
0.123600
0.120600
0.122100
0.120000
0.120700
0.119800
0.120300
0.119300
0.120100
0.118600
0.120100
0.117800
0.115600
0.117300
0.115500
0.115800
0.116700
0.118600
0.118900
0.118800
0.117900
0.121000
0.120200
0.122300
0.121300
0.119600
0.123600
0.123400
0.125300
0.124700
0.128000
0.127700
0.135400
0.135200
0.136400
0.135200
0.132600
0.132200
0.132100
0.129000
0.128600
0.127400
0.124200
0.124200
0.123100
0.119700
0.119300
0.119100
0.118400
0.117700
0.118400
0.116900
0.119200
0.117900
0.119800
0.118400
0.120200
0.119000
0.122600
0.123700
0.125200
0.125700
0.125900
0.124700
0.126600
0.124400
0.122100
0.124900
0.123300
0.126400
0.125500
0.127700
0.129400
0.132100
0.133300
0.134500
0.132800
0.132800
0.135000
0.134700
0.132400
0.134500
0.133900
0.131900
0.133800
0.133700
0.131600
0.134800
0.133500
0.131000
0.132900
0.131500
0.129600
0.132400
0.131000
0.128900
0.131100
0.129500
0.127100
0.130600
0.128400
0.126400
0.129100
0.127000
0.126800
0.128900
0.129500
0.130100
0.129000
0.131900
0.130300
0.129500
0.131100
0.129300
0.129600
0.130900
0.129100
0.129100
0.129800
0.127700
0.126900
0.127900
0.126900
0.130100
0.128900
0.132400
0.131000
0.127700
0.128900
0.127100
0.124900
0.126200
0.123700
0.121200
0.123700
0.121300
0.121800
0.120100
0.117600
0.119200
0.117200
0.117200
0.116400
0.117200
0.115700
0.117300
0.115500
0.117600
0.115900
0.113500
0.120300
0.118500
0.120300
0.119000
0.120000
0.120300
0.122900
0.122000
0.123300
0.123800
0.125100
0.124900
0.127700
0.126800
0.130300
0.129500
0.128500
0.132200
0.131400
0.134900
0.134100
0.131400
0.134900
0.133100
0.131300
0.134000
0.133700
0.131800
0.135100
0.134000
0.131300
0.133900
0.132300
0.129700
0.131900
0.130400
0.128600
0.132900
0.130800
0.128200
0.130000
0.128000
0.126600
0.127600
0.125300
0.124000
0.125100
0.122900
0.121900
0.122900
0.121100
0.122900
0.120700
0.118600
0.119900
0.118000
0.116300
0.118500
0.117600
0.119500
0.122200
0.123400
0.121900
0.124400
0.122300
0.121000
0.122700
0.120800
0.122900
0.121300
0.124300
0.124300
0.121000
0.121600
0.120300
0.126200
0.125800
0.125600
0.124900
0.127000
0.124400
0.123200
0.125400
0.126700
0.127300
0.125000
0.124000
0.125000
0.122500
0.123700
0.120900
0.119100
0.119500
0.117100
0.115100
0.115900
0.113700
0.114900
0.113500
0.115600
0.114200
0.114600
0.114000
0.114000
0.112600
0.113200
0.111100
0.112400
0.110300
0.110000
0.108900
0.112800
0.111700
0.111100
0.110300
0.110300
0.108200
0.109400
0.107300
0.108100
0.106800
0.111900
0.112200
0.114600
0.114600
0.114800
0.114300
0.115200
0.114300
0.116600
0.117000
0.118000
0.117400
0.121200
0.120200
0.123200
0.122300
0.125000
0.124300
0.125100
0.123900
0.126200
0.125200
0.128300
0.126300
0.124200
0.126200
0.124200
0.126800
0.125100
0.122200
0.123600
0.122000
0.119500
0.120900
0.120000
0.120900
0.119300
0.116100
0.120800
0.119100
0.118900
0.118200
0.118400
0.117500
0.119600
0.118100
0.120100
0.118800
0.121200
0.120200
0.121300
0.121900
0.122700
0.122000
0.126200
0.124600
0.126900
0.126000
0.127900
0.124900
0.122800
0.122600
0.120300
0.119500
0.119500
0.117500
0.120000
0.119400
0.120800
0.119300
0.120300
0.122000
0.122600
0.120900
0.122300
0.120200
0.121500
0.120500
0.122100
0.121300
0.121300
0.119700
0.120400
0.118300
0.116600
0.116400
0.113800
0.115000
0.117600
0.120100
0.118800
0.121100
0.120200
0.119500
0.118100
0.118200
0.116100
0.116900
0.114700
0.116900
0.116100
0.116000
0.116700
0.116900
0.120300
0.120100
0.118700
0.116000
0.115500
0.114600
0.115900
0.115600
0.116200
0.114600
0.116100
0.115200
0.117600
0.116400
0.117300
0.116600
0.117200
0.116800
0.118700
0.116800
0.118700
0.116800
0.114500
0.116700
0.114600
0.115800
0.114600
0.116400
0.115000
0.116900
0.115200
0.115600
0.115300
0.115600
0.115000
0.115300
0.114800
0.118000
0.117000
0.119700
0.118900
0.120000
0.120100
0.121500
0.121900
0.122900
0.121800
0.124500
0.123100
0.125500
0.124800
0.129300
0.128300
0.125900
0.128700
0.127000
0.125900
0.127400
0.125600
0.125000
0.126200
0.125000
0.129100
0.127400
0.126000
0.129400
0.127500
0.129800
0.128800
0.126700
0.129400
0.128000
0.125900
0.128300
0.126900
0.125300
0.127200
0.126100
0.129500
0.127700
0.131000
0.129800
0.129900
0.127800
0.126500
0.127000
0.124700
0.123500
0.123200
0.121200
0.119800
0.121000
0.119600
0.119700
0.117700
0.124300
0.122300
0.123800
0.122900
0.120500
0.125600
0.124600
0.127000
0.125000
0.123100
0.125000
0.123500
0.122100
0.123800
0.122900
0.128300
0.126500
0.124900
0.126500
0.124700
0.126400
0.124700
0.122200
0.124100
0.121800
0.119000
0.120000
0.118400
0.119500
0.117600
0.114500
0.116300
0.114200
0.115400
0.113200
0.117200
0.116100
0.117600
0.117000
0.117200
0.116300
0.117000
0.115100
0.117100
0.117600
0.123200
0.122500
0.124300
0.123800
0.124700
0.124600
0.125000
0.123600
0.126400
0.124800
0.123400
0.126200
0.125900
0.125500
0.122700
0.123800
0.120900
0.118100
0.118200
0.115600
0.116300
0.114500
0.112100
0.112600
0.110800
0.108500
0.110900
0.108700
0.108800
0.107000
0.104100
0.107300
0.128100
0.131200
0.135200
0.133800
0.131000
0.132700
0.130800
0.128100
0.130600
0.128900
0.126300
0.127300
0.125200
0.122400
0.126100
0.124200
0.127600
0.126900
0.128000
0.127400
0.124300
0.127200
0.126000
0.125500
0.123800
0.121900
0.121600
0.120700
0.121900
0.122100
0.122300
0.122400
0.125800
0.125400
0.128100
0.126500
0.124200
0.126900
0.124900
0.122800
0.124400
0.122600
0.124600
0.123200
0.124900
0.123800
0.120700
0.120400
0.119100
0.116800
0.118600
0.117000
0.117400
0.118100
0.119500
0.119400
0.120000
0.121200
0.122500
0.121500
0.124100
0.123900
0.127500
0.126300
0.129800
0.130100
0.129600
0.127900
0.126100
0.127200
0.126200
0.127400
0.125100
0.124200
0.124700
0.122600
0.121500
0.122300
0.120800
0.122800
0.120500
0.119000
0.121500
0.119200
0.120700
0.118300
0.116000
0.117900
0.115900
0.120400
0.118700
0.121100
0.120800
0.121800
0.121400
0.122100
0.120600
0.122500
0.121400
0.123300
0.122200
0.122800
0.122700
0.123600
0.123200
0.123200
0.122500
0.123100
0.121000
0.122400
0.120100
0.117800
0.119400
0.118200
0.119600
0.118600
0.119000
0.118200
0.118500
0.116600
0.117300
0.115200
0.119500
0.118600
0.120400
0.120900
0.121900
0.122600
0.124300
0.123600
0.120500
0.121200
0.119400
0.121900
0.120400
0.120700
0.121300
0.125200
0.124000
0.125500
0.123900
0.122000
0.123700
0.121400
0.120000
0.122200
0.119700
0.118100
0.120000
0.119100
0.129200
0.127300
0.129700
0.127900
0.126400
0.126300
0.124800
0.123000
0.123000
0.121200
0.119900
0.122000
0.121700
0.123600
0.121900
0.125600
0.124900
0.127200
0.126100
0.124200
0.126300
0.124600
0.122900
0.124900
0.122100
0.124200
0.122200
0.118800
0.119400
0.117200
0.117300
0.114700
0.112900
0.113400
0.110900
0.111400
0.109100
0.111400
0.109800
0.112100
0.110000
0.109800
0.111400
0.112600
0.113900
0.115600
0.114900
0.119300
0.118300
0.121000
0.120000
0.121200
0.121800
0.124400
0.124500
0.125300
0.125800
0.127000
0.127600
0.130600
0.128100
0.126500
0.126100
0.123500
0.122200
0.122100
0.119500
0.121700
0.120100
0.118400
0.120500
0.119000
0.121600
0.120100
0.121100
0.120600
0.121200
0.120400
0.122400
0.120800
0.122300
0.120300
0.118400
0.120000
0.118000
0.119200
0.117400
0.115200
0.116600
0.114600
0.116200
0.114900
0.114900
0.114400
0.115600
0.115000
0.116100
0.114100
0.115500
0.113100
0.116700
0.115500
0.117200
0.115000
0.114800
0.114100
0.113600
0.112400
0.113500
0.111700
0.112800
0.110300
0.111700
0.110000
0.109800
0.108800
0.112300
0.111100
0.112100
0.110700
0.110800
0.109000
0.109800
0.107500
0.110800
0.108900
0.109200
0.106700
0.108800
0.107600
0.108100
0.107200
0.109000
0.108100
0.109200
0.109100
0.111500
0.111000
0.113900
0.112200
0.114300
0.112200
0.118200
0.117400
0.119300
0.118600
0.119400
0.119700
0.120600
0.119200
0.121400
0.119900
0.122800
0.122400
0.123500
0.124700
0.125900
0.126400
0.128400
0.126900
0.131100
0.128700
0.125800
0.126700
0.124500
0.123400
0.124600
0.122400
0.124900
0.123100
0.121000
0.122300
0.120800
0.122600
0.121000
0.123800
0.122900
0.125800
0.126500
0.127900
0.130100
0.131000
0.129500
0.128300
0.129100
0.128600
0.133000
0.133000
0.137700
0.137400
0.135300
0.137400
0.136300
0.134000
0.137400
0.136300
0.134300
0.137300
0.136000
0.135400
0.135500
0.133300
0.133000
0.133700
0.132300
0.131400
0.131700
0.129700
0.128700
0.129100
0.127600
0.125900
0.126200
0.125300
0.126700
0.124900
0.127900
0.126600
0.124400
0.126000
0.124800
0.123200
0.125300
0.123900
0.127900
0.126900
0.130400
0.129100
0.127900
0.132400
0.131100
0.133700
0.132200
0.129200
0.132000
0.130700
0.128400
0.130800
0.129600
0.128300
0.130900
0.129900
0.128600
0.131700
0.130200
0.129600
0.132200
0.130600
0.130500
0.132100
0.131200
0.134500
0.133300
0.130700
0.131700
0.129100
0.126300
0.126900
0.124500
0.122900
0.124800
0.122400
0.121100
0.123600
0.121400
0.123800
0.122500
0.121100
0.125000
0.122500
0.123100
0.123200
0.124100
0.123800
0.124600
0.123700
0.126600
0.126500
0.127200
0.125900
0.128700
0.127600
0.125800
0.128000
0.126500
0.124600
0.126800
0.127200
0.129200
0.127600
0.125200
0.127400
0.125700
0.126700
0.125300
0.122400
0.123300
0.121600
0.118000
0.118600
0.116800
0.116500
0.115100
0.115000
0.113200
0.115500
0.113400
0.114900
0.113400
0.113300
0.112900
0.113000
0.111800
0.112700
0.111500
0.113200
0.112200
0.113600
0.113200
0.118500
0.119100
0.123900
0.124100
0.126100
0.126400
0.129600
0.130100
0.127000
0.130700
0.130400
0.131100
0.130100
0.127600
0.127400
0.126600
0.128600
0.126800
0.129000
0.127500
0.126000
0.128200
0.127000
0.125000
0.127100
0.125400
0.123400
0.125900
0.124300
0.126600
0.124900
0.122700
0.124400
0.123000
0.124600
0.123600
0.125000
0.123700
0.120900
0.122600
0.120800
0.121200
0.120300
0.121400
0.119400
0.120600
0.118300
0.119200
0.117200
0.114700
0.115600
0.113500
0.113900
0.113100
0.112900
0.115000
0.116300
0.114900
0.116700
0.115200
0.117900
0.117600
0.120500
0.121600
0.123100
0.124800
0.125900
0.125600
0.127300
0.125500
0.127900
0.125900
0.122600
0.124500
0.121800
0.119300
0.120100
0.117600
0.115400
0.115400
0.113000
0.111700
0.117300
0.116700
0.121700
0.120700
0.120600
0.119800
0.121700
0.120400
0.122000
0.120900
0.121800
0.120100
0.116800
0.117800
0.115800
0.119100
0.117200
0.116000
0.113600
0.112400
0.111800
0.112000
0.114600
0.112800
0.116700
0.116500
0.117100
0.115700
0.123000
0.122800
0.126700
0.126200
0.128500
0.127500
0.125500
0.129400
0.128400
0.127100
0.130100
0.129800
0.134200
0.132700
0.129700
0.131400
0.129300
0.127000
0.129200
0.127500
0.125900
0.129200
0.128700
0.131400
0.129300
0.127900
0.128400
0.126400
0.125300
0.126000
0.124200
0.123100
0.122900
0.121500
0.123500
0.121900
0.124900
0.123300
0.124500
0.124200
0.124900
0.123600
0.126400
0.124700
0.127300
0.125800
0.123800
0.126700
0.126800
0.128900
0.127600
0.131600
0.130500
0.128500
0.131700
0.130300
0.128300
0.130400
0.129100
0.127300
0.129900
0.127900
0.127200
0.130500
0.129400
0.131300
0.129300
0.126800
0.130500
0.128300
0.126100
0.128100
0.126600
0.125200
0.127000
0.127900
0.130200
0.129300
0.131700
0.130800
0.129100
0.131600
0.129800
0.128900
0.130300
0.128800
0.131100
0.129400
0.127300
0.129600
0.127800
0.125800
0.128000
0.126500
0.124800
0.126900
0.125100
0.123800
0.125300
0.123500
0.122400
0.123700
0.122900
0.124900
0.123500
0.125600
0.123900
0.121200
0.123000
0.121600
0.122100
0.122000
0.122600
0.121500
0.122700
0.120600
0.119500
0.120000
0.118100
0.122600
0.121400
0.124000
0.122700
0.123600
0.123300
0.127200
0.125200
0.122600
0.124800
0.123400
0.121500
0.124000
0.122600
0.124100
0.124100
0.129500
0.130300
0.132100
0.130600
0.128400
0.127700
0.126600
0.124800
0.124600
0.122900
0.121200
0.121400
0.120800
0.121100
0.119200
0.122300
0.121500
0.122800
0.121400
0.124200
0.123000
0.121400
0.124200
0.123400
0.125700
0.126500
0.128100
0.128500
0.130200
0.128800
0.127000
0.127700
0.126600
0.127200
0.125000
0.124100
0.126700
0.125000
0.127300
0.124800
0.121900
0.123500
0.122300
0.123000
0.121000
0.122500
0.120500
0.122100
0.121600
0.124500
0.123400
0.123700
0.122100
0.123800
0.122000
0.119900
0.121600
0.119800
0.124100
0.123700
0.124700
0.124400
0.125200
0.124600
0.126300
0.124500
0.129200
0.128200
0.126500
0.129200
0.128100
0.126500
0.128900
0.127400
0.129900
0.128700
0.127200
0.129400
0.128100
0.126400
0.128800
0.127600
0.125800
0.128700
0.127800
0.126400
0.129100
0.128000
0.131600
0.130800
0.132400
0.134300
0.138100
0.138100
0.136000
0.138500
0.137300
0.135500
0.137900
0.136900
0.134200
0.137600
0.136600
0.134100
0.136900
0.136100
0.134200
0.136500
0.135800
0.132700
0.136200
0.134300
0.131100
0.133600
0.131300
0.129200
0.130900
0.129000
0.125900
0.127600
0.124900
0.121900
0.122600
0.120300
0.117700
0.118700
0.115800
0.113000
0.115900
0.114400
0.117300
0.115800
0.120100
0.118800
0.119500
0.119200
0.120300
0.120300
0.121500
0.121300
0.123800
0.121500
0.119300
0.123200
0.123200
0.124600
0.123700
0.124700
0.123100
0.127600
0.125900
0.126900
0.127000
0.127600
0.126500
0.128300
0.126800
0.125600
0.126900
0.125200
0.128200
0.127100
0.129500
0.128600
0.125900
0.126100
0.125100
0.123000
0.125800
0.125100
0.126000
0.127100
0.127900
0.126000
0.128500
0.126100
0.124500
0.125900
0.123600
0.125600
0.123800
0.121200
0.123200
0.120900
0.118600
0.120000
0.117700
0.115600
0.117500
0.115300
0.116400
0.115100
0.112900
0.122300
0.122600
0.122500
0.121500
0.124700
0.123200
0.126500
0.124700
0.125500
0.125500
0.126300
0.125200
0.127300
0.125500
0.128400
0.127200
0.124600
0.127300
0.125300
0.123300
0.126900
0.124700
0.122500
0.123800
0.121900
0.125200
0.124300
0.126500
0.124600
0.123000
0.124600
0.123000
0.125700
0.124100
0.121900
0.123900
0.122100
0.120400
0.122400
0.120900
0.123800
0.123700
0.124200
0.124300
0.125800
0.126000
0.127600
0.125600
0.124400
0.125500
0.123400
0.122500
0.124700
0.126100
0.129100
0.130000
0.132200
0.131000
0.133600
0.131500
0.129000
0.130800
0.129000
0.127800
0.129400
0.127700
0.126600
0.128100
0.126600
0.129100
0.127600
0.125400
0.127700
0.126600
0.124700
0.128200
0.127500
0.131300
0.129900
0.132400
0.131100
0.129100
0.131100
0.130300
0.128500
0.131200
0.130400
0.128900
0.130400
0.128100
0.132300
0.130200
0.127200
0.128600
0.126000
0.123000
0.124400
0.122100
0.119700
0.120600
0.118000
0.116100
0.116900
0.114800
0.115900
0.114500
0.116200
0.114600
0.116000
0.114500
0.115700
0.119200
0.124000
0.123500
0.124100
0.122700
0.123700
0.121800
0.124000
0.122200
0.119700
0.122800
0.121300
0.119400
0.121900
0.120700
0.122700
0.121800
0.123600
0.125000
0.125800
0.126300
0.127800
0.126800
0.133400
0.132300
0.134000
0.132000
0.128700
0.129400
0.126800
0.123800
0.124300
0.121100
0.118200
0.120900
0.118300
0.117800
0.116700
0.113800
0.115000
0.114400
0.118700
0.117400
0.117600
0.118900
0.121100
0.119900
0.123200
0.121800
0.124600
0.123700
0.125000
0.125300
0.128300
0.128300
0.129500
0.127500
0.132000
0.130700
0.129000
0.131800
0.130300
0.128400
0.131400
0.130000
0.128600
0.132000
0.130900
0.134000
0.132900
0.134800
0.133200
0.130900
0.132600
0.130700
0.128500
0.131100
0.129500
0.127500
0.129800
0.128800
0.127300
0.129300
0.128300
0.126700
0.129700
0.128000
0.126700
0.129400
0.128200
0.133100
0.131800
0.133900
0.134800
0.131800
0.132400
0.131600
0.128800
0.131100
0.130400
0.127400
0.128800
0.128000
0.128000
0.129200
0.129500
0.127600
0.126600
0.126300
0.124200
0.123800
0.123500
0.122400
0.123900
0.122700
0.126300
0.125000
0.123100
0.126400
0.125700
0.128400
0.128100
0.132000
0.131000
0.129500
0.133200
0.131900
0.131400
0.132100
0.130000
0.129000
0.130100
0.128700
0.128500
0.129300
0.127900
0.130800
0.129000
0.126900
0.129800
0.130400
0.135000
0.133200
0.131600
0.133200
0.131100
0.129200
0.131500
0.131900
0.133300
0.131400
0.129800
0.131500
0.130100
0.130100
0.131400
0.131700
0.134100
0.133000
0.130600
0.132500
0.131100
0.128700
0.131500
0.129700
0.127800
0.129800
0.128300
0.127600
0.129600
0.127300
0.126200
0.127000
0.125300
0.128400
0.128400
0.130000
0.128700
0.131700
0.130300
0.128100
0.130100
0.128800
0.126600
0.128500
0.126500
0.126100
0.129400
0.129000
0.131600
0.130700
0.128400
0.131000
0.129300
0.127400
0.129700
0.128000
0.125700
0.127600
0.125900
0.124000
0.131000
0.130600
0.130400
0.129800
0.131400
0.129500
0.127400
0.129200
0.127100
0.125400
0.125500
0.123500
0.121200
0.122000
0.120200
0.121500
0.120200
0.117600
0.119200
0.118200
0.119600
0.118600
0.121200
0.121300
0.121500
0.120400
0.122200
0.121000
0.123500
0.122100
0.122500
0.123500
0.124400
0.123300
0.125300
0.124400
0.126000
0.124800
0.122500
0.124000
0.122500
0.120300
0.121500
0.120200
0.117800
0.120700
0.118600
0.119600
0.118400
0.115800
0.116900
0.116300
0.116300
0.115500
0.117200
0.116900
0.122000
0.121200
0.122500
0.122300
0.122700
0.122400
0.125000
0.124500
0.126700
0.127400
0.130800
0.129900
0.128000
0.130300
0.129000
0.128000
0.130600
0.129100
0.127700
0.130700
0.130500
0.132300
0.130000
0.127000
0.128300
0.126500
0.123400
0.126000
0.123700
0.121400
0.122400
0.120500
0.118200
0.119700
0.117300
0.115100
0.117600
0.115900
0.118700
0.116700
0.120700
0.120400
0.121000
0.121200
0.122900
0.121700
0.119200
0.120600
0.119300
0.125500
0.125000
0.126600
0.126600
0.129100
0.127500
0.129900
0.128500
0.126900
0.129100
0.128100
0.126500
0.129100
0.127700
0.126600
0.128900
0.127500
0.131000
0.130200
0.128800
0.131400
0.131200
0.134100
0.133200
0.131800
0.133900
0.131700
0.131000
0.131800
0.129600
0.129800
0.131100
0.129800
0.132800
0.131200
0.128500
0.130200
0.127200
0.124200
0.125300
0.122800
0.120300
0.121000
0.118800
0.121100
0.118400
0.115600
0.116000
0.113800
0.114100
0.111700
0.112300
0.110000
0.110000
0.109100
0.115200
0.115100
0.114800
0.114400
0.114900
0.112100
0.110000
0.109300
0.107700
0.109200
0.106800
0.109700
0.113000
0.118700
0.117200
0.121100
0.119000
0.120800
0.118500
0.116900
0.117700
0.115300
0.116200
0.114100
0.115500
0.114300
0.115100
0.116400
0.117600
0.117600
0.118700
0.117400
0.119600
0.118300
0.120300
0.119500
0.120200
0.121500
0.122600
0.124800
0.128500
0.127800
0.131300
0.130900
0.129900
0.133300
0.132600
0.137300
0.136400
0.134500
0.138000
0.137100
0.134600
0.137300
0.135600
0.133100
0.136200
0.135100
0.133100
0.136600
0.135100
0.133200
0.136100
0.134500
0.132700
0.135700
0.136500
0.135100
0.134900
0.135200
0.133800
0.133900
0.133500
0.132800
0.133100
0.133700
0.131500
0.132000
0.132000
0.130000
0.132000
0.132000
0.133000
0.131200
0.130200
0.130700
0.129700
0.132100
0.130400
0.128000
0.129900
0.128000
0.125800
0.128500
0.128000
0.128300
0.125800
0.124600
0.124800
0.123500
0.124700
0.122700
0.120200
0.122000
0.119900
0.122300
0.120400
0.124500
0.123200
0.122800
0.121800
0.124000
0.123100
0.125900
0.124100
0.121900
0.124200
0.123000
0.121200
0.124400
0.127000
0.128700
0.128000
0.131200
0.129900
0.133100
0.131000
0.128200
0.129500
0.126700
0.123300
0.124900
0.122800
0.119900
0.121900
0.119500
0.116800
0.117500
0.114900
0.113000
0.113600
0.112000
0.117300
0.115100
0.118300
0.117100
0.120400
0.118300
0.120100
0.119000
0.119100
0.118100
0.118600
0.117100
0.120500
0.120000
0.124400
0.123700
0.125400
0.125300
0.123400
0.125700
0.125100
0.126800
0.128500
0.131900
0.135100
0.138200
0.137000
0.136000
0.138700
0.137300
0.136200
0.137000
0.135200
0.134600
0.135300
0.133500
0.132500
0.132800
0.130800
0.129900
0.129800
0.127700
0.127200
0.127300
0.125100
0.124000
0.124500
0.124100
0.124200
0.122100
0.120600
0.120700
0.118400
0.120800
0.121000
0.125300
0.123800
0.125900
0.124100
0.122000
0.122900
0.120500
0.118200
0.121200
0.119500
0.121900
0.120800
0.123100
0.124500
0.127000
0.127700
0.130800
0.129100
0.131200
0.130200
0.128400
0.131700
0.129500
0.126800
0.129100
0.129700
0.131300
0.130100
0.131200
0.128500
0.125600
0.126300
0.123800
0.120500
0.122700
0.120000
0.117300
0.118900
0.117200
0.118500
0.119100
0.120000
0.119600
0.120100
0.119200
0.120200
0.118300
0.120000
0.117900
0.115500
0.117400
0.115300
0.117300
0.115600
0.116300
0.115700
0.115700
0.115100
0.114900
0.113100
0.114500
0.113600
0.114500
0.112900
0.114100
0.114300
0.115000
0.114100
0.115300
0.113300
0.114200
0.111900
0.113800
0.112400
0.113300
0.111800
0.113300
0.111100
0.111300
0.110000
0.111300
0.110800
0.113600
0.112400
0.114200
0.111900
0.115900
0.113900
0.115100
0.114800
0.115100
0.115300
0.115900
0.115400
0.116200
0.115400
0.118700
0.118600
0.120100
0.118300
0.120100
0.118500
0.120200
0.119700
0.123800
0.122600
0.122600
0.121100
0.119900
0.119700
0.118700
0.120000
0.118700
0.122000
0.121500
0.122700
0.122800
0.128200
0.128300
0.129100
0.128600
0.129900
0.128600
0.127400
0.129100
0.127300
0.127100
0.127900
0.126500
0.125700
0.126300
0.126400
0.129900
0.128300
0.127300
0.129400
0.127500
0.129200
0.127800
0.125300
0.127100
0.125200
0.122900
0.124900
0.123100
0.120900
0.122900
0.121800
0.123500
0.122100
0.125900
0.124400
0.122300
0.123800
0.122800
0.126500
0.125200
0.123100
0.125500
0.124100
0.125500
0.124600
0.122300
0.124100
0.122200
0.120100
0.124200
0.124100
0.126200
0.126300
0.127200
0.127500
0.129000
0.127400
0.130700
0.129400
0.127600
0.129800
0.128300
0.126600
0.128900
0.126900
0.125800
0.128000
0.126300
0.128400
0.126700
0.124400
0.126800
0.124900
0.122600
0.124200
0.122200
0.120800
0.121600
0.119400
0.122100
0.120800
0.122600
0.120700
0.122900
0.120800
0.118800
0.120300
0.118600
0.119900
0.119200
0.118900
0.118700
0.119400
0.118000
0.119300
0.117800
0.119300
0.118900
0.120800
0.120800
0.121200
0.120100
0.122100
0.121200
0.124600
0.124800
0.127200
0.125900
0.128200
0.126900
0.125400
0.129200
0.128000
0.126400
0.128200
0.127000
0.125300
0.127600
0.125800
0.128000
0.126700
0.125200
0.127700
0.126200
0.124100
0.125600
0.123300
0.120400
0.121200
0.119300
0.123400
0.121800
0.123900
0.122500
0.125900
0.124300
0.125400
0.123700
0.120300
0.119500
0.118000
0.118000
0.116500
0.118700
0.117100
0.118300
0.118400
0.119800
0.120100
0.120800
0.119800
0.122800
0.121600
0.124400
0.123400
0.125600
0.125400
0.132800
0.132100
0.132600
0.131000
0.130000
0.130200
0.129700
0.128300
0.128600
0.127600
0.129600
0.128000
0.127200
0.127900
0.126200
0.128500
0.127600
0.125700
0.128700
0.127300
0.125700
0.127800
0.125800
0.125300
0.127600
0.128100
0.128800
0.129100
0.131000
0.128700
0.128100
0.130500
0.129700
0.132400
0.130000
0.127000
0.128400
0.126200
0.123400
0.124600
0.123300
0.125300
0.123300
0.120300
0.122200
0.120500
0.120900
0.120100
0.120700
0.118500
0.117800
0.121600
0.120300
0.122900
0.123000
0.124500
0.124700
0.126400
0.125600
0.129700
0.128800
0.132600
0.131600
0.128200
0.129300
0.128700
0.126100
0.127700
0.126000
0.123300
0.124500
0.122400
0.119800
0.122300
0.119600
0.116300
0.118800
0.117900
0.117300
0.115000
0.117400
0.115600
0.117400
0.115500
0.116900
0.116500
0.116800
0.115700
0.118200
0.116900
0.119100
0.118000
0.120600
0.121800
0.130700
0.130200
0.131100
0.130600
0.128600
0.129200
0.128700
0.125900
0.128900
0.127900
0.128100
0.127000
0.128300
0.126100
0.125300
0.126200
0.124300
0.126500
0.124500
0.122700
0.124500
0.122500
0.120100
0.121700
0.119300
0.123300
0.121500
0.119200
0.121100
0.119000
0.116500
0.122100
0.121600
0.121300
0.119700
0.120500
0.119100
0.120100
0.118800
0.119300
0.119200
0.120000
0.120100
0.121400
0.121000
0.122900
0.122800
0.125100
0.123900
0.121000
0.123900
0.123600
0.124900
0.124800
0.125700
0.124800
0.132400
0.133400
0.136500
0.136000
0.139600
0.137900
0.135800
0.137600
0.136100
0.133900
0.136000
0.134200
0.131800
0.133500
0.131900
0.130000
0.131300
0.129600
0.127400
0.129000
0.127600
0.125500
0.127500
0.125900
0.124100
0.126100
0.124100
0.123100
0.127400
0.127100
0.128600
0.127800
0.130300
0.128700
0.127200
0.129800
0.127200
0.126300
0.126200
0.124000
0.126900
0.124300
0.122800
0.124800
0.122600
0.121100
0.122200
0.119200
0.117000
0.117400
0.115600
0.117100
0.115500
0.116100
0.116200
0.120000
0.118800
0.119400
0.118000
0.118700
0.116800
0.118700
0.117000
0.117500
0.117000
0.118200
0.118200
0.118500
0.116900
0.118200
0.116400
0.119000
0.116900
0.118200
0.117800
0.117600
0.116500
0.117500
0.117100
0.117300
0.116000
0.117900
0.116400
0.119400
0.118300
0.119600
0.119400
0.123400
0.123700
0.125300
0.125100
0.128200
0.128000
0.130800
0.130600
0.132700
0.132000
0.128700
0.129500
0.128100
0.125400
0.127400
0.125600
0.122700
0.126800
0.125200
0.124300
0.126000
0.124900
0.129000
0.128400
0.126400
0.128400
0.127600
0.128700
0.130000
0.131200
0.130000
0.132200
0.129600
0.129100
0.130500
0.128300
0.125900
0.127000
0.124400
0.123000
0.124900
0.124200
0.126300
0.125600
0.128300
0.127300
0.130900
0.129500
0.126700
0.128300
0.126000
0.124500
0.127600
0.125000
0.122900
0.125400
0.123300
0.125000
0.123400
0.120700
0.123600
0.121400
0.118700
0.120600
0.121300
0.124100
0.124300
0.127200
0.126800
0.127900
0.128800
0.129400
0.129600
0.131000
0.129300
0.128400
0.130900
0.129000
0.131400
0.129300
0.127300
0.129900
0.128000
0.127100
0.129400
0.127000
0.126100
0.126400
0.124700
0.127500
0.125900
0.129700
0.128900
0.130200
0.128400
0.124800
0.126100
0.124200
0.121300
0.123100
0.120100
0.117100
0.118100
0.116500
0.113700
0.115000
0.113600
0.117500
0.116200
0.121100
0.120600
0.126600
0.125900
0.127100
0.129800
0.132300
0.133100
0.137000
0.137500
0.135700
0.135900
0.135600
0.134600
0.134400
0.133700
0.132400
0.132300
0.132100
0.129800
0.130200
0.129600
0.131000
0.129100
0.128300
0.128900
0.127400
0.129600
0.127900
0.125900
0.127400
0.125800
0.123600
0.125800
0.124300
0.122400
0.128900
0.128700
0.129300
0.130400
0.133400
0.132300
0.135300
0.134100
0.132000
0.134400
0.133500
0.131100
0.132900
0.131500
0.129000
0.131900
0.130200
0.127900
0.130400
0.128100
0.125300
0.126800
0.124300
0.122000
0.124000
0.121200
0.119100
0.119900
0.119300
0.119500
0.117900
0.119800
0.119100
0.122000
0.120900
0.122500
0.122700
0.123900
0.124300
0.125600
0.125200
0.127900
0.125900
0.123600
0.126100
0.125800
0.128700
0.127700
0.124400
0.126800
0.125100
0.121900
0.123400
0.122300
0.120100
0.122200
0.121700
0.124100
0.122900
0.120400
0.122300
0.121200
0.124600
0.124000
0.124800
0.125200
0.126500
0.126100
0.128600
0.127900
0.131800
0.131600
0.134600
0.134400
0.132200
0.133000
0.133100
0.130900
0.135000
0.133500
0.132700
0.133800
0.131600
0.131400
0.133800
0.131300
0.130600
0.130900
0.129100
0.128600
0.129900
0.128000
0.131300
0.129100
0.126800
0.128500
0.127000
0.125900
0.126700
0.124900
0.123100
0.125600
0.124400
0.127500
0.128700
0.132200
0.131100
0.134600
0.133900
0.132000
0.136100
0.134600
0.133200
0.136100
0.134100
0.132700
0.133700
0.131900
0.130600
0.132500
0.130900
0.129800
0.129700
0.127700
0.126900
0.126900
0.124300
0.122600
0.124700
0.126400
0.131700
0.131800
0.132300
0.130600
0.129900
0.129900
0.128300
0.127100
0.127500
0.125100
0.124000
0.125000
0.122700
0.124800
0.123100
0.124900
0.123400
0.120600
0.122000
0.120200
0.118300
0.121400
0.120100
0.124700
0.123200
0.123400
0.122300
0.119600
0.120800
0.119200
0.118700
0.117400
0.117700
0.116000
0.117200
0.115000
0.112500
0.114400
0.112300
0.115800
0.113500
0.114700
0.114500
0.115400
0.115000
0.115800
0.114500
0.115200
0.113100
0.116200
0.114900
0.115500
0.113200
0.115200
0.113100
0.114100
0.113900
0.115400
0.115900
0.116200
0.115100
0.117500
0.115200
0.116200
0.114000
0.115300
0.114100
0.114200
0.112900
0.113400
0.111200
0.113000
0.111000
0.113100
0.111600
0.113300
0.112800
0.114900
0.113700
0.114100
0.113700
0.115100
0.116500
0.119100
0.121900
0.123800
0.122700
0.125100
0.123900
0.127500
0.126400
0.124800
0.127900
0.127000
0.125600
0.129300
0.128400
0.132200
0.131000
0.134100
0.132100
0.129900
0.132000
0.130300
0.128700
0.133000
0.131100
0.129700
0.132000
0.130500
0.133000
0.131500
0.129700
0.131800
0.130600
0.128600
0.131000
0.129200
0.127000
0.128800
0.127000
0.125600
0.127600
0.126000
0.125100
0.126700
0.127000
0.127800
0.126400
0.128600
0.127000
0.125300
0.127200
0.125700
0.129200
0.128100
0.126500
0.129400
0.128400
0.126600
0.128700
0.127600
0.126600
0.128800
0.126900
0.129600
0.127900
0.126500
0.127800
0.125400
0.123100
0.125200
0.124100
0.124600
0.123900
0.125500
0.123900
0.121800
0.124300
0.122800
0.121000
0.122800
0.121400
0.125500
0.124900
0.128100
0.129000
0.136600
0.136100
0.136300
0.134400
0.134000
0.133600
0.131600
0.131200
0.131300
0.129600
0.129500
0.130000
0.128400
0.128000
0.128900
0.127700
0.129500
0.128600
0.132200
0.130600
0.128500
0.132500
0.130700
0.128900
0.130600
0.128100
0.125200
0.126500
0.123900
0.122400
0.123200
0.122400
0.123400
0.121300
0.119300
0.121000
0.120000
0.121000
0.118700
0.117300
0.117400
0.117400
0.119800
0.122800
0.133600
0.132400
0.129700
0.132100
0.130400
0.129400
0.132800
0.131600
0.130200
0.132900
0.131700
0.130300
0.133300
0.131900
0.131800
0.132600
0.130900
0.130000
0.131700
0.130700
0.127600
0.127600
0.127200
0.123900
0.124200
0.122800
0.122600
0.121400
0.118300
0.117100
0.115000
0.112900
0.113200
0.112100
0.112600
0.110600
0.116300
0.114800
0.115200
0.114600
0.114200
0.113400
0.114300
0.113300
0.113200
0.112200
0.112700
0.111700
0.113000
0.111100
0.113400
0.111400
0.111300
0.110500
0.115100
0.113900
0.113800
0.113400
0.114600
0.113300
0.115200
0.113500
0.115600
0.113700
0.115800
0.115200
0.116600
0.114600
0.115600
0.114800
0.115400
0.114900
0.115100
0.114200
0.115200
0.113300
0.116300
0.114800
0.117200
0.116200
0.116900
0.116400
0.116600
0.115900
0.117300
0.115400
0.118100
0.117100
0.119600
0.119400
0.120300
0.121300
0.122100
0.121700
0.124400
0.123700
0.126500
0.125600
0.124200
0.127600
0.126100
0.129400
0.128700
0.133500
0.132500
0.132100
0.130600
0.129400
0.129600
0.128200
0.126500
0.127200
0.126500
0.124800
0.126500
0.124800
0.123400
0.125600
0.123700
0.130000
0.128500
0.129100
0.128800
0.126800
0.128100
0.127600
0.128400
0.126700
0.129300
0.127800
0.126900
0.129300
0.127900
0.130300
0.128800
0.126200
0.128300
0.126600
0.124400
0.126500
0.126100
0.128100
0.126200
0.129400
0.127700
0.126000
0.128200
0.126500
0.124300
0.126500
0.124400
0.122900
0.124200
0.122100
0.125900
0.124500
0.127500
0.126800
0.126700
0.126600
0.127100
0.125100
0.124000
0.124300
0.122000
0.124000
0.123500
0.124400
0.121900
0.123800
0.121400
0.118600
0.119200
0.116700
0.114000
0.115200
0.112900
0.113600
0.112200
0.112700
0.111500
0.112000
0.110900
0.111200
0.109100
0.110700
0.114200
0.120600
0.118800
0.121600
0.120000
0.121700
0.120300
0.122100
0.120700
0.118500
0.122800
0.121400
0.120200
0.123900
0.123600
0.127100
0.127100
0.128300
0.128500
0.129800
0.129300
0.131500
0.130200
0.133900
0.132000
0.129100
0.132400
0.131000
0.128500
0.131000
0.129000
0.127300
0.129800
0.128100
0.127300
0.130700
0.128400
0.130700
0.128700
0.125700
0.127200
0.124700
0.122500
0.124100
0.122600
0.125200
0.123600
0.120900
0.123400
0.121900
0.120100
0.121400
0.120400
0.118800
0.121800
0.123200
0.126200
0.126800
0.130600
0.130600
0.135100
0.133700
0.131500
0.133900
0.133400
0.132200
0.136000
0.135500
0.134900
0.138600
0.137100
0.136500
0.137100
0.135000
0.133900
0.134500
0.132400
0.132000
0.133100
0.130700
0.129500
0.131200
0.130600
0.128300
0.129700
0.129000
0.129100
0.127800
0.125600
0.125300
0.124500
0.124600
0.121700
0.120000
0.119300
0.116600
0.114400
0.115600
0.114300
0.115000
0.113000
0.114900
0.113000
0.113100
0.112800
0.113600
0.113500
0.114100
0.113200
0.113300
0.112800
0.112600
0.113700
0.115100
0.113800
0.114900
0.113700
0.115300
0.113900
0.113800
0.114000
0.114200
0.114000
0.114900
0.114200
0.117400
0.116200
0.118400
0.117400
0.117900
0.118300
0.120700
0.119600
0.120800
0.120600
0.121600
0.122000
0.124900
0.123800
0.126400
0.125400
0.124100
0.128000
0.126300
0.124400
0.126100
0.129000
0.131300
0.129500
0.127200
0.129000
0.126400
0.124200
0.125200
0.122600
0.121200
0.122500
0.121500
0.120200
0.118300
0.116900
0.116500
0.116200
0.117100
0.115900
0.118800
0.117600
