0.024700
0.024600
0.024500
0.024300
0.024200
0.024000
0.023800
0.023800
0.023700
0.023600
0.023800
0.023700
0.024000
0.023900
0.023700
0.023600
0.023500
0.023400
0.023300
0.023400
0.023400
0.023300
0.023200
0.023400
0.024100
0.024200
0.024300
0.024400
0.024300
0.024200
0.024200
0.024200
0.024100
0.024100
0.024000
0.024400
0.024400
0.024300
0.024300
0.024300
0.024500
0.024700
0.024700
0.024600
0.024500
0.024400
0.024500
0.024700
0.024700
0.024700
0.024500
0.024300
0.024200
0.023900
0.024200
0.024200
0.024200
0.024200
0.024700
0.025100
0.025200
0.025300
0.025300
0.025400
0.025400
0.025400
0.025400
0.025700
0.025700
0.025700
0.025600
0.025700
0.025800
0.025900
0.026000
0.025900
0.025800
0.026000
0.025800
0.025800
0.025800
0.025700
0.025600
0.025500
0.025500
0.025500
0.025600
0.025400
0.025200
0.025100
0.025000
0.024900
0.024700
0.024900
0.025000
0.024800
0.024900
0.025000
0.025100
0.025300
0.025400
0.025400
0.025300
0.025400
0.025300
0.025300
0.025300
0.025300
0.025300
0.025200
0.025100
0.025200
0.025300
0.025200
0.025100
0.024900
0.024800
0.024700
0.024600
0.024600
0.024600
0.024500
0.024500
0.024300
0.024500
0.024700
0.024900
0.025100
0.025200
0.025200
0.025200
0.025000
0.024900
0.024800
0.024700
0.024600
0.024700
0.024800
0.024900
0.024900
0.024900
0.025000
0.025100
0.024900
0.024700
0.024600
0.024600
0.024600
0.024600
0.024500
0.024900
0.024800
0.024700
0.024700
0.024500
0.024400
0.024400
0.024300
0.024200
0.024100
0.024000
0.024000
0.023800
0.023700
0.023800
0.023400
0.023100
0.023400
0.023600
0.023600
0.023600
0.023700
0.023800
0.024000
0.024100
0.024100
0.024200
0.024300
0.024400
0.024500
0.024600
0.024800
0.024800
0.024800
0.024700
0.024800
0.024800
0.024900
0.024900
0.024900
0.025000
0.024900
0.025200
0.025200
0.025300
0.025200
0.025100
0.025200
0.025100
0.025000
0.025200
0.025200
0.025200
0.025100
0.025100
0.025200
0.025100
0.025000
0.024900
0.024900
0.024900
0.024700
0.024500
0.024600
0.024800
0.024800
0.025000
0.025400
0.025300
0.025200
0.025500
0.025500
0.025600
0.025600
0.025600
0.025500
0.025400
0.025300
0.025200
0.025100
0.025100
0.025000
0.024900
0.025300
0.025400
0.025400
0.025300
0.025300
0.025300
0.025300
0.025200
0.025100
0.025200
0.025200
0.025300
0.025600
0.025700
0.025700
0.025600
0.026100
0.025900
0.025800
0.025800
0.025800
0.025600
0.025400
0.025100
0.025100
0.025200
0.025300
0.025600
0.025700
0.025500
0.025500
0.025400
0.025400
0.025300
0.025300
0.025200
0.025200
0.025200
0.025300
0.025500
0.025700
0.025900
0.026000
0.026100
0.026000
0.025900
0.025600
0.025500
0.025300
0.025100
0.025000
0.025100
0.025000
0.024900
0.024800
0.024700
0.024500
0.024600
0.024500
0.024300
0.024500
0.024500
0.024500
0.024500
0.024600
0.024700
0.024700
0.024800
0.024700
0.024700
0.024700
0.025400
0.025400
0.025400
0.025500
0.025500
0.025500
0.025500
0.025400
0.025100
0.024900
0.024800
0.024700
0.024600
0.024500
0.024500
0.024500
0.024500
0.024500
0.024500
0.024400
0.024200
0.024200
0.024100
0.024100
0.024300
0.024300
0.024400
0.024400
0.024500
0.024600
0.024700
0.024800
0.024900
0.025100
0.025300
0.025300
0.025400
0.025500
0.025500
0.025600
0.026100
0.026100
0.026000
0.026000
0.026000
0.025800
0.025600
0.025500
0.025400
0.025200
0.025000
0.024800
0.024500
0.024200
0.024000
0.023700
0.023500
0.023500
0.023700
0.023900
0.023800
0.024000
0.024200
0.024200
0.024300
0.024200
0.024100
0.024100
0.024000
0.023900
0.023900
0.023900
0.023900
0.024100
0.024100
0.024200
0.024300
0.024400
0.024600
0.024700
0.024800
0.024700
0.024500
0.024400
0.024400
0.024300
0.024200
0.024400
0.024300
0.024200
0.024200
0.024100
0.024300
0.024300
0.024100
0.024100
0.024200
0.024300
0.024100
0.024100
0.024000
0.024300
0.024200
0.024100
0.024000
0.024000
0.023900
0.024200
0.024200
0.024000
0.023900
0.023900
0.024000
0.024200
0.024200
0.024500
0.024700
0.024900
0.025100
0.025300
0.025300
0.025700
0.025700
0.026100
0.026000
0.026000
0.025800
0.025700
0.025400
0.025200
0.025000
0.024900
0.024600
0.024400
0.024100
0.024000
0.023700
0.023400
0.023500
0.023200
0.022900
0.023100
0.023300
0.023300
0.023300
0.023300
0.023600
0.023800
0.023900
0.024000
0.024000
0.024600
0.025100
0.025200
0.025300
0.025300
0.025500
0.025500
0.025600
0.025600
0.025500
0.025400
0.025400
0.025400
0.025400
0.025400
0.025300
0.025200
0.025100
0.025100
0.025200
0.025100
0.025200
0.025200
0.025200
0.025200
0.025100
0.024900
0.024800
0.024700
0.024700
0.024600
0.024700
0.024800
0.025000
0.025000
0.024900
0.024900
0.024900
0.024900
0.024900
0.024900
0.025100
0.025300
0.025100
0.025100
0.025400
0.025400
0.025300
0.025200
0.025100
0.025200
0.025200
0.025300
0.025300
0.025300
0.025300
0.025400
0.025400
0.025400
0.025400
0.025500
0.025500
0.025500
0.025500
0.025500
0.025400
0.025400
0.025400
0.025300
0.025200
0.025200
0.025200
0.025100
0.025200
0.025100
0.025100
0.025000
0.024900
0.024900
0.024900
0.024800
0.024700
0.024600
0.024600
0.024800
0.024700
0.025100
0.025100
0.025000
0.025000
0.025000
0.025200
0.025200
0.025200
0.025000
0.024900
0.024900
0.024800
0.024900
0.025300
0.025200
0.025100
0.025000
0.025100
0.025000
0.025000
0.024900
0.024800
0.024700
0.024700
0.024700
0.024700
0.024600
0.024800
0.025000
0.025000
0.025000
0.025000
0.025100
0.025000
0.025000
0.024900
0.024700
0.024800
0.024800
0.025000
0.024900
0.024900
0.024800
0.024600
0.024600
0.024500
0.024400
0.024300
0.024300
0.024300
0.024400
0.024300
0.024300
0.024400
0.024500
0.024500
0.024400
0.024300
0.024300
0.024500
0.024500
0.024700
0.024700
0.024800
0.025100
0.025300
0.025200
0.025000
0.024800
0.024600
0.024300
0.024000
0.023900
0.023800
0.024000
0.023900
0.024300
0.024300
0.024200
0.024100
0.024200
0.024200
0.024400
0.024700
0.024900
0.025000
0.025200
0.025200
0.025200
0.025300
0.025200
0.025100
0.024800
0.024600
0.024600
0.024300
0.024300
0.024400
0.024300
0.024100
0.024100
0.024100
0.024300
0.024400
0.024300
0.024200
0.024200
0.024200
0.024500
0.024400
0.024500
0.024400
0.024300
0.024200
0.024300
0.024200
0.024000
0.023800
0.023600
0.023600
0.023600
0.023600
0.023600
0.023600
0.023600
0.023600
0.024100
0.024500
0.024600
0.024600
0.024600
0.024500
0.024500
0.024500
0.024500
0.024500
0.024400
0.024800
0.024800
0.024800
0.024700
0.024700
0.024900
0.024900
0.024800
0.024700
0.024700
0.024700
0.024500
0.024400
0.024300
0.024300
0.024400
0.024400
0.024300
0.024200
0.024400
0.024300
0.024400
0.024400
0.024300
0.024500
0.024600
0.024500
0.024500
0.024500
0.024500
0.024300
0.024100
0.024000
0.023900
0.024400
0.024500
0.024500
0.024400
0.024200
0.024100
0.024000
0.024000
0.024000
0.024000
0.024800
0.024800
0.024900
0.024900
0.024900
0.025000
0.025000
0.025300
0.025300
0.025200
0.025100
0.025000
0.025000
0.025000
0.025000
0.025000
0.024900
0.024800
0.024800
0.024700
0.024500
0.024400
0.024400
0.024300
0.024300
0.024400
0.024400
0.024500
0.024500
0.024500
0.024600
0.024600
0.024700
0.024700
0.024800
0.024700
0.024600
0.024600
0.024700
0.024800
0.024800
0.024700
0.024700
0.024800
0.024700
0.024800
0.025200
0.025400
0.025500
0.025500
0.025400
0.025600
0.025700
0.025400
0.025300
0.025400
0.025300
0.025200
0.025200
0.025000
0.024900
0.024700
0.024600
0.024400
0.024200
0.024000
0.023800
0.023700
0.023700
0.023600
0.023600
0.023600
0.023600
0.023800
0.023900
0.023800
0.023900
0.024200
0.024100
0.024300
0.024500
0.024500
0.024800
0.024900
0.024900
0.024900
0.024800
0.024800
0.025100
0.025200
0.025200
0.025200
0.025300
0.025500
0.025600
0.025700
0.025700
0.025800
0.026000
0.026300
0.026000
0.026000
0.025900
0.025800
0.026000
0.025800
0.025600
0.025500
0.025500
0.025600
0.025700
0.025700
0.025800
0.025800
0.025900
0.025800
0.025800
0.025800
0.026100
0.026200
0.026200
0.026300
0.026200
0.026100
0.026300
0.026300
0.026400
0.026200
0.026200
0.026200
0.026300
0.026100
0.026000
0.025900
0.025900
0.026300
0.026200
0.026000
0.025900
0.025800
0.025800
0.025700
0.025500
0.025100
0.024900
0.024900
0.025000
0.024700
0.024700
0.024600
0.024600
0.024800
0.025000
0.025100
0.025200
0.025200
0.025500
0.025500
0.025600
0.025500
0.025900
0.025800
0.025600
0.025600
0.025500
0.025400
0.025400
0.025300
0.025200
0.025100
0.025400
0.025600
0.025400
0.025200
0.025100
0.025500
0.026000
0.025900
0.025900
0.025800
0.025700
0.025600
0.025500
0.025300
0.025300
0.025100
0.025300
0.025200
0.025000
0.025100
0.025300
0.025400
0.025500
0.025500
0.025600
0.025700
0.026100
0.026200
0.026200
0.026200
0.026000
0.025800
0.025700
0.025600
0.025500
0.025300
0.025400
0.025300
0.025200
0.025600
0.025600
0.025700
0.025700
0.025700
0.025400
0.025200
0.025000
0.024800
0.025100
0.025000
0.025100
0.025000
0.025100
0.025100
0.025400
0.025400
0.025400
0.025600
0.025800
0.025800
0.026000
0.025700
0.025600
0.025400
0.025700
0.025700
0.025900
0.025900
0.026100
0.026300
0.026200
0.026100
0.026000
0.025900
0.025900
0.025800
0.026000
0.026000
0.026300
0.026500
0.026600
0.026700
0.027000
0.026900
0.026900
0.026900
0.027000
0.027100
0.027000
0.026800
0.026900
0.026700
0.026500
0.026400
0.026200
0.025900
0.026000
0.025800
0.025500
0.025200
0.025000
0.024700
0.024700
0.024600
0.024700
0.024800
0.025000
0.025200
0.025300
0.025500
0.025700
0.025800
0.025900
0.026000
0.026200
0.026400
0.026300
0.026200
0.026200
0.026300
0.026100
0.026000
0.025900
0.025900
0.025800
0.025600
0.025400
0.025300
0.025800
0.026000
0.025900
0.025900
0.025700
0.025600
0.025500
0.025600
0.025400
0.025300
0.025400
0.025300
0.025200
0.025300
0.025700
0.025500
0.025300
0.025500
0.025400
0.025200
0.025200
0.025100
0.025200
0.024900
0.024700
0.024700
0.024900
0.025000
0.025100
0.025100
0.025100
0.024900
0.025000
0.024800
0.024700
0.025000
0.025000
0.025000
0.024900
0.024800
0.024800
0.024800
0.025100
0.025200
0.025300
0.025300
0.025700
0.025700
0.025700
0.025800
0.025900
0.025900
0.026000
0.025900
0.025900
0.025800
0.025800
0.025900
0.025700
0.025700
0.025700
0.025600
0.025600
0.025600
0.025600
0.025600
0.025600
0.025600
0.025400
0.025300
0.025300
0.025200
0.025100
0.025000
0.025000
0.024900
0.025400
0.025300
0.025300
0.025200
0.025100
0.025000
0.025200
0.025100
0.025000
0.025000
0.024900
0.024900
0.024900
0.024800
0.024900
0.024700
0.024700
0.024800
0.024700
0.024700
0.024800
0.024700
0.024900
0.025000
0.025100
0.025200
0.025300
0.025400
0.025200
0.025200
0.025000
0.025100
0.025000
0.025000
0.025200
0.025100
0.025200
0.025200
0.025100
0.025100
0.025200
0.025600
0.025500
0.025400
0.025400
0.025300
0.025300
0.025200
0.025100
0.025000
0.025100
0.024900
0.024900
0.024800
0.024700
0.024900
0.024900
0.024800
0.024600
0.024500
0.024600
0.024700
0.024800
0.024600
0.024500
0.024700
0.024500
0.024700
0.024900
0.024900
0.025100
0.025000
0.025300
0.025400
0.025400
0.025800
0.026000
0.025900
0.025900
0.025800
0.025700
0.025700
0.025700
0.025600
0.025500
0.025400
0.025200
0.025100
0.024900
0.024800
0.024800
0.024500
0.024300
0.024000
0.023800
0.023500
0.023600
0.023600
0.023700
0.023800
0.024000
0.024200
0.024400
0.024500
0.024500
0.024500
0.024600
0.024600
0.024600
0.024700
0.024700
0.025100
0.024900
0.024700
0.024600
0.024500
0.024600
0.024500
0.024500
0.024400
0.024300
0.024600
0.024300
0.024100
0.024200
0.024400
0.024700
0.025000
0.025300
0.025600
0.025500
0.025600
0.025600
0.025400
0.025300
0.025300
0.025700
0.025500
0.025800
0.025600
0.025500
0.025400
0.025300
0.025200
0.025100
0.025000
0.025100
0.025000
0.024600
0.024300
0.024500
0.024500
0.024700
0.024500
0.024400
0.024200
0.024700
0.024500
0.024400
0.024400
0.024300
0.024200
0.024100
0.024000
0.024000
0.023900
0.024500
0.024900
0.024900
0.024800
0.024800
0.024800
0.024700
0.025400
0.025500
0.025500
0.025400
0.025300
0.025200
0.025200
0.025100
0.025200
0.025200
0.025200
0.025200
0.025000
0.024900
0.024800
0.024800
0.024800
0.024700
0.024900
0.025000
0.025500
0.025600
0.025600
0.026000
0.025900
0.026000
0.026000
0.026000
0.026000
0.026000
0.025900
0.026000
0.026000
0.025800
0.025600
0.025400
0.025200
0.025000
0.024900
0.025000
0.024800
0.024600
0.024700
0.024600
0.024700
0.024800
0.024900
0.025000
0.025200
0.025300
0.025200
0.025600
0.025600
0.025600
0.025700
0.025700
0.025600
0.025500
0.025300
0.025300
0.025200
0.025000
0.024700
0.024800
0.024900
0.025100
0.025300
0.025400
0.025300
0.025200
0.025200
0.025100
0.025100
0.025100
0.025100
0.025100
0.025500
0.025800
0.025800
0.025900
0.025800
0.025800
0.025600
0.025600
0.025400
0.025300
0.025200
0.025100
0.025000
0.025100
0.025100
0.025000
0.024900
0.024800
0.024700
0.024500
0.024800
0.025000
0.024900
0.024800
0.024500
0.024400
0.024300
0.024600
0.025000
0.025000
0.024900
0.024900
0.024900
0.024900
0.024800
0.024700
0.024600
0.024600
0.024700
0.024700
0.024700
0.024800
0.025100
0.025300
0.025300
0.025400
0.025400
0.025500
0.025400
0.025300
0.025200
0.025100
0.025000
0.024900
0.024600
0.024400
0.024200
0.024200
0.024200
0.024300
0.024100
0.023800
0.023700
0.023500
0.023600
0.023800
0.023800
0.024100
0.024200
0.024400
0.024600
0.024700
0.024900
0.025000
0.024900
0.024900
0.025000
0.025000
0.024900
0.025100
0.025100
0.025000
0.025300
0.025300
0.025200
0.025100
0.025100
0.025100
0.025100
0.025000
0.025000
0.025000
0.025000
0.025000
0.025000
0.024900
0.024900
0.025000
0.025000
0.024900
0.024900
0.024900
0.024800
0.024700
0.024800
0.024800
0.024900
0.025000
0.024900
0.025200
0.025300
0.025400
0.025600
0.025600
0.025800
0.026000
0.025800
0.025900
0.025800
0.025800
0.025700
0.025600
0.025500
0.025500
0.025400
0.025400
0.025400
0.025400
0.025300
0.025400
0.025100
0.024900
0.024700
0.024500
0.024300
0.024400
0.024300
0.024100
0.023900
0.023700
0.023700
0.023500
0.023400
0.023300
0.023200
0.023200
0.023100
0.023500
0.023400
0.023400
0.023500
0.023900
