0.007500
0.007500
0.007500
0.007400
0.007400
0.007400
0.007300
0.007300
0.007300
0.007300
0.007300
0.007400
0.007400
0.007400
0.007400
0.007400
0.007400
0.007400
0.007400
0.007400
0.007500
0.007600
0.007600
0.007600
0.007500
0.007500
0.007500
0.007500
0.007500
0.007500
0.007500
0.007400
0.007400
0.007300
0.007300
0.007300
0.007300
0.007300
0.007300
0.007300
0.007300
0.007300
0.007300
0.007300
0.007400
0.007400
0.007400
0.007400
0.007400
0.007400
0.007400
0.007400
0.007300
0.007300
0.007300
0.007300
0.007200
0.007300
0.007300
0.007200
0.007200
0.007200
0.007100
0.007200
0.007200
0.007100
0.007100
0.007200
0.007200
0.007300
0.007400
0.007400
0.007400
0.007400
0.007300
0.007300
0.007400
0.007400
0.007400
0.007400
0.007400
0.007400
0.007400
0.007400
0.007300
0.007400
0.007400
0.007500
0.007500
0.007400
0.007500
0.007500
0.007500
0.007500
0.007500
0.007500
0.007500
0.007500
0.007500
0.007500
0.007500
0.007500
0.007600
0.007500
0.007500
0.007500
0.007500
0.007500
0.007400
0.007400
0.007400
0.007400
0.007400
0.007300
0.007300
0.007300
0.007300
0.007400
0.007400
0.007400
0.007500
0.007500
0.007600
0.007600
0.007600
0.007600
0.007600
0.007600
0.007600
0.007600
0.007500
0.007500
0.007600
0.007600
0.007600
0.007500
0.007500
0.007500
0.007500
0.007500
0.007500
0.007500
0.007500
0.007500
0.007500
0.007500
0.007500
0.007600
0.007600
0.007600
0.007600
0.007600
0.007600
0.007600
0.007600
0.007500
0.007500
0.007400
0.007300
0.007300
0.007300
0.007300
0.007300
0.007300
0.007300
0.007400
0.007300
0.007400
0.007400
0.007400
0.007400
0.007400
0.007400
0.007400
0.007400
0.007500
0.007500
0.007400
0.007400
0.007400
0.007400
0.007400
0.007500
0.007400
0.007400
0.007400
0.007400
0.007300
0.007300
0.007300
0.007400
0.007400
0.007400
0.007400
0.007400
0.007400
0.007300
0.007400
0.007400
0.007400
0.007400
0.007500
0.007500
0.007500
0.007500
0.007400
0.007500
0.007500
0.007400
0.007400
0.007400
0.007400
0.007400
0.007300
0.007300
0.007400
0.007400
0.007300
0.007300
0.007300
0.007300
0.007200
0.007300
0.007400
0.007400
0.007500
0.007400
0.007400
0.007400
0.007400
0.007400
0.007400
0.007400
0.007500
0.007500
0.007500
0.007500
0.007500
0.007500
0.007500
0.007500
0.007500
0.007500
0.007600
0.007500
0.007600
0.007600
0.007600
0.007500
0.007500
0.007500
0.007500
0.007500
0.007500
0.007500
0.007500
0.007500
0.007500
0.007500
0.007500
0.007500
0.007400
0.007400
0.007400
0.007400
0.007500
0.007400
0.007400
0.007400
0.007400
0.007300
0.007300
0.007400
0.007400
0.007300
0.007300
0.007400
0.007400
0.007400
0.007400
0.007400
0.007400
0.007500
0.007500
0.007500
0.007600
0.007600
0.007600
0.007600
0.007600
0.007600
0.007600
0.007600
0.007600
0.007600
0.007600
0.007600
0.007600
0.007600
0.007600
0.007600
0.007600
0.007600
0.007600
0.007600
0.007600
0.007600
0.007600
0.007600
0.007600
0.007600
0.007700
0.007600
0.007600
0.007600
0.007600
0.007600
0.007600
0.007600
0.007600
0.007600
0.007600
0.007600
0.007500
0.007500
0.007500
0.007500
0.007500
0.007400
0.007400
0.007400
0.007400
0.007400
0.007400
0.007400
0.007400
0.007300
0.007400
0.007400
0.007400
0.007500
0.007500
0.007600
0.007600
0.007700
0.007700
0.007700
0.007800
0.007800
0.007800
0.007800
0.007800
0.007800
0.007800
0.007700
0.007700
0.007700
0.007700
0.007700
0.007600
0.007600
0.007600
0.007600
0.007600
0.007600
0.007600
0.007600
0.007700
0.007700
0.007700
0.007700
0.007700
0.007700
0.007700
0.007700
0.007700
0.007800
0.007700
0.007700
0.007700
0.007700
0.007600
0.007600
0.007600
0.007500
0.007600
0.007500
0.007500
0.007500
0.007500
0.007500
0.007500
0.007500
0.007500
0.007500
0.007500
0.007500
0.007600
0.007500
0.007500
0.007500
0.007500
0.007500
0.007500
0.007600
0.007600
0.007600
0.007600
0.007600
0.007600
0.007600
0.007600
0.007700
0.007600
0.007600
0.007600
0.007600
0.007600
0.007600
0.007600
0.007600
0.007600
0.007700
0.007700
0.007700
0.007700
0.007600
0.007600
0.007700
0.007600
0.007600
0.007600
0.007700
0.007700
0.007700
0.007600
0.007600
0.007600
0.007600
0.007600
0.007600
0.007600
0.007600
0.007600
0.007600
0.007600
0.007500
0.007500
0.007500
