0.061700
0.061400
0.061500
0.061600
0.061800
0.061700
0.061800
0.061800
0.062100
0.062000
0.062000
0.061100
0.061000
0.061100
0.061100
0.060100
0.059900
0.059900
0.060000
0.060500
0.060500
0.060700
0.060700
0.060600
0.060600
0.060800
0.061500
0.062300
0.062200
0.062400
0.062600
0.061800
0.061500
0.061800
0.062000
0.062200
0.062300
0.061600
0.061800
0.062200
0.062800
0.063100
0.062300
0.062900
0.063300
0.063400
0.063500
0.063900
0.062900
0.063000
0.063100
0.063800
0.062500
0.062000
0.060900
0.061200
0.061300
0.061200
0.061000
0.059900
0.059900
0.058800
0.058500
0.058300
0.060900
0.061300
0.061200
0.061300
0.061400
0.061400
0.060500
0.060400
0.060600
0.059900
0.059700
0.060400
0.060500
0.060400
0.060300
0.060300
0.060800
0.061100
0.061100
0.061400
0.062100
0.062100
0.062400
0.063700
0.063100
0.063300
0.063700
0.064200
0.063800
0.064100
0.065000
0.065900
0.065300
0.065400
0.066100
0.066900
0.065900
0.065500
0.064400
0.063900
0.062900
0.062400
0.062600
0.061600
0.061500
0.060700
0.060300
0.059400
0.061200
0.066800
0.067700
0.067500
0.067900
0.068600
0.067700
0.067800
0.067000
0.066900
0.067600
0.067200
0.067500
0.066900
0.067300
0.066300
0.065900
0.064800
0.064800
0.064000
0.063300
0.062600
0.062700
0.063500
0.064000
0.064800
0.064200
0.064600
0.063900
0.063600
0.062700
0.062300
0.061300
0.061800
0.062000
0.061000
0.060900
0.061000
0.060800
0.060600
0.060400
0.060200
0.059900
0.059600
0.058200
0.057600
0.057200
0.056900
0.056700
0.056800
0.056500
0.056300
0.057400
0.057700
0.057800
0.058100
0.058500
0.059000
0.059200
0.060000
0.060300
0.060800
0.061300
0.061800
0.062000
0.062500
0.062400
0.061600
0.061700
0.061700
0.060900
0.060600
0.060500
0.060200
0.060000
0.059700
0.059500
0.059000
0.057800
0.057600
0.057300
0.057200
0.056800
0.056400
0.056000
0.056600
0.056000
0.055700
0.055400
0.055400
0.055800
0.055900
0.056500
0.057400
0.058100
0.058600
0.058900
0.059600
0.060000
0.060700
0.061100
0.061600
0.060500
0.059900
0.058800
0.058400
0.058000
0.057700
0.057200
0.057000
0.056800
0.056500
0.055400
0.055200
0.055200
0.056000
0.058300
0.058300
0.058200
0.058400
0.058500
0.058700
0.059200
0.059300
0.059300
0.059700
0.060300
0.060500
0.060600
0.060700
0.060800
0.060700
0.061100
0.061400
0.061300
0.061600
0.061700
0.061800
0.061800
0.062100
0.062100
0.062200
0.062300
0.061600
0.061300
0.061400
0.061500
0.062300
0.062600
0.062900
0.063400
0.064100
0.064500
0.065000
0.064500
0.064600
0.065000
0.064400
0.065400
0.065900
0.065200
0.064800
0.065200
0.064400
0.064100
0.063300
0.063100
0.062100
0.061700
0.061000
0.060700
0.060700
0.060800
0.061300
0.061500
0.061400
0.061600
0.061700
0.061800
0.061800
0.061100
0.061600
0.062500
0.062500
0.061700
0.061500
0.061600
0.061900
0.061700
0.061600
0.060600
0.060800
0.060900
0.059900
0.059100
0.058700
0.059300
0.059100
0.058000
0.057300
0.057200
0.056200
0.056500
0.057000
0.057200
0.057300
0.057300
0.057400
0.057800
0.058400
0.058900
0.058800
0.058700
0.059600
0.060100
0.060400
0.060500
0.060900
0.061100
0.061200
0.061100
0.061200
0.061300
0.061200
0.061200
0.060800
0.059800
0.059200
0.059500
0.059100
0.058700
0.058200
0.057200
0.057100
0.057400
0.057400
0.057700
0.057300
0.057300
0.057200
0.057200
0.057300
0.057400
0.057500
0.057600
0.057800
0.057900
0.058200
0.058700
0.059000
0.058000
0.057600
0.057400
0.057300
0.057200
0.057100
0.058800
0.058900
0.059700
0.059700
0.059700
0.059700
0.059700
0.059800
0.060100
0.060100
0.060200
0.060400
0.060600
0.060800
0.061200
0.062200
0.062000
0.061800
0.060700
0.060500
0.060200
0.060100
0.059900
0.059800
0.058800
0.058600
0.058400
0.058100
0.057800
0.057400
0.057400
0.057500
0.057500
0.057800
0.058300
0.058500
0.058800
0.059000
0.058900
0.059700
0.060100
0.060700
0.060600
0.059700
0.060000
0.060900
0.061100
0.061100
0.060400
0.060200
0.060400
0.061100
0.061400
0.061800
0.062000
0.062600
0.063100
0.063500
0.064100
0.064300
0.063500
0.063500
0.063300
0.062400
0.061900
0.061900
0.062000
0.061000
0.060400
0.060200
0.059200
0.058800
0.059100
0.058000
0.057200
0.056900
0.057300
0.057300
0.057400
0.057700
0.058000
0.058300
0.058500
0.058900
0.059200
0.059500
0.059600
0.059400
0.059300
0.059100
0.058900
0.058700
0.058700
0.058500
0.058300
0.058300
0.058300
0.058200
0.058100
0.058400
0.058400
0.058400
0.058400
0.058300
0.058100
0.058100
0.057900
0.058100
0.058200
0.058300
0.058400
0.059200
0.059500
0.059500
0.059500
0.059300
0.058000
0.057300
0.056100
0.056600
0.056300
0.056200
0.056000
0.055700
0.055900
0.056300
0.056800
0.057400
0.058100
0.058900
0.059200
0.059500
0.059700
0.059700
0.060200
0.061400
0.061600
0.061800
0.061100
0.061200
0.061500
0.061800
0.062600
0.063000
0.063200
0.063700
0.064500
0.064600
0.063800
0.063800
0.064000
0.063200
0.062700
0.062600
0.061800
0.061600
0.061400
0.061500
0.061900
0.062000
0.062400
0.062700
0.062900
0.062200
0.062300
0.062400
0.061800
0.062800
0.062700
0.062000
0.063400
0.064500
0.064700
0.065200
0.064400
0.064000
0.063200
0.063100
0.062200
0.062000
0.062200
0.061400
0.061700
0.061600
0.061500
0.061500
0.061400
0.061200
0.060900
0.059800
0.059100
0.060300
0.061400
0.060500
0.060600
0.059700
0.059500
0.059300
0.058300
0.058000
0.058300
0.058400
0.058700
0.059300
0.059700
0.060100
0.060500
0.063000
0.064700
0.064800
0.065200
0.064600
0.064800
0.065200
0.064500
0.064700
0.065200
0.065500
0.064700
0.064800
0.066300
0.065400
0.065500
0.064600
0.064400
0.063900
0.063700
0.062700
0.064400
0.064900
0.065100
0.064400
0.064300
0.064700
0.064200
0.066000
0.066200
0.067100
0.066400
0.066100
0.065800
0.065700
0.065300
0.065400
0.064700
0.064700
0.064200
0.064200
0.064800
0.065600
0.066000
0.065500
0.065700
0.066000
0.067100
0.066700
0.066500
0.066000
0.065700
0.065000
0.065400
0.064700
0.065300
0.065500
0.065100
0.065000
0.064400
0.064800
0.064200
0.064600
0.065100
0.065700
0.065200
0.065500
0.066000
0.065600
0.065700
0.064900
0.065200
0.065500
0.065800
0.065000
0.065500
0.065700
0.064800
0.065400
0.064800
0.064800
0.063900
0.063900
0.063900
0.063900
0.063100
0.062700
0.062900
0.062600
0.061700
0.061300
0.061100
0.060100
0.059700
0.059700
0.058800
0.059000
0.058800
0.058800
0.060500
0.061600
0.061900
0.061900
0.060900
0.060700
0.060700
0.060600
0.060600
0.060700
0.060700
0.060700
0.060600
0.060900
0.061100
0.061200
0.060400
0.060600
0.060700
0.060700
0.060700
0.060700
0.060700
0.060700
0.060600
0.060600
0.060600
0.060500
0.060600
0.060600
0.060700
0.060800
0.061400
0.060400
0.060400
0.060100
0.060400
0.060300
0.060100
0.059100
0.060400
0.060100
0.059000
0.058400
0.058100
0.058000
0.057900
0.057900
0.057900
0.058000
0.058000
0.058100
0.058500
0.059000
0.059200
0.059200
0.059100
0.059400
0.059200
0.059100
0.059000
0.058700
0.059800
0.059600
0.059700
0.059600
0.059600
0.058500
0.058100
0.057700
0.056600
0.056400
0.056300
0.056900
0.056900
0.057300
0.057300
0.058700
0.059000
0.058900
0.058900
0.058800
0.058600
0.058600
0.058700
0.058300
0.058000
0.057800
0.057900
0.058100
0.058200
0.058200
0.058200
0.058100
0.058200
0.058500
0.059500
0.059700
0.059700
0.060000
0.060100
0.060400
0.061000
0.061200
0.060900
0.059700
0.059500
0.059200
0.058200
0.058300
0.058100
0.058100
0.058200
0.058300
0.058200
0.058300
0.058100
0.058000
0.058100
0.058100
0.058200
0.058300
0.058500
0.058700
0.059000
0.058900
0.058800
0.059100
0.059200
0.059400
0.059500
0.059700
0.059900
0.060000
0.060100
0.060700
0.061400
0.061100
0.060900
0.059800
0.059000
0.059600
0.058500
0.058700
0.058100
0.058100
0.058000
0.058000
0.057900
0.057900
0.057800
0.057500
0.057200
0.057100
0.056700
0.056600
0.057100
0.057600
0.057700
0.057700
0.057600
0.057500
0.058400
0.058400
0.058500
0.058400
0.058300
0.058200
0.058200
0.059100
0.059700
0.059900
0.060200
0.060500
0.060600
0.059600
0.059300
0.059200
0.059600
0.059600
0.059700
0.060000
0.060300
0.060600
0.060900
0.061000
0.061100
0.061500
0.061900
0.062400
0.063300
0.064200
0.064600
0.065300
0.066300
0.066700
0.066200
0.066100
0.066800
0.066200
0.066400
0.065900
0.066500
0.066600
0.066200
0.066200
0.065400
0.065400
0.064600
0.064300
0.064300
0.064200
0.063200
0.063000
0.063100
0.062000
0.061400
0.060400
0.059700
0.058500
0.058300
0.058200
0.057200
0.056800
0.056800
0.057000
0.057100
0.057800
0.058400
0.059000
0.059400
0.060000
0.060600
0.061500
0.062200
0.062400
0.061500
0.061200
0.061200
0.060300
0.060200
0.060100
0.060000
0.060500
0.060600
0.061000
0.061200
0.061500
0.061500
0.061500
0.061500
0.061800
0.061700
0.061800
0.061700
0.061900
0.060700
0.060600
0.060600
0.060400
0.060400
0.060300
0.060000
0.059000
0.058900
0.059100
0.059200
0.059100
0.059100
0.059400
0.059400
0.059400
0.060200
0.060700
0.060800
0.061600
0.061300
0.061300
0.061200
0.060400
0.060700
0.060800
0.061000
0.060900
0.061100
0.060100
0.059600
0.060200
0.060000
0.059900
0.059800
0.059900
0.059800
0.059500
0.059400
0.059500
0.059500
0.059300
0.059000
0.058700
0.058400
0.058400
0.058300
0.058300
0.057100
0.056800
0.056900
0.057000
0.057000
0.057200
0.057200
0.057300
0.057600
0.057800
0.058000
0.058400
0.059200
0.059600
0.060100
0.059900
0.060200
0.059900
0.060000
0.060200
0.060100
0.060800
0.061200
0.062200
0.061000
0.060800
0.060900
0.061000
0.060200
0.061800
0.061900
0.062300
0.062600
0.063100
0.063100
0.063600
0.063700
0.063900
0.063100
0.062800
0.062000
0.061700
0.061900
0.062000
0.062300
0.061300
0.061000
0.061100
0.062500
0.062800
0.063400
0.063800
0.064900
0.066000
0.065100
0.065800
0.065000
0.064700
0.063800
0.063500
0.062700
0.063100
0.062000
0.061700
0.060800
0.060200
0.059200
0.058800
0.058600
0.058300
0.058200
0.058100
0.058200
0.057900
0.059200
0.059000
0.059100
0.059000
0.058800
0.058500
0.058500
0.058900
0.058900
0.059000
0.059000
0.058900
0.059200
0.059200
0.059100
0.059000
0.058000
0.057700
0.057800
0.058900
0.059000
0.059000
0.059100
0.059300
0.059900
0.059900
0.060800
0.060400
0.060500
0.060400
0.059400
0.059700
0.060000
0.060400
0.061000
0.061400
0.062000
0.062200
0.061300
0.061400
0.060600
0.060200
0.060200
0.060400
0.060500
0.062200
0.062800
0.062500
0.061600
0.061700
0.061800
0.061600
0.061700
0.061800
0.060800
0.060000
0.059800
0.059900
0.060000
0.060500
0.060900
0.061000
0.060100
0.060100
0.060100
0.059300
0.059400
0.059600
0.059900
0.060700
0.060900
0.061400
0.061900
0.062600
0.063200
0.063500
0.064100
0.064500
0.064800
0.065500
0.064600
0.064400
0.063300
0.064100
0.064800
0.065600
0.064800
0.064200
0.064400
0.063500
0.063000
0.063100
0.062100
0.061800
0.060900
0.060600
0.061200
0.061700
0.061500
0.061300
0.061100
0.060200
0.060200
0.060100
0.060100
0.060500
0.060700
0.060300
0.060100
0.059900
0.059600
0.058600
0.058200
0.058100
0.057900
0.057600
0.057600
0.058400
0.058600
0.058600
0.058400
0.058700
0.058900
0.059100
0.059200
0.059300
0.059400
0.059900
0.060200
0.060400
0.060600
0.062200
0.062200
0.063000
0.062800
0.061800
0.061200
0.061600
0.061800
0.061600
0.060600
0.060200
0.060100
0.059000
0.058700
0.058600
0.058500
0.058700
0.058300
0.058200
0.058000
0.057800
0.057800
0.058100
0.057600
0.056500
0.056400
0.056300
0.056200
0.056400
0.056200
0.056100
0.055900
0.055800
0.056000
0.056000
0.055900
0.055700
0.055600
0.057100
0.057400
0.057600
0.057600
0.057500
0.057400
0.057400
0.058100
0.058200
0.058200
0.057900
0.058100
0.058000
0.058000
0.058300
0.058500
0.058700
0.058700
0.058600
0.058700
0.058900
0.059200
0.059500
0.059900
0.060200
0.061200
0.062600
0.062800
0.063800
0.063600
0.063600
0.062500
0.062000
0.062000
0.061000
0.060600
0.060400
0.059900
0.058600
0.058900
0.058300
0.057000
0.056100
0.055500
0.054900
0.054400
0.054500
0.054700
0.055500
0.055100
0.055300
0.055100
0.055300
0.055700
0.056100
0.056500
0.056700
0.057000
0.057800
0.057900
0.058200
0.059000
0.058900
0.058600
0.058300
0.057200
0.056500
0.056300
0.056200
0.056400
0.057100
0.057200
0.056700
0.056300
0.056700
0.057200
0.057100
0.057500
0.057400
0.057400
0.057400
0.057300
0.057300
0.058200
0.058100
0.058200
0.058100
0.058300
0.058500
0.058500
0.058500
0.059200
0.058900
0.058700
0.058700
0.058600
0.058600
0.059000
0.061000
0.061100
0.061500
0.061700
0.062300
0.062600
0.062600
0.062700
0.062700
0.061700
0.061300
0.061100
0.060800
0.060600
0.060600
0.059600
0.059500
0.059600
0.059300
0.058400
0.058400
0.058200
0.058500
0.059500
0.059400
0.059800
0.060300
0.060700
0.061100
0.063300
0.064200
0.064400
0.063600
0.063200
0.062400
0.061900
0.062400
0.061700
0.061300
0.061300
0.061200
0.060500
0.060100
0.060600
0.060800
0.060700
0.062200
0.062700
0.062800
0.063200
0.063500
0.063500
0.062400
0.062600
0.062700
0.061700
0.061300
0.061400
0.060300
0.059700
0.059500
0.059300
0.058300
0.058300
0.057800
0.056700
0.056900
0.056600
0.056500
0.056400
0.056100
0.055700
0.055900
0.055700
0.055700
0.056100
0.056200
0.056000
0.055700
0.055500
0.055100
0.055100
0.055200
0.055000
0.055000
0.054800
0.055800
0.055200
0.055400
0.055000
0.056400
0.056900
0.056900
0.058200
0.059100
0.059300
0.059600
0.059800
0.060000
0.060300
0.060600
0.059400
0.059300
0.059200
0.058900
0.058700
0.058700
0.058900
0.058800
0.058500
0.058300
0.058600
0.058700
0.059900
0.060100
0.059800
0.059400
0.059200
0.058200
0.057500
0.057100
0.056600
0.056100
0.056000
0.055900
0.056200
0.056200
0.056800
0.056900
0.057000
0.057000
0.056800
0.056500
0.056400
0.056500
0.056400
0.056300
0.056400
0.056200
0.056000
0.055800
0.055700
0.055500
0.055900
0.055800
0.055700
0.055500
0.055500
0.056100
0.056500
0.056500
0.056500
0.057000
0.057100
0.057500
0.057700
0.057700
0.057500
0.057200
0.057600
0.057600
0.057500
0.057500
0.057800
0.057900
0.057500
0.056700
0.055400
0.054800
0.054700
0.054200
0.054000
0.053800
0.053800
0.053600
0.053500
0.054100
0.054800
0.054800
0.054900
0.055100
0.055000
0.055200
0.055200
0.055300
0.055500
0.055700
0.055800
0.055700
0.056100
0.056100
0.055900
0.055900
0.056000
0.055900
0.056100
0.055900
0.055900
0.056300
0.056500
0.056600
0.056700
0.058000
0.058500
0.059300
0.059400
0.059600
0.059900
0.059500
0.059300
0.059100
0.059300
0.059500
0.059500
0.059700
0.059700
0.060100
0.059200
0.059200
0.059200
0.059200
0.060700
0.060800
0.061300
0.061400
0.061800
0.062400
0.062500
0.062700
0.062000
0.061900
0.061000
0.060500
0.061100
0.061300
0.061400
0.061100
0.061700
0.062000
0.060900
0.060500
0.060400
0.060400
0.060200
0.059200
0.058900
0.058700
0.057600
0.056800
0.056400
0.056500
0.059000
0.059600
0.059900
0.060500
0.061200
0.061800
0.060700
0.060200
0.059200
0.058700
0.058600
0.058600
0.058900
0.059000
0.059000
0.059300
0.059100
0.059100
0.059000
0.059100
0.058600
0.058400
0.058500
0.058200
0.057900
0.057700
0.057800
0.057700
0.057700
0.057700
0.057400
0.057100
0.057200
0.057100
0.057400
0.057300
0.057300
0.056900
0.057300
0.057400
0.057600
0.057900
0.058300
0.058200
0.058100
0.059800
0.059800
0.060000
0.060100
0.060300
0.060900
0.061000
0.061400
0.061500
0.061500
0.061600
0.062000
0.061300
0.061000
0.062400
0.062500
0.062600
0.062900
0.063200
0.063500
0.063800
0.064800
0.063900
0.063700
0.062900
0.062300
0.062400
0.063100
0.062100
0.062000
0.062200
0.062100
0.062800
0.061900
0.061900
0.061900
0.061100
0.061000
0.061500
0.061200
0.060000
0.060000
0.060300
0.060100
0.059200
0.060400
0.060600
0.060500
0.060700
0.061300
0.061800
0.062300
0.062200
0.062400
0.061600
0.061300
0.061200
0.061500
0.061400
0.061500
0.060500
0.060100
0.060300
0.060200
0.059200
0.059200
0.059500
0.058500
0.058200
0.057900
0.057700
0.057600
0.057900
0.058100
0.058800
0.059300
0.059700
0.060200
0.060800
0.061300
0.060400
0.059900
0.060200
0.060100
0.060000
0.060200
0.061400
0.061700
0.062200
0.062300
0.062600
0.062500
0.062400
0.062500
0.062600
0.062800
0.063000
0.061700
0.061400
0.061400
0.060500
0.060300
0.060200
0.060100
0.059300
0.059000
0.059200
0.059200
0.059500
0.059600
0.060100
0.060600
0.060900
0.061300
0.061600
0.061800
0.062200
0.062600
0.063100
0.063700
0.064200
0.064800
0.065700
0.064800
0.064600
0.063400
0.062700
0.062700
0.061800
0.061400
0.061100
0.060800
0.059800
0.059600
0.058400
0.057900
0.057500
0.057200
0.057000
0.056900
0.056800
0.056700
0.056500
0.057000
0.057500
0.057700
0.057900
0.058200
0.059400
0.059700
0.060000
0.060900
0.061300
0.061400
0.061600
0.060600
0.060300
0.060600
0.060300
0.060700
0.059800
0.059500
0.059200
0.058200
0.058300
0.058200
0.057900
0.057600
0.057300
0.057300
0.057400
0.057500
0.057400
0.057600
0.057300
0.058500
0.058500
0.058300
0.058100
0.058000
0.059100
0.059100
0.060000
0.061200
0.061200
0.061400
0.061500
0.061500
0.060200
0.059500
0.058500
0.058700
0.058500
0.058200
0.058000
0.058100
0.058500
0.058700
0.058800
0.058600
0.058600
0.058800
0.058800
0.058800
0.058800
0.058900
0.059100
0.059400
0.060300
0.060500
0.060900
0.061000
0.061300
0.060400
0.060100
0.060000
0.060100
0.060400
0.060300
0.060500
0.060800
0.061000
0.061100
0.061100
0.061600
0.062000
0.062400
0.062700
0.062900
0.063100
0.063500
0.063400
0.062700
0.062700
0.062600
0.062800
0.063400
0.064000
0.063000
0.062900
0.061800
0.061600
0.061400
0.060400
0.060100
0.059700
0.059800
0.058700
0.058500
0.057400
0.056800
0.055700
0.055100
0.054700
0.054600
0.055800
0.057600
0.057900
0.057900
0.058000
0.057900
0.057800
0.058000
0.058100
0.058400
0.058500
0.058800
0.058900
0.060300
0.060800
0.061400
0.062000
0.062600
0.063600
0.063500
0.062900
0.063100
0.062400
0.062600
0.062900
0.063100
0.063300
0.063900
0.064000
0.063200
0.062500
0.062700
0.062500
0.061400
0.060900
0.060900
0.060500
0.059400
0.058900
0.058500
0.058300
0.058900
0.058600
0.057500
0.057000
0.056700
0.056600
0.056500
0.056400
0.056900
0.057200
0.057500
0.057900
0.057800
0.058300
0.058900
0.058900
0.058900
0.059000
0.059300
0.059400
0.059600
0.059600
0.060000
0.060400
0.060400
0.060600
0.060800
0.060900
0.060800
0.060900
0.061100
0.061300
0.061600
0.061500
0.061400
0.060400
0.059900
0.058700
0.057900
0.057300
0.057100
0.056900
0.056700
0.056600
0.056600
0.056500
0.056500
0.056300
0.056500
0.056700
0.056900
0.056900
0.057100
0.057500
0.057800
0.058000
0.058500
0.058700
0.059000
0.059400
0.059700
0.060200
0.060600
0.061000
0.060000
0.060000
0.060100
0.060100
0.060000
0.060100
0.060300
0.060000
0.059000
0.059000
0.059000
0.059200
0.059500
0.059700
0.059900
0.060200
0.060200
0.060200
0.060900
0.060900
0.061200
0.061600
0.062500
0.063000
0.063300
0.063800
0.064800
0.066100
0.065300
0.064800
0.064300
0.064800
0.064700
0.064700
0.064000
0.064000
0.063300
0.063200
0.062600
0.062400
0.062800
0.063100
0.062300
0.062200
0.062700
0.062000
0.062200
0.062500
0.062800
0.062900
0.063500
0.063500
0.064100
0.064200
0.063200
0.063000
0.063000
0.062100
0.061600
0.061800
0.060700
0.060400
0.059300
0.059100
0.058600
0.057600
0.057200
0.056800
0.056400
0.056200
0.056300
0.056200
0.056300
0.056500
0.056900
0.057200
0.057600
0.057700
0.058000
0.058300
0.059400
0.060000
0.061100
0.061100
0.060100
0.060100
0.060700
0.060600
0.061200
0.061600
0.060600
0.060100
0.060000
0.059000
0.058600
0.057700
0.057600
0.057500
0.058100
0.058400
0.058700
0.059400
0.059600
0.060000
0.060700
0.061200
0.061700
0.061900
0.061000
0.060900
0.061200
0.061300
0.061900
0.061000
0.060900
0.061100
0.061200
0.061300
0.061900
0.062300
0.061500
0.061200
0.061700
0.062300
0.062600
0.063400
0.063800
0.064200
0.064400
0.065500
0.066100
0.065300
0.064700
0.064700
0.063900
0.063300
0.063300
0.063200
0.062100
0.061600
0.061800
0.060700
0.060300
0.060200
0.060000
0.059000
0.058700
0.058500
0.058200
0.058100
0.058800
0.059300
0.059100
0.058900
0.058900
0.059100
0.059400
0.059200
0.058300
0.058200
0.058100
0.057900
0.058000
0.058100
0.058000
0.058700
0.058700
0.058700
0.058800
0.059200
0.059200
0.058900
0.058200
0.056800
0.056200
0.055600
0.055100
0.054900
0.054300
0.054300
0.054500
0.054300
0.054900
0.054800
0.054700
0.054500
0.054500
0.054600
0.055500
0.056400
0.057700
0.058000
0.058700
0.059000
0.059300
0.059900
0.061500
0.061800
0.062000
0.061800
0.061700
0.060500
0.060300
0.060200
0.060100
0.059000
0.058200
0.057100
0.057200
0.057400
0.057100
0.057200
0.057200
0.057200
0.057300
0.057300
0.057300
0.057400
0.057500
0.057600
0.057800
0.058300
0.058400
0.058700
0.059800
0.060500
0.061400
0.061900
0.063000
0.063300
0.063700
0.063900
0.064600
0.064700
0.065200
0.064600
0.064600
0.064700
0.064200
0.063900
0.064200
0.064700
0.064900
0.065000
0.064100
0.063800
0.063000
0.062800
0.061900
0.061300
0.061600
0.061700
0.060800
0.060700
0.060700
0.060700
0.060900
0.061000
0.061100
0.061200
0.061600
0.061800
0.062000
0.062800
0.062900
0.063400
0.062400
0.062000
0.061000
0.061300
0.059900
0.059800
0.058600
0.058800
0.058200
0.057600
0.057200
0.056900
0.056300
0.055800
0.055400
0.054600
0.054700
0.054300
0.054300
0.054300
0.054200
0.054300
0.054400
0.054600
0.054500
0.054500
0.054600
0.054800
0.055100
0.055300
0.055300
0.056000
0.056200
0.056500
0.056800
0.057300
0.058900
0.060000
0.060900
0.061500
0.060700
0.060700
0.060600
0.060700
0.060700
0.060600
0.060600
0.060900
0.060800
0.060600
0.059500
0.059100
0.058900
0.058500
0.058000
0.057700
0.056500
0.055500
0.054200
0.054300
0.054000
0.054500
0.054100
0.054400
0.054900
0.054300
0.054000
0.054400
0.054000
0.054100
0.053800
0.053500
0.053400
0.053000
0.053000
0.053000
0.053100
0.053400
0.053700
0.054200
0.055400
0.056800
0.057700
0.059100
0.061300
0.062200
0.063300
0.063900
0.064400
0.065000
0.066100
0.067400
0.066700
0.066700
0.066100
0.065800
0.065000
0.064900
0.064100
0.064000
0.064500
0.063600
0.063300
0.063500
0.062800
0.062700
0.062000
0.061700
0.060900
0.060700
0.060800
0.061000
0.061200
0.062500
0.063400
0.063700
0.062800
0.062800
0.061900
0.061800
0.063100
0.063700
0.062700
0.062400
0.062100
0.060800
0.060500
0.060200
0.059700
0.058600
0.058400
0.057400
0.056700
0.055500
0.054800
0.055700
0.055500
0.055600
0.055800
0.056000
0.057600
0.057600
0.057800
0.057900
0.057900
0.057800
0.059000
0.058400
0.058200
0.058000
0.057600
0.057600
0.057500
0.058100
0.057900
0.058200
0.058200
0.058400
0.058600
0.058900
0.059400
0.059600
0.059900
0.060900
0.061200
0.062000
0.063100
0.063800
0.064400
0.064800
0.065300
0.064400
0.065000
0.064700
0.063500
0.062900
0.061700
0.061100
0.060800
0.060600
0.059700
0.059000
0.058900
0.058900
0.058700
0.058600
0.058300
0.058000
0.057900
0.057900
0.058100
0.058900
0.059000
0.059400
0.060200
0.061200
0.060300
0.059600
0.060000
0.059600
0.059700
0.059400
0.058900
0.058400
0.058000
0.057500
0.057000
0.055700
0.054800
0.053800
0.053300
0.053000
0.053000
0.052700
0.052500
0.052300
0.055400
0.056700
0.057200
0.059500
0.061600
0.063000
0.063900
0.065000
0.064300
0.063900
0.064100
0.064800
0.064000
0.064500
0.063800
0.063500
0.064800
0.065700
0.065200
0.065600
0.065300
0.065600
0.066300
0.066900
0.066400
0.067000
0.066500
0.067600
0.067400
0.068700
0.068900
0.068700
0.068900
0.068300
0.068400
0.067700
0.067800
0.068400
0.068000
0.068000
0.067200
0.067200
0.066500
0.066200
0.065700
0.065700
0.066000
0.065100
0.065100
0.064300
0.063800
0.063800
0.062800
0.063300
0.062400
0.062100
0.061200
0.061000
0.060900
0.060200
0.059800
0.060600
0.061000
0.061200
0.061400
0.061200
0.060200
0.059800
0.060700
0.061300
0.061400
0.061600
0.061900
0.062000
0.061100
0.061200
0.061300
0.060200
0.059600
0.059500
0.060100
0.060200
0.060400
0.061100
0.062100
0.063200
0.064500
0.064700
0.065100
0.065500
0.064700
0.064400
0.065000
0.064000
0.063700
0.062700
0.062000
0.062100
0.061000
0.060700
0.059900
0.059400
0.058200
0.058200
0.058300
0.058900
0.059300
0.059500
0.059900
0.060400
0.060500
0.060700
0.061100
0.061600
0.061900
0.062600
0.063500
0.062600
0.062600
0.061900
0.061900
0.062500
0.062800
0.062900
0.062200
0.062100
0.062200
0.061200
0.061100
0.061300
0.061700
0.061600
0.061400
0.061400
0.061100
0.060900
0.060500
0.060100
0.059000
0.058300
0.058000
0.057500
0.057100
0.057100
0.056800
0.056500
0.056500
0.056500
0.056400
0.056000
0.055600
0.055400
0.055400
0.055200
0.055200
0.055900
0.056000
0.055900
0.055800
0.055600
0.055400
0.055300
0.055100
0.056500
0.057500
0.057300
0.057700
0.058700
0.058800
0.058700
0.057800
0.057500
0.057700
0.058500
0.059400
0.059600
0.059700
0.060000
0.060600
0.062200
0.062600
0.061900
0.061900
0.061900
0.061800
0.061800
0.062500
0.062400
0.061300
0.061600
0.061800
0.060800
0.060200
0.059300
0.058900
0.059000
0.058000
0.057800
0.058000
0.058300
0.058900
0.059400
0.059900
0.060900
0.060600
0.059700
0.059800
0.059800
0.060300
0.060800
0.061300
0.061400
0.060100
0.059800
0.059700
0.059900
0.059900
0.058900
0.058800
0.058900
0.059100
0.059200
0.059400
0.059900
0.060200
0.060300
0.060500
0.061100
0.061400
0.063300
0.063200
0.062500
0.062500
0.062500
0.063000
0.063300
0.063700
0.062700
0.062500
0.061900
0.062100
0.061200
0.061200
0.061200
0.061300
0.061300
0.060100
0.059600
0.059400
0.059500
0.059300
0.059700
0.060500
0.061300
0.060300
0.060300
0.060100
0.059200
0.059100
0.059100
0.059000
0.060500
0.062300
0.062400
0.062900
0.062100
0.062000
0.062600
0.061800
0.061800
0.062200
0.062400
0.061400
0.061200
0.061700
0.061900
0.062700
0.063200
0.063900
0.064600
0.065100
0.064400
0.064100
0.063200
0.062500
0.062800
0.061800
0.061700
0.062300
0.061900
0.060800
0.060600
0.060000
0.058600
0.058000
0.056800
0.055800
0.055400
0.054800
0.054600
0.054100
0.054800
0.055000
0.055000
0.055300
0.055500
0.055700
0.055700
0.055900
0.056300
0.056700
0.057100
0.057500
0.057800
0.058200
0.058700
0.059100
0.059800
0.060500
0.060400
0.060700
0.060700
0.059800
0.059600
0.059300
0.059100
0.059200
0.059500
0.059400
0.059200
0.059100
0.058800
0.058500
0.058400
0.058100
0.057900
0.057900
0.057600
0.057500
0.057800
0.058400
0.058600
0.058800
0.059000
0.058700
0.058900
0.058700
0.058800
0.059100
0.059400
0.059700
0.060200
0.060500
0.060800
0.061200
0.061900
0.062300
0.062800
0.063000
0.063900
0.064200
0.063600
0.063800
0.064400
0.064700
0.064200
0.065000
0.064500
0.064700
0.064900
0.064100
0.064100
0.063400
0.063100
0.063300
0.063700
0.063700
0.063100
0.062900
0.062200
0.062000
0.062000
0.061200
0.061000
0.061700
0.061500
0.060400
0.060500
0.060600
0.060700
0.060400
0.060100
0.059100
0.058600
0.058200
0.057700
0.056600
0.056500
0.056200
0.055900
0.055600
0.055600
0.055700
0.055900
0.056100
0.056700
0.057000
0.057000
0.057500
0.057700
0.057500
0.057100
0.057000
0.057000
0.057200
0.057100
0.057200
0.057500
0.057400
0.057700
0.057900
0.058100
0.058000
0.058000
0.058200
0.058600
0.059100
0.059200
0.059500
0.059400
0.059400
0.059500
0.059500
0.059400
0.058300
0.057800
0.057500
0.057600
0.057400
0.057000
0.056600
0.056300
0.056000
0.055800
0.055600
0.056000
0.056800
0.056600
0.056700
0.056900
0.057300
0.057500
0.057600
0.058000
0.058100
0.058200
0.058000
0.058100
0.058100
0.058000
0.058000
0.058100
0.058300
0.058800
0.058900
0.059900
0.060200
0.059900
0.059600
0.058600
0.058000
0.058100
0.057900
0.057500
0.057400
0.057000
0.057800
0.057700
0.057800
0.057500
0.057100
0.056700
0.056600
0.056600
0.056500
0.056300
0.056300
0.056200
0.056000
0.055700
0.055600
0.055600
0.055600
0.055600
0.055400
0.055400
0.056700
0.058100
0.058400
0.058500
0.058100
0.057800
0.057200
0.057400
0.057300
0.057000
0.056600
0.056400
0.056800
0.056600
0.056600
0.056300
0.056200
0.056000
0.056200
0.056200
0.056300
0.056200
0.056000
0.055700
0.055900
0.056100
0.056500
0.057100
0.057100
0.057200
0.057200
0.057100
0.056800
0.056700
0.057100
0.057400
0.057500
0.057600
0.058200
0.058400
0.058500
0.058700
0.059300
0.059500
0.060800
0.061000
0.061500
0.062100
0.062900
0.063500
0.064600
0.066500
0.065800
0.065700
0.065000
0.064600
0.063800
0.063700
0.062900
0.062600
0.063100
0.062200
0.062500
0.061600
0.061600
0.060900
0.061200
0.061700
0.062100
0.062200
0.062900
0.063300
0.063600
0.063100
0.063300
0.063500
0.063900
0.064200
0.064600
0.063900
0.063900
0.064200
0.064600
0.064000
0.064400
0.064900
0.065300
0.066400
0.067500
0.066700
0.066700
0.065900
0.065700
0.066100
0.065500
0.065700
0.065200
0.065100
0.065500
0.065900
0.066300
0.065600
0.066100
0.065200
0.065500
0.064700
0.064700
0.064000
0.063800
0.064300
0.063600
0.063200
0.063300
0.063500
0.063900
0.064800
0.065100
0.065400
0.064800
0.064600
0.064900
0.064200
0.064200
0.063600
0.063400
0.063400
0.063500
0.062500
0.062000
0.062200
0.062400
0.062800
0.063500
0.062500
0.062300
0.061600
0.061500
0.061700
0.061800
0.061900
0.061200
0.061300
0.061900
0.062000
0.062300
0.062700
0.063000
0.063900
0.064300
0.065500
0.066200
0.065600
0.065800
0.066200
0.066700
0.067000
0.066200
0.065700
0.064900
0.064800
0.063900
0.063200
0.062000
0.061500
0.060500
0.060100
0.060100
0.059400
0.059700
0.059700
0.060200
0.060500
0.060900
0.061400
0.061900
0.062400
0.062300
0.062400
0.062600
0.062800
0.064000
0.064300
0.063600
0.063800
0.063000
0.062200
0.061400
0.061300
0.061800
0.061900
0.061000
0.060500
0.059500
0.060800
0.060400
0.060500
0.060500
0.060500
0.060400
0.059400
0.059300
0.059300
0.059300
0.059600
0.059700
0.059700
0.059700
0.059800
0.059600
0.059900
0.060000
0.060300
0.060100
0.060300
0.060600
0.060500
0.059700
0.060400
0.060600
0.060600
0.059800
0.060000
0.060700
0.061100
0.061100
0.061300
0.062000
0.062200
0.062300
0.062700
0.062900
0.063200
0.063400
0.062600
0.062100
0.062200
0.062100
0.061300
0.061300
0.061400
0.061400
0.061300
0.060200
0.059900
0.059800
0.059600
0.060000
0.060400
0.060500
0.059800
0.059700
0.060500
0.060600
0.061300
0.062300
0.062600
0.062900
0.063400
0.064300
0.064600
0.065000
0.065300
0.066000
0.065300
0.064700
0.063700
0.063500
0.062300
0.061700
0.061400
0.061200
0.060300
0.059700
0.058500
0.058200
0.057900
0.058100
0.059200
0.059100
0.058900
0.058700
0.058800
0.059200
0.059200
0.059400
0.059400
0.059200
0.060500
0.060700
0.060700
0.060600
0.059600
0.059300
0.059300
0.058300
0.058300
0.058100
0.057900
0.058000
0.057900
0.057700
0.057200
0.057400
0.057800
0.057800
0.057900
0.058200
0.059300
0.059300
0.059200
0.057900
0.057700
0.057300
0.057400
0.057300
0.057200
0.057200
0.057300
0.057400
0.057500
0.057500
0.057400
0.057000
0.056800
0.056600
0.056400
0.056200
0.056100
0.056000
0.055800
0.055800
0.055600
0.056100
0.056200
0.056600
0.056400
0.056400
0.056400
0.057400
0.057600
0.057700
0.059200
0.059300
0.059700
0.060200
0.060400
0.060200
0.060000
0.061200
0.061000
0.060900
0.059900
0.059600
0.059400
0.059600
0.059600
0.059500
0.058400
0.057900
0.058000
0.057800
0.057700
0.057500
0.057600
0.057700
0.057800
0.057600
0.058600
0.058500
0.058600
0.058500
0.058600
0.059200
0.059300
0.059500
0.059600
0.059600
0.060200
0.060300
0.060500
0.060800
0.061100
0.061300
0.061400
0.061600
0.062300
0.062300
0.061500
0.060900
0.060800
0.060600
0.059500
0.059700
0.058700
0.058400
0.058600
0.058600
0.058800
0.058900
0.059200
0.059500
0.059000
0.058000
0.057500
0.057400
0.057200
0.056800
0.057100
0.057100
0.057100
0.057100
0.057100
0.057200
0.057500
0.057800
0.057900
0.057900
0.058000
0.058100
0.058300
0.058200
0.058100
0.058000
0.058100
0.058400
0.058400
0.058300
0.057300
0.057100
0.056800
0.057200
0.057500
0.057400
0.057200
0.057600
0.057600
0.057800
0.057700
0.057700
0.057600
0.057400
0.057400
0.057400
0.057200
0.057000
0.056900
0.057400
0.058000
0.058300
0.058500
0.059600
0.059800
0.060300
0.060700
0.061300
0.061700
0.062300
0.063000
0.063500
0.064000
0.064500
0.064900
0.064000
0.063700
0.063700
0.062400
0.061600
0.060100
0.059200
0.057800
0.056600
0.056100
0.054700
0.053800
0.053800
0.053800
0.053900
0.054000
0.054300
0.054600
0.054700
0.055000
0.055400
0.055800
0.056300
0.056800
0.057200
0.057600
0.058000
0.059300
0.059000
0.058600
0.057500
0.057200
0.057800
0.057700
0.057300
0.057000
0.056900
0.056700
0.056700
0.056700
0.056600
0.056400
0.057000
0.057200
0.057300
0.057400
0.057900
0.057800
0.057700
0.058000
0.058200
0.058100
0.058200
0.057900
0.057700
0.057400
0.057300
0.057500
0.057600
0.057400
0.057300
0.057100
0.057000
0.056500
0.056000
0.055500
0.055100
0.055100
0.054900
0.054700
0.054800
0.054800
0.054700
0.054500
0.054400
0.054300
0.054300
0.054400
0.054500
0.054600
0.054600
0.054900
0.055000
0.055300
0.055700
0.056300
0.056700
0.056800
0.056800
0.057000
0.057300
0.057800
0.057700
0.057300
0.057400
0.057500
0.057400
0.057200
0.057400
0.057400
0.057100
0.057200
0.057200
0.057500
0.057400
0.057700
0.057700
0.057800
0.058100
0.058700
0.058900
0.059100
0.058800
0.058500
0.058200
0.058300
0.058100
0.058600
0.058800
0.058900
0.058900
0.058900
0.059000
0.058900
0.058900
0.059200
0.059300
0.059600
0.060100
0.060200
0.060500
0.060700
0.060900
0.062000
0.064600
0.065300
0.065600
0.065200
0.065000
0.065700
0.064900
0.064900
0.065800
0.065200
0.065300
0.065500
0.065000
0.065500
0.064700
0.064600
0.063800
0.063500
0.063500
0.063800
0.063000
0.062600
0.061800
0.062300
0.062200
0.062200
0.062200
0.062100
0.062100
0.061300
0.061400
0.061600
0.061800
0.061000
0.061500
0.061500
0.061700
0.061800
0.062000
0.062600
0.063000
0.063200
0.063700
0.064000
0.064300
0.065400
0.064800
0.064700
0.064200
