0.008000
0.008000
0.007900
0.007900
0.007800
0.007900
0.007800
0.007900
0.007900
0.007900
0.007900
0.008000
0.008000
0.008000
0.008000
0.008000
0.008000
0.008000
0.008000
0.007900
0.008000
0.008000
0.008000
0.008000
0.008100
0.008200
0.008200
0.008200
0.008100
0.008200
0.008100
0.008100
0.008100
0.008100
0.008000
0.008000
0.008100
0.008100
0.008100
0.008100
0.008200
0.008100
0.008100
0.008100
0.008000
0.008000
0.008000
0.008000
0.007900
0.007900
0.007800
0.007800
0.007700
0.007700
0.007600
0.007600
0.007600
0.007600
0.007500
0.007500
0.007400
0.007400
0.007400
0.007400
0.007500
0.007700
0.007800
0.007800
0.007800
0.007800
0.007800
0.007800
0.007800
0.007700
0.007700
0.007700
0.007700
0.007700
0.007600
0.007600
0.007600
0.007600
0.007600
0.007500
0.007500
0.007500
0.007400
0.007400
0.007300
0.007300
0.007200
0.007200
0.007200
0.007200
0.007200
0.007200
0.007200
0.007200
0.007200
0.007200
0.007200
0.007300
0.007300
0.007300
0.007300
0.007300
0.007200
0.007200
0.007200
0.007200
0.007200
0.007200
0.007200
0.007100
0.007100
0.007100
0.007100
0.007100
0.007100
0.007200
0.007200
0.007200
0.007100
0.007100
0.007200
0.007200
0.007200
0.007200
0.007200
0.007300
0.007300
0.007300
0.007300
0.007200
0.007200
0.007200
0.007200
0.007100
0.007100
0.007200
0.007200
0.007300
0.007300
0.007300
0.007200
0.007300
0.007200
0.007200
0.007300
0.007400
0.007300
0.007300
0.007300
0.007300
0.007300
0.007300
0.007400
0.007400
0.007400
0.007400
0.007400
0.007400
0.007400
0.007400
0.007400
0.007600
0.007600
0.007600
0.007800
0.007700
0.007700
0.007600
0.007500
0.007600
0.007600
0.007500
0.007500
0.007400
0.007400
0.007300
0.007300
0.007300
0.007300
0.007200
0.007200
0.007100
0.007000
0.007000
0.007000
0.007100
0.007100
0.007100
0.007200
0.007200
0.007100
0.007100
0.007100
0.007200
0.007200
0.007200
0.007200
0.007200
0.007300
0.007300
0.007300
0.007400
0.007400
0.007400
0.007400
0.007400
0.007400
0.007400
0.007400
0.007300
0.007300
0.007300
0.007300
0.007300
0.007300
0.007300
0.007300
0.007300
0.007300
0.007400
0.007300
0.007400
0.007400
0.007500
0.007400
0.007400
0.007400
0.007400
0.007500
0.007400
0.007400
0.007400
0.007300
0.007300
0.007400
0.007400
0.007400
0.007400
0.007400
0.007400
0.007300
0.007300
0.007300
0.007300
0.007300
0.007300
0.007400
0.007500
0.007500
0.007500
0.007500
0.007500
0.007600
0.007700
0.007700
0.007800
0.007800
0.007800
0.007700
0.007800
0.007900
0.007800
0.007800
0.007800
0.007800
0.007800
0.007900
0.007800
0.007800
0.007700
0.007700
0.007700
0.007700
0.007600
0.007600
0.007600
0.007500
0.007500
0.007500
0.007400
0.007500
0.007400
0.007400
0.007300
0.007300
0.007400
0.007400
0.007400
0.007400
0.007400
0.007500
0.007500
0.007500
0.007500
0.007400
0.007400
0.007400
0.007300
0.007300
0.007200
0.007200
0.007200
0.007100
0.007100
0.007100
0.007200
0.007000
0.007000
0.006900
0.006900
0.006800
0.006900
0.006900
0.007100
0.007000
0.006900
0.006900
0.006900
0.007000
0.006900
0.006900
0.007000
0.006900
0.006900
0.007100
0.007100
0.007100
0.007300
0.007200
0.007400
0.007400
0.007400
0.007400
0.007400
0.007400
0.007300
0.007300
0.007300
0.007300
0.007400
0.007300
0.007300
0.007300
0.007300
0.007300
0.007300
0.007300
0.007300
0.007300
0.007400
0.007500
0.007400
0.007400
0.007400
0.007300
0.007300
0.007200
0.007200
0.007100
0.007200
0.007300
0.007200
0.007200
0.007200
0.007300
0.007300
0.007300
0.007300
0.007200
0.007400
0.007400
0.007400
0.007300
0.007300
0.007300
0.007300
0.007200
0.007300
0.007300
0.007300
0.007300
0.007300
0.007300
0.007400
0.007400
0.007300
0.007400
0.007300
0.007300
0.007300
0.007200
0.007200
0.007200
0.007200
0.007100
0.007300
0.007200
0.007200
0.007300
0.007200
0.007300
0.007300
0.007200
0.007200
0.007200
0.007200
0.007300
0.007300
0.007300
0.007300
0.007300
0.007500
0.007500
0.007500
0.007400
0.007500
0.007500
0.007400
0.007500
0.007400
0.007400
0.007300
0.007300
0.007200
0.007200
0.007200
0.007200
0.007200
0.007200
0.007200
0.007200
0.007100
0.007000
0.007000
0.006900
0.006800
0.007000
0.007000
0.007200
