0.029000
0.029600
0.029400
0.029400
0.029200
0.029200
0.029300
0.029500
0.029600
0.029500
0.029600
0.029400
0.029300
0.029300
0.029300
0.029100
0.029000
0.028800
0.029600
0.029600
0.029200
0.029000
0.028800
0.028800
0.028600
0.029100
0.029700
0.029800
0.029600
0.029400
0.029300
0.029400
0.029300
0.029200
0.029100
0.029200
0.029200
0.029700
0.029800
0.029800
0.029900
0.030000
0.029700
0.029600
0.029400
0.029500
0.029200
0.029300
0.029400
0.029200
0.029000
0.028900
0.029000
0.029200
0.029000
0.028700
0.028700
0.028800
0.028900
0.029000
0.029200
0.029100
0.029300
0.029400
0.029800
0.029700
0.029700
0.030700
0.030600
0.030600
0.030700
0.030700
0.030800
0.030500
0.030300
0.030100
0.030000
0.029700
0.029800
0.029800
0.029800
0.029700
0.029900
0.029900
0.029600
0.029300
0.029100
0.028900
0.029200
0.029000
0.028800
0.028600
0.028000
0.027500
0.027100
0.026600
0.026000
0.025300
0.024800
0.024000
0.023200
0.022500
0.021900
0.021400
0.020700
0.020100
0.019900
0.019200
0.018500
0.017800
0.018600
0.018600
0.018400
0.018500
0.018100
0.019000
0.018800
0.020100
0.020000
0.019900
0.019700
0.019400
0.018800
0.020200
0.020200
0.020100
0.020300
0.019700
0.020000
0.020400
0.021500
0.021600
0.021700
0.022000
0.021800
0.022600
0.023600
0.024300
0.024200
0.027100
0.027600
0.029100
0.029400
0.029200
0.029200
0.029100
0.029000
0.028900
0.029000
0.028800
0.028500
0.028400
0.028800
0.028500
0.028500
0.028400
0.028500
0.028600
0.028300
0.028300
0.028100
0.028000
0.028200
0.028300
0.028500
0.028500
0.028500
0.028400
0.028500
0.028600
0.028500
0.028500
0.028500
0.028400
0.028400
0.028300
0.028100
0.028200
0.027900
0.027800
0.027700
0.027700
0.027900
0.027700
0.028700
0.028600
0.028600
0.028500
0.028300
0.028600
0.028600
0.028700
0.028900
0.028800
0.028700
0.028800
0.028800
0.028800
0.029000
0.028900
0.028700
0.028200
0.027900
0.027400
0.026900
0.026300
0.025700
0.025000
0.024500
0.024200
0.024000
0.023600
0.023100
0.022700
0.022300
0.021800
0.021500
0.022400
0.023000
0.023400
0.023800
0.023900
0.026900
0.028100
0.028000
0.028000
0.028400
0.028600
0.028500
0.028600
0.028600
0.028700
0.028900
0.029000
0.029400
0.029600
0.029500
0.029300
0.029300
0.029500
0.029400
0.029400
0.029200
0.029000
0.028900
0.028700
0.028600
0.028400
0.028300
0.028300
0.027900
0.027500
0.027100
0.027000
0.028200
0.027500
0.026900
0.026400
0.025800
0.025300
0.024700
0.024100
0.023700
0.023100
0.022900
0.022800
0.022100
0.021600
0.020900
0.020200
0.020400
0.021500
0.020600
0.020700
0.020900
0.021100
0.020800
0.020500
0.020700
0.020600
0.020300
0.020400
0.019700
0.020000
0.019600
0.019700
0.019900
0.020100
0.020200
0.020000
0.019600
0.019800
0.019800
0.019400
0.019600
0.020900
0.020900
0.021200
0.020800
0.021100
0.021500
0.021400
0.021600
0.021300
0.021600
0.021400
0.021200
0.021800
0.021900
0.021500
0.021500
0.020900
0.021200
0.020900
0.020800
0.021200
0.021100
0.020900
0.020900
0.021100
0.020900
0.020700
0.020800
0.020400
0.020500
0.020400
0.020100
0.020900
0.021000
0.020800
0.020600
0.020200
0.021300
0.021400
0.020900
0.021300
0.021100
0.021000
0.021300
0.021200
0.021600
0.021100
0.021300
0.021100
0.020900
0.021300
0.021500
0.021100
0.020500
0.020900
0.020700
0.020700
0.020900
0.020800
0.020200
0.020300
0.020000
0.019800
0.020000
0.020200
0.020200
0.020100
0.019800
0.019800
0.020100
0.020100
0.020500
0.020200
0.020400
0.020000
0.020200
0.020100
0.020300
0.019900
0.020400
0.020100
0.019800
0.020900
0.020600
0.020300
0.020100
0.019800
0.019300
0.019400
0.018900
0.018700
0.018700
0.018200
0.018100
0.018200
0.018200
0.018300
0.018300
0.018500
0.018200
0.018600
0.018500
0.018500
0.018400
0.018300
0.019100
0.020200
0.022200
0.023200
0.023100
0.023000
0.023200
0.023000
0.022900
0.022700
0.022500
0.022200
0.022000
0.021800
0.021700
0.021800
0.021800
0.021900
0.022200
0.022200
0.022300
0.021900
0.021600
0.021600
0.021400
0.021500
0.021600
0.021600
0.021500
0.021300
0.021100
0.021500
0.021800
0.021500
0.021100
0.021100
0.021400
0.021900
0.021900
0.022100
0.022100
0.022200
0.022600
0.022700
0.022700
0.022700
0.023300
0.023700
0.024000
0.024200
0.024400
0.024700
0.024700
0.024900
0.025200
0.025400
0.025500
0.025600
0.025500
0.025600
0.025400
0.025300
0.025400
0.025300
0.025300
0.025400
0.025400
0.025200
0.025000
0.024700
0.024500
0.024400
0.024400
0.024500
0.024400
0.024500
0.024600
0.024700
0.024700
0.024700
0.025400
0.025400
0.025300
0.025100
0.025000
0.024900
0.024800
0.024700
0.024700
0.024800
0.024600
0.024400
0.024300
0.024000
0.023800
0.024000
0.024100
0.024200
0.024300
0.024400
0.024400
0.025100
0.025400
0.025400
0.025400
0.025200
0.025200
0.025100
0.025100
0.025200
0.025200
0.025100
0.025600
0.025500
0.025400
0.025200
0.025000
0.025200
0.025100
0.025100
0.025300
0.025100
0.025000
0.025100
0.025100
0.024900
0.024800
0.024700
0.024700
0.024600
0.024700
0.024600
0.024500
0.024300
0.024300
0.024500
0.024700
0.024800
0.025000
0.025100
0.025100
0.025100
0.025400
0.025500
0.025800
0.025900
0.026100
0.026100
0.026000
0.026100
0.026100
0.026100
0.026300
0.026300
0.026200
0.026100
0.026000
0.026000
0.026000
0.026300
0.026300
0.026300
0.026300
0.026300
0.026100
0.026100
0.026100
0.025900
0.025900
0.025900
0.025700
0.025500
0.025500
0.025700
0.025800
0.025700
0.025600
0.025600
0.025700
0.026000
0.026200
0.026100
0.026100
0.026000
0.026100
0.026100
0.026000
0.025800
0.025700
0.025800
0.025900
0.025900
0.025900
0.026100
0.025800
0.025600
0.025500
0.025200
0.025000
0.025300
0.025300
0.025400
0.025600
0.025900
0.026400
0.027100
0.027100
0.027100
0.027100
0.027600
0.027600
0.027500
0.027400
0.027500
0.027700
0.027600
0.027600
0.027400
0.027200
0.027200
0.027000
0.026900
0.026700
0.026600
0.026500
0.026500
0.026400
0.026300
0.026400
0.026600
0.026800
0.026700
0.026600
0.026500
0.026300
0.026600
0.026800
0.026800
0.026900
0.027300
0.027300
0.027100
0.027000
0.026900
0.026900
0.026700
0.026600
0.026400
0.026100
0.026000
0.025800
0.025700
0.025500
0.025400
0.025300
0.025100
0.025200
0.025000
0.025400
0.025300
0.025000
0.025200
0.025000
0.024600
0.024200
0.023900
0.023800
0.024000
0.023900
0.023700
0.023800
0.023900
0.024000
0.023800
0.023500
0.023100
0.022900
0.023000
0.023100
0.023200
0.022900
0.023600
0.023700
0.024900
0.025100
0.025400
0.025500
0.025500
0.026800
0.026600
0.026600
0.026600
0.026600
0.026600
0.026500
0.026500
0.026400
0.026200
0.025900
0.025700
0.025300
0.025200
0.025200
0.025700
0.025500
0.025500
0.025600
0.025400
0.025500
0.025400
0.025100
0.025000
0.024900
0.024900
0.024800
0.024700
0.024500
0.024200
0.024000
0.024000
0.023700
0.023600
0.023500
0.023200
0.023000
0.023800
0.023700
0.023600
0.023600
0.023700
0.023600
0.023700
0.023700
0.023900
0.024300
0.024100
0.024200
0.024100
0.024400
0.024700
0.024900
0.024800
0.024900
0.024600
0.024200
0.024200
0.024000
0.023700
0.023400
0.023300
0.023100
0.023600
0.023400
0.023300
0.023100
0.022900
0.022500
0.022200
0.022100
0.021900
0.023300
0.024100
0.025100
0.024800
0.024400
0.025100
0.025100
0.024800
0.024800
0.024900
0.025100
0.026100
0.026500
0.026300
0.026300
0.026200
0.026600
0.026600
0.026400
0.026100
0.025900
0.025900
0.026300
0.026400
0.026300
0.026200
0.026500
0.026600
0.026700
0.026500
0.026500
0.026500
0.026400
0.026300
0.026600
0.026400
0.026200
0.025800
0.026000
0.026000
0.025900
0.026000
0.026200
0.026400
0.026700
0.026500
0.026300
0.026100
0.025800
0.025600
0.025400
0.025100
0.024900
0.024900
0.025100
0.025500
0.025600
0.025500
0.025400
0.025400
0.025300
0.025300
0.025300
0.025100
0.026900
0.026700
0.026800
0.026800
0.026800
0.026700
0.026800
0.026600
0.026300
0.026100
0.026200
0.026200
0.026300
0.026400
0.026500
0.026500
0.026600
0.026500
0.026800
0.026800
0.026800
0.027000
0.027500
0.027400
0.027200
0.027000
0.026900
0.026700
0.026700
0.026500
0.026200
0.026200
0.026000
0.025800
0.025600
0.025600
0.025500
0.025600
0.025500
0.025300
0.025400
0.025200
0.025200
0.025100
0.025100
0.025100
0.025100
0.025400
0.025400
0.025400
0.025500
0.025500
0.025700
0.025800
0.025900
0.025900
0.025700
0.025700
0.025600
0.025900
0.025600
0.025600
0.025600
0.025900
0.025900
0.026200
0.026100
0.026400
0.026400
0.026500
0.026300
0.026200
0.026000
0.025800
0.025900
0.027800
0.027400
0.027400
0.027300
0.027300
0.027200
0.027200
0.027200
0.026900
0.027000
0.027100
0.027300
0.027100
0.028100
0.028000
0.027700
0.027600
0.027500
0.027500
0.027600
0.027500
0.027300
0.027200
0.027200
0.027000
0.026900
0.026900
0.026800
0.026500
0.026300
0.026100
0.026400
0.026300
0.027200
0.028100
0.027900
0.027700
0.027400
0.027200
0.026900
0.026600
0.026400
0.026300
0.026300
0.026200
0.026300
0.026200
0.026200
0.026400
0.026500
0.026600
0.026700
0.027100
0.027200
0.027400
0.027600
0.027600
0.027900
0.027700
0.027600
0.027600
0.027500
0.027400
0.027500
0.027600
0.027600
0.027400
0.027300
0.027400
0.027600
0.027600
0.027400
0.027200
0.027000
0.026900
0.026800
0.026700
0.027000
0.026800
0.026500
0.026500
0.026400
0.026300
0.026200
0.026300
0.026600
0.026500
0.026500
0.026300
0.026200
0.026100
0.026100
0.026200
0.026100
0.026000
0.026000
0.026000
0.025900
0.025400
0.025500
0.025200
0.025000
0.024800
0.024600
0.025600
0.025600
0.026200
0.027100
0.026800
0.026600
0.026500
0.026400
0.026200
0.026100
0.025900
0.025900
0.025900
0.026600
0.026800
0.026900
0.026900
0.026800
0.027000
0.027300
0.027300
0.027400
0.027500
0.027400
0.027400
0.027300
0.027200
0.027400
0.027300
0.027400
0.027200
0.027300
0.027100
0.027000
0.026800
0.026600
0.026400
0.026400
0.026400
0.026500
0.027000
0.026800
0.026800
0.026700
0.027200
0.027100
0.027000
0.027200
0.027300
0.027400
0.027400
0.027500
0.027800
0.027700
0.027500
0.027300
0.027100
0.026800
0.026600
0.026400
0.026100
0.026000
0.026000
0.025700
0.026000
0.025900
0.025700
0.026000
0.025800
0.026000
0.027100
0.026700
0.026900
0.026900
0.027100
0.026900
0.027100
0.027000
0.026800
0.026800
0.026800
0.026900
0.027000
0.026800
0.026700
0.027000
0.027000
0.027000
0.027200
0.027100
0.027300
0.027200
0.027300
0.027200
0.027300
0.027200
0.027000
0.026900
0.026900
0.026800
0.027000
0.027000
0.026800
0.026500
0.026300
0.026200
0.026100
0.025900
0.026100
0.026200
0.026200
0.026100
0.026100
0.026000
0.025800
0.025800
0.026000
0.025800
0.025700
0.025700
0.025900
0.025900
0.025700
0.025500
0.025900
0.026100
0.026000
0.025700
0.025600
0.025400
0.025400
0.025300
0.024900
0.024600
0.024300
0.024200
0.023900
0.023600
0.023200
0.023000
0.022900
0.022500
0.022500
0.022900
0.023400
0.023200
0.023900
0.024100
0.024400
0.025000
0.026200
0.026900
0.027100
0.026800
0.026700
0.026700
0.026600
0.026400
0.026200
0.026200
0.026100
0.026000
0.025900
0.025800
0.025700
0.025600
0.025400
0.025400
0.025300
0.025300
0.025200
0.025500
0.025700
0.025800
0.025800
0.025600
0.025700
0.025600
0.025500
0.025400
0.025300
0.025400
0.025100
0.025200
0.025200
0.025100
0.026100
0.026500
0.026600
0.026400
0.026300
0.026800
0.026600
0.026300
0.026100
0.026200
0.026000
0.026300
0.026300
0.026300
0.026000
0.025700
0.025400
0.025200
0.024900
0.024800
0.024800
0.025900
0.026100
0.026100
0.026000
0.025900
0.026100
0.026100
0.026200
0.026200
0.026000
0.026000
0.026000
0.026000
0.026100
0.025900
0.026000
0.026100
0.026500
0.026400
0.026200
0.026200
0.026200
0.026000
0.026000
0.025900
0.026100
0.025900
0.025900
0.025800
0.025800
0.025700
0.025400
0.025200
0.025100
0.025000
0.024500
0.023900
0.023300
0.023100
0.022600
0.022100
0.021700
0.022000
0.021100
0.021300
0.020600
0.020100
0.019500
0.019300
0.019000
0.019500
0.019200
0.019100
0.019900
0.020100
0.020500
0.020400
0.020900
0.020600
0.020300
0.019900
0.021600
0.022700
0.023700
0.024500
0.025200
0.025200
0.026200
0.025800
0.026100
0.025700
0.025600
0.025400
0.025400
0.025000
0.024700
0.024400
0.024100
0.023600
0.023300
0.022900
0.022600
0.022200
0.022500
0.022800
0.023000
0.023600
0.023300
0.022700
0.023300
0.023700
0.024400
0.024500
0.025000
0.025200
0.025600
0.025500
0.025600
0.025400
0.025200
0.024800
0.024500
0.024100
0.023800
0.024300
0.024500
0.025700
0.025900
0.026400
0.026400
0.027500
0.027300
0.027100
0.027100
0.027200
0.027500
0.027400
0.027400
0.027300
0.027500
0.027300
0.027100
0.026800
0.026800
0.026700
0.026600
0.026600
0.026500
0.026800
0.026900
0.026900
0.027300
0.027000
0.026700
0.027100
0.027100
0.027100
0.026900
0.026900
0.026800
0.026600
0.026400
0.026500
0.026600
0.026500
0.026400
0.027300
0.027600
0.027400
0.027300
0.027300
0.027300
0.027300
0.027200
0.027000
0.027000
0.027000
0.027500
0.028300
0.028100
0.027900
0.027800
0.027600
0.027500
0.027500
0.027600
0.027800
0.027900
0.027800
0.027700
0.027500
0.027500
0.027500
0.027400
0.027300
0.027600
0.027700
0.027800
0.027900
0.028000
0.027900
0.027900
0.027800
0.027900
0.027900
0.027900
0.027700
0.027500
0.027400
0.027400
0.027200
0.027200
0.027200
0.027200
0.027200
0.027400
0.027200
0.027000
0.026800
0.026600
0.026800
0.026700
0.026700
0.026500
0.026600
0.026500
0.026600
0.026800
0.026800
0.026700
0.026500
0.026200
0.026100
0.026100
0.026100
0.026100
0.026200
0.026300
0.026400
0.026400
0.026400
0.026400
0.026600
0.026500
0.026200
0.025900
0.025900
0.026600
0.026600
0.026700
0.026700
0.026900
0.026800
0.026500
0.026300
0.026200
0.026000
0.026000
0.026000
0.026400
0.026600
0.026400
0.026400
0.026100
0.025900
0.025800
0.025500
0.025200
0.025100
0.024700
0.024200
0.023800
0.023500
0.023100
0.022600
0.022100
0.021700
0.021300
0.020900
0.020400
0.019900
0.020300
0.021300
0.021300
0.021400
0.021400
0.021300
0.020900
0.021300
0.021700
0.022100
0.022000
0.023500
0.024600
0.025200
0.025200
0.025600
0.025600
0.027400
0.027400
0.027200
0.027100
0.027100
0.027100
0.027200
0.027300
0.027700
0.027700
0.027500
0.027200
0.027100
0.026900
0.026900
0.027100
