0.045000
0.044600
0.044400
0.044400
0.044200
0.043800
0.043600
0.043300
0.043100
0.042900
0.043400
0.043000
0.042700
0.042200
0.041800
0.041900
0.041500
0.041100
0.042500
0.043200
0.043700
0.043200
0.042800
0.043400
0.043300
0.043300
0.043300
0.043600
0.044200
0.044400
0.044600
0.044800
0.045100
0.045600
0.045700
0.045500
0.045300
0.045200
0.045200
0.045000
0.045000
0.044900
0.044900
0.045000
0.044800
0.044600
0.044600
0.045200
0.045000
0.045100
0.045100
0.044500
0.044100
0.043800
0.043500
0.044000
0.043700
0.043300
0.043100
0.043100
0.043000
0.043000
0.043200
0.043300
0.043700
0.044100
0.044600
0.044800
0.044800
0.044500
0.044200
0.043800
0.043600
0.043300
0.043600
0.043500
0.043600
0.044000
0.043700
0.043500
0.043200
0.043000
0.042600
0.042200
0.041800
0.041700
0.041800
0.041800
0.042200
0.042700
0.042800
0.042700
0.042800
0.042700
0.042500
0.043000
0.043000
0.043200
0.043200
0.043400
0.043700
0.043600
0.044000
0.044500
0.044500
0.044400
0.044200
0.044200
0.044300
0.044300
0.044500
0.045300
0.045900
0.045700
0.045600
0.045800
0.045700
0.045600
0.045300
0.044900
0.044700
0.044500
0.044200
0.044000
0.043700
0.043500
0.043200
0.042900
0.042600
0.042400
0.042200
0.042000
0.041900
0.041800
0.041900
0.041900
0.042300
0.042600
0.042900
0.043200
0.043400
0.043600
0.043600
0.043700
0.043800
0.043900
0.044400
0.044500
0.044500
0.044200
0.044300
0.044200
0.043900
0.043900
0.043900
0.043800
0.043800
0.043700
0.043500
0.043700
0.044300
0.044300
0.044400
0.044600
0.044800
0.045300
0.045300
0.045800
0.046000
0.045900
0.045900
0.045700
0.045700
0.045700
0.045900
0.045900
0.045900
0.046700
0.047100
0.047100
0.046900
0.047400
0.047400
0.047400
0.047100
0.046800
0.046800
0.046800
0.046600
0.046500
0.046700
0.046600
0.046400
0.046200
0.045700
0.045600
0.045600
0.045700
0.046000
0.045700
0.045400
0.045800
0.045400
0.044900
0.045100
0.044900
0.044600
0.044400
0.044400
0.044100
0.044400
0.044700
0.044800
0.045200
0.045500
0.045500
0.045800
0.046100
0.046300
0.046700
0.047500
0.047500
0.047300
0.047100
0.046600
0.046400
0.046500
0.046700
0.047000
0.046900
0.046800
0.046600
0.046800
0.046900
0.047100
0.047600
0.047700
0.047600
0.047800
0.047200
0.047000
0.046700
0.046400
0.046300
0.046100
0.045800
0.045600
0.045600
0.045300
0.045500
0.045300
0.045300
0.045400
0.045200
0.045800
0.045400
0.045700
0.045600
0.046100
0.046800
0.046800
0.046600
0.046100
0.046000
0.046200
0.046100
0.046200
0.046300
0.045800
0.045500
0.045500
0.045200
0.045200
0.045100
0.045500
0.046200
0.046200
0.046200
0.045900
0.045700
0.045800
0.045800
0.045400
0.045200
0.044900
0.044600
0.044400
0.044300
0.044300
0.044400
0.044400
0.044300
0.044000
0.043800
0.043500
0.043300
0.043000
0.043300
0.043800
0.043600
0.043500
0.043900
0.044000
0.044000
0.044000
0.044300
0.044600
0.044600
0.044800
0.044800
0.045100
0.045500
0.045400
0.045300
0.045900
0.045900
0.045800
0.045700
0.045500
0.045900
0.045700
0.045600
0.045500
0.045400
0.045200
0.044900
0.044900
0.044800
0.044600
0.044500
0.044300
0.044100
0.043800
0.043900
0.043700
0.044100
0.043800
0.043500
0.043400
0.043900
0.043800
0.044000
0.044200
0.044200
0.044300
0.044200
0.044300
0.044200
0.044300
0.044200
0.044300
0.044500
0.044600
0.044200
0.044100
0.044000
0.044000
0.044200
0.044200
0.043800
0.043900
0.043900
0.043900
0.044400
0.044400
0.044300
0.044400
0.044500
0.044800
0.044800
0.044900
0.044800
0.045000
0.044800
0.044800
0.044600
0.044500
0.044700
0.044700
0.044600
0.044600
0.045000
0.045000
0.044900
0.044600
0.044200
0.043900
0.043800
0.043700
0.043400
0.042800
0.042200
0.042000
0.042100
0.042400
0.042200
0.042000
0.041900
0.041600
0.041300
0.041100
0.040900
0.041000
0.041500
0.043000
0.043500
0.043700
0.044100
0.044000
0.044100
0.044300
0.044800
0.044500
0.044300
0.044100
0.043900
0.043800
0.043700
0.043600
0.043600
0.043700
0.043700
0.043800
0.044100
0.044600
0.044500
0.044600
0.044600
0.044600
0.044600
0.044500
0.043900
0.043900
0.044200
0.043900
0.044100
0.044000
0.043600
0.043200
0.042900
0.043300
0.043000
0.042800
0.043100
0.044900
0.044800
0.044700
0.044700
0.044900
0.045300
0.045500
0.045700
0.045600
0.045400
0.045300
0.045400
0.045300
0.045200
0.046100
0.046300
0.046700
0.046500
0.046400
0.046300
0.046500
0.046500
0.046200
0.045900
0.045800
0.045800
0.045900
0.045900
0.045600
0.045500
0.045600
0.045800
0.045500
0.045100
0.045000
0.044900
0.044800
0.044600
0.044500
0.044400
0.044400
0.044100
0.043900
0.044300
0.044800
0.045000
0.044900
0.044900
0.045100
0.044900
0.044700
0.044500
0.044400
0.044200
0.044200
0.044000
0.043700
0.043700
0.043700
0.043400
0.043100
0.043700
0.043700
0.043700
0.043400
0.043200
0.043400
0.043700
0.044200
0.045800
0.046100
0.045900
0.045900
0.045600
0.045600
0.045400
0.045100
0.044900
0.044600
0.044300
0.044800
0.044800
0.044300
0.044200
0.044200
0.044100
0.044100
0.043900
0.043900
0.044800
0.044900
0.045200
0.045200
0.045300
0.045400
0.045300
0.046000
0.046300
0.046100
0.046000
0.045800
0.045800
0.045600
0.045500
0.045500
0.045200
0.045500
0.045400
0.045400
0.045400
0.045600
0.045500
0.045700
0.045400
0.045000
0.045000
0.044900
0.044800
0.044500
0.044200
0.045400
0.045200
0.045300
0.044900
0.044600
0.044300
0.044000
0.043600
0.043500
0.043000
0.042600
0.042400
0.042500
0.042700
0.042900
0.042700
0.042600
0.042700
0.042700
0.042600
0.042400
0.042800
0.042900
0.042900
0.043200
0.042900
0.043400
0.043100
0.042800
0.042500
0.043300
0.044700
0.045000
0.044900
0.045100
0.045100
0.045300
0.045300
0.045500
0.045900
0.045800
0.045800
0.045800
0.045600
0.045100
0.044900
0.044700
0.044500
0.044400
0.044200
0.044100
0.044900
0.044900
0.045000
0.044800
0.044500
0.044400
0.044400
0.044400
0.044500
0.044200
0.045000
0.045300
0.045400
0.044900
0.044800
0.044700
0.044700
0.044300
0.043800
0.043600
0.043300
0.043300
0.043000
0.042900
0.042600
0.042400
0.042800
0.043700
0.044100
0.044800
0.045400
0.045900
0.046300
0.046200
0.045900
0.046000
0.046100
0.046100
0.046100
0.046000
0.045600
0.045600
0.045600
0.045500
0.045600
0.045700
0.045800
0.046700
0.046600
0.046300
0.046600
0.046900
0.046900
0.046900
0.047000
0.047000
0.047100
0.047000
0.046600
0.046300
0.046400
0.046100
0.045800
0.045200
0.044800
0.044400
0.044100
0.043900
0.043700
0.043400
0.043700
0.044100
0.044200
0.044200
0.043800
0.043600
0.043500
0.043300
0.044100
0.044200
0.044500
0.044400
0.044600
0.044700
0.044700
0.044600
0.044900
0.045200
0.044900
0.044700
0.044500
0.044300
0.044200
0.044300
0.044200
0.044400
0.044400
0.044500
0.044300
0.044400
0.044400
0.044400
0.044200
0.044200
0.044700
0.045000
0.044900
0.045000
0.044900
0.044800
0.044800
0.044600
0.044700
0.044700
0.045000
0.045000
0.044900
0.045000
0.045200
0.044900
0.044600
0.044200
0.044100
0.044000
0.043700
0.043500
0.043500
0.043700
0.043600
0.043400
0.043400
0.043500
0.044500
0.044300
0.044000
0.044100
0.043900
0.043600
0.043300
0.043300
0.043200
0.043800
0.044300
0.044100
0.044300
0.044100
0.044000
0.044000
0.044300
0.044400
0.044400
0.044800
0.045400
0.045700
0.045700
0.045500
0.045500
0.045900
0.046100
0.046200
0.046200
0.046100
0.046000
0.045900
0.045800
0.045900
0.045900
0.046000
0.045900
0.045800
0.045700
0.045600
0.045500
0.046200
0.046100
0.046000
0.045800
0.045300
0.044900
0.044700
0.044600
0.044700
0.044700
0.044600
0.044800
0.044700
0.044900
0.044800
0.044800
0.045000
0.045100
0.045500
0.046200
0.046100
0.046500
0.046400
0.046500
0.046700
0.046900
0.047000
0.047300
0.047300
0.047300
0.047100
0.047000
0.047000
0.046800
0.046600
0.046500
0.046200
0.045900
0.045600
0.045600
0.045700
0.045200
0.045100
0.044700
0.044600
0.045000
0.044900
0.044800
0.044700
0.044800
0.044700
0.044700
0.044600
0.044600
0.044600
0.044500
0.044300
0.044100
0.044900
0.045000
0.045200
0.045300
0.045800
0.046400
0.046500
0.046400
0.046700
0.047200
0.047100
0.046700
0.046300
0.046300
0.046400
0.046300
0.046300
0.046200
0.046000
0.046000
0.045600
0.045300
0.045300
0.045400
0.045000
0.045300
0.045400
0.045500
0.045400
0.045200
0.045300
0.045400
0.045300
0.045300
0.045700
0.045800
0.045800
0.045700
0.045700
0.045600
0.045700
0.046400
0.046500
0.046100
0.045900
0.046000
0.046200
0.045800
0.045400
0.045100
0.045300
0.044800
0.044500
0.044200
0.044000
0.044100
0.043800
0.044200
0.044300
0.044000
0.044000
0.044200
0.044300
0.044500
0.044800
0.044900
0.045200
0.045300
0.045800
0.045700
0.046200
0.046900
0.047200
0.047200
0.047100
0.047000
0.046900
0.046900
0.046800
0.046700
0.046500
0.046300
0.046000
0.045500
0.045100
0.044700
0.044700
0.044400
0.044100
0.044100
0.044300
0.045100
0.046600
0.047000
0.047200
0.047200
0.047300
0.047600
0.047800
0.048300
0.048400
0.048000
0.047600
0.047200
0.047100
0.047000
0.046700
0.046500
0.046400
0.046400
0.046300
0.046300
0.046200
0.045800
0.045700
0.045500
0.045400
0.045200
0.045300
0.045600
0.046000
0.045900
0.045500
0.045700
0.046200
0.046400
0.046100
0.046000
0.046200
0.046600
0.046600
0.046600
0.046200
0.046000
0.045800
0.045600
0.045600
0.045600
0.045800
0.045700
0.045600
0.045400
0.045100
0.044900
0.044500
0.044500
0.044900
0.044900
0.045200
0.044900
0.044900
0.045300
0.045200
0.044900
0.044500
0.044400
0.044300
0.044100
0.044100
0.044500
0.044900
0.044900
0.045000
0.045100
0.045000
0.045100
0.045100
0.045100
0.046200
0.046300
0.046400
0.046100
0.045700
0.045400
0.045100
0.044900
0.044600
0.044500
0.044800
0.044600
0.044500
0.044200
0.043900
0.043800
0.044100
0.044200
0.044300
0.044400
0.044400
0.044600
0.044900
0.045300
0.045900
0.045700
0.045600
0.045800
0.045700
0.045400
0.045300
0.045000
0.044900
0.044800
0.044900
0.045100
0.045800
0.045800
0.045600
0.045500
0.045700
0.045500
0.045300
0.045000
0.044700
0.044300
0.044000
0.043500
0.043000
0.042700
0.042600
0.042300
0.042000
0.041700
0.041600
0.041600
0.041400
0.041300
0.041200
0.041100
0.041200
0.043800
0.044300
0.044400
0.044600
0.044500
0.044600
0.045100
0.045100
0.045100
0.044700
0.044800
0.044500
0.044100
0.044000
0.043700
0.043700
0.043700
0.043600
0.043500
0.044000
0.044500
0.044200
0.044100
0.044300
0.044100
0.043700
0.043400
0.043200
0.043300
0.043800
0.043900
0.043900
0.044300
0.044400
0.044400
0.044600
0.044700
0.044500
0.044200
0.044000
0.043800
0.043800
0.043800
0.044200
0.044900
0.045000
0.045100
0.045200
0.045200
0.045300
0.045400
0.045700
0.045700
0.045600
0.045500
0.045600
0.045400
0.045100
0.045000
0.044900
0.044700
0.044400
0.044300
0.044600
0.044600
0.044300
0.044000
0.043900
0.043900
0.043700
0.043500
0.043200
0.043400
0.043400
0.044200
0.044300
0.043900
0.043700
0.044100
0.044000
0.044200
0.044600
0.044500
0.044400
0.044500
0.044700
0.044700
0.045200
0.045100
0.045200
0.045500
0.045200
0.045000
0.044800
0.044800
0.045200
0.045100
0.045100
0.045100
0.045200
0.045500
0.045500
0.045400
0.045400
0.045700
0.045600
0.045500
0.045400
0.045500
0.045300
0.045000
0.044800
0.044600
0.045200
0.045100
0.044900
0.044600
0.044500
0.044700
0.044600
0.044500
0.044700
0.044700
0.045000
0.045100
0.044900
0.045100
0.045300
0.045900
0.046000
0.046200
0.046200
0.046700
0.046700
0.046700
0.046700
0.046500
0.046200
0.046000
0.045400
0.045200
0.045000
0.044800
0.044800
0.044600
0.045100
0.044800
0.044600
0.044100
0.043800
0.043500
0.043000
0.042900
0.043100
0.043500
0.043700
0.044000
0.045000
0.045600
0.045100
0.045000
0.044600
0.044500
0.044200
0.043700
0.043500
0.043300
0.043000
0.042900
0.042800
0.043200
0.043300
0.043300
0.043400
0.043300
0.044200
0.044200
0.044600
0.044600
0.044500
0.045000
0.045000
0.044800
0.044900
0.044700
0.044800
0.044500
0.044600
0.044500
0.044600
0.044500
0.044300
0.044200
0.044000
0.043800
0.043300
0.042700
0.041900
0.041600
0.041600
0.041700
0.041700
0.041900
0.042300
0.042500
0.042600
0.042800
0.043100
0.043300
0.043400
0.043600
0.043800
0.044600
0.044700
0.045200
0.045400
0.045400
0.045400
0.045600
0.045800
0.046000
0.045700
0.045400
0.045100
0.044900
0.044800
0.044600
0.044500
0.044500
0.044600
0.044600
0.044600
0.044700
0.044800
0.044800
0.044700
0.044900
0.045200
0.045400
0.045400
0.045500
0.045700
0.045700
0.045600
0.045300
0.045300
0.045200
0.045100
0.045000
0.044800
0.045400
0.045000
0.045000
0.044800
0.044600
0.044400
0.044300
0.044200
0.044000
0.043700
0.043400
0.042900
0.042300
0.041900
0.042000
0.041800
0.042800
0.042700
0.043800
0.043700
0.043700
0.043800
0.043800
0.043900
0.043600
0.043400
0.043200
0.043100
0.043000
0.043000
0.043400
0.044100
0.044400
0.044500
0.044700
0.044900
0.045000
0.044700
0.044200
0.044000
0.044300
0.044900
0.045000
0.045100
0.045200
0.044800
0.044600
0.044400
0.044100
0.044100
0.043900
0.043800
0.043600
0.043500
0.043700
0.044300
0.044300
0.044400
0.044200
0.044900
0.045000
0.045000
0.045100
0.044800
0.044500
0.044300
0.044200
0.044700
0.044800
0.044700
0.044600
0.044500
0.044500
0.044500
0.044300
0.044100
0.044000
0.043900
0.043700
0.043600
0.043500
0.043900
0.043900
0.043800
0.044400
0.044700
0.044700
0.044900
0.045300
0.045300
0.045400
0.045400
0.045500
0.045800
0.045700
0.045600
0.046000
0.045900
0.045900
0.045600
0.045000
0.044400
0.044100
0.043800
0.043900
0.043900
0.043800
0.043900
0.043700
0.043800
0.044000
0.044300
0.044700
0.045000
0.044900
0.044700
0.044600
0.044500
0.044300
0.044300
0.044300
0.044100
0.044100
0.044000
0.044800
0.045000
0.044900
0.045000
0.044900
0.044900
0.044800
0.044600
0.044400
0.044600
0.044900
0.044700
0.044800
0.044700
0.044400
0.044200
0.044100
0.044000
0.043900
0.044000
0.043800
0.043600
0.043400
0.043300
0.044000
0.043900
0.044200
0.044800
0.044800
0.044600
0.044900
0.044500
0.044500
0.044400
0.044300
0.044100
0.044500
0.044300
0.044300
0.044100
0.044100
0.044100
0.044000
0.043900
0.043700
0.043900
0.043800
0.043700
0.043700
0.043700
0.044500
0.044600
0.044900
0.045000
0.045700
0.045800
0.045500
0.045400
0.045200
0.045100
0.045100
0.044900
0.045000
0.044900
0.044900
0.045100
0.044800
0.045000
0.044700
0.044800
0.044900
0.045000
0.044800
0.045500
0.045500
0.045600
0.045600
0.045700
0.045700
0.045700
0.045600
0.045600
0.045400
0.045100
0.044300
0.044700
0.044400
0.043900
0.043500
0.043400
0.043600
0.043500
0.043500
0.043300
0.043700
0.043900
0.043900
0.043400
0.043100
0.043200
0.042900
0.042700
0.042500
0.042900
0.042900
0.043100
0.042900
0.043000
0.042900
0.042800
0.043100
0.043200
0.044000
0.044700
0.045100
0.045200
0.045600
0.045700
0.045900
0.045600
0.045600
0.045700
0.045500
0.045200
0.045000
0.044600
0.044400
0.044200
0.043500
0.043500
0.043800
0.043800
0.043700
0.043500
0.043500
0.044200
0.044600
0.044300
0.044500
0.044700
0.044500
0.044400
0.044400
0.044600
0.044400
0.044400
0.044100
0.044100
0.044600
0.044600
0.044500
0.044900
0.044800
0.044600
0.044300
0.044500
0.044500
0.044700
0.044700
0.044700
0.045100
0.044800
0.044500
0.044300
0.044000
0.043800
0.043900
0.043800
0.043800
0.043900
0.043800
0.044200
0.044000
0.043800
0.043800
0.043700
0.043400
0.043400
0.043700
0.043600
0.043300
0.043000
0.043100
0.043000
0.042600
0.042400
0.042300
0.042200
0.042200
0.041900
0.041900
0.041800
0.041900
0.041800
0.041500
0.041900
0.041800
0.041700
0.041600
0.041600
0.041900
0.042900
0.044300
0.044800
0.045100
0.045100
0.045000
0.045000
0.045300
0.045700
0.045700
0.045900
0.045800
0.045800
0.045700
0.045400
0.045300
0.045000
0.044700
0.044500
0.044300
0.044200
0.044100
0.044100
0.043900
0.043700
0.043900
0.043700
0.043400
0.043100
0.042700
0.042500
0.042200
0.042000
0.042100
0.042300
0.042500
0.042300
0.042400
0.042700
0.042900
0.043200
0.043200
0.043400
0.044100
0.044800
0.045000
0.044900
0.044900
0.045100
0.045000
0.045000
0.044800
0.045300
0.044900
0.044400
0.044300
0.044100
0.043800
0.043800
0.043800
0.044000
0.044200
0.044000
0.044000
0.044100
0.044100
0.044200
0.044200
0.044500
0.044400
0.044200
0.044000
0.043700
0.043400
0.043200
0.043200
0.042900
0.042900
0.043200
0.043000
0.042800
0.042500
0.042500
0.042500
0.042500
0.042600
0.042800
0.042700
0.042800
0.042700
0.042700
0.042900
0.042800
0.043000
0.043200
0.043600
0.043800
0.044000
0.044300
0.044500
0.044700
0.045000
0.046000
0.046400
0.046900
0.047000
0.046900
0.046700
0.046700
0.046800
0.046800
0.046800
0.047300
0.047200
0.046900
0.046600
0.046400
0.046500
0.046800
0.046900
0.046800
0.046900
0.046700
0.046600
0.046500
0.046300
0.046300
0.046600
0.046400
0.046400
0.046800
0.047100
0.047000
0.047000
0.046600
0.046300
0.046200
0.046000
0.045700
0.045300
0.045000
0.044900
0.044600
0.044700
0.044500
0.044400
0.044200
0.044100
0.043900
0.045200
0.045300
0.045100
0.045100
0.045000
0.045000
0.045100
0.045100
0.044900
0.045200
0.044800
0.044500
0.044100
0.043900
0.043600
0.043500
0.043200
0.043200
0.043900
0.043900
0.043600
0.043500
0.043300
0.043400
0.043300
0.043200
0.042900
0.043000
0.042700
0.043000
0.042800
0.042800
0.043200
0.043400
0.044000
0.044100
0.044300
0.044300
0.044100
0.044200
0.044700
0.044800
0.044900
0.044700
0.044700
0.044700
0.044600
0.044500
0.044600
0.044700
0.044900
0.045300
0.044900
0.044600
0.044300
0.043900
0.043600
0.043500
0.043600
0.043400
0.043400
0.042800
0.042500
0.042000
0.042000
0.041800
0.041500
0.041300
0.041200
0.041000
0.040800
0.042300
0.043400
0.043600
0.043600
0.043700
0.044000
0.044200
0.044400
0.045000
0.045200
0.045100
0.045000
0.045000
0.045100
0.045100
0.044900
0.045100
0.045300
0.045400
0.045600
0.045400
0.045400
0.045200
0.044600
0.044100
0.043700
0.043300
0.043100
0.043000
0.043200
0.042900
0.042800
0.042600
0.042300
0.042600
0.042400
0.042600
0.042300
0.041900
0.041700
0.041900
0.042100
0.041900
0.041500
0.041500
0.042000
0.042400
0.043000
0.043200
0.043200
0.043300
0.044300
0.044200
0.044400
0.044500
0.044400
0.044500
0.044400
0.044500
0.044600
0.044600
0.045400
0.045400
0.045400
0.045000
0.044800
0.044500
0.044500
0.044600
0.044400
0.045100
0.045300
0.045600
0.045800
0.046100
0.045900
0.045700
0.045400
0.045200
0.045100
0.044800
0.044600
0.044500
0.044500
0.044300
0.044400
0.044400
0.044400
0.044300
0.044000
0.044800
0.045300
0.045400
0.045400
0.045300
0.045100
0.045400
0.045300
0.045300
0.045000
0.044900
0.045000
0.044700
0.044600
0.044200
0.043900
0.044000
0.044100
0.044100
0.043900
0.044700
0.044500
0.044600
0.044500
0.044500
0.044700
0.044700
0.044600
0.044600
0.044900
0.045400
0.045300
0.045400
0.045500
0.045400
0.045800
0.045900
0.046200
0.046600
0.046400
0.046100
0.045500
0.045400
0.045300
0.045300
0.045100
0.045000
0.044900
0.044900
0.044900
0.044700
0.044600
0.044700
0.044900
0.045200
0.045500
0.045900
0.046600
0.046900
0.047000
0.047900
0.047700
0.047300
0.046900
0.046600
0.046500
0.045900
0.045300
0.045000
0.044600
0.044500
0.044400
0.044000
0.043800
0.043700
0.043900
0.043800
0.044500
0.044200
0.044500
0.044400
0.044300
0.044200
0.044200
0.044400
0.044200
0.044400
0.044200
0.044100
0.043800
0.044600
0.044700
0.044600
0.044400
0.044600
0.044500
0.044500
0.044400
0.044400
0.043800
0.043300
0.042800
0.042800
0.042200
0.042300
0.041800
0.041400
0.041000
0.040800
0.040300
0.040000
0.039600
0.039100
0.038600
0.038300
0.038500
0.038000
0.038400
0.038400
0.038500
0.038500
0.038600
0.038600
0.038700
0.038600
0.039200
0.039400
0.039600
0.039700
0.039700
0.040200
0.040500
0.041300
0.042500
0.043500
0.044000
0.044000
0.044300
0.044600
0.044500
0.044600
0.044700
0.044800
0.044200
0.043600
0.043300
0.043100
0.043400
0.043100
0.042800
0.042700
0.042700
0.042400
0.042100
0.041900
0.041600
0.041500
0.041200
0.040900
0.040900
0.041400
0.042000
0.041900
0.042000
0.041800
0.041800
0.041500
0.041400
0.041600
0.041700
0.042000
0.042000
0.042700
0.042900
0.043400
0.044300
0.044300
0.044300
0.044000
0.044300
0.044400
0.045100
0.045100
0.045300
0.045300
0.045300
0.044900
0.044700
0.044400
0.044200
0.044200
0.044100
0.044000
0.043800
0.043700
0.043800
0.043900
0.044100
0.044500
0.044500
0.044400
0.043900
0.043600
0.043100
0.042700
0.042400
0.042500
0.042700
0.042900
0.043100
0.043400
0.043700
0.043700
0.043800
0.043900
0.043800
0.043600
0.043800
0.043700
0.043600
0.043900
0.044100
0.044200
0.044200
0.044100
0.044200
0.044200
0.044100
0.044200
0.044400
0.044400
0.044600
0.044700
0.044800
0.044900
0.045000
0.044900
0.045200
0.045800
0.045500
0.045300
0.045300
0.045600
0.045300
0.045100
0.045200
0.045200
0.045100
0.045200
0.045100
0.045200
0.045200
0.045100
0.045100
0.044900
0.044700
0.044600
0.044300
0.045000
0.044800
0.044600
0.044600
0.044400
0.044200
0.044200
0.043900
0.043800
0.044000
0.044000
0.044300
0.044400
0.044500
0.044700
0.044700
0.044600
0.044700
0.045700
0.046300
0.046500
0.046700
0.046700
0.046500
0.046300
0.046800
0.046400
0.046100
0.045900
0.045900
0.045700
0.045400
0.045000
0.044700
0.044300
0.043900
0.043600
0.043300
0.043100
0.042900
0.042600
0.042400
0.042800
0.042800
0.042400
0.041900
0.041500
0.041500
0.042200
0.043600
0.043600
0.043700
0.044000
0.044000
0.044000
0.044100
0.044100
0.043900
0.043700
0.043600
0.043900
0.043700
0.044100
0.044100
0.044200
0.043900
0.043800
0.043600
0.043300
0.043200
0.043200
0.042900
0.042700
0.042500
0.042400
0.042300
0.042200
0.042300
0.042500
0.042100
0.041900
0.042200
0.042000
0.042100
0.042000
0.042100
0.042000
0.041800
0.041700
0.041300
0.041200
0.042100
0.042500
0.042500
0.042400
0.042000
0.041700
0.041400
0.041100
0.040800
0.040500
0.040500
0.040700
0.040800
0.041200
0.041400
0.041900
0.041700
0.041600
0.041900
0.042100
0.042000
0.042100
0.042000
0.042000
0.042300
0.043500
0.042800
0.042700
0.042500
0.042400
0.042300
0.042200
0.042100
0.042000
0.042500
0.042400
0.042700
0.042900
0.043300
0.043500
0.044100
0.044300
0.044500
0.044500
0.045000
0.045000
0.044900
0.044900
0.044500
0.044300
0.043700
0.043500
0.043200
0.043200
0.042900
0.042600
0.042500
0.042300
0.042200
0.043000
0.043000
0.042900
0.043200
0.043300
0.043500
0.043500
0.043600
0.044100
0.044100
0.044200
0.045000
0.045600
0.045700
0.045600
0.045300
0.045100
0.044900
0.044700
0.044700
0.044400
0.044300
0.044200
0.043900
0.043600
0.043600
0.043500
0.043800
0.043500
0.043100
0.043400
0.043300
0.043100
0.043300
0.043400
0.043200
0.043200
0.043000
0.042800
0.043600
0.043800
0.044200
0.044800
0.045800
0.045600
0.045600
0.045500
0.045600
0.045400
0.045300
0.045100
0.045100
0.045100
0.044900
0.044900
0.044800
0.044300
0.043700
0.043200
0.042800
0.042600
0.042700
0.042800
0.042800
0.042900
0.043000
0.043100
0.043100
0.043300
0.044100
0.043800
0.044400
0.044400
0.044200
0.044300
0.044200
0.044000
0.043900
0.043600
0.044200
0.044200
0.044000
0.043900
0.043500
0.043000
0.042900
0.042600
0.042600
0.042200
0.042000
0.041700
0.042400
0.042100
0.041900
0.042100
0.042300
0.042300
0.042600
0.042900
0.043100
0.043400
0.043200
0.043300
0.043300
0.043500
0.043500
0.043800
0.043700
0.043500
0.043400
0.043200
0.043500
0.043500
0.043300
0.043500
0.043900
0.044300
0.044500
0.044900
0.045100
0.045600
0.045800
0.045700
0.045700
0.045600
0.045700
0.045700
0.045500
0.045300
0.045000
0.044600
0.044100
0.044000
0.043700
0.043300
0.042900
0.042700
0.042400
0.042000
0.041900
0.041900
0.042700
0.042400
0.042400
0.042300
0.042000
0.041800
0.041700
0.041600
0.042100
0.042600
0.042600
0.042700
0.042800
0.042900
0.042800
0.042800
0.042600
0.042800
0.042500
0.042600
0.042400
0.042100
0.041800
0.041400
0.041600
0.041900
0.041700
0.042000
0.041800
0.041700
0.041600
0.041500
0.041400
0.041400
0.041600
0.041800
0.042200
0.042700
0.042800
0.043900
0.044400
0.044400
0.044400
0.044000
0.043600
0.043400
0.043400
0.043500
0.044000
0.044300
0.044700
0.044800
0.044800
0.045000
0.045200
0.045300
0.045500
0.045600
0.045500
0.045900
0.045700
0.045700
0.045700
0.045600
0.045900
0.046000
0.045900
0.045400
0.045200
0.045000
0.044800
0.044600
0.044800
0.044900
0.044800
0.044500
0.044400
0.044300
0.044200
0.044000
0.044000
0.044700
0.044700
0.045000
0.045100
0.045400
0.045200
0.045100
0.045200
0.045100
0.045100
0.044600
0.044500
0.044400
0.044400
0.044400
0.044400
0.044200
0.044300
0.044100
0.043700
0.043800
0.043500
0.043300
0.044100
0.044400
0.044800
0.044800
0.044600
0.044700
0.044700
0.044700
0.045000
0.045200
0.045100
0.045100
0.045100
0.045500
0.045400
0.045400
0.045300
0.045600
0.046000
0.046000
0.045700
0.045700
0.045700
0.045700
0.045500
0.045500
0.045600
0.045400
0.045300
0.045200
0.045400
0.045900
0.045800
0.046000
0.045600
0.045400
0.045200
0.045000
0.044700
0.044800
0.045200
0.045200
0.045700
0.045600
0.045900
0.046300
0.046100
0.045800
